{"/Users/rakesh/Desktop/Flyin-4/flyin/src/App.tsx": {"path":"/Users/rakesh/Desktop/Flyin-4/flyin/src/App.tsx","statementMap":{"0":{"start":{"line":1,"column":0},"end":{"line":1,"column":50}},"1":{"start":{"line":2,"column":0},"end":{"line":2,"column":59}},"2":{"start":{"line":3,"column":0},"end":{"line":3,"column":58}},"3":{"start":{"line":4,"column":0},"end":{"line":4,"column":73}},"4":{"start":{"line":5,"column":0},"end":{"line":5,"column":64}},"5":{"start":{"line":6,"column":0},"end":{"line":6,"column":33}},"6":{"start":{"line":7,"column":0},"end":{"line":7,"column":34}},"7":{"start":{"line":8,"column":0},"end":{"line":8,"column":40}},"8":{"start":{"line":9,"column":0},"end":{"line":9,"column":40}},"9":{"start":{"line":10,"column":0},"end":{"line":10,"column":66}},"10":{"start":{"line":11,"column":0},"end":{"line":11,"column":38}},"11":{"start":{"line":12,"column":0},"end":{"line":12,"column":38}},"12":{"start":{"line":13,"column":0},"end":{"line":13,"column":62}},"13":{"start":{"line":14,"column":0},"end":{"line":14,"column":40}},"14":{"start":{"line":18,"column":24},"end":{"line":18,"column":57}},"15":{"start":{"line":18,"column":39},"end":{"line":18,"column":56}},"16":{"start":{"line":20,"column":2},"end":{"line":40,"column":4}},"17":{"start":{"line":43,"column":0},"end":{"line":43,"column":19}}},"fnMap":{"0":{"name":"App","decl":{"start":{"line":16,"column":9},"end":{"line":16,"column":12}},"loc":{"start":{"line":16,"column":12},"end":{"line":41,"column":1}}},"1":{"name":"(anonymous_2)","decl":{"start":{"line":18,"column":33},"end":{"line":18,"column":36}},"loc":{"start":{"line":18,"column":39},"end":{"line":18,"column":56}}}},"branchMap":{},"s":{"0":0,"1":0,"2":0,"3":0,"4":0,"5":0,"6":0,"7":0,"8":0,"9":0,"10":0,"11":0,"12":0,"13":0,"14":0,"15":0,"16":0,"17":0},"f":{"0":0,"1":0},"b":{}}
,"/Users/rakesh/Desktop/Flyin-4/flyin/src/app/curation/page.tsx": {"path":"/Users/rakesh/Desktop/Flyin-4/flyin/src/app/curation/page.tsx","statementMap":{"0":{"start":{"line":11,"column":0},"end":{"line":11,"column":24}},"1":{"start":{"line":1,"column":0},"end":{"line":1,"column":26}},"2":{"start":{"line":2,"column":0},"end":{"line":2,"column":63}},"3":{"start":{"line":3,"column":0},"end":{"line":3,"column":63}},"4":{"start":{"line":4,"column":0},"end":{"line":4,"column":63}},"5":{"start":{"line":5,"column":0},"end":{"line":5,"column":61}},"6":{"start":{"line":12,"column":18},"end":{"line":12,"column":46}},"7":{"start":{"line":13,"column":17},"end":{"line":13,"column":28}},"8":{"start":{"line":14,"column":17},"end":{"line":14,"column":34}},"9":{"start":{"line":17,"column":23},"end":{"line":17,"column":32}},"10":{"start":{"line":18,"column":18},"end":{"line":18,"column":23}},"11":{"start":{"line":19,"column":21},"end":{"line":22,"column":3}},"12":{"start":{"line":21,"column":4},"end":{"line":21,"column":61}},"13":{"start":{"line":25,"column":30},"end":{"line":29,"column":3}},"14":{"start":{"line":26,"column":22},"end":{"line":26,"column":60}},"15":{"start":{"line":27,"column":4},"end":{"line":27,"column":32}},"16":{"start":{"line":28,"column":4},"end":{"line":28,"column":53}},"17":{"start":{"line":31,"column":2},"end":{"line":54,"column":4}},"18":{"start":{"line":37,"column":25},"end":{"line":37,"column":50}},"19":{"start":{"line":43,"column":25},"end":{"line":43,"column":50}}},"fnMap":{"0":{"name":"CurationPage","decl":{"start":{"line":11,"column":24},"end":{"line":11,"column":36}},"loc":{"start":{"line":11,"column":72},"end":{"line":55,"column":1}}},"1":{"name":"(anonymous_2)","decl":{"start":{"line":19,"column":21},"end":{"line":19,"column":22}},"loc":{"start":{"line":19,"column":35},"end":{"line":22,"column":3}}},"2":{"name":"(anonymous_3)","decl":{"start":{"line":25,"column":30},"end":{"line":25,"column":31}},"loc":{"start":{"line":25,"column":49},"end":{"line":29,"column":3}}},"3":{"name":"(anonymous_4)","decl":{"start":{"line":37,"column":19},"end":{"line":37,"column":22}},"loc":{"start":{"line":37,"column":25},"end":{"line":37,"column":50}}},"4":{"name":"(anonymous_5)","decl":{"start":{"line":43,"column":19},"end":{"line":43,"column":22}},"loc":{"start":{"line":43,"column":25},"end":{"line":43,"column":50}}}},"branchMap":{"0":{"loc":{"start":{"line":12,"column":18},"end":{"line":12,"column":46}},"type":"binary-expr","locations":[{"start":{"line":12,"column":18},"end":{"line":12,"column":38}},{"start":{"line":12,"column":42},"end":{"line":12,"column":46}}]},"1":{"loc":{"start":{"line":21,"column":27},"end":{"line":21,"column":57}},"type":"binary-expr","locations":[{"start":{"line":21,"column":27},"end":{"line":21,"column":37}},{"start":{"line":21,"column":41},"end":{"line":21,"column":57}}]},"2":{"loc":{"start":{"line":36,"column":87},"end":{"line":36,"column":180}},"type":"cond-expr","locations":[{"start":{"line":36,"column":106},"end":{"line":36,"column":140}},{"start":{"line":36,"column":143},"end":{"line":36,"column":180}}]},"3":{"loc":{"start":{"line":42,"column":87},"end":{"line":42,"column":180}},"type":"cond-expr","locations":[{"start":{"line":42,"column":106},"end":{"line":42,"column":140}},{"start":{"line":42,"column":143},"end":{"line":42,"column":180}}]},"4":{"loc":{"start":{"line":48,"column":7},"end":{"line":51,"column":null}},"type":"cond-expr","locations":[{"start":{"line":49,"column":8},"end":{"line":49,"column":78}},{"start":{"line":51,"column":8},"end":{"line":51,"column":78}}]}},"s":{"0":0,"1":0,"2":0,"3":0,"4":0,"5":0,"6":0,"7":0,"8":0,"9":0,"10":0,"11":0,"12":0,"13":0,"14":0,"15":0,"16":0,"17":0,"18":0,"19":0},"f":{"0":0,"1":0,"2":0,"3":0,"4":0},"b":{"0":[0,0],"1":[0,0],"2":[0,0],"3":[0,0],"4":[0,0]}}
,"/Users/rakesh/Desktop/Flyin-4/flyin/src/components/AnimatedStar.tsx": {"path":"/Users/rakesh/Desktop/Flyin-4/flyin/src/components/AnimatedStar.tsx","statementMap":{"0":{"start":{"line":2,"column":0},"end":{"line":2,"column":26}},"1":{"start":{"line":3,"column":0},"end":{"line":3,"column":40}},"2":{"start":{"line":5,"column":31},"end":{"line":14,"column":1}},"3":{"start":{"line":6,"column":2},"end":{"line":13,"column":4}},"4":{"start":{"line":16,"column":0},"end":{"line":16,"column":28}}},"fnMap":{"0":{"name":"(anonymous_1)","decl":{"start":{"line":5,"column":31},"end":{"line":5,"column":34}},"loc":{"start":{"line":5,"column":36},"end":{"line":14,"column":1}}}},"branchMap":{},"s":{"0":0,"1":0,"2":0,"3":0,"4":0},"f":{"0":0},"b":{}}
,"/Users/rakesh/Desktop/Flyin-4/flyin/src/components/DualModeSearch.tsx": {"path":"/Users/rakesh/Desktop/Flyin-4/flyin/src/components/DualModeSearch.tsx","statementMap":{"0":{"start":{"line":13,"column":0},"end":{"line":13,"column":24}},"1":{"start":{"line":1,"column":0},"end":{"line":1,"column":26}},"2":{"start":{"line":2,"column":0},"end":{"line":2,"column":80}},"3":{"start":{"line":3,"column":0},"end":{"line":3,"column":50}},"4":{"start":{"line":4,"column":0},"end":{"line":4,"column":42}},"5":{"start":{"line":5,"column":0},"end":{"line":5,"column":33}},"6":{"start":{"line":14,"column":2},"end":{"line":70,"column":4}}},"fnMap":{"0":{"name":"DualModeSearch","decl":{"start":{"line":13,"column":24},"end":{"line":13,"column":38}},"loc":{"start":{"line":13,"column":93},"end":{"line":71,"column":1}}}},"branchMap":{},"s":{"0":0,"1":0,"2":0,"3":0,"4":0,"5":0,"6":0},"f":{"0":0},"b":{}}
,"/Users/rakesh/Desktop/Flyin-4/flyin/src/components/FlightSearchForm.tsx": {"path":"/Users/rakesh/Desktop/Flyin-4/flyin/src/components/FlightSearchForm.tsx","statementMap":{"0":{"start":{"line":39,"column":0},"end":{"line":39,"column":24}},"1":{"start":{"line":1,"column":0},"end":{"line":1,"column":40}},"2":{"start":{"line":2,"column":0},"end":{"line":2,"column":37}},"3":{"start":{"line":4,"column":0},"end":{"line":4,"column":87}},"4":{"start":{"line":5,"column":0},"end":{"line":5,"column":33}},"5":{"start":{"line":6,"column":0},"end":{"line":6,"column":31}},"6":{"start":{"line":7,"column":0},"end":{"line":7,"column":84}},"7":{"start":{"line":8,"column":0},"end":{"line":8,"column":71}},"8":{"start":{"line":9,"column":0},"end":{"line":9,"column":62}},"9":{"start":{"line":10,"column":0},"end":{"line":10,"column":null}},"10":{"start":{"line":17,"column":0},"end":{"line":17,"column":49}},"11":{"start":{"line":32,"column":21},"end":{"line":37,"column":2}},"12":{"start":{"line":40,"column":34},"end":{"line":40,"column":66}},"13":{"start":{"line":41,"column":30},"end":{"line":41,"column":42}},"14":{"start":{"line":42,"column":40},"end":{"line":42,"column":52}},"15":{"start":{"line":43,"column":44},"end":{"line":43,"column":81}},"16":{"start":{"line":44,"column":38},"end":{"line":44,"column":75}},"17":{"start":{"line":45,"column":38},"end":{"line":49,"column":4}},"18":{"start":{"line":50,"column":38},"end":{"line":50,"column":57}},"19":{"start":{"line":51,"column":40},"end":{"line":51,"column":54}},"20":{"start":{"line":52,"column":46},"end":{"line":52,"column":61}},"21":{"start":{"line":53,"column":48},"end":{"line":53,"column":63}},"22":{"start":{"line":54,"column":54},"end":{"line":54,"column":81}},"23":{"start":{"line":55,"column":64},"end":{"line":55,"column":91}},"24":{"start":{"line":58,"column":2},"end":{"line":63,"column":17}},"25":{"start":{"line":59,"column":4},"end":{"line":59,"column":46}},"26":{"start":{"line":60,"column":4},"end":{"line":62,"column":5}},"27":{"start":{"line":61,"column":6},"end":{"line":61,"column":31}},"28":{"start":{"line":65,"column":23},"end":{"line":82,"column":3}},"29":{"start":{"line":66,"column":4},"end":{"line":66,"column":23}},"30":{"start":{"line":68,"column":35},"end":{"line":68,"column":93}},"31":{"start":{"line":69,"column":32},"end":{"line":69,"column":84}},"32":{"start":{"line":71,"column":24},"end":{"line":80,"column":6}},"33":{"start":{"line":81,"column":4},"end":{"line":81,"column":42}},"34":{"start":{"line":84,"column":30},"end":{"line":95,"column":3}},"35":{"start":{"line":85,"column":4},"end":{"line":88,"column":5}},"36":{"start":{"line":86,"column":6},"end":{"line":86,"column":54}},"37":{"start":{"line":87,"column":6},"end":{"line":87,"column":13}},"38":{"start":{"line":89,"column":23},"end":{"line":89,"column":29}},"39":{"start":{"line":90,"column":27},"end":{"line":90,"column":45}},"40":{"start":{"line":91,"column":4},"end":{"line":91,"column":27}},"41":{"start":{"line":92,"column":4},"end":{"line":92,"column":31}},"42":{"start":{"line":93,"column":4},"end":{"line":93,"column":51}},"43":{"start":{"line":94,"column":4},"end":{"line":94,"column":47}},"44":{"start":{"line":97,"column":22},"end":{"line":100,"column":3}},"45":{"start":{"line":98,"column":4},"end":{"line":98,"column":18}},"46":{"start":{"line":99,"column":4},"end":{"line":99,"column":32}},"47":{"start":{"line":102,"column":27},"end":{"line":105,"column":3}},"48":{"start":{"line":103,"column":4},"end":{"line":103,"column":23}},"49":{"start":{"line":104,"column":4},"end":{"line":104,"column":37}},"50":{"start":{"line":107,"column":31},"end":{"line":129,"column":3}},"51":{"start":{"line":108,"column":4},"end":{"line":128,"column":7}},"52":{"start":{"line":109,"column":23},"end":{"line":109,"column":34}},"53":{"start":{"line":110,"column":6},"end":{"line":126,"column":7}},"54":{"start":{"line":111,"column":8},"end":{"line":117,"column":9}},"55":{"start":{"line":112,"column":10},"end":{"line":112,"column":28}},"56":{"start":{"line":113,"column":15},"end":{"line":117,"column":9}},"57":{"start":{"line":114,"column":10},"end":{"line":114,"column":30}},"58":{"start":{"line":115,"column":15},"end":{"line":117,"column":9}},"59":{"start":{"line":116,"column":10},"end":{"line":116,"column":29}},"60":{"start":{"line":119,"column":8},"end":{"line":125,"column":9}},"61":{"start":{"line":120,"column":10},"end":{"line":120,"column":28}},"62":{"start":{"line":121,"column":15},"end":{"line":125,"column":9}},"63":{"start":{"line":122,"column":10},"end":{"line":122,"column":30}},"64":{"start":{"line":123,"column":15},"end":{"line":125,"column":9}},"65":{"start":{"line":124,"column":10},"end":{"line":124,"column":29}},"66":{"start":{"line":127,"column":6},"end":{"line":127,"column":22}},"67":{"start":{"line":131,"column":30},"end":{"line":143,"column":3}},"68":{"start":{"line":132,"column":18},"end":{"line":132,"column":20}},"69":{"start":{"line":133,"column":4},"end":{"line":135,"column":5}},"70":{"start":{"line":134,"column":6},"end":{"line":134,"column":89}},"71":{"start":{"line":136,"column":4},"end":{"line":138,"column":5}},"72":{"start":{"line":137,"column":6},"end":{"line":137,"column":95}},"73":{"start":{"line":139,"column":4},"end":{"line":141,"column":5}},"74":{"start":{"line":140,"column":6},"end":{"line":140,"column":93}},"75":{"start":{"line":142,"column":4},"end":{"line":142,"column":87}},"76":{"start":{"line":142,"column":58},"end":{"line":142,"column":77}},"77":{"start":{"line":145,"column":2},"end":{"line":441,"column":4}},"78":{"start":{"line":155,"column":29},"end":{"line":155,"column":68}},"79":{"start":{"line":167,"column":29},"end":{"line":167,"column":68}},"80":{"start":{"line":179,"column":29},"end":{"line":179,"column":68}},"81":{"start":{"line":284,"column":24},"end":{"line":287,"column":25}},"82":{"start":{"line":285,"column":26},"end":{"line":285,"column":54}},"83":{"start":{"line":286,"column":26},"end":{"line":286,"column":49}},"84":{"start":{"line":289,"column":42},"end":{"line":289,"column":80}},"85":{"start":{"line":297,"column":24},"end":{"line":297,"column":55}},"86":{"start":{"line":299,"column":42},"end":{"line":299,"column":80}},"87":{"start":{"line":335,"column":41},"end":{"line":335,"column":84}},"88":{"start":{"line":344,"column":41},"end":{"line":344,"column":84}},"89":{"start":{"line":362,"column":41},"end":{"line":362,"column":86}},"90":{"start":{"line":371,"column":41},"end":{"line":371,"column":86}},"91":{"start":{"line":389,"column":41},"end":{"line":389,"column":85}},"92":{"start":{"line":398,"column":41},"end":{"line":398,"column":85}},"93":{"start":{"line":416,"column":28},"end":{"line":416,"column":55}}},"fnMap":{"0":{"name":"FlightSearchForm","decl":{"start":{"line":39,"column":24},"end":{"line":39,"column":40}},"loc":{"start":{"line":39,"column":76},"end":{"line":442,"column":1}}},"1":{"name":"(anonymous_7)","decl":{"start":{"line":58,"column":18},"end":{"line":58,"column":21}},"loc":{"start":{"line":58,"column":23},"end":{"line":63,"column":3}}},"2":{"name":"(anonymous_8)","decl":{"start":{"line":65,"column":23},"end":{"line":65,"column":24}},"loc":{"start":{"line":65,"column":46},"end":{"line":82,"column":3}}},"3":{"name":"(anonymous_9)","decl":{"start":{"line":84,"column":30},"end":{"line":84,"column":33}},"loc":{"start":{"line":84,"column":35},"end":{"line":95,"column":3}}},"4":{"name":"(anonymous_10)","decl":{"start":{"line":97,"column":22},"end":{"line":97,"column":25}},"loc":{"start":{"line":97,"column":27},"end":{"line":100,"column":3}}},"5":{"name":"(anonymous_11)","decl":{"start":{"line":102,"column":27},"end":{"line":102,"column":30}},"loc":{"start":{"line":102,"column":32},"end":{"line":105,"column":3}}},"6":{"name":"(anonymous_12)","decl":{"start":{"line":107,"column":31},"end":{"line":107,"column":32}},"loc":{"start":{"line":107,"column":97},"end":{"line":129,"column":3}}},"7":{"name":"(anonymous_13)","decl":{"start":{"line":108,"column":18},"end":{"line":108,"column":22}},"loc":{"start":{"line":108,"column":25},"end":{"line":128,"column":5}}},"8":{"name":"(anonymous_14)","decl":{"start":{"line":131,"column":30},"end":{"line":131,"column":33}},"loc":{"start":{"line":131,"column":35},"end":{"line":143,"column":3}}},"9":{"name":"(anonymous_15)","decl":{"start":{"line":142,"column":53},"end":{"line":142,"column":54}},"loc":{"start":{"line":142,"column":58},"end":{"line":142,"column":77}}},"10":{"name":"(anonymous_16)","decl":{"start":{"line":155,"column":22},"end":{"line":155,"column":23}},"loc":{"start":{"line":155,"column":29},"end":{"line":155,"column":68}}},"11":{"name":"(anonymous_17)","decl":{"start":{"line":167,"column":22},"end":{"line":167,"column":23}},"loc":{"start":{"line":167,"column":29},"end":{"line":167,"column":68}}},"12":{"name":"(anonymous_18)","decl":{"start":{"line":179,"column":22},"end":{"line":179,"column":23}},"loc":{"start":{"line":179,"column":29},"end":{"line":179,"column":68}}},"13":{"name":"(anonymous_19)","decl":{"start":{"line":283,"column":32},"end":{"line":283,"column":33}},"loc":{"start":{"line":283,"column":41},"end":{"line":288,"column":23}}},"14":{"name":"(anonymous_20)","decl":{"start":{"line":289,"column":32},"end":{"line":289,"column":33}},"loc":{"start":{"line":289,"column":42},"end":{"line":289,"column":80}}},"15":{"name":"(anonymous_21)","decl":{"start":{"line":296,"column":32},"end":{"line":296,"column":33}},"loc":{"start":{"line":296,"column":41},"end":{"line":298,"column":23}}},"16":{"name":"(anonymous_22)","decl":{"start":{"line":299,"column":32},"end":{"line":299,"column":33}},"loc":{"start":{"line":299,"column":42},"end":{"line":299,"column":80}}},"17":{"name":"(anonymous_23)","decl":{"start":{"line":335,"column":35},"end":{"line":335,"column":38}},"loc":{"start":{"line":335,"column":41},"end":{"line":335,"column":84}}},"18":{"name":"(anonymous_24)","decl":{"start":{"line":344,"column":35},"end":{"line":344,"column":38}},"loc":{"start":{"line":344,"column":41},"end":{"line":344,"column":84}}},"19":{"name":"(anonymous_25)","decl":{"start":{"line":362,"column":35},"end":{"line":362,"column":38}},"loc":{"start":{"line":362,"column":41},"end":{"line":362,"column":86}}},"20":{"name":"(anonymous_26)","decl":{"start":{"line":371,"column":35},"end":{"line":371,"column":38}},"loc":{"start":{"line":371,"column":41},"end":{"line":371,"column":86}}},"21":{"name":"(anonymous_27)","decl":{"start":{"line":389,"column":35},"end":{"line":389,"column":38}},"loc":{"start":{"line":389,"column":41},"end":{"line":389,"column":85}}},"22":{"name":"(anonymous_28)","decl":{"start":{"line":398,"column":35},"end":{"line":398,"column":38}},"loc":{"start":{"line":398,"column":41},"end":{"line":398,"column":85}}},"23":{"name":"(anonymous_29)","decl":{"start":{"line":415,"column":44},"end":{"line":415,"column":45}},"loc":{"start":{"line":416,"column":28},"end":{"line":416,"column":55}}}},"branchMap":{"0":{"loc":{"start":{"line":60,"column":4},"end":{"line":62,"column":5}},"type":"if","locations":[{"start":{"line":60,"column":4},"end":{"line":62,"column":5}}]},"1":{"loc":{"start":{"line":68,"column":35},"end":{"line":68,"column":93}},"type":"cond-expr","locations":[{"start":{"line":68,"column":51},"end":{"line":68,"column":88}},{"start":{"line":68,"column":91},"end":{"line":68,"column":93}}]},"2":{"loc":{"start":{"line":69,"column":32},"end":{"line":69,"column":84}},"type":"cond-expr","locations":[{"start":{"line":69,"column":45},"end":{"line":69,"column":79}},{"start":{"line":69,"column":82},"end":{"line":69,"column":84}}]},"3":{"loc":{"start":{"line":85,"column":4},"end":{"line":88,"column":5}},"type":"if","locations":[{"start":{"line":85,"column":4},"end":{"line":88,"column":5}}]},"4":{"loc":{"start":{"line":85,"column":8},"end":{"line":85,"column":45}},"type":"binary-expr","locations":[{"start":{"line":85,"column":8},"end":{"line":85,"column":22}},{"start":{"line":85,"column":26},"end":{"line":85,"column":45}}]},"5":{"loc":{"start":{"line":110,"column":6},"end":{"line":126,"column":7}},"type":"if","locations":[{"start":{"line":110,"column":6},"end":{"line":126,"column":7}},{"start":{"line":118,"column":13},"end":{"line":126,"column":7}}]},"6":{"loc":{"start":{"line":111,"column":8},"end":{"line":117,"column":9}},"type":"if","locations":[{"start":{"line":111,"column":8},"end":{"line":117,"column":9}},{"start":{"line":113,"column":15},"end":{"line":117,"column":9}}]},"7":{"loc":{"start":{"line":111,"column":12},"end":{"line":111,"column":48}},"type":"binary-expr","locations":[{"start":{"line":111,"column":12},"end":{"line":111,"column":29}},{"start":{"line":111,"column":33},"end":{"line":111,"column":48}}]},"8":{"loc":{"start":{"line":113,"column":15},"end":{"line":117,"column":9}},"type":"if","locations":[{"start":{"line":113,"column":15},"end":{"line":117,"column":9}},{"start":{"line":115,"column":15},"end":{"line":117,"column":9}}]},"9":{"loc":{"start":{"line":113,"column":19},"end":{"line":113,"column":59}},"type":"binary-expr","locations":[{"start":{"line":113,"column":19},"end":{"line":113,"column":38}},{"start":{"line":113,"column":42},"end":{"line":113,"column":59}}]},"10":{"loc":{"start":{"line":115,"column":15},"end":{"line":117,"column":9}},"type":"if","locations":[{"start":{"line":115,"column":15},"end":{"line":117,"column":9}}]},"11":{"loc":{"start":{"line":115,"column":19},"end":{"line":115,"column":57}},"type":"binary-expr","locations":[{"start":{"line":115,"column":19},"end":{"line":115,"column":37}},{"start":{"line":115,"column":41},"end":{"line":115,"column":57}}]},"12":{"loc":{"start":{"line":119,"column":8},"end":{"line":125,"column":9}},"type":"if","locations":[{"start":{"line":119,"column":8},"end":{"line":125,"column":9}},{"start":{"line":121,"column":15},"end":{"line":125,"column":9}}]},"13":{"loc":{"start":{"line":119,"column":12},"end":{"line":119,"column":48}},"type":"binary-expr","locations":[{"start":{"line":119,"column":12},"end":{"line":119,"column":29}},{"start":{"line":119,"column":33},"end":{"line":119,"column":48}}]},"14":{"loc":{"start":{"line":121,"column":15},"end":{"line":125,"column":9}},"type":"if","locations":[{"start":{"line":121,"column":15},"end":{"line":125,"column":9}},{"start":{"line":123,"column":15},"end":{"line":125,"column":9}}]},"15":{"loc":{"start":{"line":121,"column":19},"end":{"line":121,"column":59}},"type":"binary-expr","locations":[{"start":{"line":121,"column":19},"end":{"line":121,"column":38}},{"start":{"line":121,"column":42},"end":{"line":121,"column":59}}]},"16":{"loc":{"start":{"line":123,"column":15},"end":{"line":125,"column":9}},"type":"if","locations":[{"start":{"line":123,"column":15},"end":{"line":125,"column":9}}]},"17":{"loc":{"start":{"line":123,"column":19},"end":{"line":123,"column":57}},"type":"binary-expr","locations":[{"start":{"line":123,"column":19},"end":{"line":123,"column":37}},{"start":{"line":123,"column":41},"end":{"line":123,"column":57}}]},"18":{"loc":{"start":{"line":133,"column":4},"end":{"line":135,"column":5}},"type":"if","locations":[{"start":{"line":133,"column":4},"end":{"line":135,"column":5}}]},"19":{"loc":{"start":{"line":134,"column":41},"end":{"line":134,"column":85}},"type":"cond-expr","locations":[{"start":{"line":134,"column":67},"end":{"line":134,"column":74}},{"start":{"line":134,"column":77},"end":{"line":134,"column":85}}]},"20":{"loc":{"start":{"line":136,"column":4},"end":{"line":138,"column":5}},"type":"if","locations":[{"start":{"line":136,"column":4},"end":{"line":138,"column":5}}]},"21":{"loc":{"start":{"line":137,"column":43},"end":{"line":137,"column":91}},"type":"cond-expr","locations":[{"start":{"line":137,"column":71},"end":{"line":137,"column":78}},{"start":{"line":137,"column":81},"end":{"line":137,"column":91}}]},"22":{"loc":{"start":{"line":139,"column":4},"end":{"line":141,"column":5}},"type":"if","locations":[{"start":{"line":139,"column":4},"end":{"line":141,"column":5}}]},"23":{"loc":{"start":{"line":140,"column":42},"end":{"line":140,"column":89}},"type":"cond-expr","locations":[{"start":{"line":140,"column":69},"end":{"line":140,"column":77}},{"start":{"line":140,"column":80},"end":{"line":140,"column":89}}]},"24":{"loc":{"start":{"line":205,"column":19},"end":{"line":212,"column":null}},"type":"binary-expr","locations":[{"start":{"line":205,"column":19},"end":{"line":205,"column":25}},{"start":{"line":206,"column":20},"end":{"line":211,"column":null}}]},"25":{"loc":{"start":{"line":232,"column":19},"end":{"line":239,"column":null}},"type":"binary-expr","locations":[{"start":{"line":232,"column":19},"end":{"line":232,"column":30}},{"start":{"line":233,"column":20},"end":{"line":238,"column":null}}]},"26":{"loc":{"start":{"line":269,"column":22},"end":{"line":269,"column":55}},"type":"binary-expr","locations":[{"start":{"line":269,"column":22},"end":{"line":269,"column":36}},{"start":{"line":269,"column":40},"end":{"line":269,"column":55}}]},"27":{"loc":{"start":{"line":273,"column":23},"end":{"line":273,"column":84}},"type":"cond-expr","locations":[{"start":{"line":273,"column":39},"end":{"line":273,"column":70}},{"start":{"line":273,"column":73},"end":{"line":273,"column":84}}]},"28":{"loc":{"start":{"line":273,"column":89},"end":{"line":273,"column":141}},"type":"cond-expr","locations":[{"start":{"line":273,"column":102},"end":{"line":273,"column":130}},{"start":{"line":273,"column":133},"end":{"line":273,"column":141}}]},"29":{"loc":{"start":{"line":279,"column":19},"end":{"line":301,"column":null}},"type":"cond-expr","locations":[{"start":{"line":280,"column":20},"end":{"line":290,"column":null}},{"start":{"line":293,"column":20},"end":{"line":300,"column":null}}]},"30":{"loc":{"start":{"line":284,"column":24},"end":{"line":287,"column":25}},"type":"if","locations":[{"start":{"line":284,"column":24},"end":{"line":287,"column":25}}]}},"s":{"0":0,"1":0,"2":0,"3":0,"4":0,"5":0,"6":0,"7":0,"8":0,"9":0,"10":0,"11":0,"12":0,"13":0,"14":0,"15":0,"16":0,"17":0,"18":0,"19":0,"20":0,"21":0,"22":0,"23":0,"24":0,"25":0,"26":0,"27":0,"28":0,"29":0,"30":0,"31":0,"32":0,"33":0,"34":0,"35":0,"36":0,"37":0,"38":0,"39":0,"40":0,"41":0,"42":0,"43":0,"44":0,"45":0,"46":0,"47":0,"48":0,"49":0,"50":0,"51":0,"52":0,"53":0,"54":0,"55":0,"56":0,"57":0,"58":0,"59":0,"60":0,"61":0,"62":0,"63":0,"64":0,"65":0,"66":0,"67":0,"68":0,"69":0,"70":0,"71":0,"72":0,"73":0,"74":0,"75":0,"76":0,"77":0,"78":0,"79":0,"80":0,"81":0,"82":0,"83":0,"84":0,"85":0,"86":0,"87":0,"88":0,"89":0,"90":0,"91":0,"92":0,"93":0},"f":{"0":0,"1":0,"2":0,"3":0,"4":0,"5":0,"6":0,"7":0,"8":0,"9":0,"10":0,"11":0,"12":0,"13":0,"14":0,"15":0,"16":0,"17":0,"18":0,"19":0,"20":0,"21":0,"22":0,"23":0},"b":{"0":[0],"1":[0,0],"2":[0,0],"3":[0],"4":[0,0],"5":[0,0],"6":[0,0],"7":[0,0],"8":[0,0],"9":[0,0],"10":[0],"11":[0,0],"12":[0,0],"13":[0,0],"14":[0,0],"15":[0,0],"16":[0],"17":[0,0],"18":[0],"19":[0,0],"20":[0],"21":[0,0],"22":[0],"23":[0,0],"24":[0,0],"25":[0,0],"26":[0,0],"27":[0,0],"28":[0,0],"29":[0,0],"30":[0]}}
,"/Users/rakesh/Desktop/Flyin-4/flyin/src/components/Footer.tsx": {"path":"/Users/rakesh/Desktop/Flyin-4/flyin/src/components/Footer.tsx","statementMap":{"0":{"start":{"line":1,"column":0},"end":{"line":1,"column":26}},"1":{"start":{"line":4,"column":15},"end":{"line":115,"column":1}},"2":{"start":{"line":5,"column":22},"end":{"line":5,"column":46}},"3":{"start":{"line":7,"column":25},"end":{"line":62,"column":4}},"4":{"start":{"line":64,"column":2},"end":{"line":114,"column":4}},"5":{"start":{"line":70,"column":12},"end":{"line":70,"column":29}},"6":{"start":{"line":76,"column":18},"end":{"line":76,"column":null}},"7":{"start":{"line":117,"column":0},"end":{"line":117,"column":22}}},"fnMap":{"0":{"name":"(anonymous_1)","decl":{"start":{"line":4,"column":15},"end":{"line":4,"column":18}},"loc":{"start":{"line":4,"column":20},"end":{"line":115,"column":1}}},"1":{"name":"(anonymous_2)","decl":{"start":{"line":69,"column":30},"end":{"line":69,"column":31}},"loc":{"start":{"line":70,"column":12},"end":{"line":70,"column":29}}},"2":{"name":"(anonymous_3)","decl":{"start":{"line":75,"column":35},"end":{"line":75,"column":36}},"loc":{"start":{"line":76,"column":18},"end":{"line":76,"column":null}}}},"branchMap":{},"s":{"0":0,"1":0,"2":0,"3":0,"4":0,"5":0,"6":0,"7":0},"f":{"0":0,"1":0,"2":0},"b":{}}
,"/Users/rakesh/Desktop/Flyin-4/flyin/src/components/MyTrips.tsx": {"path":"/Users/rakesh/Desktop/Flyin-4/flyin/src/components/MyTrips.tsx","statementMap":{"0":{"start":{"line":42,"column":0},"end":{"line":42,"column":24}},"1":{"start":{"line":2,"column":0},"end":{"line":2,"column":26}},"2":{"start":{"line":3,"column":0},"end":{"line":3,"column":62}},"3":{"start":{"line":4,"column":0},"end":{"line":4,"column":33}},"4":{"start":{"line":8,"column":22},"end":{"line":18,"column":2}},"5":{"start":{"line":21,"column":18},"end":{"line":36,"column":2}},"6":{"start":{"line":43,"column":2},"end":{"line":154,"column":4}},"7":{"start":{"line":62,"column":16},"end":{"line":63,"column":null}},"8":{"start":{"line":65,"column":33},"end":{"line":65,"column":49}},"9":{"start":{"line":98,"column":28},"end":{"line":98,"column":48}},"10":{"start":{"line":99,"column":28},"end":{"line":99,"column":80}},"11":{"start":{"line":127,"column":16},"end":{"line":128,"column":null}},"12":{"start":{"line":133,"column":33},"end":{"line":133,"column":49}}},"fnMap":{"0":{"name":"MyTrips","decl":{"start":{"line":42,"column":24},"end":{"line":42,"column":31}},"loc":{"start":{"line":42,"column":60},"end":{"line":155,"column":1}}},"1":{"name":"(anonymous_2)","decl":{"start":{"line":61,"column":33},"end":{"line":61,"column":37}},"loc":{"start":{"line":62,"column":16},"end":{"line":63,"column":null}}},"2":{"name":"(anonymous_3)","decl":{"start":{"line":65,"column":27},"end":{"line":65,"column":30}},"loc":{"start":{"line":65,"column":33},"end":{"line":65,"column":49}}},"3":{"name":"(anonymous_4)","decl":{"start":{"line":97,"column":35},"end":{"line":97,"column":36}},"loc":{"start":{"line":97,"column":41},"end":{"line":100,"column":27}}},"4":{"name":"(anonymous_5)","decl":{"start":{"line":126,"column":29},"end":{"line":126,"column":33}},"loc":{"start":{"line":127,"column":16},"end":{"line":128,"column":null}}},"5":{"name":"(anonymous_6)","decl":{"start":{"line":133,"column":27},"end":{"line":133,"column":30}},"loc":{"start":{"line":133,"column":33},"end":{"line":133,"column":49}}}},"branchMap":{"0":{"loc":{"start":{"line":59,"column":11},"end":{"line":116,"column":null}},"type":"cond-expr","locations":[{"start":{"line":60,"column":12},"end":{"line":108,"column":null}},{"start":{"line":111,"column":12},"end":{"line":115,"column":null}}]},"1":{"loc":{"start":{"line":121,"column":9},"end":{"line":150,"column":null}},"type":"binary-expr","locations":[{"start":{"line":121,"column":9},"end":{"line":121,"column":29}},{"start":{"line":122,"column":10},"end":{"line":149,"column":null}}]}},"s":{"0":0,"1":0,"2":0,"3":0,"4":0,"5":0,"6":0,"7":0,"8":0,"9":0,"10":0,"11":0,"12":0},"f":{"0":0,"1":0,"2":0,"3":0,"4":0,"5":0},"b":{"0":[0,0],"1":[0,0]}}
,"/Users/rakesh/Desktop/Flyin-4/flyin/src/components/Navigation.tsx": {"path":"/Users/rakesh/Desktop/Flyin-4/flyin/src/components/Navigation.tsx","statementMap":{"0":{"start":{"line":12,"column":0},"end":{"line":12,"column":24}},"1":{"start":{"line":2,"column":0},"end":{"line":2,"column":26}},"2":{"start":{"line":3,"column":0},"end":{"line":3,"column":68}},"3":{"start":{"line":4,"column":0},"end":{"line":4,"column":33}},"4":{"start":{"line":13,"column":15},"end":{"line":18,"column":4}},"5":{"start":{"line":20,"column":2},"end":{"line":45,"column":4}},"6":{"start":{"line":29,"column":10},"end":{"line":30,"column":null}},"7":{"start":{"line":37,"column":27},"end":{"line":37,"column":46}}},"fnMap":{"0":{"name":"Navigation","decl":{"start":{"line":12,"column":24},"end":{"line":12,"column":34}},"loc":{"start":{"line":12,"column":96},"end":{"line":46,"column":1}}},"1":{"name":"(anonymous_2)","decl":{"start":{"line":28,"column":18},"end":{"line":28,"column":19}},"loc":{"start":{"line":29,"column":10},"end":{"line":30,"column":null}}},"2":{"name":"(anonymous_3)","decl":{"start":{"line":37,"column":21},"end":{"line":37,"column":24}},"loc":{"start":{"line":37,"column":27},"end":{"line":37,"column":46}}}},"branchMap":{"0":{"loc":{"start":{"line":12,"column":61},"end":{"line":12,"column":77}},"type":"default-arg","locations":[{"start":{"line":12,"column":73},"end":{"line":12,"column":77}}]},"1":{"loc":{"start":{"line":24,"column":8},"end":{"line":24,"column":56}},"type":"cond-expr","locations":[{"start":{"line":24,"column":20},"end":{"line":24,"column":35}},{"start":{"line":24,"column":38},"end":{"line":24,"column":56}}]},"2":{"loc":{"start":{"line":33,"column":14},"end":{"line":35,"column":53}},"type":"cond-expr","locations":[{"start":{"line":34,"column":18},"end":{"line":34,"column":42}},{"start":{"line":35,"column":18},"end":{"line":35,"column":53}}]}},"s":{"0":0,"1":0,"2":0,"3":0,"4":0,"5":0,"6":0,"7":0},"f":{"0":0,"1":0,"2":0},"b":{"0":[0],"1":[0,0],"2":[0,0]}}
,"/Users/rakesh/Desktop/Flyin-4/flyin/src/components/Profile.tsx": {"path":"/Users/rakesh/Desktop/Flyin-4/flyin/src/components/Profile.tsx","statementMap":{"0":{"start":{"line":7,"column":0},"end":{"line":7,"column":24}},"1":{"start":{"line":2,"column":0},"end":{"line":2,"column":26}},"2":{"start":{"line":3,"column":0},"end":{"line":3,"column":92}},"3":{"start":{"line":4,"column":0},"end":{"line":4,"column":43}},"4":{"start":{"line":5,"column":0},"end":{"line":5,"column":33}},"5":{"start":{"line":8,"column":20},"end":{"line":15,"column":4}},"6":{"start":{"line":17,"column":2},"end":{"line":118,"column":4}},"7":{"start":{"line":96,"column":12},"end":{"line":96,"column":null}}},"fnMap":{"0":{"name":"Profile","decl":{"start":{"line":7,"column":24},"end":{"line":7,"column":31}},"loc":{"start":{"line":7,"column":31},"end":{"line":119,"column":1}}},"1":{"name":"(anonymous_2)","decl":{"start":{"line":95,"column":25},"end":{"line":95,"column":26}},"loc":{"start":{"line":96,"column":12},"end":{"line":96,"column":null}}}},"branchMap":{"0":{"loc":{"start":{"line":106,"column":15},"end":{"line":106,"column":60}},"type":"binary-expr","locations":[{"start":{"line":106,"column":15},"end":{"line":106,"column":43}},{"start":{"line":106,"column":47},"end":{"line":106,"column":60}}]}},"s":{"0":0,"1":0,"2":0,"3":0,"4":0,"5":0,"6":0,"7":0},"f":{"0":0,"1":0},"b":{"0":[0,0]}}
,"/Users/rakesh/Desktop/Flyin-4/flyin/src/components/SuggestionCard.tsx": {"path":"/Users/rakesh/Desktop/Flyin-4/flyin/src/components/SuggestionCard.tsx","statementMap":{"0":{"start":{"line":14,"column":0},"end":{"line":14,"column":24}},"1":{"start":{"line":1,"column":0},"end":{"line":1,"column":26}},"2":{"start":{"line":2,"column":0},"end":{"line":2,"column":33}},"3":{"start":{"line":3,"column":0},"end":{"line":3,"column":64}},"4":{"start":{"line":15,"column":40},"end":{"line":15,"column":61}},"5":{"start":{"line":16,"column":38},"end":{"line":16,"column":59}},"6":{"start":{"line":19,"column":2},"end":{"line":24,"column":14}},"7":{"start":{"line":20,"column":16},"end":{"line":20,"column":27}},"8":{"start":{"line":21,"column":4},"end":{"line":21,"column":20}},"9":{"start":{"line":22,"column":4},"end":{"line":22,"column":44}},"10":{"start":{"line":22,"column":23},"end":{"line":22,"column":43}},"11":{"start":{"line":23,"column":4},"end":{"line":23,"column":44}},"12":{"start":{"line":23,"column":24},"end":{"line":23,"column":43}},"13":{"start":{"line":26,"column":2},"end":{"line":86,"column":4}}},"fnMap":{"0":{"name":"SuggestionCard","decl":{"start":{"line":14,"column":24},"end":{"line":14,"column":38}},"loc":{"start":{"line":14,"column":109},"end":{"line":87,"column":1}}},"1":{"name":"(anonymous_2)","decl":{"start":{"line":19,"column":18},"end":{"line":19,"column":21}},"loc":{"start":{"line":19,"column":23},"end":{"line":24,"column":3}}},"2":{"name":"(anonymous_3)","decl":{"start":{"line":22,"column":17},"end":{"line":22,"column":20}},"loc":{"start":{"line":22,"column":23},"end":{"line":22,"column":43}}},"3":{"name":"(anonymous_4)","decl":{"start":{"line":23,"column":18},"end":{"line":23,"column":21}},"loc":{"start":{"line":23,"column":24},"end":{"line":23,"column":43}}}},"branchMap":{"0":{"loc":{"start":{"line":32,"column":7},"end":{"line":50,"column":null}},"type":"cond-expr","locations":[{"start":{"line":33,"column":8},"end":{"line":44,"column":null}},{"start":{"line":47,"column":8},"end":{"line":49,"column":null}}]},"1":{"loc":{"start":{"line":34,"column":11},"end":{"line":38,"column":null}},"type":"binary-expr","locations":[{"start":{"line":34,"column":11},"end":{"line":34,"column":22}},{"start":{"line":35,"column":12},"end":{"line":37,"column":null}}]},"2":{"loc":{"start":{"line":40,"column":11},"end":{"line":43,"column":null}},"type":"binary-expr","locations":[{"start":{"line":40,"column":11},"end":{"line":40,"column":23}},{"start":{"line":41,"column":12},"end":{"line":42,"column":null}}]},"3":{"loc":{"start":{"line":54,"column":7},"end":{"line":59,"column":null}},"type":"binary-expr","locations":[{"start":{"line":54,"column":7},"end":{"line":54,"column":11}},{"start":{"line":55,"column":8},"end":{"line":58,"column":null}}]},"4":{"loc":{"start":{"line":70,"column":11},"end":{"line":70,"column":67}},"type":"binary-expr","locations":[{"start":{"line":70,"column":11},"end":{"line":70,"column":16}},{"start":{"line":70,"column":20},"end":{"line":70,"column":67}}]},"5":{"loc":{"start":{"line":71,"column":11},"end":{"line":75,"column":null}},"type":"binary-expr","locations":[{"start":{"line":71,"column":11},"end":{"line":71,"column":20}},{"start":{"line":72,"column":12},"end":{"line":74,"column":null}}]}},"s":{"0":0,"1":0,"2":0,"3":0,"4":0,"5":0,"6":0,"7":0,"8":0,"9":0,"10":0,"11":0,"12":0,"13":0},"f":{"0":0,"1":0,"2":0,"3":0},"b":{"0":[0,0],"1":[0,0],"2":[0,0],"3":[0,0],"4":[0,0],"5":[0,0]}}
,"/Users/rakesh/Desktop/Flyin-4/flyin/src/components/TravelCanvas.tsx": {"path":"/Users/rakesh/Desktop/Flyin-4/flyin/src/components/TravelCanvas.tsx","statementMap":{"0":{"start":{"line":55,"column":0},"end":{"line":55,"column":24}},"1":{"start":{"line":1,"column":0},"end":{"line":1,"column":51}},"2":{"start":{"line":2,"column":0},"end":{"line":2,"column":43}},"3":{"start":{"line":3,"column":0},"end":{"line":3,"column":37}},"4":{"start":{"line":4,"column":0},"end":{"line":4,"column":35}},"5":{"start":{"line":5,"column":0},"end":{"line":5,"column":46}},"6":{"start":{"line":6,"column":0},"end":{"line":6,"column":33}},"7":{"start":{"line":7,"column":0},"end":{"line":7,"column":46}},"8":{"start":{"line":8,"column":0},"end":{"line":8,"column":46}},"9":{"start":{"line":11,"column":21},"end":{"line":38,"column":1}},"10":{"start":{"line":12,"column":38},"end":{"line":12,"column":53}},"11":{"start":{"line":14,"column":2},"end":{"line":37,"column":4}},"12":{"start":{"line":18,"column":26},"end":{"line":18,"column":45}},"13":{"start":{"line":19,"column":26},"end":{"line":19,"column":46}},"14":{"start":{"line":40,"column":26},"end":{"line":45,"column":2}},"15":{"start":{"line":48,"column":22},"end":{"line":53,"column":2}},"16":{"start":{"line":56,"column":28},"end":{"line":56,"column":40}},"17":{"start":{"line":57,"column":48},"end":{"line":57,"column":63}},"18":{"start":{"line":58,"column":50},"end":{"line":58,"column":61}},"19":{"start":{"line":59,"column":54},"end":{"line":59,"column":80}},"20":{"start":{"line":60,"column":34},"end":{"line":60,"column":48}},"21":{"start":{"line":61,"column":38},"end":{"line":61,"column":50}},"22":{"start":{"line":64,"column":2},"end":{"line":91,"column":47}},"23":{"start":{"line":66,"column":4},"end":{"line":90,"column":5}},"24":{"start":{"line":67,"column":6},"end":{"line":76,"column":7}},"25":{"start":{"line":68,"column":24},"end":{"line":70,"column":14}},"26":{"start":{"line":69,"column":10},"end":{"line":69,"column":93}},"27":{"start":{"line":71,"column":8},"end":{"line":71,"column":43}},"28":{"start":{"line":71,"column":21},"end":{"line":71,"column":42}},"29":{"start":{"line":74,"column":24},"end":{"line":74,"column":66}},"30":{"start":{"line":74,"column":41},"end":{"line":74,"column":59}},"31":{"start":{"line":75,"column":8},"end":{"line":75,"column":43}},"32":{"start":{"line":75,"column":21},"end":{"line":75,"column":42}},"33":{"start":{"line":79,"column":6},"end":{"line":89,"column":7}},"34":{"start":{"line":80,"column":24},"end":{"line":82,"column":14}},"35":{"start":{"line":81,"column":10},"end":{"line":81,"column":72}},"36":{"start":{"line":83,"column":8},"end":{"line":83,"column":43}},"37":{"start":{"line":83,"column":21},"end":{"line":83,"column":42}},"38":{"start":{"line":86,"column":26},"end":{"line":86,"column":71}},"39":{"start":{"line":87,"column":8},"end":{"line":87,"column":39}},"40":{"start":{"line":88,"column":8},"end":{"line":88,"column":26}},"41":{"start":{"line":94,"column":2},"end":{"line":96,"column":19}},"42":{"start":{"line":95,"column":4},"end":{"line":95,"column":58}},"43":{"start":{"line":98,"column":23},"end":{"line":103,"column":3}},"44":{"start":{"line":99,"column":4},"end":{"line":99,"column":23}},"45":{"start":{"line":100,"column":4},"end":{"line":102,"column":5}},"46":{"start":{"line":101,"column":6},"end":{"line":101,"column":22}},"47":{"start":{"line":107,"column":4},"end":{"line":188,"column":null}},"48":{"start":{"line":133,"column":27},"end":{"line":133,"column":51}},"49":{"start":{"line":134,"column":25},"end":{"line":134,"column":49}},"50":{"start":{"line":135,"column":24},"end":{"line":135,"column":49}},"51":{"start":{"line":151,"column":14},"end":{"line":151,"column":52}},"52":{"start":{"line":152,"column":14},"end":{"line":152,"column":61}},"53":{"start":{"line":155,"column":14},"end":{"line":155,"column":56}},"54":{"start":{"line":156,"column":26},"end":{"line":156,"column":63}},"55":{"start":{"line":157,"column":14},"end":{"line":161,"column":15}},"56":{"start":{"line":158,"column":16},"end":{"line":158,"column":54}},"57":{"start":{"line":159,"column":29},"end":{"line":159,"column":53}},"58":{"start":{"line":160,"column":16},"end":{"line":160,"column":55}},"59":{"start":{"line":160,"column":26},"end":{"line":160,"column":55}},"60":{"start":{"line":164,"column":14},"end":{"line":164,"column":49}},"61":{"start":{"line":165,"column":26},"end":{"line":165,"column":63}},"62":{"start":{"line":166,"column":14},"end":{"line":170,"column":15}},"63":{"start":{"line":167,"column":16},"end":{"line":167,"column":54}},"64":{"start":{"line":168,"column":29},"end":{"line":168,"column":53}},"65":{"start":{"line":169,"column":16},"end":{"line":169,"column":53}},"66":{"start":{"line":169,"column":26},"end":{"line":169,"column":53}},"67":{"start":{"line":192,"column":2},"end":{"line":236,"column":4}},"68":{"start":{"line":219,"column":16},"end":{"line":220,"column":null}},"69":{"start":{"line":225,"column":33},"end":{"line":225,"column":59}}},"fnMap":{"0":{"name":"(anonymous_7)","decl":{"start":{"line":11,"column":21},"end":{"line":11,"column":24}},"loc":{"start":{"line":11,"column":26},"end":{"line":38,"column":1}}},"1":{"name":"(anonymous_8)","decl":{"start":{"line":18,"column":20},"end":{"line":18,"column":23}},"loc":{"start":{"line":18,"column":26},"end":{"line":18,"column":45}}},"2":{"name":"(anonymous_9)","decl":{"start":{"line":19,"column":20},"end":{"line":19,"column":23}},"loc":{"start":{"line":19,"column":26},"end":{"line":19,"column":46}}},"3":{"name":"TravelCanvas","decl":{"start":{"line":55,"column":24},"end":{"line":55,"column":36}},"loc":{"start":{"line":55,"column":88},"end":{"line":237,"column":1}}},"4":{"name":"(anonymous_11)","decl":{"start":{"line":64,"column":12},"end":{"line":64,"column":15}},"loc":{"start":{"line":64,"column":17},"end":{"line":91,"column":3}}},"5":{"name":"(anonymous_12)","decl":{"start":{"line":68,"column":35},"end":{"line":68,"column":38}},"loc":{"start":{"line":68,"column":40},"end":{"line":70,"column":9}}},"6":{"name":"(anonymous_13)","decl":{"start":{"line":71,"column":15},"end":{"line":71,"column":18}},"loc":{"start":{"line":71,"column":21},"end":{"line":71,"column":42}}},"7":{"name":"(anonymous_14)","decl":{"start":{"line":74,"column":35},"end":{"line":74,"column":38}},"loc":{"start":{"line":74,"column":41},"end":{"line":74,"column":59}}},"8":{"name":"(anonymous_15)","decl":{"start":{"line":75,"column":15},"end":{"line":75,"column":18}},"loc":{"start":{"line":75,"column":21},"end":{"line":75,"column":42}}},"9":{"name":"(anonymous_16)","decl":{"start":{"line":80,"column":35},"end":{"line":80,"column":38}},"loc":{"start":{"line":80,"column":40},"end":{"line":82,"column":9}}},"10":{"name":"(anonymous_17)","decl":{"start":{"line":83,"column":15},"end":{"line":83,"column":18}},"loc":{"start":{"line":83,"column":21},"end":{"line":83,"column":42}}},"11":{"name":"(anonymous_18)","decl":{"start":{"line":94,"column":12},"end":{"line":94,"column":15}},"loc":{"start":{"line":94,"column":17},"end":{"line":96,"column":3}}},"12":{"name":"(anonymous_19)","decl":{"start":{"line":98,"column":23},"end":{"line":98,"column":24}},"loc":{"start":{"line":98,"column":46},"end":{"line":103,"column":3}}},"13":{"name":"(anonymous_20)","decl":{"start":{"line":133,"column":20},"end":{"line":133,"column":21}},"loc":{"start":{"line":133,"column":27},"end":{"line":133,"column":51}}},"14":{"name":"(anonymous_21)","decl":{"start":{"line":134,"column":19},"end":{"line":134,"column":22}},"loc":{"start":{"line":134,"column":25},"end":{"line":134,"column":49}}},"15":{"name":"(anonymous_22)","decl":{"start":{"line":135,"column":18},"end":{"line":135,"column":21}},"loc":{"start":{"line":135,"column":24},"end":{"line":135,"column":49}}},"16":{"name":"(anonymous_23)","decl":{"start":{"line":150,"column":21},"end":{"line":150,"column":24}},"loc":{"start":{"line":150,"column":26},"end":{"line":153,"column":13}}},"17":{"name":"(anonymous_24)","decl":{"start":{"line":154,"column":26},"end":{"line":154,"column":29}},"loc":{"start":{"line":154,"column":31},"end":{"line":162,"column":13}}},"18":{"name":"(anonymous_25)","decl":{"start":{"line":163,"column":26},"end":{"line":163,"column":29}},"loc":{"start":{"line":163,"column":31},"end":{"line":171,"column":13}}},"19":{"name":"(anonymous_26)","decl":{"start":{"line":218,"column":37},"end":{"line":218,"column":47}},"loc":{"start":{"line":219,"column":16},"end":{"line":220,"column":null}}},"20":{"name":"(anonymous_27)","decl":{"start":{"line":225,"column":27},"end":{"line":225,"column":30}},"loc":{"start":{"line":225,"column":33},"end":{"line":225,"column":59}}}},"branchMap":{"0":{"loc":{"start":{"line":24,"column":25},"end":{"line":24,"column":59}},"type":"cond-expr","locations":[{"start":{"line":24,"column":38},"end":{"line":24,"column":47}},{"start":{"line":24,"column":50},"end":{"line":24,"column":59}}]},"1":{"loc":{"start":{"line":32,"column":17},"end":{"line":32,"column":49}},"type":"cond-expr","locations":[{"start":{"line":32,"column":30},"end":{"line":32,"column":39}},{"start":{"line":32,"column":42},"end":{"line":32,"column":49}}]},"2":{"loc":{"start":{"line":66,"column":4},"end":{"line":90,"column":5}},"type":"if","locations":[{"start":{"line":66,"column":4},"end":{"line":90,"column":5}},{"start":{"line":77,"column":11},"end":{"line":90,"column":5}}]},"3":{"loc":{"start":{"line":67,"column":6},"end":{"line":76,"column":7}},"type":"if","locations":[{"start":{"line":67,"column":6},"end":{"line":76,"column":7}},{"start":{"line":72,"column":13},"end":{"line":76,"column":7}}]},"4":{"loc":{"start":{"line":79,"column":6},"end":{"line":89,"column":7}},"type":"if","locations":[{"start":{"line":79,"column":6},"end":{"line":89,"column":7}},{"start":{"line":84,"column":13},"end":{"line":89,"column":7}}]},"5":{"loc":{"start":{"line":95,"column":26},"end":{"line":95,"column":56}},"type":"binary-expr","locations":[{"start":{"line":95,"column":26},"end":{"line":95,"column":36}},{"start":{"line":95,"column":40},"end":{"line":95,"column":56}}]},"6":{"loc":{"start":{"line":100,"column":4},"end":{"line":102,"column":5}},"type":"if","locations":[{"start":{"line":100,"column":4},"end":{"line":102,"column":5}}]},"7":{"loc":{"start":{"line":111,"column":8},"end":{"line":111,"column":42}},"type":"cond-expr","locations":[{"start":{"line":111,"column":26},"end":{"line":111,"column":37}},{"start":{"line":111,"column":40},"end":{"line":111,"column":42}}]},"8":{"loc":{"start":{"line":115,"column":9},"end":{"line":122,"column":null}},"type":"binary-expr","locations":[{"start":{"line":115,"column":9},"end":{"line":115,"column":24}},{"start":{"line":116,"column":10},"end":{"line":121,"column":null}}]},"9":{"loc":{"start":{"line":130,"column":12},"end":{"line":130,"column":133}},"type":"cond-expr","locations":[{"start":{"line":130,"column":30},"end":{"line":130,"column":106}},{"start":{"line":130,"column":109},"end":{"line":130,"column":133}}]},"10":{"loc":{"start":{"line":157,"column":14},"end":{"line":161,"column":15}},"type":"if","locations":[{"start":{"line":157,"column":14},"end":{"line":161,"column":15}}]},"11":{"loc":{"start":{"line":160,"column":16},"end":{"line":160,"column":55}},"type":"if","locations":[{"start":{"line":160,"column":16},"end":{"line":160,"column":55}}]},"12":{"loc":{"start":{"line":166,"column":14},"end":{"line":170,"column":15}},"type":"if","locations":[{"start":{"line":166,"column":14},"end":{"line":170,"column":15}}]},"13":{"loc":{"start":{"line":169,"column":16},"end":{"line":169,"column":53}},"type":"if","locations":[{"start":{"line":169,"column":16},"end":{"line":169,"column":53}}]}},"s":{"0":0,"1":0,"2":0,"3":0,"4":0,"5":0,"6":0,"7":0,"8":0,"9":0,"10":0,"11":0,"12":0,"13":0,"14":0,"15":0,"16":0,"17":0,"18":0,"19":0,"20":0,"21":0,"22":0,"23":0,"24":0,"25":0,"26":0,"27":0,"28":0,"29":0,"30":0,"31":0,"32":0,"33":0,"34":0,"35":0,"36":0,"37":0,"38":0,"39":0,"40":0,"41":0,"42":0,"43":0,"44":0,"45":0,"46":0,"47":0,"48":0,"49":0,"50":0,"51":0,"52":0,"53":0,"54":0,"55":0,"56":0,"57":0,"58":0,"59":0,"60":0,"61":0,"62":0,"63":0,"64":0,"65":0,"66":0,"67":0,"68":0,"69":0},"f":{"0":0,"1":0,"2":0,"3":0,"4":0,"5":0,"6":0,"7":0,"8":0,"9":0,"10":0,"11":0,"12":0,"13":0,"14":0,"15":0,"16":0,"17":0,"18":0,"19":0,"20":0},"b":{"0":[0,0],"1":[0,0],"2":[0,0],"3":[0,0],"4":[0,0],"5":[0,0],"6":[0],"7":[0,0],"8":[0,0],"9":[0,0],"10":[0],"11":[0],"12":[0],"13":[0]}}
,"/Users/rakesh/Desktop/Flyin-4/flyin/src/components/TripDetail.tsx": {"path":"/Users/rakesh/Desktop/Flyin-4/flyin/src/components/TripDetail.tsx","statementMap":{"0":{"start":{"line":18,"column":0},"end":{"line":18,"column":24}},"1":{"start":{"line":2,"column":0},"end":{"line":2,"column":26}},"2":{"start":{"line":3,"column":0},"end":{"line":3,"column":46}},"3":{"start":{"line":4,"column":0},"end":{"line":4,"column":60}},"4":{"start":{"line":5,"column":0},"end":{"line":5,"column":60}},"5":{"start":{"line":6,"column":0},"end":{"line":6,"column":62}},"6":{"start":{"line":7,"column":0},"end":{"line":7,"column":80}},"7":{"start":{"line":8,"column":0},"end":{"line":8,"column":62}},"8":{"start":{"line":16,"column":22},"end":{"line":16,"column":110}},"9":{"start":{"line":20,"column":20},"end":{"line":20,"column":80}},"10":{"start":{"line":23,"column":26},"end":{"line":23,"column":133}},"11":{"start":{"line":25,"column":2},"end":{"line":64,"column":4}}},"fnMap":{"0":{"name":"TripDetail","decl":{"start":{"line":18,"column":24},"end":{"line":18,"column":34}},"loc":{"start":{"line":18,"column":68},"end":{"line":65,"column":1}}}},"branchMap":{"0":{"loc":{"start":{"line":20,"column":20},"end":{"line":20,"column":80}},"type":"binary-expr","locations":[{"start":{"line":20,"column":20},"end":{"line":20,"column":30}},{"start":{"line":20,"column":34},"end":{"line":20,"column":80}}]},"1":{"loc":{"start":{"line":20,"column":37},"end":{"line":20,"column":70}},"type":"binary-expr","locations":[{"start":{"line":20,"column":37},"end":{"line":20,"column":53}},{"start":{"line":20,"column":57},"end":{"line":20,"column":70}}]},"2":{"loc":{"start":{"line":23,"column":26},"end":{"line":23,"column":133}},"type":"binary-expr","locations":[{"start":{"line":23,"column":26},"end":{"line":23,"column":42}},{"start":{"line":23,"column":47},"end":{"line":23,"column":132}}]},"3":{"loc":{"start":{"line":23,"column":47},"end":{"line":23,"column":132}},"type":"cond-expr","locations":[{"start":{"line":23,"column":66},"end":{"line":23,"column":108}},{"start":{"line":23,"column":111},"end":{"line":23,"column":132}}]},"4":{"loc":{"start":{"line":29,"column":15},"end":{"line":29,"column":42}},"type":"binary-expr","locations":[{"start":{"line":29,"column":15},"end":{"line":29,"column":25}},{"start":{"line":29,"column":29},"end":{"line":29,"column":42}}]},"5":{"loc":{"start":{"line":39,"column":17},"end":{"line":39,"column":33}},"type":"binary-expr","locations":[{"start":{"line":39,"column":17},"end":{"line":39,"column":27}},{"start":{"line":39,"column":31},"end":{"line":39,"column":33}}]},"6":{"loc":{"start":{"line":40,"column":20},"end":{"line":40,"column":64}},"type":"binary-expr","locations":[{"start":{"line":40,"column":20},"end":{"line":40,"column":41}},{"start":{"line":40,"column":45},"end":{"line":40,"column":58}},{"start":{"line":40,"column":62},"end":{"line":40,"column":64}}]},"7":{"loc":{"start":{"line":41,"column":17},"end":{"line":41,"column":32}},"type":"binary-expr","locations":[{"start":{"line":41,"column":17},"end":{"line":41,"column":27}},{"start":{"line":41,"column":31},"end":{"line":41,"column":32}}]},"8":{"loc":{"start":{"line":45,"column":9},"end":{"line":51,"column":null}},"type":"binary-expr","locations":[{"start":{"line":45,"column":10},"end":{"line":45,"column":21}},{"start":{"line":45,"column":25},"end":{"line":45,"column":37}},{"start":{"line":46,"column":10},"end":{"line":50,"column":null}}]},"9":{"loc":{"start":{"line":47,"column":23},"end":{"line":47,"column":73}},"type":"binary-expr","locations":[{"start":{"line":47,"column":23},"end":{"line":47,"column":45}},{"start":{"line":47,"column":49},"end":{"line":47,"column":67}},{"start":{"line":47,"column":71},"end":{"line":47,"column":73}}]},"10":{"loc":{"start":{"line":48,"column":21},"end":{"line":48,"column":67}},"type":"binary-expr","locations":[{"start":{"line":48,"column":21},"end":{"line":48,"column":41}},{"start":{"line":48,"column":45},"end":{"line":48,"column":61}},{"start":{"line":48,"column":65},"end":{"line":48,"column":67}}]},"11":{"loc":{"start":{"line":49,"column":21},"end":{"line":49,"column":63}},"type":"binary-expr","locations":[{"start":{"line":49,"column":21},"end":{"line":49,"column":41}},{"start":{"line":49,"column":45},"end":{"line":49,"column":57}},{"start":{"line":49,"column":61},"end":{"line":49,"column":63}}]},"12":{"loc":{"start":{"line":50,"column":22},"end":{"line":50,"column":66}},"type":"binary-expr","locations":[{"start":{"line":50,"column":22},"end":{"line":50,"column":43}},{"start":{"line":50,"column":47},"end":{"line":50,"column":60}},{"start":{"line":50,"column":64},"end":{"line":50,"column":66}}]},"13":{"loc":{"start":{"line":55,"column":31},"end":{"line":55,"column":46}},"type":"binary-expr","locations":[{"start":{"line":55,"column":31},"end":{"line":55,"column":41}},{"start":{"line":55,"column":45},"end":{"line":55,"column":46}}]},"14":{"loc":{"start":{"line":61,"column":31},"end":{"line":61,"column":46}},"type":"binary-expr","locations":[{"start":{"line":61,"column":31},"end":{"line":61,"column":41}},{"start":{"line":61,"column":45},"end":{"line":61,"column":46}}]}},"s":{"0":0,"1":0,"2":0,"3":0,"4":0,"5":0,"6":0,"7":0,"8":0,"9":0,"10":0,"11":0},"f":{"0":0},"b":{"0":[0,0],"1":[0,0],"2":[0,0],"3":[0,0],"4":[0,0],"5":[0,0],"6":[0,0,0],"7":[0,0],"8":[0,0,0],"9":[0,0,0],"10":[0,0,0],"11":[0,0,0],"12":[0,0,0],"13":[0,0],"14":[0,0]}}
,"/Users/rakesh/Desktop/Flyin-4/flyin/src/components/TripProposal.tsx": {"path":"/Users/rakesh/Desktop/Flyin-4/flyin/src/components/TripProposal.tsx","statementMap":{"0":{"start":{"line":30,"column":0},"end":{"line":30,"column":24}},"1":{"start":{"line":1,"column":0},"end":{"line":1,"column":26}},"2":{"start":{"line":2,"column":0},"end":{"line":2,"column":66}},"3":{"start":{"line":3,"column":0},"end":{"line":3,"column":33}},"4":{"start":{"line":31,"column":2},"end":{"line":105,"column":4}}},"fnMap":{"0":{"name":"TripProposal","decl":{"start":{"line":30,"column":24},"end":{"line":30,"column":36}},"loc":{"start":{"line":30,"column":65},"end":{"line":106,"column":1}}}},"branchMap":{"0":{"loc":{"start":{"line":66,"column":11},"end":{"line":77,"column":null}},"type":"binary-expr","locations":[{"start":{"line":66,"column":11},"end":{"line":66,"column":22}},{"start":{"line":67,"column":12},"end":{"line":76,"column":null}}]},"1":{"loc":{"start":{"line":80,"column":11},"end":{"line":90,"column":null}},"type":"binary-expr","locations":[{"start":{"line":80,"column":11},"end":{"line":80,"column":21}},{"start":{"line":81,"column":12},"end":{"line":89,"column":null}}]}},"s":{"0":0,"1":0,"2":0,"3":0,"4":0},"f":{"0":0},"b":{"0":[0,0],"1":[0,0]}}
,"/Users/rakesh/Desktop/Flyin-4/flyin/src/components/Booking/BookingPage.tsx": {"path":"/Users/rakesh/Desktop/Flyin-4/flyin/src/components/Booking/BookingPage.tsx","statementMap":{"0":{"start":{"line":532,"column":0},"end":{"line":532,"column":24}},"1":{"start":{"line":1,"column":0},"end":{"line":1,"column":40}},"2":{"start":{"line":2,"column":0},"end":{"line":2,"column":47}},"3":{"start":{"line":3,"column":0},"end":{"line":3,"column":50}},"4":{"start":{"line":4,"column":0},"end":{"line":4,"column":58}},"5":{"start":{"line":5,"column":0},"end":{"line":5,"column":48}},"6":{"start":{"line":6,"column":0},"end":{"line":6,"column":36}},"7":{"start":{"line":7,"column":0},"end":{"line":7,"column":46}},"8":{"start":{"line":8,"column":0},"end":{"line":8,"column":216}},"9":{"start":{"line":9,"column":0},"end":{"line":9,"column":82}},"10":{"start":{"line":10,"column":0},"end":{"line":10,"column":105}},"11":{"start":{"line":11,"column":0},"end":{"line":11,"column":76}},"12":{"start":{"line":12,"column":0},"end":{"line":12,"column":48}},"13":{"start":{"line":13,"column":0},"end":{"line":13,"column":46}},"14":{"start":{"line":14,"column":0},"end":{"line":14,"column":103}},"15":{"start":{"line":15,"column":0},"end":{"line":15,"column":52}},"16":{"start":{"line":16,"column":0},"end":{"line":16,"column":46}},"17":{"start":{"line":18,"column":14},"end":{"line":23,"column":2}},"18":{"start":{"line":25,"column":19},"end":{"line":42,"column":2}},"19":{"start":{"line":44,"column":19},"end":{"line":133,"column":1}},"20":{"start":{"line":45,"column":24},"end":{"line":45,"column":55}},"21":{"start":{"line":46,"column":40},"end":{"line":46,"column":52}},"22":{"start":{"line":47,"column":17},"end":{"line":47,"column":87}},"23":{"start":{"line":47,"column":69},"end":{"line":47,"column":86}},"24":{"start":{"line":49,"column":2},"end":{"line":132,"column":4}},"25":{"start":{"line":58,"column":27},"end":{"line":58,"column":57}},"26":{"start":{"line":70,"column":27},"end":{"line":70,"column":40}},"27":{"start":{"line":80,"column":27},"end":{"line":80,"column":41}},"28":{"start":{"line":92,"column":12},"end":{"line":92,"column":34}},"29":{"start":{"line":135,"column":16},"end":{"line":139,"column":null}},"30":{"start":{"line":136,"column":2},"end":{"line":138,"column":null}},"31":{"start":{"line":142,"column":24},"end":{"line":364,"column":1}},"32":{"start":{"line":144,"column":21},"end":{"line":206,"column":4}},"33":{"start":{"line":208,"column":2},"end":{"line":363,"column":4}},"34":{"start":{"line":211,"column":8},"end":{"line":211,"column":29}},"35":{"start":{"line":224,"column":82},"end":{"line":224,"column":91}},"36":{"start":{"line":228,"column":79},"end":{"line":228,"column":88}},"37":{"start":{"line":235,"column":14},"end":{"line":356,"column":null}},"38":{"start":{"line":366,"column":17},"end":{"line":424,"column":1}},"39":{"start":{"line":386,"column":27},"end":{"line":394,"column":3}},"40":{"start":{"line":387,"column":4},"end":{"line":393,"column":5}},"41":{"start":{"line":388,"column":6},"end":{"line":388,"column":48}},"42":{"start":{"line":389,"column":11},"end":{"line":393,"column":5}},"43":{"start":{"line":390,"column":6},"end":{"line":390,"column":56}},"44":{"start":{"line":392,"column":6},"end":{"line":392,"column":48}},"45":{"start":{"line":396,"column":2},"end":{"line":423,"column":4}},"46":{"start":{"line":426,"column":23},"end":{"line":503,"column":1}},"47":{"start":{"line":428,"column":38},"end":{"line":428,"column":52}},"48":{"start":{"line":429,"column":2},"end":{"line":502,"column":4}},"49":{"start":{"line":449,"column":117},"end":{"line":449,"column":139}},"50":{"start":{"line":449,"column":136},"end":{"line":449,"column":138}},"51":{"start":{"line":507,"column":2},"end":{"line":529,"column":4}},"52":{"start":{"line":511,"column":26},"end":{"line":511,"column":33}},"53":{"start":{"line":512,"column":27},"end":{"line":512,"column":50}},"54":{"start":{"line":513,"column":30},"end":{"line":513,"column":51}},"55":{"start":{"line":515,"column":10},"end":{"line":525,"column":12}},"56":{"start":{"line":534,"column":2},"end":{"line":534,"column":41}},"57":{"start":{"line":536,"column":19},"end":{"line":536,"column":32}},"58":{"start":{"line":537,"column":34},"end":{"line":537,"column":45}},"59":{"start":{"line":538,"column":44},"end":{"line":538,"column":59}},"60":{"start":{"line":539,"column":44},"end":{"line":539,"column":59}},"61":{"start":{"line":542,"column":48},"end":{"line":542,"column":60}},"62":{"start":{"line":543,"column":46},"end":{"line":543,"column":58}},"63":{"start":{"line":544,"column":42},"end":{"line":544,"column":54}},"64":{"start":{"line":545,"column":52},"end":{"line":545,"column":64}},"65":{"start":{"line":546,"column":46},"end":{"line":546,"column":58}},"66":{"start":{"line":547,"column":42},"end":{"line":547,"column":54}},"67":{"start":{"line":548,"column":46},"end":{"line":548,"column":58}},"68":{"start":{"line":549,"column":44},"end":{"line":549,"column":56}},"69":{"start":{"line":551,"column":48},"end":{"line":551,"column":60}},"70":{"start":{"line":552,"column":46},"end":{"line":552,"column":58}},"71":{"start":{"line":553,"column":42},"end":{"line":553,"column":54}},"72":{"start":{"line":554,"column":52},"end":{"line":554,"column":64}},"73":{"start":{"line":555,"column":46},"end":{"line":555,"column":58}},"74":{"start":{"line":556,"column":42},"end":{"line":556,"column":54}},"75":{"start":{"line":557,"column":46},"end":{"line":557,"column":58}},"76":{"start":{"line":558,"column":44},"end":{"line":558,"column":56}},"77":{"start":{"line":560,"column":48},"end":{"line":560,"column":60}},"78":{"start":{"line":561,"column":46},"end":{"line":561,"column":58}},"79":{"start":{"line":562,"column":42},"end":{"line":562,"column":54}},"80":{"start":{"line":563,"column":52},"end":{"line":563,"column":64}},"81":{"start":{"line":564,"column":46},"end":{"line":564,"column":58}},"82":{"start":{"line":565,"column":42},"end":{"line":565,"column":54}},"83":{"start":{"line":566,"column":46},"end":{"line":566,"column":58}},"84":{"start":{"line":567,"column":44},"end":{"line":567,"column":56}},"85":{"start":{"line":570,"column":60},"end":{"line":570,"column":75}},"86":{"start":{"line":571,"column":60},"end":{"line":571,"column":75}},"87":{"start":{"line":572,"column":60},"end":{"line":572,"column":75}},"88":{"start":{"line":575,"column":56},"end":{"line":575,"column":71}},"89":{"start":{"line":576,"column":72},"end":{"line":576,"column":87}},"90":{"start":{"line":577,"column":58},"end":{"line":577,"column":73}},"91":{"start":{"line":578,"column":58},"end":{"line":578,"column":73}},"92":{"start":{"line":579,"column":50},"end":{"line":579,"column":65}},"93":{"start":{"line":581,"column":2},"end":{"line":1907,"column":4}},"94":{"start":{"line":594,"column":33},"end":{"line":594,"column":47}},"95":{"start":{"line":699,"column":92},"end":{"line":699,"column":106}},"96":{"start":{"line":736,"column":86},"end":{"line":736,"column":100}},"97":{"start":{"line":741,"column":86},"end":{"line":741,"column":100}},"98":{"start":{"line":746,"column":86},"end":{"line":746,"column":100}},"99":{"start":{"line":754,"column":29},"end":{"line":754,"column":43}},"100":{"start":{"line":768,"column":33},"end":{"line":768,"column":47}},"101":{"start":{"line":780,"column":39},"end":{"line":780,"column":67}},"102":{"start":{"line":875,"column":39},"end":{"line":875,"column":68}},"103":{"start":{"line":892,"column":39},"end":{"line":892,"column":75}},"104":{"start":{"line":950,"column":39},"end":{"line":950,"column":68}},"105":{"start":{"line":1001,"column":39},"end":{"line":1001,"column":68}},"106":{"start":{"line":1059,"column":39},"end":{"line":1059,"column":64}},"107":{"start":{"line":1154,"column":39},"end":{"line":1154,"column":76}},"108":{"start":{"line":1207,"column":39},"end":{"line":1207,"column":69}},"109":{"start":{"line":1260,"column":39},"end":{"line":1260,"column":69}},"110":{"start":{"line":1313,"column":39},"end":{"line":1313,"column":65}},"111":{"start":{"line":1323,"column":86},"end":{"line":1323,"column":100}},"112":{"start":{"line":1331,"column":29},"end":{"line":1331,"column":43}},"113":{"start":{"line":1345,"column":33},"end":{"line":1345,"column":47}},"114":{"start":{"line":1374,"column":30},"end":{"line":1374,"column":70}},"115":{"start":{"line":1375,"column":30},"end":{"line":1375,"column":68}},"116":{"start":{"line":1377,"column":30},"end":{"line":1379,"column":31}},"117":{"start":{"line":1378,"column":32},"end":{"line":1378,"column":76}},"118":{"start":{"line":1381,"column":30},"end":{"line":1381,"column":91}},"119":{"start":{"line":1390,"column":47},"end":{"line":1390,"column":80}},"120":{"start":{"line":1432,"column":47},"end":{"line":1432,"column":80}},"121":{"start":{"line":1451,"column":36},"end":{"line":1451,"column":58}},"122":{"start":{"line":1463,"column":56},"end":{"line":1463,"column":84}},"123":{"start":{"line":1464,"column":55},"end":{"line":1464,"column":139}},"124":{"start":{"line":1465,"column":54},"end":{"line":1465,"column":67}},"125":{"start":{"line":1466,"column":36},"end":{"line":1470,"column":38}},"126":{"start":{"line":1480,"column":49},"end":{"line":1480,"column":82}},"127":{"start":{"line":1481,"column":36},"end":{"line":1485,"column":38}},"128":{"start":{"line":1511,"column":30},"end":{"line":1511,"column":70}},"129":{"start":{"line":1512,"column":30},"end":{"line":1512,"column":68}},"130":{"start":{"line":1514,"column":30},"end":{"line":1516,"column":31}},"131":{"start":{"line":1515,"column":32},"end":{"line":1515,"column":76}},"132":{"start":{"line":1518,"column":30},"end":{"line":1518,"column":91}},"133":{"start":{"line":1527,"column":47},"end":{"line":1527,"column":80}},"134":{"start":{"line":1569,"column":47},"end":{"line":1569,"column":80}},"135":{"start":{"line":1588,"column":36},"end":{"line":1588,"column":58}},"136":{"start":{"line":1600,"column":56},"end":{"line":1600,"column":84}},"137":{"start":{"line":1601,"column":55},"end":{"line":1601,"column":139}},"138":{"start":{"line":1602,"column":54},"end":{"line":1602,"column":67}},"139":{"start":{"line":1603,"column":36},"end":{"line":1607,"column":38}},"140":{"start":{"line":1617,"column":49},"end":{"line":1617,"column":82}},"141":{"start":{"line":1618,"column":36},"end":{"line":1622,"column":38}},"142":{"start":{"line":1648,"column":30},"end":{"line":1648,"column":70}},"143":{"start":{"line":1649,"column":30},"end":{"line":1649,"column":68}},"144":{"start":{"line":1651,"column":30},"end":{"line":1653,"column":31}},"145":{"start":{"line":1652,"column":32},"end":{"line":1652,"column":76}},"146":{"start":{"line":1655,"column":30},"end":{"line":1655,"column":91}},"147":{"start":{"line":1664,"column":47},"end":{"line":1664,"column":80}},"148":{"start":{"line":1706,"column":47},"end":{"line":1706,"column":80}},"149":{"start":{"line":1725,"column":36},"end":{"line":1725,"column":58}},"150":{"start":{"line":1737,"column":56},"end":{"line":1737,"column":84}},"151":{"start":{"line":1738,"column":55},"end":{"line":1738,"column":139}},"152":{"start":{"line":1739,"column":54},"end":{"line":1739,"column":67}},"153":{"start":{"line":1740,"column":36},"end":{"line":1744,"column":38}},"154":{"start":{"line":1754,"column":49},"end":{"line":1754,"column":81}},"155":{"start":{"line":1755,"column":36},"end":{"line":1759,"column":38}},"156":{"start":{"line":1773,"column":86},"end":{"line":1773,"column":100}},"157":{"start":{"line":1778,"column":86},"end":{"line":1778,"column":100}},"158":{"start":{"line":1786,"column":29},"end":{"line":1786,"column":43}},"159":{"start":{"line":1800,"column":33},"end":{"line":1800,"column":47}},"160":{"start":{"line":1886,"column":86},"end":{"line":1886,"column":100}},"161":{"start":{"line":1894,"column":29},"end":{"line":1894,"column":70}}},"fnMap":{"0":{"name":"(anonymous_7)","decl":{"start":{"line":44,"column":19},"end":{"line":44,"column":22}},"loc":{"start":{"line":44,"column":24},"end":{"line":133,"column":1}}},"1":{"name":"(anonymous_8)","decl":{"start":{"line":47,"column":64},"end":{"line":47,"column":65}},"loc":{"start":{"line":47,"column":69},"end":{"line":47,"column":86}}},"2":{"name":"(anonymous_9)","decl":{"start":{"line":58,"column":22},"end":{"line":58,"column":23}},"loc":{"start":{"line":58,"column":27},"end":{"line":58,"column":57}}},"3":{"name":"(anonymous_10)","decl":{"start":{"line":70,"column":21},"end":{"line":70,"column":24}},"loc":{"start":{"line":70,"column":27},"end":{"line":70,"column":40}}},"4":{"name":"(anonymous_11)","decl":{"start":{"line":80,"column":21},"end":{"line":80,"column":24}},"loc":{"start":{"line":80,"column":27},"end":{"line":80,"column":41}}},"5":{"name":"(anonymous_12)","decl":{"start":{"line":91,"column":22},"end":{"line":91,"column":23}},"loc":{"start":{"line":92,"column":12},"end":{"line":92,"column":34}}},"6":{"name":"(anonymous_13)","decl":{"start":{"line":135,"column":16},"end":{"line":135,"column":17}},"loc":{"start":{"line":136,"column":2},"end":{"line":138,"column":null}}},"7":{"name":"(anonymous_14)","decl":{"start":{"line":142,"column":24},"end":{"line":142,"column":25}},"loc":{"start":{"line":142,"column":52},"end":{"line":364,"column":1}}},"8":{"name":"(anonymous_15)","decl":{"start":{"line":210,"column":22},"end":{"line":210,"column":23}},"loc":{"start":{"line":211,"column":8},"end":{"line":211,"column":29}}},"9":{"name":"(anonymous_16)","decl":{"start":{"line":224,"column":77},"end":{"line":224,"column":78}},"loc":{"start":{"line":224,"column":82},"end":{"line":224,"column":91}}},"10":{"name":"(anonymous_17)","decl":{"start":{"line":228,"column":74},"end":{"line":228,"column":75}},"loc":{"start":{"line":228,"column":79},"end":{"line":228,"column":88}}},"11":{"name":"(anonymous_18)","decl":{"start":{"line":234,"column":30},"end":{"line":234,"column":31}},"loc":{"start":{"line":235,"column":14},"end":{"line":356,"column":null}}},"12":{"name":"(anonymous_19)","decl":{"start":{"line":366,"column":17},"end":{"line":366,"column":18}},"loc":{"start":{"line":384,"column":5},"end":{"line":424,"column":1}}},"13":{"name":"(anonymous_20)","decl":{"start":{"line":386,"column":27},"end":{"line":386,"column":30}},"loc":{"start":{"line":386,"column":32},"end":{"line":394,"column":3}}},"14":{"name":"(anonymous_21)","decl":{"start":{"line":426,"column":23},"end":{"line":426,"column":24}},"loc":{"start":{"line":426,"column":51},"end":{"line":503,"column":1}}},"15":{"name":"(anonymous_22)","decl":{"start":{"line":449,"column":111},"end":{"line":449,"column":114}},"loc":{"start":{"line":449,"column":117},"end":{"line":449,"column":139}}},"16":{"name":"(anonymous_23)","decl":{"start":{"line":449,"column":131},"end":{"line":449,"column":132}},"loc":{"start":{"line":449,"column":136},"end":{"line":449,"column":138}}},"17":{"name":"HorizontalProgressBar","decl":{"start":{"line":506,"column":9},"end":{"line":506,"column":30}},"loc":{"start":{"line":506,"column":53},"end":{"line":530,"column":1}}},"18":{"name":"(anonymous_25)","decl":{"start":{"line":510,"column":19},"end":{"line":510,"column":20}},"loc":{"start":{"line":510,"column":34},"end":{"line":526,"column":9}}},"19":{"name":"BookingPage","decl":{"start":{"line":532,"column":24},"end":{"line":532,"column":35}},"loc":{"start":{"line":532,"column":59},"end":{"line":1908,"column":1}}},"20":{"name":"(anonymous_27)","decl":{"start":{"line":594,"column":27},"end":{"line":594,"column":30}},"loc":{"start":{"line":594,"column":33},"end":{"line":594,"column":47}}},"21":{"name":"(anonymous_28)","decl":{"start":{"line":699,"column":86},"end":{"line":699,"column":89}},"loc":{"start":{"line":699,"column":92},"end":{"line":699,"column":106}}},"22":{"name":"(anonymous_29)","decl":{"start":{"line":736,"column":80},"end":{"line":736,"column":83}},"loc":{"start":{"line":736,"column":86},"end":{"line":736,"column":100}}},"23":{"name":"(anonymous_30)","decl":{"start":{"line":741,"column":80},"end":{"line":741,"column":83}},"loc":{"start":{"line":741,"column":86},"end":{"line":741,"column":100}}},"24":{"name":"(anonymous_31)","decl":{"start":{"line":746,"column":80},"end":{"line":746,"column":83}},"loc":{"start":{"line":746,"column":86},"end":{"line":746,"column":100}}},"25":{"name":"(anonymous_32)","decl":{"start":{"line":754,"column":23},"end":{"line":754,"column":26}},"loc":{"start":{"line":754,"column":29},"end":{"line":754,"column":43}}},"26":{"name":"(anonymous_33)","decl":{"start":{"line":768,"column":27},"end":{"line":768,"column":30}},"loc":{"start":{"line":768,"column":33},"end":{"line":768,"column":47}}},"27":{"name":"(anonymous_34)","decl":{"start":{"line":780,"column":33},"end":{"line":780,"column":36}},"loc":{"start":{"line":780,"column":39},"end":{"line":780,"column":67}}},"28":{"name":"(anonymous_35)","decl":{"start":{"line":822,"column":33},"end":{"line":822,"column":34}},"loc":{"start":{"line":822,"column":80},"end":{"line":822,"column":83}}},"29":{"name":"(anonymous_36)","decl":{"start":{"line":875,"column":33},"end":{"line":875,"column":36}},"loc":{"start":{"line":875,"column":39},"end":{"line":875,"column":68}}},"30":{"name":"(anonymous_37)","decl":{"start":{"line":892,"column":33},"end":{"line":892,"column":36}},"loc":{"start":{"line":892,"column":39},"end":{"line":892,"column":75}}},"31":{"name":"(anonymous_38)","decl":{"start":{"line":933,"column":33},"end":{"line":933,"column":34}},"loc":{"start":{"line":933,"column":80},"end":{"line":933,"column":83}}},"32":{"name":"(anonymous_39)","decl":{"start":{"line":950,"column":33},"end":{"line":950,"column":36}},"loc":{"start":{"line":950,"column":39},"end":{"line":950,"column":68}}},"33":{"name":"(anonymous_40)","decl":{"start":{"line":984,"column":33},"end":{"line":984,"column":34}},"loc":{"start":{"line":984,"column":80},"end":{"line":984,"column":83}}},"34":{"name":"(anonymous_41)","decl":{"start":{"line":1001,"column":33},"end":{"line":1001,"column":36}},"loc":{"start":{"line":1001,"column":39},"end":{"line":1001,"column":68}}},"35":{"name":"(anonymous_42)","decl":{"start":{"line":1042,"column":33},"end":{"line":1042,"column":34}},"loc":{"start":{"line":1042,"column":80},"end":{"line":1042,"column":83}}},"36":{"name":"(anonymous_43)","decl":{"start":{"line":1059,"column":33},"end":{"line":1059,"column":36}},"loc":{"start":{"line":1059,"column":39},"end":{"line":1059,"column":64}}},"37":{"name":"(anonymous_44)","decl":{"start":{"line":1101,"column":33},"end":{"line":1101,"column":34}},"loc":{"start":{"line":1101,"column":80},"end":{"line":1101,"column":83}}},"38":{"name":"(anonymous_45)","decl":{"start":{"line":1154,"column":33},"end":{"line":1154,"column":36}},"loc":{"start":{"line":1154,"column":39},"end":{"line":1154,"column":76}}},"39":{"name":"(anonymous_46)","decl":{"start":{"line":1207,"column":33},"end":{"line":1207,"column":36}},"loc":{"start":{"line":1207,"column":39},"end":{"line":1207,"column":69}}},"40":{"name":"(anonymous_47)","decl":{"start":{"line":1260,"column":33},"end":{"line":1260,"column":36}},"loc":{"start":{"line":1260,"column":39},"end":{"line":1260,"column":69}}},"41":{"name":"(anonymous_48)","decl":{"start":{"line":1313,"column":33},"end":{"line":1313,"column":36}},"loc":{"start":{"line":1313,"column":39},"end":{"line":1313,"column":65}}},"42":{"name":"(anonymous_49)","decl":{"start":{"line":1323,"column":80},"end":{"line":1323,"column":83}},"loc":{"start":{"line":1323,"column":86},"end":{"line":1323,"column":100}}},"43":{"name":"(anonymous_50)","decl":{"start":{"line":1331,"column":23},"end":{"line":1331,"column":26}},"loc":{"start":{"line":1331,"column":29},"end":{"line":1331,"column":43}}},"44":{"name":"(anonymous_51)","decl":{"start":{"line":1345,"column":27},"end":{"line":1345,"column":30}},"loc":{"start":{"line":1345,"column":33},"end":{"line":1345,"column":47}}},"45":{"name":"(anonymous_52)","decl":{"start":{"line":1373,"column":47},"end":{"line":1373,"column":48}},"loc":{"start":{"line":1373,"column":61},"end":{"line":1382,"column":29}}},"46":{"name":"(anonymous_53)","decl":{"start":{"line":1390,"column":40},"end":{"line":1390,"column":41}},"loc":{"start":{"line":1390,"column":47},"end":{"line":1390,"column":80}}},"47":{"name":"(anonymous_54)","decl":{"start":{"line":1432,"column":40},"end":{"line":1432,"column":41}},"loc":{"start":{"line":1432,"column":47},"end":{"line":1432,"column":80}}},"48":{"name":"(anonymous_55)","decl":{"start":{"line":1450,"column":60},"end":{"line":1450,"column":61}},"loc":{"start":{"line":1451,"column":36},"end":{"line":1451,"column":58}}},"49":{"name":"(anonymous_56)","decl":{"start":{"line":1462,"column":60},"end":{"line":1462,"column":61}},"loc":{"start":{"line":1462,"column":69},"end":{"line":1471,"column":35}}},"50":{"name":"(anonymous_57)","decl":{"start":{"line":1479,"column":60},"end":{"line":1479,"column":61}},"loc":{"start":{"line":1479,"column":69},"end":{"line":1486,"column":35}}},"51":{"name":"(anonymous_58)","decl":{"start":{"line":1510,"column":47},"end":{"line":1510,"column":48}},"loc":{"start":{"line":1510,"column":61},"end":{"line":1519,"column":29}}},"52":{"name":"(anonymous_59)","decl":{"start":{"line":1527,"column":40},"end":{"line":1527,"column":41}},"loc":{"start":{"line":1527,"column":47},"end":{"line":1527,"column":80}}},"53":{"name":"(anonymous_60)","decl":{"start":{"line":1569,"column":40},"end":{"line":1569,"column":41}},"loc":{"start":{"line":1569,"column":47},"end":{"line":1569,"column":80}}},"54":{"name":"(anonymous_61)","decl":{"start":{"line":1587,"column":60},"end":{"line":1587,"column":61}},"loc":{"start":{"line":1588,"column":36},"end":{"line":1588,"column":58}}},"55":{"name":"(anonymous_62)","decl":{"start":{"line":1599,"column":60},"end":{"line":1599,"column":61}},"loc":{"start":{"line":1599,"column":69},"end":{"line":1608,"column":35}}},"56":{"name":"(anonymous_63)","decl":{"start":{"line":1616,"column":60},"end":{"line":1616,"column":61}},"loc":{"start":{"line":1616,"column":69},"end":{"line":1623,"column":35}}},"57":{"name":"(anonymous_64)","decl":{"start":{"line":1647,"column":47},"end":{"line":1647,"column":48}},"loc":{"start":{"line":1647,"column":61},"end":{"line":1656,"column":29}}},"58":{"name":"(anonymous_65)","decl":{"start":{"line":1664,"column":40},"end":{"line":1664,"column":41}},"loc":{"start":{"line":1664,"column":47},"end":{"line":1664,"column":80}}},"59":{"name":"(anonymous_66)","decl":{"start":{"line":1706,"column":40},"end":{"line":1706,"column":41}},"loc":{"start":{"line":1706,"column":47},"end":{"line":1706,"column":80}}},"60":{"name":"(anonymous_67)","decl":{"start":{"line":1724,"column":60},"end":{"line":1724,"column":61}},"loc":{"start":{"line":1725,"column":36},"end":{"line":1725,"column":58}}},"61":{"name":"(anonymous_68)","decl":{"start":{"line":1736,"column":60},"end":{"line":1736,"column":61}},"loc":{"start":{"line":1736,"column":69},"end":{"line":1745,"column":35}}},"62":{"name":"(anonymous_69)","decl":{"start":{"line":1753,"column":60},"end":{"line":1753,"column":61}},"loc":{"start":{"line":1753,"column":69},"end":{"line":1760,"column":35}}},"63":{"name":"(anonymous_70)","decl":{"start":{"line":1773,"column":80},"end":{"line":1773,"column":83}},"loc":{"start":{"line":1773,"column":86},"end":{"line":1773,"column":100}}},"64":{"name":"(anonymous_71)","decl":{"start":{"line":1778,"column":80},"end":{"line":1778,"column":83}},"loc":{"start":{"line":1778,"column":86},"end":{"line":1778,"column":100}}},"65":{"name":"(anonymous_72)","decl":{"start":{"line":1786,"column":23},"end":{"line":1786,"column":26}},"loc":{"start":{"line":1786,"column":29},"end":{"line":1786,"column":43}}},"66":{"name":"(anonymous_73)","decl":{"start":{"line":1800,"column":27},"end":{"line":1800,"column":30}},"loc":{"start":{"line":1800,"column":33},"end":{"line":1800,"column":47}}},"67":{"name":"(anonymous_74)","decl":{"start":{"line":1886,"column":80},"end":{"line":1886,"column":83}},"loc":{"start":{"line":1886,"column":86},"end":{"line":1886,"column":100}}},"68":{"name":"(anonymous_75)","decl":{"start":{"line":1894,"column":23},"end
[...]
"start":{"line":69,"column":4},"end":{"line":89,"column":5}},"19":{"start":{"line":70,"column":27},"end":{"line":70,"column":64}},"20":{"start":{"line":72,"column":6},"end":{"line":74,"column":7}},"21":{"start":{"line":73,"column":8},"end":{"line":73,"column":54}},"22":{"start":{"line":76,"column":43},"end":{"line":76,"column":59}},"23":{"start":{"line":77,"column":23},"end":{"line":77,"column":91}},"24":{"start":{"line":79,"column":6},"end":{"line":82,"column":7}},"25":{"start":{"line":80,"column":8},"end":{"line":80,"column":64}},"26":{"start":{"line":81,"column":8},"end":{"line":81,"column":74}},"27":{"start":{"line":84,"column":6},"end":{"line":84,"column":27}},"28":{"start":{"line":87,"column":6},"end":{"line":87,"column":27}},"29":{"start":{"line":88,"column":6},"end":{"line":88,"column":34}},"30":{"start":{"line":96,"column":4},"end":{"line":101,"column":5}},"31":{"start":{"line":97,"column":23},"end":{"line":97,"column":76}},"32":{"start":{"line":98,"column":6},"end":{"line":98,"column":27}},"33":{"start":{"line":100,"column":6},"end":{"line":100,"column":34}},"34":{"start":{"line":108,"column":4},"end":{"line":113,"column":5}},"35":{"start":{"line":109,"column":23},"end":{"line":109,"column":77}},"36":{"start":{"line":110,"column":6},"end":{"line":110,"column":27}},"37":{"start":{"line":112,"column":6},"end":{"line":112,"column":34}},"38":{"start":{"line":120,"column":4},"end":{"line":125,"column":5}},"39":{"start":{"line":121,"column":23},"end":{"line":121,"column":72}},"40":{"start":{"line":122,"column":6},"end":{"line":122,"column":27}},"41":{"start":{"line":124,"column":6},"end":{"line":124,"column":34}},"42":{"start":{"line":132,"column":4},"end":{"line":137,"column":5}},"43":{"start":{"line":133,"column":23},"end":{"line":133,"column":78}},"44":{"start":{"line":134,"column":6},"end":{"line":134,"column":27}},"45":{"start":{"line":136,"column":6},"end":{"line":136,"column":34}},"46":{"start":{"line":144,"column":4},"end":{"line":149,"column":5}},"47":{"start":{"line":145,"column":23},"end":{"line":145,"column":80}},"48":{"start":{"line":146,"column":6},"end":{"line":146,"column":27}},"49":{"start":{"line":148,"column":6},"end":{"line":148,"column":34}},"50":{"start":{"line":156,"column":4},"end":{"line":161,"column":5}},"51":{"start":{"line":157,"column":23},"end":{"line":157,"column":93}},"52":{"start":{"line":158,"column":6},"end":{"line":158,"column":27}},"53":{"start":{"line":160,"column":6},"end":{"line":160,"column":34}},"54":{"start":{"line":168,"column":4},"end":{"line":173,"column":5}},"55":{"start":{"line":169,"column":23},"end":{"line":169,"column":86}},"56":{"start":{"line":170,"column":6},"end":{"line":170,"column":27}},"57":{"start":{"line":172,"column":6},"end":{"line":172,"column":34}},"58":{"start":{"line":180,"column":4},"end":{"line":185,"column":5}},"59":{"start":{"line":181,"column":23},"end":{"line":181,"column":95}},"60":{"start":{"line":182,"column":6},"end":{"line":182,"column":27}},"61":{"start":{"line":184,"column":6},"end":{"line":184,"column":34}},"62":{"start":{"line":192,"column":4},"end":{"line":197,"column":5}},"63":{"start":{"line":193,"column":23},"end":{"line":193,"column":85}},"64":{"start":{"line":194,"column":6},"end":{"line":194,"column":27}},"65":{"start":{"line":196,"column":6},"end":{"line":196,"column":34}},"66":{"start":{"line":204,"column":4},"end":{"line":209,"column":5}},"67":{"start":{"line":205,"column":23},"end":{"line":205,"column":76}},"68":{"start":{"line":206,"column":6},"end":{"line":206,"column":27}},"69":{"start":{"line":208,"column":6},"end":{"line":208,"column":34}},"70":{"start":{"line":216,"column":4},"end":{"line":221,"column":5}},"71":{"start":{"line":217,"column":23},"end":{"line":217,"column":84}},"72":{"start":{"line":218,"column":6},"end":{"line":218,"column":27}},"73":{"start":{"line":220,"column":6},"end":{"line":220,"column":34}},"74":{"start":{"line":228,"column":4},"end":{"line":233,"column":5}},"75":{"start":{"line":229,"column":23},"end":{"line":229,"column":76}},"76":{"start":{"line":230,"column":6},"end":{"line":230,"column":27}},"77":{"start":{"line":232,"column":6},"end":{"line":232,"column":34}},"78":{"start":{"line":240,"column":4},"end":{"line":240,"column":48}},"79":{"start":{"line":247,"column":4},"end":{"line":252,"column":5}},"80":{"start":{"line":248,"column":23},"end":{"line":248,"column":60}},"81":{"start":{"line":249,"column":6},"end":{"line":249,"column":27}},"82":{"start":{"line":251,"column":6},"end":{"line":251,"column":34}}},"fnMap":{"0":{"name":"(anonymous_0)","decl":{"start":{"line":26,"column":10},"end":{"line":26,"column":15}},"loc":{"start":{"line":26,"column":67},"end":{"line":38,"column":3}}},"1":{"name":"(anonymous_1)","decl":{"start":{"line":43,"column":9},"end":{"line":43,"column":14}},"loc":{"start":{"line":43,"column":68},"end":{"line":55,"column":3}}},"2":{"name":"(anonymous_2)","decl":{"start":{"line":60,"column":10},"end":{"line":60,"column":13}},"loc":{"start":{"line":60,"column":15},"end":{"line":63,"column":3}}},"3":{"name":"(anonymous_3)","decl":{"start":{"line":68,"column":16},"end":{"line":68,"column":21}},"loc":{"start":{"line":68,"column":58},"end":{"line":90,"column":3}}},"4":{"name":"(anonymous_4)","decl":{"start":{"line":95,"column":24},"end":{"line":95,"column":29}},"loc":{"start":{"line":95,"column":95},"end":{"line":102,"column":3}}},"5":{"name":"(anonymous_5)","decl":{"start":{"line":107,"column":18},"end":{"line":107,"column":23}},"loc":{"start":{"line":107,"column":90},"end":{"line":114,"column":3}}},"6":{"name":"(anonymous_6)","decl":{"start":{"line":119,"column":14},"end":{"line":119,"column":19}},"loc":{"start":{"line":119,"column":47},"end":{"line":126,"column":3}}},"7":{"name":"(anonymous_7)","decl":{"start":{"line":131,"column":17},"end":{"line":131,"column":22}},"loc":{"start":{"line":131,"column":76},"end":{"line":138,"column":3}}},"8":{"name":"(anonymous_8)","decl":{"start":{"line":143,"column":18},"end":{"line":143,"column":23}},"loc":{"start":{"line":143,"column":55},"end":{"line":150,"column":3}}},"9":{"name":"(anonymous_9)","decl":{"start":{"line":155,"column":21},"end":{"line":155,"column":26}},"loc":{"start":{"line":155,"column":95},"end":{"line":162,"column":3}}},"10":{"name":"(anonymous_10)","decl":{"start":{"line":167,"column":22},"end":{"line":167,"column":27}},"loc":{"start":{"line":167,"column":60},"end":{"line":174,"column":3}}},"11":{"name":"(anonymous_11)","decl":{"start":{"line":179,"column":21},"end":{"line":179,"column":26}},"loc":{"start":{"line":179,"column":93},"end":{"line":186,"column":3}}},"12":{"name":"(anonymous_12)","decl":{"start":{"line":191,"column":24},"end":{"line":191,"column":29}},"loc":{"start":{"line":191,"column":84},"end":{"line":198,"column":3}}},"13":{"name":"(anonymous_13)","decl":{"start":{"line":203,"column":20},"end":{"line":203,"column":25}},"loc":{"start":{"line":203,"column":56},"end":{"line":210,"column":3}}},"14":{"name":"(anonymous_14)","decl":{"start":{"line":215,"column":14},"end":{"line":215,"column":19}},"loc":{"start":{"line":215,"column":81},"end":{"line":222,"column":3}}},"15":{"name":"(anonymous_15)","decl":{"start":{"line":227,"column":17},"end":{"line":227,"column":22}},"loc":{"start":{"line":227,"column":76},"end":{"line":234,"column":3}}},"16":{"name":"(anonymous_16)","decl":{"start":{"line":239,"column":19},"end":{"line":239,"column":31}},"loc":{"start":{"line":239,"column":33},"end":{"line":241,"column":3}}},"17":{"name":"(anonymous_17)","decl":{"start":{"line":246,"column":15},"end":{"line":246,"column":20}},"loc":{"start":{"line":246,"column":42},"end":{"line":253,"column":3}}}},"branchMap":{"0":{"loc":{"start":{"line":30,"column":6},"end":{"line":33,"column":7}},"type":"if","locations":[{"start":{"line":30,"column":6},"end":{"line":33,"column":7}}]},"1":{"loc":{"start":{"line":47,"column":6},"end":{"line":50,"column":7}},"type":"if","locations":[{"start":{"line":47,"column":6},"end":{"line":50,"column":7}}]},"2":{"loc":{"start":{"line":72,"column":6},"end":{"line":74,"column":7}},"type":"if","locations":[{"start":{"line":72,"column":6},"end":{"line":74,"column":7}}]},"3":{"loc":{"start":{"line":79,"column":6},"end":{"line":82,"column":7}},"type":"if","locations":[{"start":{"line":79,"column":6},"end":{"line":82,"column":7}}]}},"s":{"0":0,"1":0,"2":0,"3":0,"4":0,"5":0,"6":0,"7":0,"8":0,"9":0,"10":0,"11":0,"12":0,"13":0,"14":0,"15":0,"16":0,"17":0,"18":0,"19":0,"20":0,"21":0,"22":0,"23":0,"24":0,"25":0,"26":0,"27":0,"28":0,"29":0,"30":0,"31":0,"32":0,"33":0,"34":0,"35":0,"36":0,"37":0,"38":0,"39":0,"40":0,"41":0,"42":0,"43":0,"44":0,"45":0,"46":0,"47":0,"48":0,"49":0,"50":0,"51":0,"52":0,"53":0,"54":0,"55":0,"56":0,"57":0,"58":0,"59":0,"60":0,"61":0,"62":0,"63":0,"64":0,"65":0,"66":0,"67":0,"68":0,"69":0,"70":0,"71":0,"72":0,"73":0,"74":0,"75":0,"76":0,"77":0,"78":0,"79":0,"80":0,"81":0,"82":0},"f":{"0":0,"1":0,"2":0,"3":0,"4":0,"5":0,"6":0,"7":0,"8":0,"9":0,"10":0,"11":0,"12":0,"13":0,"14":0,"15":0,"16":0,"17":0},"b":{"0":[0],"1":[0],"2":[0],"3":[0]}}
,"/Users/rakesh/Desktop/Flyin-4/flyin/src/stories/Button.tsx": {"path":"/Users/rakesh/Desktop/Flyin-4/flyin/src/stories/Button.tsx","statementMap":{"0":{"start":{"line":1,"column":0},"end":{"line":1,"column":26}},"1":{"start":{"line":3,"column":0},"end":{"line":3,"column":22}},"2":{"start":{"line":19,"column":22},"end":{"line":37,"column":1}},"3":{"start":{"line":26,"column":15},"end":{"line":26,"column":84}},"4":{"start":{"line":27,"column":2},"end":{"line":36,"column":4}},"5":{"start":{"line":19,"column":13},"end":{"line":19,"column":22}}},"fnMap":{"0":{"name":"(anonymous_1)","decl":{"start":{"line":19,"column":22},"end":{"line":19,"column":23}},"loc":{"start":{"line":25,"column":18},"end":{"line":37,"column":1}}}},"branchMap":{"0":{"loc":{"start":{"line":20,"column":2},"end":{"line":20,"column":17}},"type":"default-arg","locations":[{"start":{"line":20,"column":12},"end":{"line":20,"column":17}}]},"1":{"loc":{"start":{"line":21,"column":2},"end":{"line":21,"column":17}},"type":"default-arg","locations":[{"start":{"line":21,"column":9},"end":{"line":21,"column":17}}]},"2":{"loc":{"start":{"line":26,"column":15},"end":{"line":26,"column":84}},"type":"cond-expr","locations":[{"start":{"line":26,"column":25},"end":{"line":26,"column":52}},{"start":{"line":26,"column":55},"end":{"line":26,"column":84}}]}},"s":{"0":0,"1":0,"2":0,"3":0,"4":0,"5":0},"f":{"0":0},"b":{"0":[0],"1":[0],"2":[0,0]}}
,"/Users/rakesh/Desktop/Flyin-4/flyin/src/stories/Header.tsx": {"path":"/Users/rakesh/Desktop/Flyin-4/flyin/src/stories/Header.tsx","statementMap":{"0":{"start":{"line":1,"column":0},"end":{"line":1,"column":26}},"1":{"start":{"line":3,"column":0},"end":{"line":3,"column":34}},"2":{"start":{"line":4,"column":0},"end":{"line":4,"column":22}},"3":{"start":{"line":17,"column":22},"end":{"line":55,"column":null}},"4":{"start":{"line":18,"column":2},"end":{"line":54,"column":null}},"5":{"start":{"line":17,"column":13},"end":{"line":17,"column":22}}},"fnMap":{"0":{"name":"(anonymous_1)","decl":{"start":{"line":17,"column":22},"end":{"line":17,"column":23}},"loc":{"start":{"line":18,"column":2},"end":{"line":54,"column":null}}}},"branchMap":{"0":{"loc":{"start":{"line":40,"column":9},"end":{"line":51,"column":null}},"type":"cond-expr","locations":[{"start":{"line":41,"column":10},"end":{"line":45,"column":null}},{"start":{"line":48,"column":10},"end":{"line":50,"column":null}}]}},"s":{"0":0,"1":0,"2":0,"3":0,"4":0,"5":0},"f":{"0":0},"b":{"0":[0,0]}}
,"/Users/rakesh/Desktop/Flyin-4/flyin/src/stories/Page.tsx": {"path":"/Users/rakesh/Desktop/Flyin-4/flyin/src/stories/Page.tsx","statementMap":{"0":{"start":{"line":1,"column":0},"end":{"line":1,"column":26}},"1":{"start":{"line":3,"column":0},"end":{"line":3,"column":34}},"2":{"start":{"line":4,"column":0},"end":{"line":4,"column":20}},"3":{"start":{"line":10,"column":30},"end":{"line":73,"column":1}},"4":{"start":{"line":11,"column":26},"end":{"line":11,"column":48}},"5":{"start":{"line":13,"column":2},"end":{"line":72,"column":4}},"6":{"start":{"line":17,"column":23},"end":{"line":17,"column":52}},"7":{"start":{"line":18,"column":24},"end":{"line":18,"column":42}},"8":{"start":{"line":19,"column":31},"end":{"line":19,"column":60}},"9":{"start":{"line":10,"column":13},"end":{"line":10,"column":30}}},"fnMap":{"0":{"name":"(anonymous_1)","decl":{"start":{"line":10,"column":30},"end":{"line":10,"column":33}},"loc":{"start":{"line":10,"column":35},"end":{"line":73,"column":1}}},"1":{"name":"(anonymous_2)","decl":{"start":{"line":17,"column":17},"end":{"line":17,"column":20}},"loc":{"start":{"line":17,"column":23},"end":{"line":17,"column":52}}},"2":{"name":"(anonymous_3)","decl":{"start":{"line":18,"column":18},"end":{"line":18,"column":21}},"loc":{"start":{"line":18,"column":24},"end":{"line":18,"column":42}}},"3":{"name":"(anonymous_4)","decl":{"start":{"line":19,"column":25},"end":{"line":19,"column":28}},"loc":{"start":{"line":19,"column":31},"end":{"line":19,"column":60}}}},"branchMap":{},"s":{"0":0,"1":0,"2":0,"3":0,"4":0,"5":0,"6":0,"7":0,"8":0,"9":0},"f":{"0":0,"1":0,"2":0,"3":0},"b":{}}
,"/Users/rakesh/Desktop/Flyin-4/flyin/src/testing/test-utils.tsx": {"path":"/Users/rakesh/Desktop/Flyin-4/flyin/src/testing/test-utils.tsx","statementMap":{"0":{"start":{"line":1,"column":0},"end":{"line":1,"column":44}},"1":{"start":{"line":2,"column":0},"end":{"line":2,"column":63}},"2":{"start":{"line":3,"column":0},"end":{"line":3,"column":52}},"3":{"start":{"line":6,"column":24},"end":{"line":12,"column":1}},"4":{"start":{"line":7,"column":2},"end":{"line":11,"column":4}},"5":{"start":{"line":14,"column":21},"end":{"line":22,"column":1}},"6":{"start":{"line":18,"column":2},"end":{"line":21,"column":4}},"7":{"start":{"line":28,"column":25},"end":{"line":28,"column":31}},"8":{"start":{"line":25,"column":0},"end":{"line":25,"column":39}}},"fnMap":{"0":{"name":"(anonymous_5)","decl":{"start":{"line":6,"column":24},"end":{"line":6,"column":25}},"loc":{"start":{"line":6,"column":72},"end":{"line":12,"column":1}}},"1":{"name":"(anonymous_6)","decl":{"start":{"line":14,"column":21},"end":{"line":14,"column":null}},"loc":{"start":{"line":17,"column":4},"end":{"line":22,"column":1}}}},"branchMap":{},"s":{"0":0,"1":0,"2":0,"3":0,"4":0,"5":0,"6":0,"7":0,"8":0},"f":{"0":0,"1":0},"b":{}}
,"/Users/rakesh/Desktop/Flyin-4/flyin/src/utils/airlineLogos.ts": {"path":"/Users/rakesh/Desktop/Flyin-4/flyin/src/utils/airlineLogos.ts","statementMap":{"0":{"start":{"line":1,"column":13},"end":{"line":21,"column":2}},"1":{"start":{"line":23,"column":29},"end":{"line":25,"column":1}},"2":{"start":{"line":24,"column":2},"end":{"line":24,"column":35}},"3":{"start":{"line":27,"column":30},"end":{"line":49,"column":1}},"4":{"start":{"line":28,"column":25},"end":{"line":28,"column":58}},"5":{"start":{"line":31,"column":2},"end":{"line":33,"column":3}},"6":{"start":{"line":32,"column":4},"end":{"line":32,"column":41}},"7":{"start":{"line":36,"column":30},"end":{"line":36,"column":73}},"8":{"start":{"line":37,"column":2},"end":{"line":39,"column":3}},"9":{"start":{"line":38,"column":4},"end":{"line":38,"column":46}},"10":{"start":{"line":42,"column":20},"end":{"line":42,"column":48}},"11":{"start":{"line":43,"column":2},"end":{"line":45,"column":3}},"12":{"start":{"line":44,"column":4},"end":{"line":44,"column":36}},"13":{"start":{"line":48,"column":2},"end":{"line":48,"column":94}},"14":{"start":{"line":27,"column":13},"end":{"line":27,"column":30}}},"fnMap":{"0":{"name":"(anonymous_0)","decl":{"start":{"line":23,"column":29},"end":{"line":23,"column":30}},"loc":{"start":{"line":23,"column":54},"end":{"line":25,"column":1}}},"1":{"name":"(anonymous_1)","decl":{"start":{"line":27,"column":30},"end":{"line":27,"column":31}},"loc":{"start":{"line":27,"column":62},"end":{"line":49,"column":1}}}},"branchMap":{"0":{"loc":{"start":{"line":31,"column":2},"end":{"line":33,"column":3}},"type":"if","locations":[{"start":{"line":31,"column":2},"end":{"line":33,"column":3}}]},"1":{"loc":{"start":{"line":37,"column":2},"end":{"line":39,"column":3}},"type":"if","locations":[{"start":{"line":37,"column":2},"end":{"line":39,"column":3}}]},"2":{"loc":{"start":{"line":43,"column":2},"end":{"line":45,"column":3}},"type":"if","locations":[{"start":{"line":43,"column":2},"end":{"line":45,"column":3}}]}},"s":{"0":0,"1":0,"2":0,"3":0,"4":0,"5":0,"6":0,"7":0,"8":0,"9":0,"10":0,"11":0,"12":0,"13":0,"14":0},"f":{"0":0,"1":0},"b":{"0":[0],"1":[0],"2":[0]}}
,"/Users/rakesh/Desktop/Flyin-4/flyin/src/utils/date-utils.ts": {"path":"/Users/rakesh/Desktop/Flyin-4/flyin/src/utils/date-utils.ts","statementMap":{"0":{"start":{"line":7,"column":0},"end":{"line":7,"column":16}},"1":{"start":{"line":20,"column":0},"end":{"line":20,"column":16}},"2":{"start":{"line":31,"column":0},"end":{"line":31,"column":16}},"3":{"start":{"line":44,"column":0},"end":{"line":44,"column":16}},"4":{"start":{"line":56,"column":0},"end":{"line":56,"column":16}},"5":{"start":{"line":11,"column":2},"end":{"line":11,"column":64}},"6":{"start":{"line":21,"column":19},"end":{"line":21,"column":52}},"7":{"start":{"line":22,"column":19},"end":{"line":22,"column":63}},"8":{"start":{"line":23,"column":2},"end":{"line":23,"column":18}},"9":{"start":{"line":32,"column":16},"end":{"line":32,"column":26}},"10":{"start":{"line":33,"column":2},"end":{"line":33,"column":29}},"11":{"start":{"line":34,"column":2},"end":{"line":34,"column":28}},"12":{"start":{"line":35,"column":2},"end":{"line":35,"column":22}},"13":{"start":{"line":45,"column":17},"end":{"line":45,"column":31}},"14":{"start":{"line":46,"column":2},"end":{"line":46,"column":42}},"15":{"start":{"line":47,"column":2},"end":{"line":47,"column":16}},"16":{"start":{"line":57,"column":2},"end":{"line":69,"column":3}},"17":{"start":{"line":60,"column":4},"end":{"line":61,"column":52}},"18":{"start":{"line":62,"column":9},"end":{"line":69,"column":3}},"19":{"start":{"line":64,"column":4},"end":{"line":65,"column":80}},"20":{"start":{"line":68,"column":4},"end":{"line":68,"column":63}}},"fnMap":{"0":{"name":"formatDate","decl":{"start":{"line":7,"column":16},"end":{"line":7,"column":26}},"loc":{"start":{"line":9,"column":90},"end":{"line":12,"column":1}}},"1":{"name":"getDateDifference","decl":{"start":{"line":20,"column":16},"end":{"line":20,"column":33}},"loc":{"start":{"line":20,"column":58},"end":{"line":24,"column":1}}},"2":{"name":"isDateInPast","decl":{"start":{"line":31,"column":16},"end":{"line":31,"column":28}},"loc":{"start":{"line":31,"column":39},"end":{"line":36,"column":1}}},"3":{"name":"addDays","decl":{"start":{"line":44,"column":16},"end":{"line":44,"column":23}},"loc":{"start":{"line":44,"column":48},"end":{"line":48,"column":1}}},"4":{"name":"formatDateRange","decl":{"start":{"line":56,"column":16},"end":{"line":56,"column":31}},"loc":{"start":{"line":56,"column":62},"end":{"line":70,"column":1}}}},"branchMap":{"0":{"loc":{"start":{"line":9,"column":2},"end":{"line":9,"column":90}},"type":"default-arg","locations":[{"start":{"line":9,"column":40},"end":{"line":9,"column":90}}]},"1":{"loc":{"start":{"line":57,"column":2},"end":{"line":69,"column":3}},"type":"if","locations":[{"start":{"line":57,"column":2},"end":{"line":69,"column":3}},{"start":{"line":62,"column":9},"end":{"line":69,"column":3}}]},"2":{"loc":{"start":{"line":57,"column":6},"end":{"line":58,"column":49}},"type":"binary-expr","locations":[{"start":{"line":57,"column":6},"end":{"line":57,"column":55}},{"start":{"line":58,"column":6},"end":{"line":58,"column":49}}]},"3":{"loc":{"start":{"line":62,"column":9},"end":{"line":69,"column":3}},"type":"if","locations":[{"start":{"line":62,"column":9},"end":{"line":69,"column":3}},{"start":{"line":66,"column":9},"end":{"line":69,"column":3}}]}},"s":{"0":0,"1":0,"2":0,"3":0,"4":0,"5":0,"6":0,"7":0,"8":0,"9":0,"10":0,"11":0,"12":0,"13":0,"14":0,"15":0,"16":0,"17":0,"18":0,"19":0,"20":0},"f":{"0":0,"1":0,"2":0,"3":0,"4":0},"b":{"0":[0],"1":[0,0],"2":[0,0],"3":[0,0]}}
}
