{"/Users/rakesh/Desktop/Flyin-4/flyin/src/App.tsx": {"path":"/Users/rakesh/Desktop/Flyin-4/flyin/src/App.tsx","statementMap":{"0":{"start":{"line":1,"column":0},"end":{"line":1,"column":50}},"1":{"start":{"line":2,"column":0},"end":{"line":2,"column":59}},"2":{"start":{"line":3,"column":0},"end":{"line":3,"column":58}},"3":{"start":{"line":4,"column":0},"end":{"line":4,"column":73}},"4":{"start":{"line":5,"column":0},"end":{"line":5,"column":64}},"5":{"start":{"line":6,"column":0},"end":{"line":6,"column":33}},"6":{"start":{"line":7,"column":0},"end":{"line":7,"column":34}},"7":{"start":{"line":8,"column":0},"end":{"line":8,"column":40}},"8":{"start":{"line":9,"column":0},"end":{"line":9,"column":40}},"9":{"start":{"line":10,"column":0},"end":{"line":10,"column":66}},"10":{"start":{"line":11,"column":0},"end":{"line":11,"column":38}},"11":{"start":{"line":12,"column":0},"end":{"line":12,"column":38}},"12":{"start":{"line":13,"column":0},"end":{"line":13,"column":62}},"13":{"start":{"line":14,"column":0},"end":{"line":14,"column":40}},"14":{"start":{"line":15,"column":0},"end":{"line":15,"column":48}},"15":{"start":{"line":19,"column":24},"end":{"line":19,"column":57}},"16":{"start":{"line":19,"column":39},"end":{"line":19,"column":56}},"17":{"start":{"line":21,"column":2},"end":{"line":42,"column":4}},"18":{"start":{"line":45,"column":0},"end":{"line":45,"column":19}}},"fnMap":{"0":{"name":"App","decl":{"start":{"line":17,"column":9},"end":{"line":17,"column":12}},"loc":{"start":{"line":17,"column":12},"end":{"line":43,"column":1}}},"1":{"name":"(anonymous_2)","decl":{"start":{"line":19,"column":33},"end":{"line":19,"column":36}},"loc":{"start":{"line":19,"column":39},"end":{"line":19,"column":56}}}},"branchMap":{},"s":{"0":0,"1":0,"2":0,"3":0,"4":0,"5":0,"6":0,"7":0,"8":0,"9":0,"10":0,"11":0,"12":0,"13":0,"14":0,"15":0,"16":0,"17":0,"18":0},"f":{"0":0,"1":0},"b":{}}
,"/Users/rakesh/Desktop/Flyin-4/flyin/src/app/curation/page.tsx": {"path":"/Users/rakesh/Desktop/Flyin-4/flyin/src/app/curation/page.tsx","statementMap":{"0":{"start":{"line":11,"column":0},"end":{"line":11,"column":24}},"1":{"start":{"line":1,"column":0},"end":{"line":1,"column":26}},"2":{"start":{"line":2,"column":0},"end":{"line":2,"column":63}},"3":{"start":{"line":3,"column":0},"end":{"line":3,"column":63}},"4":{"start":{"line":4,"column":0},"end":{"line":4,"column":63}},"5":{"start":{"line":5,"column":0},"end":{"line":5,"column":61}},"6":{"start":{"line":12,"column":18},"end":{"line":12,"column":46}},"7":{"start":{"line":13,"column":17},"end":{"line":13,"column":28}},"8":{"start":{"line":14,"column":17},"end":{"line":14,"column":34}},"9":{"start":{"line":17,"column":23},"end":{"line":17,"column":32}},"10":{"start":{"line":18,"column":18},"end":{"line":18,"column":23}},"11":{"start":{"line":19,"column":21},"end":{"line":22,"column":3}},"12":{"start":{"line":21,"column":4},"end":{"line":21,"column":61}},"13":{"start":{"line":25,"column":30},"end":{"line":29,"column":3}},"14":{"start":{"line":26,"column":22},"end":{"line":26,"column":60}},"15":{"start":{"line":27,"column":4},"end":{"line":27,"column":32}},"16":{"start":{"line":28,"column":4},"end":{"line":28,"column":53}},"17":{"start":{"line":31,"column":2},"end":{"line":54,"column":4}},"18":{"start":{"line":37,"column":25},"end":{"line":37,"column":50}},"19":{"start":{"line":43,"column":25},"end":{"line":43,"column":50}}},"fnMap":{"0":{"name":"CurationPage","decl":{"start":{"line":11,"column":24},"end":{"line":11,"column":36}},"loc":{"start":{"line":11,"column":72},"end":{"line":55,"column":1}}},"1":{"name":"(anonymous_2)","decl":{"start":{"line":19,"column":21},"end":{"line":19,"column":22}},"loc":{"start":{"line":19,"column":35},"end":{"line":22,"column":3}}},"2":{"name":"(anonymous_3)","decl":{"start":{"line":25,"column":30},"end":{"line":25,"column":31}},"loc":{"start":{"line":25,"column":49},"end":{"line":29,"column":3}}},"3":{"name":"(anonymous_4)","decl":{"start":{"line":37,"column":19},"end":{"line":37,"column":22}},"loc":{"start":{"line":37,"column":25},"end":{"line":37,"column":50}}},"4":{"name":"(anonymous_5)","decl":{"start":{"line":43,"column":19},"end":{"line":43,"column":22}},"loc":{"start":{"line":43,"column":25},"end":{"line":43,"column":50}}}},"branchMap":{"0":{"loc":{"start":{"line":12,"column":18},"end":{"line":12,"column":46}},"type":"binary-expr","locations":[{"start":{"line":12,"column":18},"end":{"line":12,"column":38}},{"start":{"line":12,"column":42},"end":{"line":12,"column":46}}]},"1":{"loc":{"start":{"line":21,"column":27},"end":{"line":21,"column":57}},"type":"binary-expr","locations":[{"start":{"line":21,"column":27},"end":{"line":21,"column":37}},{"start":{"line":21,"column":41},"end":{"line":21,"column":57}}]},"2":{"loc":{"start":{"line":36,"column":87},"end":{"line":36,"column":180}},"type":"cond-expr","locations":[{"start":{"line":36,"column":106},"end":{"line":36,"column":140}},{"start":{"line":36,"column":143},"end":{"line":36,"column":180}}]},"3":{"loc":{"start":{"line":42,"column":87},"end":{"line":42,"column":180}},"type":"cond-expr","locations":[{"start":{"line":42,"column":106},"end":{"line":42,"column":140}},{"start":{"line":42,"column":143},"end":{"line":42,"column":180}}]},"4":{"loc":{"start":{"line":48,"column":7},"end":{"line":51,"column":null}},"type":"cond-expr","locations":[{"start":{"line":49,"column":8},"end":{"line":49,"column":78}},{"start":{"line":51,"column":8},"end":{"line":51,"column":78}}]}},"s":{"0":0,"1":0,"2":0,"3":0,"4":0,"5":0,"6":0,"7":0,"8":0,"9":0,"10":0,"11":0,"12":0,"13":0,"14":0,"15":0,"16":0,"17":0,"18":0,"19":0},"f":{"0":0,"1":0,"2":0,"3":0,"4":0},"b":{"0":[0,0],"1":[0,0],"2":[0,0],"3":[0,0],"4":[0,0]}}
,"/Users/rakesh/Desktop/Flyin-4/flyin/src/components/AnimatedStar.tsx": {"path":"/Users/rakesh/Desktop/Flyin-4/flyin/src/components/AnimatedStar.tsx","statementMap":{"0":{"start":{"line":2,"column":0},"end":{"line":2,"column":26}},"1":{"start":{"line":3,"column":0},"end":{"line":3,"column":40}},"2":{"start":{"line":5,"column":31},"end":{"line":14,"column":1}},"3":{"start":{"line":6,"column":2},"end":{"line":13,"column":4}},"4":{"start":{"line":16,"column":0},"end":{"line":16,"column":28}}},"fnMap":{"0":{"name":"(anonymous_1)","decl":{"start":{"line":5,"column":31},"end":{"line":5,"column":34}},"loc":{"start":{"line":5,"column":36},"end":{"line":14,"column":1}}}},"branchMap":{},"s":{"0":0,"1":0,"2":0,"3":0,"4":0},"f":{"0":0},"b":{}}
,"/Users/rakesh/Desktop/Flyin-4/flyin/src/components/AuthModal.tsx": {"path":"/Users/rakesh/Desktop/Flyin-4/flyin/src/components/AuthModal.tsx","statementMap":{"0":{"start":{"line":87,"column":0},"end":{"line":87,"column":24}},"1":{"start":{"line":1,"column":0},"end":{"line":1,"column":40}},"2":{"start":{"line":2,"column":0},"end":{"line":2,"column":42}},"3":{"start":{"line":3,"column":0},"end":{"line":3,"column":54}},"4":{"start":{"line":4,"column":0},"end":{"line":4,"column":25}},"5":{"start":{"line":5,"column":0},"end":{"line":5,"column":null}},"6":{"start":{"line":10,"column":0},"end":{"line":10,"column":51}},"7":{"start":{"line":11,"column":0},"end":{"line":11,"column":null}},"8":{"start":{"line":19,"column":0},"end":{"line":19,"column":null}},"9":{"start":{"line":26,"column":0},"end":{"line":26,"column":46}},"10":{"start":{"line":27,"column":0},"end":{"line":27,"column":48}},"11":{"start":{"line":28,"column":0},"end":{"line":28,"column":52}},"12":{"start":{"line":29,"column":0},"end":{"line":29,"column":99}},"13":{"start":{"line":39,"column":21},"end":{"line":43,"column":2}},"14":{"start":{"line":45,"column":21},"end":{"line":52,"column":2}},"15":{"start":{"line":57,"column":15},"end":{"line":62,"column":2}},"16":{"start":{"line":64,"column":17},"end":{"line":85,"column":2}},"17":{"start":{"line":88,"column":42},"end":{"line":88,"column":57}},"18":{"start":{"line":89,"column":36},"end":{"line":89,"column":54}},"19":{"start":{"line":91,"column":21},"end":{"line":98,"column":4}},"20":{"start":{"line":100,"column":21},"end":{"line":110,"column":4}},"21":{"start":{"line":112,"column":23},"end":{"line":116,"column":3}},"22":{"start":{"line":113,"column":4},"end":{"line":113,"column":34}},"23":{"start":{"line":114,"column":4},"end":{"line":114,"column":21}},"24":{"start":{"line":115,"column":4},"end":{"line":115,"column":14}},"25":{"start":{"line":118,"column":23},"end":{"line":122,"column":3}},"26":{"start":{"line":119,"column":4},"end":{"line":119,"column":34}},"27":{"start":{"line":120,"column":4},"end":{"line":120,"column":21}},"28":{"start":{"line":121,"column":4},"end":{"line":121,"column":14}},"29":{"start":{"line":124,"column":29},"end":{"line":127,"column":3}},"30":{"start":{"line":125,"column":4},"end":{"line":125,"column":34}},"31":{"start":{"line":129,"column":2},"end":{"line":444,"column":4}},"32":{"start":{"line":143,"column":18},"end":{"line":143,"column":35}},"33":{"start":{"line":192,"column":24},"end":{"line":201,"column":null}},"34":{"start":{"line":210,"column":24},"end":{"line":228,"column":null}},"35":{"start":{"line":221,"column":47},"end":{"line":221,"column":77}},"36":{"start":{"line":238,"column":26},"end":{"line":248,"column":null}},"37":{"start":{"line":303,"column":26},"end":{"line":318,"column":null}},"38":{"start":{"line":311,"column":36},"end":{"line":311,"column":66}},"39":{"start":{"line":327,"column":26},"end":{"line":335,"column":null}},"40":{"start":{"line":344,"column":26},"end":{"line":352,"column":null}},"41":{"start":{"line":362,"column":24},"end":{"line":371,"column":null}},"42":{"start":{"line":380,"column":24},"end":{"line":398,"column":null}},"43":{"start":{"line":391,"column":47},"end":{"line":391,"column":77}},"44":{"start":{"line":414,"column":24},"end":{"line":424,"column":null}}},"fnMap":{"0":{"name":"AuthModal","decl":{"start":{"line":87,"column":24},"end":{"line":87,"column":33}},"loc":{"start":{"line":87,"column":89},"end":{"line":445,"column":1}}},"1":{"name":"(anonymous_7)","decl":{"start":{"line":112,"column":23},"end":{"line":112,"column":24}},"loc":{"start":{"line":112,"column":48},"end":{"line":116,"column":3}}},"2":{"name":"(anonymous_8)","decl":{"start":{"line":118,"column":23},"end":{"line":118,"column":24}},"loc":{"start":{"line":118,"column":48},"end":{"line":122,"column":3}}},"3":{"name":"(anonymous_9)","decl":{"start":{"line":124,"column":29},"end":{"line":124,"column":32}},"loc":{"start":{"line":124,"column":34},"end":{"line":127,"column":3}}},"4":{"name":"(anonymous_10)","decl":{"start":{"line":142,"column":30},"end":{"line":142,"column":31}},"loc":{"start":{"line":143,"column":18},"end":{"line":143,"column":35}}},"5":{"name":"(anonymous_11)","decl":{"start":{"line":191,"column":30},"end":{"line":191,"column":31}},"loc":{"start":{"line":192,"column":24},"end":{"line":201,"column":null}}},"6":{"name":"(anonymous_12)","decl":{"start":{"line":209,"column":30},"end":{"line":209,"column":31}},"loc":{"start":{"line":210,"column":24},"end":{"line":228,"column":null}}},"7":{"name":"(anonymous_13)","decl":{"start":{"line":221,"column":41},"end":{"line":221,"column":44}},"loc":{"start":{"line":221,"column":47},"end":{"line":221,"column":77}}},"8":{"name":"(anonymous_14)","decl":{"start":{"line":237,"column":32},"end":{"line":237,"column":33}},"loc":{"start":{"line":238,"column":26},"end":{"line":248,"column":null}}},"9":{"name":"(anonymous_15)","decl":{"start":{"line":302,"column":32},"end":{"line":302,"column":33}},"loc":{"start":{"line":303,"column":26},"end":{"line":318,"column":null}}},"10":{"name":"(anonymous_16)","decl":{"start":{"line":310,"column":46},"end":{"line":310,"column":47}},"loc":{"start":{"line":311,"column":36},"end":{"line":311,"column":66}}},"11":{"name":"(anonymous_17)","decl":{"start":{"line":326,"column":32},"end":{"line":326,"column":33}},"loc":{"start":{"line":327,"column":26},"end":{"line":335,"column":null}}},"12":{"name":"(anonymous_18)","decl":{"start":{"line":343,"column":32},"end":{"line":343,"column":33}},"loc":{"start":{"line":344,"column":26},"end":{"line":352,"column":null}}},"13":{"name":"(anonymous_19)","decl":{"start":{"line":361,"column":30},"end":{"line":361,"column":31}},"loc":{"start":{"line":362,"column":24},"end":{"line":371,"column":null}}},"14":{"name":"(anonymous_20)","decl":{"start":{"line":379,"column":30},"end":{"line":379,"column":31}},"loc":{"start":{"line":380,"column":24},"end":{"line":398,"column":null}}},"15":{"name":"(anonymous_21)","decl":{"start":{"line":391,"column":41},"end":{"line":391,"column":44}},"loc":{"start":{"line":391,"column":47},"end":{"line":391,"column":77}}},"16":{"name":"(anonymous_22)","decl":{"start":{"line":413,"column":30},"end":{"line":413,"column":31}},"loc":{"start":{"line":414,"column":24},"end":{"line":424,"column":null}}}},"branchMap":{"0":{"loc":{"start":{"line":165,"column":15},"end":{"line":272,"column":null}},"type":"binary-expr","locations":[{"start":{"line":165,"column":15},"end":{"line":165,"column":37}},{"start":{"line":166,"column":16},"end":{"line":271,"column":null}}]},"1":{"loc":{"start":{"line":214,"column":38},"end":{"line":214,"column":72}},"type":"cond-expr","locations":[{"start":{"line":214,"column":53},"end":{"line":214,"column":59}},{"start":{"line":214,"column":62},"end":{"line":214,"column":72}}]},"2":{"loc":{"start":{"line":224,"column":33},"end":{"line":224,"column":108}},"type":"cond-expr","locations":[{"start":{"line":224,"column":48},"end":{"line":224,"column":78}},{"start":{"line":224,"column":81},"end":{"line":224,"column":108}}]},"3":{"loc":{"start":{"line":275,"column":15},"end":{"line":437,"column":null}},"type":"binary-expr","locations":[{"start":{"line":275,"column":15},"end":{"line":275,"column":37}},{"start":{"line":276,"column":16},"end":{"line":436,"column":null}}]},"4":{"loc":{"start":{"line":384,"column":38},"end":{"line":384,"column":72}},"type":"cond-expr","locations":[{"start":{"line":384,"column":53},"end":{"line":384,"column":59}},{"start":{"line":384,"column":62},"end":{"line":384,"column":72}}]},"5":{"loc":{"start":{"line":394,"column":33},"end":{"line":394,"column":108}},"type":"cond-expr","locations":[{"start":{"line":394,"column":48},"end":{"line":394,"column":78}},{"start":{"line":394,"column":81},"end":{"line":394,"column":108}}]}},"s":{"0":0,"1":0,"2":0,"3":0,"4":0,"5":0,"6":0,"7":0,"8":0,"9":0,"10":0,"11":0,"12":0,"13":0,"14":0,"15":0,"16":0,"17":0,"18":0,"19":0,"20":0,"21":0,"22":0,"23":0,"24":0,"25":0,"26":0,"27":0,"28":0,"29":0,"30":0,"31":0,"32":0,"33":0,"34":0,"35":0,"36":0,"37":0,"38":0,"39":0,"40":0,"41":0,"42":0,"43":0,"44":0},"f":{"0":0,"1":0,"2":0,"3":0,"4":0,"5":0,"6":0,"7":0,"8":0,"9":0,"10":0,"11":0,"12":0,"13":0,"14":0,"15":0,"16":0},"b":{"0":[0,0],"1":[0,0],"2":[0,0],"3":[0,0],"4":[0,0],"5":[0,0]}}
,"/Users/rakesh/Desktop/Flyin-4/flyin/src/components/DualModeSearch.tsx": {"path":"/Users/rakesh/Desktop/Flyin-4/flyin/src/components/DualModeSearch.tsx","statementMap":{"0":{"start":{"line":15,"column":0},"end":{"line":15,"column":24}},"1":{"start":{"line":1,"column":0},"end":{"line":1,"column":26}},"2":{"start":{"line":2,"column":0},"end":{"line":2,"column":80}},"3":{"start":{"line":3,"column":0},"end":{"line":3,"column":50}},"4":{"start":{"line":4,"column":0},"end":{"line":4,"column":42}},"5":{"start":{"line":5,"column":0},"end":{"line":5,"column":33}},"6":{"start":{"line":6,"column":0},"end":{"line":6,"column":49}},"7":{"start":{"line":7,"column":0},"end":{"line":7,"column":50}},"8":{"start":{"line":16,"column":16},"end":{"line":16,"column":32}},"9":{"start":{"line":17,"column":20},"end":{"line":17,"column":33}},"10":{"start":{"line":19,"column":2},"end":{"line":77,"column":4}}},"fnMap":{"0":{"name":"DualModeSearch","decl":{"start":{"line":15,"column":24},"end":{"line":15,"column":38}},"loc":{"start":{"line":15,"column":93},"end":{"line":78,"column":1}}}},"branchMap":{"0":{"loc":{"start":{"line":45,"column":53},"end":{"line":45,"column":84}},"type":"cond-expr","locations":[{"start":{"line":45,"column":61},"end":{"line":45,"column":79}},{"start":{"line":45,"column":82},"end":{"line":45,"column":84}}]},"1":{"loc":{"start":{"line":47,"column":31},"end":{"line":47,"column":58}},"type":"cond-expr","locations":[{"start":{"line":47,"column":39},"end":{"line":47,"column":47}},{"start":{"line":47,"column":50},"end":{"line":47,"column":58}}]}},"s":{"0":0,"1":0,"2":0,"3":0,"4":0,"5":0,"6":0,"7":0,"8":0,"9":0,"10":0},"f":{"0":0},"b":{"0":[0,0],"1":[0,0]}}
,"/Users/rakesh/Desktop/Flyin-4/flyin/src/components/FlightSearchForm.tsx": {"path":"/Users/rakesh/Desktop/Flyin-4/flyin/src/components/FlightSearchForm.tsx","statementMap":{"0":{"start":{"line":43,"column":0},"end":{"line":43,"column":24}},"1":{"start":{"line":1,"column":0},"end":{"line":1,"column":40}},"2":{"start":{"line":2,"column":0},"end":{"line":2,"column":37}},"3":{"start":{"line":4,"column":0},"end":{"line":4,"column":87}},"4":{"start":{"line":5,"column":0},"end":{"line":5,"column":33}},"5":{"start":{"line":6,"column":0},"end":{"line":6,"column":31}},"6":{"start":{"line":7,"column":0},"end":{"line":7,"column":84}},"7":{"start":{"line":8,"column":0},"end":{"line":8,"column":37}},"8":{"start":{"line":9,"column":0},"end":{"line":9,"column":71}},"9":{"start":{"line":11,"column":0},"end":{"line":11,"column":51}},"10":{"start":{"line":12,"column":0},"end":{"line":12,"column":null}},"11":{"start":{"line":19,"column":0},"end":{"line":19,"column":49}},"12":{"start":{"line":21,"column":0},"end":{"line":21,"column":51}},"13":{"start":{"line":22,"column":0},"end":{"line":22,"column":49}},"14":{"start":{"line":36,"column":21},"end":{"line":41,"column":2}},"15":{"start":{"line":44,"column":30},"end":{"line":44,"column":43}},"16":{"start":{"line":45,"column":16},"end":{"line":45,"column":32}},"17":{"start":{"line":46,"column":34},"end":{"line":46,"column":66}},"18":{"start":{"line":47,"column":30},"end":{"line":47,"column":42}},"19":{"start":{"line":48,"column":40},"end":{"line":48,"column":52}},"20":{"start":{"line":49,"column":44},"end":{"line":49,"column":81}},"21":{"start":{"line":50,"column":38},"end":{"line":50,"column":75}},"22":{"start":{"line":51,"column":38},"end":{"line":55,"column":4}},"23":{"start":{"line":56,"column":38},"end":{"line":56,"column":57}},"24":{"start":{"line":57,"column":40},"end":{"line":57,"column":54}},"25":{"start":{"line":58,"column":46},"end":{"line":58,"column":61}},"26":{"start":{"line":59,"column":48},"end":{"line":59,"column":63}},"27":{"start":{"line":60,"column":54},"end":{"line":60,"column":81}},"28":{"start":{"line":61,"column":64},"end":{"line":61,"column":91}},"29":{"start":{"line":64,"column":2},"end":{"line":69,"column":17}},"30":{"start":{"line":65,"column":4},"end":{"line":65,"column":46}},"31":{"start":{"line":66,"column":4},"end":{"line":68,"column":5}},"32":{"start":{"line":67,"column":6},"end":{"line":67,"column":31}},"33":{"start":{"line":71,"column":23},"end":{"line":88,"column":3}},"34":{"start":{"line":72,"column":4},"end":{"line":72,"column":23}},"35":{"start":{"line":74,"column":35},"end":{"line":74,"column":93}},"36":{"start":{"line":75,"column":32},"end":{"line":75,"column":84}},"37":{"start":{"line":77,"column":24},"end":{"line":86,"column":6}},"38":{"start":{"line":87,"column":4},"end":{"line":87,"column":42}},"39":{"start":{"line":90,"column":30},"end":{"line":101,"column":3}},"40":{"start":{"line":91,"column":4},"end":{"line":94,"column":5}},"41":{"start":{"line":92,"column":6},"end":{"line":92,"column":54}},"42":{"start":{"line":93,"column":6},"end":{"line":93,"column":13}},"43":{"start":{"line":95,"column":23},"end":{"line":95,"column":29}},"44":{"start":{"line":96,"column":27},"end":{"line":96,"column":45}},"45":{"start":{"line":97,"column":4},"end":{"line":97,"column":27}},"46":{"start":{"line":98,"column":4},"end":{"line":98,"column":31}},"47":{"start":{"line":99,"column":4},"end":{"line":99,"column":51}},"48":{"start":{"line":100,"column":4},"end":{"line":100,"column":47}},"49":{"start":{"line":103,"column":22},"end":{"line":106,"column":3}},"50":{"start":{"line":104,"column":4},"end":{"line":104,"column":18}},"51":{"start":{"line":105,"column":4},"end":{"line":105,"column":32}},"52":{"start":{"line":108,"column":27},"end":{"line":111,"column":3}},"53":{"start":{"line":109,"column":4},"end":{"line":109,"column":23}},"54":{"start":{"line":110,"column":4},"end":{"line":110,"column":37}},"55":{"start":{"line":113,"column":31},"end":{"line":135,"column":3}},"56":{"start":{"line":114,"column":4},"end":{"line":134,"column":7}},"57":{"start":{"line":115,"column":23},"end":{"line":115,"column":34}},"58":{"start":{"line":116,"column":6},"end":{"line":132,"column":7}},"59":{"start":{"line":117,"column":8},"end":{"line":123,"column":9}},"60":{"start":{"line":118,"column":10},"end":{"line":118,"column":28}},"61":{"start":{"line":119,"column":15},"end":{"line":123,"column":9}},"62":{"start":{"line":120,"column":10},"end":{"line":120,"column":30}},"63":{"start":{"line":121,"column":15},"end":{"line":123,"column":9}},"64":{"start":{"line":122,"column":10},"end":{"line":122,"column":29}},"65":{"start":{"line":125,"column":8},"end":{"line":131,"column":9}},"66":{"start":{"line":126,"column":10},"end":{"line":126,"column":28}},"67":{"start":{"line":127,"column":15},"end":{"line":131,"column":9}},"68":{"start":{"line":128,"column":10},"end":{"line":128,"column":30}},"69":{"start":{"line":129,"column":15},"end":{"line":131,"column":9}},"70":{"start":{"line":130,"column":10},"end":{"line":130,"column":29}},"71":{"start":{"line":133,"column":6},"end":{"line":133,"column":22}},"72":{"start":{"line":137,"column":30},"end":{"line":154,"column":3}},"73":{"start":{"line":138,"column":18},"end":{"line":138,"column":20}},"74":{"start":{"line":139,"column":4},"end":{"line":141,"column":5}},"75":{"start":{"line":140,"column":6},"end":{"line":140,"column":95}},"76":{"start":{"line":142,"column":4},"end":{"line":144,"column":5}},"77":{"start":{"line":143,"column":6},"end":{"line":143,"column":101}},"78":{"start":{"line":145,"column":4},"end":{"line":147,"column":5}},"79":{"start":{"line":146,"column":6},"end":{"line":146,"column":99}},"80":{"start":{"line":148,"column":27},"end":{"line":148,"column":76}},"81":{"start":{"line":148,"column":50},"end":{"line":148,"column":69}},"82":{"start":{"line":149,"column":33},"end":{"line":152,"column":88}},"83":{"start":{"line":153,"column":4},"end":{"line":153,"column":58}},"84":{"start":{"line":156,"column":2},"end":{"line":725,"column":4}},"85":{"start":{"line":166,"column":29},"end":{"line":166,"column":68}},"86":{"start":{"line":178,"column":29},"end":{"line":178,"column":68}},"87":{"start":{"line":190,"column":29},"end":{"line":190,"column":68}},"88":{"start":{"line":239,"column":45},"end":{"line":239,"column":88}},"89":{"start":{"line":248,"column":45},"end":{"line":248,"column":88}},"90":{"start":{"line":266,"column":45},"end":{"line":266,"column":90}},"91":{"start":{"line":275,"column":45},"end":{"line":275,"column":90}},"92":{"start":{"line":293,"column":45},"end":{"line":293,"column":89}},"93":{"start":{"line":302,"column":45},"end":{"line":302,"column":89}},"94":{"start":{"line":324,"column":32},"end":{"line":324,"column":59}},"95":{"start":{"line":364,"column":28},"end":{"line":367,"column":29}},"96":{"start":{"line":365,"column":30},"end":{"line":365,"column":58}},"97":{"start":{"line":366,"column":30},"end":{"line":366,"column":53}},"98":{"start":{"line":370,"column":28},"end":{"line":370,"column":105}},"99":{"start":{"line":372,"column":46},"end":{"line":372,"column":84}},"100":{"start":{"line":380,"column":28},"end":{"line":380,"column":59}},"101":{"start":{"line":383,"column":28},"end":{"line":383,"column":105}},"102":{"start":{"line":385,"column":46},"end":{"line":385,"column":84}},"103":{"start":{"line":560,"column":28},"end":{"line":563,"column":29}},"104":{"start":{"line":561,"column":30},"end":{"line":561,"column":58}},"105":{"start":{"line":562,"column":30},"end":{"line":562,"column":53}},"106":{"start":{"line":566,"column":28},"end":{"line":566,"column":105}},"107":{"start":{"line":568,"column":46},"end":{"line":568,"column":84}},"108":{"start":{"line":576,"column":28},"end":{"line":576,"column":59}},"109":{"start":{"line":579,"column":28},"end":{"line":579,"column":105}},"110":{"start":{"line":581,"column":46},"end":{"line":581,"column":84}},"111":{"start":{"line":617,"column":45},"end":{"line":617,"column":88}},"112":{"start":{"line":626,"column":45},"end":{"line":626,"column":88}},"113":{"start":{"line":644,"column":45},"end":{"line":644,"column":90}},"114":{"start":{"line":653,"column":45},"end":{"line":653,"column":90}},"115":{"start":{"line":671,"column":45},"end":{"line":671,"column":89}},"116":{"start":{"line":680,"column":45},"end":{"line":680,"column":89}},"117":{"start":{"line":698,"column":32},"end":{"line":698,"column":59}}},"fnMap":{"0":{"name":"FlightSearchForm","decl":{"start":{"line":43,"column":24},"end":{"line":43,"column":40}},"loc":{"start":{"line":43,"column":76},"end":{"line":726,"column":1}}},"1":{"name":"(anonymous_7)","decl":{"start":{"line":64,"column":18},"end":{"line":64,"column":21}},"loc":{"start":{"line":64,"column":23},"end":{"line":69,"column":3}}},"2":{"name":"(anonymous_8)","decl":{"start":{"line":71,"column":23},"end":{"line":71,"column":24}},"loc":{"start":{"line":71,"column":46},"end":{"line":88,"column":3}}},"3":{"name":"(anonymous_9)","decl":{"start":{"line":90,"column":30},"end":{"line":90,"column":33}},"loc":{"start":{"line":90,"column":35},"end":{"line":101,"column":3}}},"4":{"name":"(anonymous_10)","decl":{"start":{"line":103,"column":22},"end":{"line":103,"column":25}},"loc":{"start":{"line":103,"column":27},"end":{"line":106,"column":3}}},"5":{"name":"(anonymous_11)","decl":{"start":{"line":108,"column":27},"end":{"line":108,"column":30}},"loc":{"start":{"line":108,"column":32},"end":{"line":111,"column":3}}},"6":{"name":"(anonymous_12)","decl":{"start":{"line":113,"column":31},"end":{"line":113,"column":32}},"loc":{"start":{"line":113,"column":97},"end":{"line":135,"column":3}}},"7":{"name":"(anonymous_13)","decl":{"start":{"line":114,"column":18},"end":{"line":114,"column":22}},"loc":{"start":{"line":114,"column":25},"end":{"line":134,"column":5}}},"8":{"name":"(anonymous_14)","decl":{"start":{"line":137,"column":30},"end":{"line":137,"column":33}},"loc":{"start":{"line":137,"column":35},"end":{"line":154,"column":3}}},"9":{"name":"(anonymous_15)","decl":{"start":{"line":148,"column":45},"end":{"line":148,"column":46}},"loc":{"start":{"line":148,"column":50},"end":{"line":148,"column":69}}},"10":{"name":"(anonymous_16)","decl":{"start":{"line":166,"column":22},"end":{"line":166,"column":23}},"loc":{"start":{"line":166,"column":29},"end":{"line":166,"column":68}}},"11":{"name":"(anonymous_17)","decl":{"start":{"line":178,"column":22},"end":{"line":178,"column":23}},"loc":{"start":{"line":178,"column":29},"end":{"line":178,"column":68}}},"12":{"name":"(anonymous_18)","decl":{"start":{"line":190,"column":22},"end":{"line":190,"column":23}},"loc":{"start":{"line":190,"column":29},"end":{"line":190,"column":68}}},"13":{"name":"(anonymous_19)","decl":{"start":{"line":239,"column":39},"end":{"line":239,"column":42}},"loc":{"start":{"line":239,"column":45},"end":{"line":239,"column":88}}},"14":{"name":"(anonymous_20)","decl":{"start":{"line":248,"column":39},"end":{"line":248,"column":42}},"loc":{"start":{"line":248,"column":45},"end":{"line":248,"column":88}}},"15":{"name":"(anonymous_21)","decl":{"start":{"line":266,"column":39},"end":{"line":266,"column":42}},"loc":{"start":{"line":266,"column":45},"end":{"line":266,"column":90}}},"16":{"name":"(anonymous_22)","decl":{"start":{"line":275,"column":39},"end":{"line":275,"column":42}},"loc":{"start":{"line":275,"column":45},"end":{"line":275,"column":90}}},"17":{"name":"(anonymous_23)","decl":{"start":{"line":293,"column":39},"end":{"line":293,"column":42}},"loc":{"start":{"line":293,"column":45},"end":{"line":293,"column":89}}},"18":{"name":"(anonymous_24)","decl":{"start":{"line":302,"column":39},"end":{"line":302,"column":42}},"loc":{"start":{"line":302,"column":45},"end":{"line":302,"column":89}}},"19":{"name":"(anonymous_25)","decl":{"start":{"line":323,"column":48},"end":{"line":323,"column":49}},"loc":{"start":{"line":324,"column":32},"end":{"line":324,"column":59}}},"20":{"name":"(anonymous_26)","decl":{"start":{"line":363,"column":36},"end":{"line":363,"column":37}},"loc":{"start":{"line":363,"column":45},"end":{"line":368,"column":27}}},"21":{"name":"(anonymous_27)","decl":{"start":{"line":369,"column":40},"end":{"line":369,"column":41}},"loc":{"start":{"line":369,"column":56},"end":{"line":371,"column":27}}},"22":{"name":"(anonymous_28)","decl":{"start":{"line":372,"column":36},"end":{"line":372,"column":37}},"loc":{"start":{"line":372,"column":46},"end":{"line":372,"column":84}}},"23":{"name":"(anonymous_29)","decl":{"start":{"line":379,"column":36},"end":{"line":379,"column":37}},"loc":{"start":{"line":379,"column":45},"end":{"line":381,"column":27}}},"24":{"name":"(anonymous_30)","decl":{"start":{"line":382,"column":40},"end":{"line":382,"column":41}},"loc":{"start":{"line":382,"column":56},"end":{"line":384,"column":27}}},"25":{"name":"(anonymous_31)","decl":{"start":{"line":385,"column":36},"end":{"line":385,"column":37}},"loc":{"start":{"line":385,"column":46},"end":{"line":385,"column":84}}},"26":{"name":"(anonymous_32)","decl":{"start":{"line":559,"column":36},"end":{"line":559,"column":37}},"loc":{"start":{"line":559,"column":45},"end":{"line":564,"column":27}}},"27":{"name":"(anonymous_33)","decl":{"start":{"line":565,"column":40},"end":{"line":565,"column":41}},"loc":{"start":{"line":565,"column":56},"end":{"line":567,"column":27}}},"28":{"name":"(anonymous_34)","decl":{"start":{"line":568,"column":36},"end":{"line":568,"column":37}},"loc":{"start":{"line":568,"column":46},"end":{"line":568,"column":84}}},"29":{"name":"(anonymous_35)","decl":{"start":{"line":575,"column":36},"end":{"line":575,"column":37}},"loc":{"start":{"line":575,"column":45},"end":{"line":577,"column":27}}},"30":{"name":"(anonymous_36)","decl":{"start":{"line":578,"column":40},"end":{"line":578,"column":41}},"loc":{"start":{"line":578,"column":56},"end":{"line":580,"column":27}}},"31":{"name":"(anonymous_37)","decl":{"start":{"line":581,"column":36},"end":{"line":581,"column":37}},"loc":{"start":{"line":581,"column":46},"end":{"line":581,"column":84}}},"32":{"name":"(anonymous_38)","decl":{"start":{"line":617,"column":39},"end":{"line":617,"column":42}},"loc":{"start":{"line":617,"column":45},"end":{"line":617,"column":88}}},"33":{"name":"(anonymous_39)","decl":{"start":{"line":626,"column":39},"end":{"line":626,"column":42}},"loc":{"start":{"line":626,"column":45},"end":{"line":626,"column":88}}},"34":{"name":"(anonymous_40)","decl":{"start":{"line":644,"column":39},"end":{"line":644,"column":42}},"loc":{"start":{"line":644,"column":45},"end":{"line":644,"column":90}}},"35":{"name":"(anonymous_41)","decl":{"start":{"line":653,"column":39},"end":{"line":653,"column":42}},"loc":{"start":{"line":653,"column":45},"end":{"line":653,"column":90}}},"36":{"name":"(anonymous_42)","decl":{"start":{"line":671,"column":39},"end":{"line":671,"column":42}},"loc":{"start":{"line":671,"column":45},"end":{"line":671,"column":89}}},"37":{"name":"(anonymous_43)","decl":{"start":{"line":680,"column":39},"end":{"line":680,"column":42}},"loc":{"start":{"line":680,"column":45},"end":{"line":680,"column":89}}},"38":{"name":"(anonymous_44)","decl":{"start":{"line":697,"column":48},"end":{"line":697,"column":49}},"loc":{"start":{"line":698,"column":32},"end":{"line":698,"column":59}}}},"branchMap":{"0":{"loc":{"start":{"line":66,"column":4},"end":{"line":68,"column":5}},"type":"if","locations":[{"start":{"line":66,"column":4},"end":{"line":68,"column":5}}]},"1":{"loc":{"start":{"line":74,"column":35},"end":{"line":74,"column":93}},"type":"cond-expr","locations":[{"start":{"line":74,"column":51},"end":{"line":74,"column":88}},{"start":{"line":74,"column":91},"end":{"line":74,"column":93}}]},"2":{"loc":{"start":{"line":75,"column":32},"end":{"line":75,"column":84}},"type":"cond-expr","locations":[{"start":{"line":75,"column":45},"end":{"line":75,"column":79}},{"start":{"line":75,"column":82},"end":{"line":75,"column":84}}]},"3":{"loc":{"start":{"line":91,"column":4},"end":{"line":94,"column":5}},"type":"if","locations":[{"start":{"line":91,"column":4},"end":{"line":94,"column":5}}]},"4":{"loc":{"start":{"line":91,"column":8},"end":{"line":91,"column":45}},"type":"binary-expr","locations":[{"start":{"line":91,"column":8},"end":{"line":91,"column":22}},{"start":{"line":91,"column":26},"end":{"line":91,"column":45}}]},"5":{"loc":{"start":{"line":116,"column":6},"end":{"line":132,"column":7}},"type":"if","locations":[{"start":{"line":116,"column":6},"end":{"line":132,"column":7}},{"start":{"line":124,"column":13},"end":{"line":132,"column":7}}]},"6":{"loc":{"start":{"line":117,"column":8},"end":{"line":123,"column":9}},"type":"if","locations":[{"start":{"line":117,"column":8},"end":{"line":123,"column":9}},{"start":{"line":119,"column":15},"end":{"line":123,"column":9}}]},"7":{"loc":{"start":{"line":117,"column":12},"end":{"line":117,"column":48}},"type":"binary-expr","locations":[{"start":{"line":117,"column":12},"end":{"line":117,"column":29}},{"start":{"line":117,"column":33},"end":{"line":117,"column":48}}]},"8":{"loc":{"start":{"line":119,"column":15},"end":{"line":123,"column":9}},"type":"if","locations":[{"start":{"line":119,"column":15},"end":{"line":123,"column":9}},{"start":{"line":121,"column":15},"end":{"line":123,"column":9}}]},"9":{"loc":{"start":{"line":119,"column":19},"end":{"line":119,"column":59}},"type":"binary-expr","locations":[{"start":{"line":119,"column":19},"end":{"line":119,"column":38}},{"start":{"line":119,"column":42},"end":{"line":119,"column":59}}]},"10":{"loc":{"start":{"line":121,"column":15},"end":{"line":123,"column":9}},"type":"if","locations":[{"start":{"line":121,"column":15},"end":{"line":123,"column":9}}]},"11":{"loc":{"start":{"line":121,"column":19},"end":{"line":121,"column":57}},"type":"binary-expr","locations":[{"start":{"line":121,"column":19},"end":{"line":121,"column":37}},{"start":{"line":121,"column":41},"end":{"line":121,"column":57}}]},"12":{"loc":{"start":{"line":125,"column":8},"end":{"line":131,"column":9}},"type":"if","locations":[{"start":{"line":125,"column":8},"end":{"line":131,"column":9}},{"start":{"line":127,"column":15},"end":{"line":131,"column":9}}]},"13":{"loc":{"start":{"line":125,"column":12},"end":{"line":125,"column":48}},"type":"binary-expr","locations":[{"start":{"line":125,"column":12},"end":{"line":125,"column":29}},{"start":{"line":125,"column":33},"end":{"line":125,"column":48}}]},"14":{"loc":{"start":{"line":127,"column":15},"end":{"line":131,"column":9}},"type":"if","locations":[{"start":{"line":127,"column":15},"end":{"line":131,"column":9}},{"start":{"line":129,"column":15},"end":{"line":131,"column":9}}]},"15":{"loc":{"start":{"line":127,"column":19},"end":{"line":127,"column":59}},"type":"binary-expr","locations":[{"start":{"line":127,"column":19},"end":{"line":127,"column":38}},{"start":{"line":127,"column":42},"end":{"line":127,"column":59}}]},"16":{"loc":{"start":{"line":129,"column":15},"end":{"line":131,"column":9}},"type":"if","locations":[{"start":{"line":129,"column":15},"end":{"line":131,"column":9}}]},"17":{"loc":{"start":{"line":129,"column":19},"end":{"line":129,"column":57}},"type":"binary-expr","locations":[{"start":{"line":129,"column":19},"end":{"line":129,"column":37}},{"start":{"line":129,"column":41},"end":{"line":129,"column":57}}]},"18":{"loc":{"start":{"line":139,"column":4},"end":{"line":141,"column":5}},"type":"if","locations":[{"start":{"line":139,"column":4},"end":{"line":141,"column":5}}]},"19":{"loc":{"start":{"line":140,"column":41},"end":{"line":140,"column":91}},"type":"cond-expr","locations":[{"start":{"line":140,"column":67},"end":{"line":140,"column":77}},{"start":{"line":140,"column":80},"end":{"line":140,"column":91}}]},"20":{"loc":{"start":{"line":142,"column":4},"end":{"line":144,"column":5}},"type":"if","locations":[{"start":{"line":142,"column":4},"end":{"line":144,"column":5}}]},"21":{"loc":{"start":{"line":143,"column":43},"end":{"line":143,"column":97}},"type":"cond-expr","locations":[{"start":{"line":143,"column":71},"end":{"line":143,"column":81}},{"start":{"line":143,"column":84},"end":{"line":143,"column":97}}]},"22":{"loc":{"start":{"line":145,"column":4},"end":{"line":147,"column":5}},"type":"if","locations":[{"start":{"line":145,"column":4},"end":{"line":147,"column":5}}]},"23":{"loc":{"start":{"line":146,"column":42},"end":{"line":146,"column":95}},"type":"cond-expr","locations":[{"start":{"line":146,"column":69},"end":{"line":146,"column":80}},{"start":{"line":146,"column":83},"end":{"line":146,"column":95}}]},"24":{"loc":{"start":{"line":149,"column":33},"end":{"line":152,"column":88}},"type":"cond-expr","locations":[{"start":{"line":149,"column":64},"end":{"line":149,"column":76}},{"start":{"line":150,"column":32},"end":{"line":152,"column":88}}]},"25":{"loc":{"start":{"line":150,"column":32},"end":{"line":152,"column":88}},"type":"cond-expr","locations":[{"start":{"line":150,"column":71},"end":{"line":150,"column":90}},{"start":{"line":151,"column":32},"end":{"line":152,"column":88}}]},"26":{"loc":{"start":{"line":151,"column":32},"end":{"line":152,"column":88}},"type":"cond-expr","locations":[{"start":{"line":151,"column":64},"end":{"line":151,"column":77}},{"start":{"line":152,"column":32},"end":{"line":152,"column":88}}]},"27":{"loc":{"start":{"line":152,"column":32},"end":{"line":152,"column":88}},"type":"cond-expr","locations":[{"start":{"line":152,"column":61},"end":{"line":152,"column":71}},{"start":{"line":152,"column":74},"end":{"line":152,"column":88}}]},"28":{"loc":{"start":{"line":157,"column":51},"end":{"line":157,"column":72}},"type":"cond-expr","locations":[{"start":{"line":157,"column":59},"end":{"line":157,"column":64}},{"start":{"line":157,"column":67},"end":{"line":157,"column":72}}]},"29":{"loc":{"start":{"line":159,"column":49},"end":{"line":159,"column":80}},"type":"cond-expr","locations":[{"start":{"line":159,"column":57},"end":{"line":159,"column":75}},{"start":{"line":159,"column":78},"end":{"line":159,"column":80}}]},"30":{"loc":{"start":{"line":160,"column":68},"end":{"line":160,"column":99}},"type":"cond-expr","locations":[{"start":{"line":160,"column":76},"end":{"line":160,"column":94}},{"start":{"line":160,"column":97},"end":{"line":160,"column":99}}]},"31":{"loc":{"start":{"line":172,"column":68},"end":{"line":172,"column":99}},"type":"cond-expr","locations":[{"start":{"line":172,"column":76},"end":{"line":172,"column":94}},{"start":{"line":172,"column":97},"end":{"line":172,"column":99}}]},"32":{"loc":{"start":{"line":184,"column":68},"end":{"line":184,"column":99}},"type":"cond-expr","locations":[{"start":{"line":184,"column":76},"end":{"line":184,"column":94}},{"start":{"line":184,"column":97},"end":{"line":184,"column":99}}]},"33":{"loc":{"start":{"line":199,"column":85},"end":{"line":199,"column":119}},"type":"cond-expr","locations":[{"start":{"line":199,"column":93},"end":{"line":199,"column":114}},{"start":{"line":199,"column":117},"end":{"line":199,"column":119}}]},"34":{"loc":{"start":{"line":202,"column":11},"end":{"line":720,"column":null}},"type":"cond-expr","locations":[{"start":{"line":203,"column":12},"end":{"line":460,"column":null}},{"start":{"line":463,"column":12},"end":{"line":719,"column":null}}]},"35":{"loc":{"start":{"line":349,"column":26},"end":{"line":349,"column":59}},"type":"binary-expr","locations":[{"start":{"line":349,"column":26},"end":{"line":349,"column":40}},{"start":{"line":349,"column":44},"end":{"line":349,"column":59}}]},"36":{"loc":{"start":{"line":354,"column":27},"end":{"line":354,"column":139}},"type":"cond-expr","locations":[{"start":{"line":354,"column":43},"end":{"line":354,"column":122}},{"start":{"line":354,"column":125},"end":{"line":354,"column":139}}]},"37":{"loc":{"start":{"line":354,"column":85},"end":{"line":354,"column":119}},"type":"cond-expr","locations":[{"start":{"line":354,"column":105},"end":{"line":354,"column":107}},{"start":{"line":354,"column":110},"end":{"line":354,"column":119}}]},"38":{"loc":{"start":{"line":354,"column":144},"end":{"line":354,"column":247}},"type":"cond-expr","locations":[{"start":{"line":354,"column":157},"end":{"line":354,"column":233}},{"start":{"line":354,"column":236},"end":{"line":354,"column":247}}]},"39":{"loc":{"start":{"line":354,"column":196},"end":{"line":354,"column":230}},"type":"cond-expr","locations":[{"start":{"line":354,"column":216},"end":{"line":354,"column":218}},{"start":{"line":354,"column":221},"end":{"line":354,"column":230}}]},"40":{"loc":{"start":{"line":359,"column":23},"end":{"line":387,"column":null}},"type":"cond-expr","locations":[{"start":{"line":360,"column":24},"end":{"line":373,"column":null}},{"start":{"line":376,"column":24},"end":{"line":386,"column":null}}]},"41":{"loc":{"start":{"line":364,"column":28},"end":{"line":367,"column":29}},"type":"if","locations":[{"start":{"line":364,"column":28},"end":{"line":367,"column":29}}]},"42":{"loc":{"start":{"line":410,"column":23},"end":{"line":417,"column":null}},"type":"binary-expr","locations":[{"start":{"line":410,"column":23},"end":{"line":410,"column":34}},{"start":{"line":411,"column":24},"end":{"line":416,"column":null}}]},"43":{"loc":{"start":{"line":437,"column":23},"end":{"line":444,"column":null}},"type":"binary-expr","locations":[{"start":{"line":437,"column":23},"end":{"line":437,"column":29}},{"start":{"line":438,"column":24},"end":{"line":443,"column":null}}]},"44":{"loc":{"start":{"line":481,"column":23},"end":{"line":488,"column":null}},"type":"binary-expr","locations":[{"start":{"line":481,"column":23},"end":{"line":481,"column":29}},{"start":{"line":482,"column":24},"end":{"line":487,"column":null}}]},"45":{"loc":{"start":{"line":508,"column":23},"end":{"line":515,"column":null}},"type":"binary-expr","locations":[{"start":{"line":508,"column":23},"end":{"line":508,"column":34}},{"start":{"line":509,"column":24},"end":{"line":514,"column":null}}]},"46":{"loc":{"start":{"line":545,"column":26},"end":{"line":545,"column":59}},"type":"binary-expr","locations":[{"start":{"line":545,"column":26},"end":{"line":545,"column":40}},{"start":{"line":545,"column":44},"end":{"line":545,"column":59}}]},"47":{"loc":{"start":{"line":549,"column":27},"end":{"line":549,"column":139}},"type":"cond-expr","locations":[{"start":{"line":549,"column":43},"end":{"line":549,"column":122}},{"start":{"line":549,"column":125},"end":{"line":549,"column":139}}]},"48":{"loc":{"start":{"line":549,"column":85},"end":{"line":549,"column":119}},"type":"cond-expr","locations":[{"start":{"line":549,"column":105},"end":{"line":549,"column":107}},{"start":{"line":549,"column":110},"end":{"line":549,"column":119}}]},"49":{"loc":{"start":{"line":549,"column":144},"end":{"line":549,"column":247}},"type":"cond-expr","locations":[{"start":{"line":549,"column":157},"end":{"line":549,"column":233}},{"start":{"line":549,"column":236},"end":{"line":549,"column":247}}]},"50":{"loc":{"start":{"line":549,"column":196},"end":{"line":549,"column":230}},"type":"cond-expr","locations":[{"start":{"line":549,"column":216},"end":{"line":549,"column":218}},{"start":{"line":549,"column":221},"end":{"line":549,"column":230}}]},"51":{"loc":{"start":{"line":555,"column":23},"end":{"line":583,"column":null}},"type":"cond-expr","locations":[{"start":{"line":556,"column":24},"end":{"line":569,"column":null}},{"start":{"line":572,"column":24},"end":{"line":582,"column":null}}]},"52":{"loc":{"start":{"line":560,"column":28},"end":{"line":563,"column":29}},"type":"if","locations":[{"start":{"line":560,"column":28},"end":{"line":563,"column":29}}]}},"s":{"0":0,"1":0,"2":0,"3":0,"4":0,"5":0,"6":0,"7":0,"8":0,"9":0,"10":0,"11":0,"12":0,"13":0,"14":0,"15":0,"16":0,"17":0,"18":0,"19":0,"20":0,"21":0,"22":0,"23":0,"24":0,"25":0,"26":0,"27":0,"28":0,"29":0,"30":0,"31":0,"32":0,"33":0,"34":0,"35":0,"36":0,"37":0,"38":0,"39":0,"40":0,"41":0,"42":0,"43":0,"44":0,"45":0,"46":0,"47":0,"48":0,"49":0,"50":0,"51":0,"52":0,"53":0,"54":0,"55":0,"56":0,"57":0,"58":0,"59":0,"60":0,"61":0,"62":0,"63":0,"64":0,"65":0,"66":0,"67":0,"68":0,"69":0,"70":0,"71":0,"72":0,"73":0,"74":0,"75":0,"76":0,"77":0,"78":0,"79":0,"80":0,"81":0,"82":0,"83":0,"84":0,"85":0,"86":0,"87":0,"88":0,"89":0,"90":0,"91":0,"92":0,"93":0,"94":0,"95":0,"96":0,"97":0,"98":0,"99":0,"100":0,"101":0,"102":0,"103":0,"104":0,"105":0,"106":0,"107":0,"108":0,"109":0,"110":0,"111":0,"112":0,"113":0,"114":0,"115":0,"116":0,"117":0},"f":{"0":0,"1":0,"2":0,"3":0,"4":0,"5":0,"6":0,"7":0,"8":0,"9":0,"10":0,"11":0,"12":0,"13":0,"14":0,"15":0,"16":0,"17":0,"18":0,"19":0,"20":0,"21":0,"22":0,"23":0,"24":0,"25":0,"26":0,"27":0,"28":0,"29":0,"30":0,"31":0,"32":0,"33":0,"34":0,"35":0,"36":0,"37":0,"38":0},"b":{"0":[0],"1":[0,0],"2":[0,0],"3":[0],"4":[0,0],"5":[0,0],"6":[0,0],"7":[0,0],"8":[0,0],"9":[0,0],"10":[0],"11":[0,0],"12":[0,0],"13":[0,0],"14":[0,0],"15":[0,0],"16":[0],"17":[0,0],"18":[0],"19":[0,0],"20":[0],"21":[0,0],"22":[0],"23":[0,0],"24":[0,0],"25":[0,0],"26":[0,0],"27":[0,0],"28":[0,0],"29":[0,0],"30":[0,0],"31":[0,0],"32":[0,0],"33":[0,0],"34":[0,0],"35":[0,0],"36":[0,0],"37":[0,0],"38":[0,0],"39":[0,0],"40":[0,0],"41":[0],"42":[0,0],"43":[0,0],"44":[0,0],"45":[0,0],"46":[0,0],"47":[0,0],"48":[0,0],"49":[0,0],"50":[0,0],"51":[0,0],"52":[0]}}
,"/Users/rakesh/Desktop/Flyin-4/flyin/src/components/Footer.tsx": {"path":"/Users/rakesh/Desktop/Flyin-4/flyin/src/components/Footer.tsx","statementMap":{"0":{"start":{"line":1,"column":0},"end":{"line":1,"column":26}},"1":{"start":{"line":3,"column":0},"end":{"line":3,"column":49}},"2":{"start":{"line":5,"column":15},"end":{"line":117,"column":1}},"3":{"start":{"line":6,"column":16},"end":{"line":6,"column":32}},"4":{"start":{"line":7,"column":22},"end":{"line":7,"column":46}},"5":{"start":{"line":9,"column":25},"end":{"line":64,"column":4}},"6":{"start":{"line":66,"column":2},"end":{"line":116,"column":4}},"7":{"start":{"line":72,"column":12},"end":{"line":72,"column":29}},"8":{"start":{"line":78,"column":18},"end":{"line":78,"column":null}},"9":{"start":{"line":119,"column":0},"end":{"line":119,"column":22}}},"fnMap":{"0":{"name":"(anonymous_1)","decl":{"start":{"line":5,"column":15},"end":{"line":5,"column":18}},"loc":{"start":{"line":5,"column":20},"end":{"line":117,"column":1}}},"1":{"name":"(anonymous_2)","decl":{"start":{"line":71,"column":30},"end":{"line":71,"column":31}},"loc":{"start":{"line":72,"column":12},"end":{"line":72,"column":29}}},"2":{"name":"(anonymous_3)","decl":{"start":{"line":77,"column":35},"end":{"line":77,"column":36}},"loc":{"start":{"line":78,"column":18},"end":{"line":78,"column":null}}}},"branchMap":{},"s":{"0":0,"1":0,"2":0,"3":0,"4":0,"5":0,"6":0,"7":0,"8":0,"9":0},"f":{"0":0,"1":0,"2":0},"b":{}}
,"/Users/rakesh/Desktop/Flyin-4/flyin/src/components/MyTrips.tsx": {"path":"/Users/rakesh/Desktop/Flyin-4/flyin/src/components/MyTrips.tsx","statementMap":{"0":{"start":{"line":42,"column":0},"end":{"line":42,"column":24}},"1":{"start":{"line":2,"column":0},"end":{"line":2,"column":26}},"2":{"start":{"line":3,"column":0},"end":{"line":3,"column":62}},"3":{"start":{"line":4,"column":0},"end":{"line":4,"column":33}},"4":{"start":{"line":8,"column":22},"end":{"line":18,"column":2}},"5":{"start":{"line":21,"column":18},"end":{"line":36,"column":2}},"6":{"start":{"line":43,"column":2},"end":{"line":154,"column":4}},"7":{"start":{"line":62,"column":16},"end":{"line":63,"column":null}},"8":{"start":{"line":65,"column":33},"end":{"line":65,"column":49}},"9":{"start":{"line":98,"column":28},"end":{"line":98,"column":48}},"10":{"start":{"line":99,"column":28},"end":{"line":99,"column":80}},"11":{"start":{"line":127,"column":16},"end":{"line":128,"column":null}},"12":{"start":{"line":133,"column":33},"end":{"line":133,"column":49}}},"fnMap":{"0":{"name":"MyTrips","decl":{"start":{"line":42,"column":24},"end":{"line":42,"column":31}},"loc":{"start":{"line":42,"column":60},"end":{"line":155,"column":1}}},"1":{"name":"(anonymous_2)","decl":{"start":{"line":61,"column":33},"end":{"line":61,"column":37}},"loc":{"start":{"line":62,"column":16},"end":{"line":63,"column":null}}},"2":{"name":"(anonymous_3)","decl":{"start":{"line":65,"column":27},"end":{"line":65,"column":30}},"loc":{"start":{"line":65,"column":33},"end":{"line":65,"column":49}}},"3":{"name":"(anonymous_4)","decl":{"start":{"line":97,"column":35},"end":{"line":97,"column":36}},"loc":{"start":{"line":97,"column":41},"end":{"line":100,"column":27}}},"4":{"name":"(anonymous_5)","decl":{"start":{"line":126,"column":29},"end":{"line":126,"column":33}},"loc":{"start":{"line":127,"column":16},"end":{"line":128,"column":null}}},"5":{"name":"(anonymous_6)","decl":{"start":{"line":133,"column":27},"end":{"line":133,"column":30}},"loc":{"start":{"line":133,"column":33},"end":{"line":133,"column":49}}}},"branchMap":{"0":{"loc":{"start":{"line":59,"column":11},"end":{"line":116,"column":null}},"type":"cond-expr","locations":[{"start":{"line":60,"column":12},"end":{"line":108,"column":null}},{"start":{"line":111,"column":12},"end":{"line":115,"column":null}}]},"1":{"loc":{"start":{"line":121,"column":9},"end":{"line":150,"column":null}},"type":"binary-expr","locations":[{"start":{"line":121,"column":9},"end":{"line":121,"column":29}},{"start":{"line":122,"column":10},"end":{"line":149,"column":null}}]}},"s":{"0":0,"1":0,"2":0,"3":0,"4":0,"5":0,"6":0,"7":0,"8":0,"9":0,"10":0,"11":0,"12":0},"f":{"0":0,"1":0,"2":0,"3":0,"4":0,"5":0},"b":{"0":[0,0],"1":[0,0]}}
,"/Users/rakesh/Desktop/Flyin-4/flyin/src/components/Navigation.tsx": {"path":"/Users/rakesh/Desktop/Flyin-4/flyin/src/components/Navigation.tsx","statementMap":{"0":{"start":{"line":12,"column":0},"end":{"line":12,"column":24}},"1":{"start":{"line":2,"column":0},"end":{"line":2,"column":26}},"2":{"start":{"line":3,"column":0},"end":{"line":3,"column":68}},"3":{"start":{"line":4,"column":0},"end":{"line":4,"column":33}},"4":{"start":{"line":13,"column":15},"end":{"line":18,"column":4}},"5":{"start":{"line":20,"column":2},"end":{"line":45,"column":4}},"6":{"start":{"line":29,"column":10},"end":{"line":30,"column":null}},"7":{"start":{"line":37,"column":27},"end":{"line":37,"column":46}}},"fnMap":{"0":{"name":"Navigation","decl":{"start":{"line":12,"column":24},"end":{"line":12,"column":34}},"loc":{"start":{"line":12,"column":96},"end":{"line":46,"column":1}}},"1":{"name":"(anonymous_2)","decl":{"start":{"line":28,"column":18},"end":{"line":28,"column":19}},"loc":{"start":{"line":29,"column":10},"end":{"line":30,"column":null}}},"2":{"name":"(anonymous_3)","decl":{"start":{"line":37,"column":21},"end":{"line":37,"column":24}},"loc":{"start":{"line":37,"column":27},"end":{"line":37,"column":46}}}},"branchMap":{"0":{"loc":{"start":{"line":12,"column":61},"end":{"line":12,"column":77}},"type":"default-arg","locations":[{"start":{"line":12,"column":73},"end":{"line":12,"column":77}}]},"1":{"loc":{"start":{"line":24,"column":8},"end":{"line":24,"column":56}},"type":"cond-expr","locations":[{"start":{"line":24,"column":20},"end":{"line":24,"column":35}},{"start":{"line":24,"column":38},"end":{"line":24,"column":56}}]},"2":{"loc":{"start":{"line":33,"column":14},"end":{"line":35,"column":53}},"type":"cond-expr","locations":[{"start":{"line":34,"column":18},"end":{"line":34,"column":42}},{"start":{"line":35,"column":18},"end":{"line":35,"column":53}}]}},"s":{"0":0,"1":0,"2":0,"3":0,"4":0,"5":0,"6":0,"7":0},"f":{"0":0,"1":0,"2":0},"b":{"0":[0],"1":[0,0],"2":[0,0]}}
,"/Users/rakesh/Desktop/Flyin-4/flyin/src/components/Profile.tsx": {"path":"/Users/rakesh/Desktop/Flyin-4/flyin/src/components/Profile.tsx","statementMap":{"0":{"start":{"line":7,"column":0},"end":{"line":7,"column":24}},"1":{"start":{"line":2,"column":0},"end":{"line":2,"column":26}},"2":{"start":{"line":3,"column":0},"end":{"line":3,"column":92}},"3":{"start":{"line":4,"column":0},"end":{"line":4,"column":43}},"4":{"start":{"line":5,"column":0},"end":{"line":5,"column":33}},"5":{"start":{"line":8,"column":20},"end":{"line":15,"column":4}},"6":{"start":{"line":17,"column":2},"end":{"line":118,"column":4}},"7":{"start":{"line":96,"column":12},"end":{"line":96,"column":null}}},"fnMap":{"0":{"name":"Profile","decl":{"start":{"line":7,"column":24},"end":{"line":7,"column":31}},"loc":{"start":{"line":7,"column":31},"end":{"line":119,"column":1}}},"1":{"name":"(anonymous_2)","decl":{"start":{"line":95,"column":25},"end":{"line":95,"column":26}},"loc":{"start":{"line":96,"column":12},"end":{"line":96,"column":null}}}},"branchMap":{"0":{"loc":{"start":{"line":106,"column":15},"end":{"line":106,"column":60}},"type":"binary-expr","locations":[{"start":{"line":106,"column":15},"end":{"line":106,"column":43}},{"start":{"line":106,"column":47},"end":{"line":106,"column":60}}]}},"s":{"0":0,"1":0,"2":0,"3":0,"4":0,"5":0,"6":0,"7":0},"f":{"0":0,"1":0},"b":{"0":[0,0]}}
,"/Users/rakesh/Desktop/Flyin-4/flyin/src/components/SuggestionCard.tsx": {"path":"/Users/rakesh/Desktop/Flyin-4/flyin/src/components/SuggestionCard.tsx","statementMap":{"0":{"start":{"line":15,"column":0},"end":{"line":15,"column":24}},"1":{"start":{"line":1,"column":0},"end":{"line":1,"column":26}},"2":{"start":{"line":2,"column":0},"end":{"line":2,"column":33}},"3":{"start":{"line":3,"column":0},"end":{"line":3,"column":64}},"4":{"start":{"line":4,"column":0},"end":{"line":4,"column":49}},"5":{"start":{"line":16,"column":16},"end":{"line":16,"column":32}},"6":{"start":{"line":17,"column":40},"end":{"line":17,"column":61}},"7":{"start":{"line":18,"column":38},"end":{"line":18,"column":59}},"8":{"start":{"line":21,"column":28},"end":{"line":32,"column":3}},"9":{"start":{"line":22,"column":4},"end":{"line":31,"column":5}},"10":{"start":{"line":24,"column":8},"end":{"line":24,"column":29}},"11":{"start":{"line":26,"column":8},"end":{"line":26,"column":27}},"12":{"start":{"line":28,"column":8},"end":{"line":28,"column":28}},"13":{"start":{"line":30,"column":8},"end":{"line":30,"column":20}},"14":{"start":{"line":35,"column":2},"end":{"line":40,"column":14}},"15":{"start":{"line":36,"column":16},"end":{"line":36,"column":27}},"16":{"start":{"line":37,"column":4},"end":{"line":37,"column":20}},"17":{"start":{"line":38,"column":4},"end":{"line":38,"column":44}},"18":{"start":{"line":38,"column":23},"end":{"line":38,"column":43}},"19":{"start":{"line":39,"column":4},"end":{"line":39,"column":44}},"20":{"start":{"line":39,"column":24},"end":{"line":39,"column":43}},"21":{"start":{"line":42,"column":2},"end":{"line":102,"column":4}}},"fnMap":{"0":{"name":"SuggestionCard","decl":{"start":{"line":15,"column":24},"end":{"line":15,"column":38}},"loc":{"start":{"line":15,"column":109},"end":{"line":103,"column":1}}},"1":{"name":"(anonymous_2)","decl":{"start":{"line":21,"column":28},"end":{"line":21,"column":29}},"loc":{"start":{"line":21,"column":45},"end":{"line":32,"column":3}}},"2":{"name":"(anonymous_3)","decl":{"start":{"line":35,"column":18},"end":{"line":35,"column":21}},"loc":{"start":{"line":35,"column":23},"end":{"line":40,"column":3}}},"3":{"name":"(anonymous_4)","decl":{"start":{"line":38,"column":17},"end":{"line":38,"column":20}},"loc":{"start":{"line":38,"column":23},"end":{"line":38,"column":43}}},"4":{"name":"(anonymous_5)","decl":{"start":{"line":39,"column":18},"end":{"line":39,"column":21}},"loc":{"start":{"line":39,"column":24},"end":{"line":39,"column":43}}}},"branchMap":{"0":{"loc":{"start":{"line":22,"column":4},"end":{"line":31,"column":5}},"type":"switch","locations":[{"start":{"line":23,"column":6},"end":{"line":24,"column":29}},{"start":{"line":25,"column":6},"end":{"line":26,"column":27}},{"start":{"line":27,"column":6},"end":{"line":28,"column":28}},{"start":{"line":29,"column":6},"end":{"line":30,"column":20}}]},"1":{"loc":{"start":{"line":48,"column":7},"end":{"line":66,"column":null}},"type":"cond-expr","locations":[{"start":{"line":49,"column":8},"end":{"line":60,"column":null}},{"start":{"line":63,"column":8},"end":{"line":65,"column":null}}]},"2":{"loc":{"start":{"line":50,"column":11},"end":{"line":54,"column":null}},"type":"binary-expr","locations":[{"start":{"line":50,"column":11},"end":{"line":50,"column":22}},{"start":{"line":51,"column":12},"end":{"line":53,"column":null}}]},"3":{"loc":{"start":{"line":56,"column":11},"end":{"line":59,"column":null}},"type":"binary-expr","locations":[{"start":{"line":56,"column":11},"end":{"line":56,"column":23}},{"start":{"line":57,"column":12},"end":{"line":58,"column":null}}]},"4":{"loc":{"start":{"line":70,"column":7},"end":{"line":75,"column":null}},"type":"binary-expr","locations":[{"start":{"line":70,"column":7},"end":{"line":70,"column":11}},{"start":{"line":71,"column":8},"end":{"line":74,"column":null}}]},"5":{"loc":{"start":{"line":86,"column":11},"end":{"line":86,"column":67}},"type":"binary-expr","locations":[{"start":{"line":86,"column":11},"end":{"line":86,"column":16}},{"start":{"line":86,"column":20},"end":{"line":86,"column":67}}]},"6":{"loc":{"start":{"line":87,"column":11},"end":{"line":91,"column":null}},"type":"binary-expr","locations":[{"start":{"line":87,"column":11},"end":{"line":87,"column":20}},{"start":{"line":88,"column":12},"end":{"line":90,"column":null}}]}},"s":{"0":0,"1":0,"2":0,"3":0,"4":0,"5":0,"6":0,"7":0,"8":0,"9":0,"10":0,"11":0,"12":0,"13":0,"14":0,"15":0,"16":0,"17":0,"18":0,"19":0,"20":0,"21":0},"f":{"0":0,"1":0,"2":0,"3":0,"4":0},"b":{"0":[0,0,0,0],"1":[0,0],"2":[0,0],"3":[0,0],"4":[0,0],"5":[0,0],"6":[0,0]}}
,"/Users/rakesh/Desktop/Flyin-4/flyin/src/components/TravelCanvas.tsx": {"path":"/Users/rakesh/Desktop/Flyin-4/flyin/src/components/TravelCanvas.tsx","statementMap":{"0":{"start":{"line":57,"column":0},"end":{"line":57,"column":24}},"1":{"start":{"line":1,"column":0},"end":{"line":1,"column":51}},"2":{"start":{"line":2,"column":0},"end":{"line":2,"column":43}},"3":{"start":{"line":3,"column":0},"end":{"line":3,"column":37}},"4":{"start":{"line":4,"column":0},"end":{"line":4,"column":35}},"5":{"start":{"line":5,"column":0},"end":{"line":5,"column":46}},"6":{"start":{"line":6,"column":0},"end":{"line":6,"column":33}},"7":{"start":{"line":7,"column":0},"end":{"line":7,"column":46}},"8":{"start":{"line":8,"column":0},"end":{"line":8,"column":46}},"9":{"start":{"line":9,"column":0},"end":{"line":9,"column":51}},"10":{"start":{"line":10,"column":0},"end":{"line":10,"column":49}},"11":{"start":{"line":13,"column":21},"end":{"line":40,"column":1}},"12":{"start":{"line":14,"column":38},"end":{"line":14,"column":53}},"13":{"start":{"line":16,"column":2},"end":{"line":39,"column":4}},"14":{"start":{"line":20,"column":26},"end":{"line":20,"column":45}},"15":{"start":{"line":21,"column":26},"end":{"line":21,"column":46}},"16":{"start":{"line":42,"column":26},"end":{"line":47,"column":2}},"17":{"start":{"line":50,"column":22},"end":{"line":55,"column":2}},"18":{"start":{"line":58,"column":20},"end":{"line":58,"column":33}},"19":{"start":{"line":59,"column":16},"end":{"line":59,"column":32}},"20":{"start":{"line":60,"column":28},"end":{"line":60,"column":40}},"21":{"start":{"line":61,"column":48},"end":{"line":61,"column":63}},"22":{"start":{"line":62,"column":50},"end":{"line":62,"column":61}},"23":{"start":{"line":63,"column":54},"end":{"line":63,"column":80}},"24":{"start":{"line":64,"column":34},"end":{"line":64,"column":48}},"25":{"start":{"line":65,"column":38},"end":{"line":65,"column":50}},"26":{"start":{"line":68,"column":2},"end":{"line":95,"column":47}},"27":{"start":{"line":70,"column":4},"end":{"line":94,"column":5}},"28":{"start":{"line":71,"column":6},"end":{"line":80,"column":7}},"29":{"start":{"line":72,"column":24},"end":{"line":74,"column":14}},"30":{"start":{"line":73,"column":10},"end":{"line":73,"column":93}},"31":{"start":{"line":75,"column":8},"end":{"line":75,"column":43}},"32":{"start":{"line":75,"column":21},"end":{"line":75,"column":42}},"33":{"start":{"line":78,"column":24},"end":{"line":78,"column":66}},"34":{"start":{"line":78,"column":41},"end":{"line":78,"column":59}},"35":{"start":{"line":79,"column":8},"end":{"line":79,"column":43}},"36":{"start":{"line":79,"column":21},"end":{"line":79,"column":42}},"37":{"start":{"line":83,"column":6},"end":{"line":93,"column":7}},"38":{"start":{"line":84,"column":24},"end":{"line":86,"column":14}},"39":{"start":{"line":85,"column":10},"end":{"line":85,"column":72}},"40":{"start":{"line":87,"column":8},"end":{"line":87,"column":43}},"41":{"start":{"line":87,"column":21},"end":{"line":87,"column":42}},"42":{"start":{"line":90,"column":26},"end":{"line":90,"column":71}},"43":{"start":{"line":91,"column":8},"end":{"line":91,"column":39}},"44":{"start":{"line":92,"column":8},"end":{"line":92,"column":26}},"45":{"start":{"line":98,"column":2},"end":{"line":100,"column":19}},"46":{"start":{"line":99,"column":4},"end":{"line":99,"column":58}},"47":{"start":{"line":102,"column":23},"end":{"line":107,"column":3}},"48":{"start":{"line":103,"column":4},"end":{"line":103,"column":23}},"49":{"start":{"line":104,"column":4},"end":{"line":106,"column":5}},"50":{"start":{"line":105,"column":6},"end":{"line":105,"column":22}},"51":{"start":{"line":111,"column":4},"end":{"line":192,"column":null}},"52":{"start":{"line":137,"column":27},"end":{"line":137,"column":51}},"53":{"start":{"line":138,"column":25},"end":{"line":138,"column":49}},"54":{"start":{"line":139,"column":24},"end":{"line":139,"column":49}},"55":{"start":{"line":155,"column":14},"end":{"line":155,"column":52}},"56":{"start":{"line":156,"column":14},"end":{"line":156,"column":61}},"57":{"start":{"line":159,"column":14},"end":{"line":159,"column":56}},"58":{"start":{"line":160,"column":26},"end":{"line":160,"column":63}},"59":{"start":{"line":161,"column":14},"end":{"line":165,"column":15}},"60":{"start":{"line":162,"column":16},"end":{"line":162,"column":54}},"61":{"start":{"line":163,"column":29},"end":{"line":163,"column":53}},"62":{"start":{"line":164,"column":16},"end":{"line":164,"column":55}},"63":{"start":{"line":164,"column":26},"end":{"line":164,"column":55}},"64":{"start":{"line":168,"column":14},"end":{"line":168,"column":49}},"65":{"start":{"line":169,"column":26},"end":{"line":169,"column":63}},"66":{"start":{"line":170,"column":14},"end":{"line":174,"column":15}},"67":{"start":{"line":171,"column":16},"end":{"line":171,"column":54}},"68":{"start":{"line":172,"column":29},"end":{"line":172,"column":53}},"69":{"start":{"line":173,"column":16},"end":{"line":173,"column":53}},"70":{"start":{"line":173,"column":26},"end":{"line":173,"column":53}},"71":{"start":{"line":196,"column":2},"end":{"line":240,"column":4}},"72":{"start":{"line":223,"column":16},"end":{"line":224,"column":null}},"73":{"start":{"line":229,"column":33},"end":{"line":229,"column":65}}},"fnMap":{"0":{"name":"(anonymous_7)","decl":{"start":{"line":13,"column":21},"end":{"line":13,"column":24}},"loc":{"start":{"line":13,"column":26},"end":{"line":40,"column":1}}},"1":{"name":"(anonymous_8)","decl":{"start":{"line":20,"column":20},"end":{"line":20,"column":23}},"loc":{"start":{"line":20,"column":26},"end":{"line":20,"column":45}}},"2":{"name":"(anonymous_9)","decl":{"start":{"line":21,"column":20},"end":{"line":21,"column":23}},"loc":{"start":{"line":21,"column":26},"end":{"line":21,"column":46}}},"3":{"name":"TravelCanvas","decl":{"start":{"line":57,"column":24},"end":{"line":57,"column":36}},"loc":{"start":{"line":57,"column":88},"end":{"line":241,"column":1}}},"4":{"name":"(anonymous_11)","decl":{"start":{"line":68,"column":12},"end":{"line":68,"column":15}},"loc":{"start":{"line":68,"column":17},"end":{"line":95,"column":3}}},"5":{"name":"(anonymous_12)","decl":{"start":{"line":72,"column":35},"end":{"line":72,"column":38}},"loc":{"start":{"line":72,"column":40},"end":{"line":74,"column":9}}},"6":{"name":"(anonymous_13)","decl":{"start":{"line":75,"column":15},"end":{"line":75,"column":18}},"loc":{"start":{"line":75,"column":21},"end":{"line":75,"column":42}}},"7":{"name":"(anonymous_14)","decl":{"start":{"line":78,"column":35},"end":{"line":78,"column":38}},"loc":{"start":{"line":78,"column":41},"end":{"line":78,"column":59}}},"8":{"name":"(anonymous_15)","decl":{"start":{"line":79,"column":15},"end":{"line":79,"column":18}},"loc":{"start":{"line":79,"column":21},"end":{"line":79,"column":42}}},"9":{"name":"(anonymous_16)","decl":{"start":{"line":84,"column":35},"end":{"line":84,"column":38}},"loc":{"start":{"line":84,"column":40},"end":{"line":86,"column":9}}},"10":{"name":"(anonymous_17)","decl":{"start":{"line":87,"column":15},"end":{"line":87,"column":18}},"loc":{"start":{"line":87,"column":21},"end":{"line":87,"column":42}}},"11":{"name":"(anonymous_18)","decl":{"start":{"line":98,"column":12},"end":{"line":98,"column":15}},"loc":{"start":{"line":98,"column":17},"end":{"line":100,"column":3}}},"12":{"name":"(anonymous_19)","decl":{"start":{"line":102,"column":23},"end":{"line":102,"column":24}},"loc":{"start":{"line":102,"column":46},"end":{"line":107,"column":3}}},"13":{"name":"(anonymous_20)","decl":{"start":{"line":137,"column":20},"end":{"line":137,"column":21}},"loc":{"start":{"line":137,"column":27},"end":{"line":137,"column":51}}},"14":{"name":"(anonymous_21)","decl":{"start":{"line":138,"column":19},"end":{"line":138,"column":22}},"loc":{"start":{"line":138,"column":25},"end":{"line":138,"column":49}}},"15":{"name":"(anonymous_22)","decl":{"start":{"line":139,"column":18},"end":{"line":139,"column":21}},"loc":{"start":{"line":139,"column":24},"end":{"line":139,"column":49}}},"16":{"name":"(anonymous_23)","decl":{"start":{"line":154,"column":21},"end":{"line":154,"column":24}},"loc":{"start":{"line":154,"column":26},"end":{"line":157,"column":13}}},"17":{"name":"(anonymous_24)","decl":{"start":{"line":158,"column":26},"end":{"line":158,"column":29}},"loc":{"start":{"line":158,"column":31},"end":{"line":166,"column":13}}},"18":{"name":"(anonymous_25)","decl":{"start":{"line":167,"column":26},"end":{"line":167,"column":29}},"loc":{"start":{"line":167,"column":31},"end":{"line":175,"column":13}}},"19":{"name":"(anonymous_26)","decl":{"start":{"line":222,"column":37},"end":{"line":222,"column":47}},"loc":{"start":{"line":223,"column":16},"end":{"line":224,"column":null}}},"20":{"name":"(anonymous_27)","decl":{"start":{"line":229,"column":27},"end":{"line":229,"column":30}},"loc":{"start":{"line":229,"column":33},"end":{"line":229,"column":65}}}},"branchMap":{"0":{"loc":{"start":{"line":26,"column":25},"end":{"line":26,"column":59}},"type":"cond-expr","locations":[{"start":{"line":26,"column":38},"end":{"line":26,"column":47}},{"start":{"line":26,"column":50},"end":{"line":26,"column":59}}]},"1":{"loc":{"start":{"line":34,"column":17},"end":{"line":34,"column":49}},"type":"cond-expr","locations":[{"start":{"line":34,"column":30},"end":{"line":34,"column":39}},{"start":{"line":34,"column":42},"end":{"line":34,"column":49}}]},"2":{"loc":{"start":{"line":70,"column":4},"end":{"line":94,"column":5}},"type":"if","locations":[{"start":{"line":70,"column":4},"end":{"line":94,"column":5}},{"start":{"line":81,"column":11},"end":{"line":94,"column":5}}]},"3":{"loc":{"start":{"line":71,"column":6},"end":{"line":80,"column":7}},"type":"if","locations":[{"start":{"line":71,"column":6},"end":{"line":80,"column":7}},{"start":{"line":76,"column":13},"end":{"line":80,"column":7}}]},"4":{"loc":{"start":{"line":83,"column":6},"end":{"line":93,"column":7}},"type":"if","locations":[{"start":{"line":83,"column":6},"end":{"line":93,"column":7}},{"start":{"line":88,"column":13},"end":{"line":93,"column":7}}]},"5":{"loc":{"start":{"line":99,"column":26},"end":{"line":99,"column":56}},"type":"binary-expr","locations":[{"start":{"line":99,"column":26},"end":{"line":99,"column":36}},{"start":{"line":99,"column":40},"end":{"line":99,"column":56}}]},"6":{"loc":{"start":{"line":104,"column":4},"end":{"line":106,"column":5}},"type":"if","locations":[{"start":{"line":104,"column":4},"end":{"line":106,"column":5}}]},"7":{"loc":{"start":{"line":115,"column":8},"end":{"line":115,"column":42}},"type":"cond-expr","locations":[{"start":{"line":115,"column":26},"end":{"line":115,"column":37}},{"start":{"line":115,"column":40},"end":{"line":115,"column":42}}]},"8":{"loc":{"start":{"line":119,"column":9},"end":{"line":126,"column":null}},"type":"binary-expr","locations":[{"start":{"line":119,"column":9},"end":{"line":119,"column":24}},{"start":{"line":120,"column":10},"end":{"line":125,"column":null}}]},"9":{"loc":{"start":{"line":134,"column":12},"end":{"line":134,"column":133}},"type":"cond-expr","locations":[{"start":{"line":134,"column":30},"end":{"line":134,"column":106}},{"start":{"line":134,"column":109},"end":{"line":134,"column":133}}]},"10":{"loc":{"start":{"line":161,"column":14},"end":{"line":165,"column":15}},"type":"if","locations":[{"start":{"line":161,"column":14},"end":{"line":165,"column":15}}]},"11":{"loc":{"start":{"line":164,"column":16},"end":{"line":164,"column":55}},"type":"if","locations":[{"start":{"line":164,"column":16},"end":{"line":164,"column":55}}]},"12":{"loc":{"start":{"line":170,"column":14},"end":{"line":174,"column":15}},"type":"if","locations":[{"start":{"line":170,"column":14},"end":{"line":174,"column":15}}]},"13":{"loc":{"start":{"line":173,"column":16},"end":{"line":173,"column":53}},"type":"if","locations":[{"start":{"line":173,"column":16},"end":{"line":173,"column":53}}]}},"s":{"0":0,"1":0,"2":0,"3":0,"4":0,"5":0,"6":0,"7":0,"8":0,"9":0,"10":0,"11":0,"12":0,"13":0,"14":0,"15":0,"16":0,"17":0,"18":0,"19":0,"20":0,"21":0,"22":0,"23":0,"24":0,"25":0,"26":0,"27":0,"28":0,"29":0,"30":0,"31":0,"32":0,"33":0,"34":0,"35":0,"36":0,"37":0,"38":0,"39":0,"40":0,"41":0,"42":0,"43":0,"44":0,"45":0,"46":0,"47":0,"48":0,"49":0,"50":0,"51":0,"52":0,"53":0,"54":0,"55":0,"56":0,"57":0,"58":0,"59":0,"60":0,"61":0,"62":0,"63":0,"64":0,"65":0,"66":0,"67":0,"68":0,"69":0,"70":0,"71":0,"72":0,"73":0},"f":{"0":0,"1":0,"2":0,"3":0,"4":0,"5":0,"6":0,"7":0,"8":0,"9":0,"10":0,"11":0,"12":0,"13":0,"14":0,"15":0,"16":0,"17":0,"18":0,"19":0,"20":0},"b":{"0":[0,0],"1":[0,0],"2":[0,0],"3":[0,0],"4":[0,0],"5":[0,0],"6":[0],"7":[0,0],"8":[0,0],"9":[0,0],"10":[0],"11":[0],"12":[0],"13":[0]}}
,"/Users/rakesh/Desktop/Flyin-4/flyin/src/components/TripDetail.tsx": {"path":"/Users/rakesh/Desktop/Flyin-4/flyin/src/components/TripDetail.tsx","statementMap":{"0":{"start":{"line":18,"column":0},"end":{"line":18,"column":24}},"1":{"start":{"line":2,"column":0},"end":{"line":2,"column":26}},"2":{"start":{"line":3,"column":0},"end":{"line":3,"column":46}},"3":{"start":{"line":4,"column":0},"end":{"line":4,"column":60}},"4":{"start":{"line":5,"column":0},"end":{"line":5,"column":60}},"5":{"start":{"line":6,"column":0},"end":{"line":6,"column":62}},"6":{"start":{"line":7,"column":0},"end":{"line":7,"column":80}},"7":{"start":{"line":8,"column":0},"end":{"line":8,"column":62}},"8":{"start":{"line":16,"column":22},"end":{"line":16,"column":110}},"9":{"start":{"line":20,"column":20},"end":{"line":20,"column":80}},"10":{"start":{"line":23,"column":26},"end":{"line":23,"column":133}},"11":{"start":{"line":25,"column":2},"end":{"line":64,"column":4}}},"fnMap":{"0":{"name":"TripDetail","decl":{"start":{"line":18,"column":24},"end":{"line":18,"column":34}},"loc":{"start":{"line":18,"column":68},"end":{"line":65,"column":1}}}},"branchMap":{"0":{"loc":{"start":{"line":20,"column":20},"end":{"line":20,"column":80}},"type":"binary-expr","locations":[{"start":{"line":20,"column":20},"end":{"line":20,"column":30}},{"start":{"line":20,"column":34},"end":{"line":20,"column":80}}]},"1":{"loc":{"start":{"line":20,"column":37},"end":{"line":20,"column":70}},"type":"binary-expr","locations":[{"start":{"line":20,"column":37},"end":{"line":20,"column":53}},{"start":{"line":20,"column":57},"end":{"line":20,"column":70}}]},"2":{"loc":{"start":{"line":23,"column":26},"end":{"line":23,"column":133}},"type":"binary-expr","locations":[{"start":{"line":23,"column":26},"end":{"line":23,"column":42}},{"start":{"line":23,"column":47},"end":{"line":23,"column":132}}]},"3":{"loc":{"start":{"line":23,"column":47},"end":{"line":23,"column":132}},"type":"cond-expr","locations":[{"start":{"line":23,"column":66},"end":{"line":23,"column":108}},{"start":{"line":23,"column":111},"end":{"line":23,"column":132}}]},"4":{"loc":{"start":{"line":29,"column":15},"end":{"line":29,"column":42}},"type":"binary-expr","locations":[{"start":{"line":29,"column":15},"end":{"line":29,"column":25}},{"start":{"line":29,"column":29},"end":{"line":29,"column":42}}]},"5":{"loc":{"start":{"line":39,"column":17},"end":{"line":39,"column":33}},"type":"binary-expr","locations":[{"start":{"line":39,"column":17},"end":{"line":39,"column":27}},{"start":{"line":39,"column":31},"end":{"line":39,"column":33}}]},"6":{"loc":{"start":{"line":40,"column":20},"end":{"line":40,"column":64}},"type":"binary-expr","locations":[{"start":{"line":40,"column":20},"end":{"line":40,"column":41}},{"start":{"line":40,"column":45},"end":{"line":40,"column":58}},{"start":{"line":40,"column":62},"end":{"line":40,"column":64}}]},"7":{"loc":{"start":{"line":41,"column":17},"end":{"line":41,"column":32}},"type":"binary-expr","locations":[{"start":{"line":41,"column":17},"end":{"line":41,"column":27}},{"start":{"line":41,"column":31},"end":{"line":41,"column":32}}]},"8":{"loc":{"start":{"line":45,"column":9},"end":{"line":51,"column":null}},"type":"binary-expr","locations":[{"start":{"line":45,"column":10},"end":{"line":45,"column":21}},{"start":{"line":45,"column":25},"end":{"line":45,"column":37}},{"start":{"line":46,"column":10},"end":{"line":50,"column":null}}]},"9":{"loc":{"start":{"line":47,"column":23},"end":{"line":47,"column":73}},"type":"binary-expr","locations":[{"start":{"line":47,"column":23},"end":{"line":47,"column":45}},{"start":{"line":47,"column":49},"end":{"line":47,"column":67}},{"start":{"line":47,"column":71},"end":{"line":47,"column":73}}]},"10":{"loc":{"start":{"line":48,"column":21},"end":{"line":48,"column":67}},"type":"binary-expr","locations":[{"start":{"line":48,"column":21},"end":{"line":48,"column":41}},{"start":{"line":48,"column":45},"end":{"line":48,"column":61}},{"start":{"line":48,"column":65},"end":{"line":48,"column":67}}]},"11":{"loc":{"start":{"line":49,"column":21},"end":{"line":49,"column":63}},"type":"binary-expr","locations":[{"start":{"line":49,"column":21},"end":{"line":49,"column":41}},{"start":{"line":49,"column":45},"end":{"line":49,"column":57}},{"start":{"line":49,"column":61},"end":{"line":49,"column":63}}]},"12":{"loc":{"start":{"line":50,"column":22},"end":{"line":50,"column":66}},"type":"binary-expr","locations":[{"start":{"line":50,"column":22},"end":{"line":50,"column":43}},{"start":{"line":50,"column":47},"end":{"line":50,"column":60}},{"start":{"line":50,"column":64},"end":{"line":50,"column":66}}]},"13":{"loc":{"start":{"line":55,"column":31},"end":{"line":55,"column":46}},"type":"binary-expr","locations":[{"start":{"line":55,"column":31},"end":{"line":55,"column":41}},{"start":{"line":55,"column":45},"end":{"line":55,"column":46}}]},"14":{"loc":{"start":{"line":61,"column":31},"end":{"line":61,"column":46}},"type":"binary-expr","locations":[{"start":{"line":61,"column":31},"end":{"line":61,"column":41}},{"start":{"line":61,"column":45},"end":{"line":61,"column":46}}]}},"s":{"0":0,"1":0,"2":0,"3":0,"4":0,"5":0,"6":0,"7":0,"8":0,"9":0,"10":0,"11":0},"f":{"0":0},"b":{"0":[0,0],"1":[0,0],"2":[0,0],"3":[0,0],"4":[0,0],"5":[0,0],"6":[0,0,0],"7":[0,0],"8":[0,0,0],"9":[0,0,0],"10":[0,0,0],"11":[0,0,0],"12":[0,0,0],"13":[0,0],"14":[0,0]}}
,"/Users/rakesh/Desktop/Flyin-4/flyin/src/components/TripProposal.tsx": {"path":"/Users/rakesh/Desktop/Flyin-4/flyin/src/components/TripProposal.tsx","statementMap":{"0":{"start":{"line":30,"column":0},"end":{"line":30,"column":24}},"1":{"start":{"line":1,"column":0},"end":{"line":1,"column":26}},"2":{"start":{"line":2,"column":0},"end":{"line":2,"column":66}},"3":{"start":{"line":3,"column":0},"end":{"line":3,"column":33}},"4":{"start":{"line":31,"column":2},"end":{"line":105,"column":4}}},"fnMap":{"0":{"name":"TripProposal","decl":{"start":{"line":30,"column":24},"end":{"line":30,"column":36}},"loc":{"start":{"line":30,"column":65},"end":{"line":106,"column":1}}}},"branchMap":{"0":{"loc":{"start":{"line":66,"column":11},"end":{"line":77,"column":null}},"type":"binary-expr","locations":[{"start":{"line":66,"column":11},"end":{"line":66,"column":22}},{"start":{"line":67,"column":12},"end":{"line":76,"column":null}}]},"1":{"loc":{"start":{"line":80,"column":11},"end":{"line":90,"column":null}},"type":"binary-expr","locations":[{"start":{"line":80,"column":11},"end":{"line":80,"column":21}},{"start":{"line":81,"column":12},"end":{"line":89,"column":null}}]}},"s":{"0":0,"1":0,"2":0,"3":0,"4":0},"f":{"0":0},"b":{"0":[0,0],"1":[0,0]}}
,"/Users/rakesh/Desktop/Flyin-4/flyin/src/components/Booking/BookingPage.tsx": {"path":"/Users/rakesh/Desktop/Flyin-4/flyin/src/components/Booking/BookingPage.tsx","statementMap":{"0":{"start":{"line":532,"column":0},"end":{"line":532,"column":24}},"1":{"start":{"line":1,"column":0},"end":{"line":1,"column":40}},"2":{"start":{"line":2,"column":0},"end":{"line":2,"column":47}},"3":{"start":{"line":3,"column":0},"end":{"line":3,"column":50}},"4":{"start":{"line":4,"column":0},"end":{"line":4,"column":58}},"5":{"start":{"line":5,"column":0},"end":{"line":5,"column":48}},"6":{"start":{"line":6,"column":0},"end":{"line":6,"column":36}},"7":{"start":{"line":7,"column":0},"end":{"line":7,"column":46}},"8":{"start":{"line":8,"column":0},"end":{"line":8,"column":216}},"9":{"start":{"line":9,"column":0},"end":{"line":9,"column":82}},"10":{"start":{"line":10,"column":0},"end":{"line":10,"column":105}},"11":{"start":{"line":11,"column":0},"end":{"line":11,"column":76}},"12":{"start":{"line":12,"column":0},"end":{"line":12,"column":48}},"13":{"start":{"line":13,"column":0},"end":{"line":13,"column":46}},"14":{"start":{"line":14,"column":0},"end":{"line":14,"column":103}},"15":{"start":{"line":15,"column":0},"end":{"line":15,"column":52}},"16":{"start":{"line":16,"column":0},"end":{"line":16,"column":46}},"17":{"start":{"line":18,"column":14},"end":{"line":23,"column":2}},"18":{"start":{"line":25,"column":19},"end":{"line":42,"column":2}},"19":{"start":{"line":44,"column":19},"end":{"line":133,"column":1}},"20":{"start":{"line":45,"column":24},"end":{"line":45,"column":55}},"21":{"start":{"line":46,"column":40},"end":{"line":46,"column":52}},"22":{"start":{"line":47,"column":17},"end":{"line":47,"column":87}},"23":{"start":{"line":47,"column":69},"end":{"line":47,"column":86}},"24":{"start":{"line":49,"column":2},"end":{"line":132,"column":4}},"25":{"start":{"line":58,"column":27},"end":{"line":58,"column":57}},"26":{"start":{"line":70,"column":27},"end":{"line":70,"column":40}},"27":{"start":{"line":80,"column":27},"end":{"line":80,"column":41}},"28":{"start":{"line":92,"column":12},"end":{"line":92,"column":34}},"29":{"start":{"line":135,"column":16},"end":{"line":139,"column":null}},"30":{"start":{"line":136,"column":2},"end":{"line":138,"column":null}},"31":{"start":{"line":142,"column":24},"end":{"line":364,"column":1}},"32":{"start":{"line":144,"column":21},"end":{"line":206,"column":4}},"33":{"start":{"line":208,"column":2},"end":{"line":363,"column":4}},"34":{"start":{"line":211,"column":8},"end":{"line":211,"column":29}},"35":{"start":{"line":224,"column":82},"end":{"line":224,"column":91}},"36":{"start":{"line":228,"column":79},"end":{"line":228,"column":88}},"37":{"start":{"line":235,"column":14},"end":{"line":356,"column":null}},"38":{"start":{"line":366,"column":17},"end":{"line":424,"column":1}},"39":{"start":{"line":386,"column":27},"end":{"line":394,"column":3}},"40":{"start":{"line":387,
[...]
},"43":{"start":{"line":133,"column":23},"end":{"line":133,"column":78}},"44":{"start":{"line":134,"column":6},"end":{"line":134,"column":27}},"45":{"start":{"line":136,"column":6},"end":{"line":136,"column":34}},"46":{"start":{"line":144,"column":4},"end":{"line":149,"column":5}},"47":{"start":{"line":145,"column":23},"end":{"line":145,"column":80}},"48":{"start":{"line":146,"column":6},"end":{"line":146,"column":27}},"49":{"start":{"line":148,"column":6},"end":{"line":148,"column":34}},"50":{"start":{"line":156,"column":4},"end":{"line":161,"column":5}},"51":{"start":{"line":157,"column":23},"end":{"line":157,"column":93}},"52":{"start":{"line":158,"column":6},"end":{"line":158,"column":27}},"53":{"start":{"line":160,"column":6},"end":{"line":160,"column":34}},"54":{"start":{"line":168,"column":4},"end":{"line":173,"column":5}},"55":{"start":{"line":169,"column":23},"end":{"line":169,"column":86}},"56":{"start":{"line":170,"column":6},"end":{"line":170,"column":27}},"57":{"start":{"line":172,"column":6},"end":{"line":172,"column":34}},"58":{"start":{"line":180,"column":4},"end":{"line":185,"column":5}},"59":{"start":{"line":181,"column":23},"end":{"line":181,"column":95}},"60":{"start":{"line":182,"column":6},"end":{"line":182,"column":27}},"61":{"start":{"line":184,"column":6},"end":{"line":184,"column":34}},"62":{"start":{"line":192,"column":4},"end":{"line":197,"column":5}},"63":{"start":{"line":193,"column":23},"end":{"line":193,"column":85}},"64":{"start":{"line":194,"column":6},"end":{"line":194,"column":27}},"65":{"start":{"line":196,"column":6},"end":{"line":196,"column":34}},"66":{"start":{"line":204,"column":4},"end":{"line":209,"column":5}},"67":{"start":{"line":205,"column":23},"end":{"line":205,"column":76}},"68":{"start":{"line":206,"column":6},"end":{"line":206,"column":27}},"69":{"start":{"line":208,"column":6},"end":{"line":208,"column":34}},"70":{"start":{"line":216,"column":4},"end":{"line":221,"column":5}},"71":{"start":{"line":217,"column":23},"end":{"line":217,"column":84}},"72":{"start":{"line":218,"column":6},"end":{"line":218,"column":27}},"73":{"start":{"line":220,"column":6},"end":{"line":220,"column":34}},"74":{"start":{"line":228,"column":4},"end":{"line":233,"column":5}},"75":{"start":{"line":229,"column":23},"end":{"line":229,"column":76}},"76":{"start":{"line":230,"column":6},"end":{"line":230,"column":27}},"77":{"start":{"line":232,"column":6},"end":{"line":232,"column":34}},"78":{"start":{"line":240,"column":4},"end":{"line":240,"column":48}},"79":{"start":{"line":247,"column":4},"end":{"line":252,"column":5}},"80":{"start":{"line":248,"column":23},"end":{"line":248,"column":60}},"81":{"start":{"line":249,"column":6},"end":{"line":249,"column":27}},"82":{"start":{"line":251,"column":6},"end":{"line":251,"column":34}}},"fnMap":{"0":{"name":"(anonymous_0)","decl":{"start":{"line":26,"column":10},"end":{"line":26,"column":15}},"loc":{"start":{"line":26,"column":67},"end":{"line":38,"column":3}}},"1":{"name":"(anonymous_1)","decl":{"start":{"line":43,"column":9},"end":{"line":43,"column":14}},"loc":{"start":{"line":43,"column":68},"end":{"line":55,"column":3}}},"2":{"name":"(anonymous_2)","decl":{"start":{"line":60,"column":10},"end":{"line":60,"column":13}},"loc":{"start":{"line":60,"column":15},"end":{"line":63,"column":3}}},"3":{"name":"(anonymous_3)","decl":{"start":{"line":68,"column":16},"end":{"line":68,"column":21}},"loc":{"start":{"line":68,"column":58},"end":{"line":90,"column":3}}},"4":{"name":"(anonymous_4)","decl":{"start":{"line":95,"column":24},"end":{"line":95,"column":29}},"loc":{"start":{"line":95,"column":95},"end":{"line":102,"column":3}}},"5":{"name":"(anonymous_5)","decl":{"start":{"line":107,"column":18},"end":{"line":107,"column":23}},"loc":{"start":{"line":107,"column":90},"end":{"line":114,"column":3}}},"6":{"name":"(anonymous_6)","decl":{"start":{"line":119,"column":14},"end":{"line":119,"column":19}},"loc":{"start":{"line":119,"column":47},"end":{"line":126,"column":3}}},"7":{"name":"(anonymous_7)","decl":{"start":{"line":131,"column":17},"end":{"line":131,"column":22}},"loc":{"start":{"line":131,"column":76},"end":{"line":138,"column":3}}},"8":{"name":"(anonymous_8)","decl":{"start":{"line":143,"column":18},"end":{"line":143,"column":23}},"loc":{"start":{"line":143,"column":55},"end":{"line":150,"column":3}}},"9":{"name":"(anonymous_9)","decl":{"start":{"line":155,"column":21},"end":{"line":155,"column":26}},"loc":{"start":{"line":155,"column":95},"end":{"line":162,"column":3}}},"10":{"name":"(anonymous_10)","decl":{"start":{"line":167,"column":22},"end":{"line":167,"column":27}},"loc":{"start":{"line":167,"column":60},"end":{"line":174,"column":3}}},"11":{"name":"(anonymous_11)","decl":{"start":{"line":179,"column":21},"end":{"line":179,"column":26}},"loc":{"start":{"line":179,"column":93},"end":{"line":186,"column":3}}},"12":{"name":"(anonymous_12)","decl":{"start":{"line":191,"column":24},"end":{"line":191,"column":29}},"loc":{"start":{"line":191,"column":84},"end":{"line":198,"column":3}}},"13":{"name":"(anonymous_13)","decl":{"start":{"line":203,"column":20},"end":{"line":203,"column":25}},"loc":{"start":{"line":203,"column":56},"end":{"line":210,"column":3}}},"14":{"name":"(anonymous_14)","decl":{"start":{"line":215,"column":14},"end":{"line":215,"column":19}},"loc":{"start":{"line":215,"column":81},"end":{"line":222,"column":3}}},"15":{"name":"(anonymous_15)","decl":{"start":{"line":227,"column":17},"end":{"line":227,"column":22}},"loc":{"start":{"line":227,"column":76},"end":{"line":234,"column":3}}},"16":{"name":"(anonymous_16)","decl":{"start":{"line":239,"column":19},"end":{"line":239,"column":31}},"loc":{"start":{"line":239,"column":33},"end":{"line":241,"column":3}}},"17":{"name":"(anonymous_17)","decl":{"start":{"line":246,"column":15},"end":{"line":246,"column":20}},"loc":{"start":{"line":246,"column":42},"end":{"line":253,"column":3}}}},"branchMap":{"0":{"loc":{"start":{"line":30,"column":6},"end":{"line":33,"column":7}},"type":"if","locations":[{"start":{"line":30,"column":6},"end":{"line":33,"column":7}}]},"1":{"loc":{"start":{"line":47,"column":6},"end":{"line":50,"column":7}},"type":"if","locations":[{"start":{"line":47,"column":6},"end":{"line":50,"column":7}}]},"2":{"loc":{"start":{"line":72,"column":6},"end":{"line":74,"column":7}},"type":"if","locations":[{"start":{"line":72,"column":6},"end":{"line":74,"column":7}}]},"3":{"loc":{"start":{"line":79,"column":6},"end":{"line":82,"column":7}},"type":"if","locations":[{"start":{"line":79,"column":6},"end":{"line":82,"column":7}}]}},"s":{"0":0,"1":0,"2":0,"3":0,"4":0,"5":0,"6":0,"7":0,"8":0,"9":0,"10":0,"11":0,"12":0,"13":0,"14":0,"15":0,"16":0,"17":0,"18":0,"19":0,"20":0,"21":0,"22":0,"23":0,"24":0,"25":0,"26":0,"27":0,"28":0,"29":0,"30":0,"31":0,"32":0,"33":0,"34":0,"35":0,"36":0,"37":0,"38":0,"39":0,"40":0,"41":0,"42":0,"43":0,"44":0,"45":0,"46":0,"47":0,"48":0,"49":0,"50":0,"51":0,"52":0,"53":0,"54":0,"55":0,"56":0,"57":0,"58":0,"59":0,"60":0,"61":0,"62":0,"63":0,"64":0,"65":0,"66":0,"67":0,"68":0,"69":0,"70":0,"71":0,"72":0,"73":0,"74":0,"75":0,"76":0,"77":0,"78":0,"79":0,"80":0,"81":0,"82":0},"f":{"0":0,"1":0,"2":0,"3":0,"4":0,"5":0,"6":0,"7":0,"8":0,"9":0,"10":0,"11":0,"12":0,"13":0,"14":0,"15":0,"16":0,"17":0},"b":{"0":[0],"1":[0],"2":[0],"3":[0]}}
,"/Users/rakesh/Desktop/Flyin-4/flyin/src/stories/Button.tsx": {"path":"/Users/rakesh/Desktop/Flyin-4/flyin/src/stories/Button.tsx","statementMap":{"0":{"start":{"line":1,"column":0},"end":{"line":1,"column":26}},"1":{"start":{"line":3,"column":0},"end":{"line":3,"column":22}},"2":{"start":{"line":19,"column":22},"end":{"line":37,"column":1}},"3":{"start":{"line":26,"column":15},"end":{"line":26,"column":84}},"4":{"start":{"line":27,"column":2},"end":{"line":36,"column":4}},"5":{"start":{"line":19,"column":13},"end":{"line":19,"column":22}}},"fnMap":{"0":{"name":"(anonymous_1)","decl":{"start":{"line":19,"column":22},"end":{"line":19,"column":23}},"loc":{"start":{"line":25,"column":18},"end":{"line":37,"column":1}}}},"branchMap":{"0":{"loc":{"start":{"line":20,"column":2},"end":{"line":20,"column":17}},"type":"default-arg","locations":[{"start":{"line":20,"column":12},"end":{"line":20,"column":17}}]},"1":{"loc":{"start":{"line":21,"column":2},"end":{"line":21,"column":17}},"type":"default-arg","locations":[{"start":{"line":21,"column":9},"end":{"line":21,"column":17}}]},"2":{"loc":{"start":{"line":26,"column":15},"end":{"line":26,"column":84}},"type":"cond-expr","locations":[{"start":{"line":26,"column":25},"end":{"line":26,"column":52}},{"start":{"line":26,"column":55},"end":{"line":26,"column":84}}]}},"s":{"0":0,"1":0,"2":0,"3":0,"4":0,"5":0},"f":{"0":0},"b":{"0":[0],"1":[0],"2":[0,0]}}
,"/Users/rakesh/Desktop/Flyin-4/flyin/src/stories/Header.tsx": {"path":"/Users/rakesh/Desktop/Flyin-4/flyin/src/stories/Header.tsx","statementMap":{"0":{"start":{"line":1,"column":0},"end":{"line":1,"column":26}},"1":{"start":{"line":3,"column":0},"end":{"line":3,"column":34}},"2":{"start":{"line":4,"column":0},"end":{"line":4,"column":22}},"3":{"start":{"line":17,"column":22},"end":{"line":55,"column":null}},"4":{"start":{"line":18,"column":2},"end":{"line":54,"column":null}},"5":{"start":{"line":17,"column":13},"end":{"line":17,"column":22}}},"fnMap":{"0":{"name":"(anonymous_1)","decl":{"start":{"line":17,"column":22},"end":{"line":17,"column":23}},"loc":{"start":{"line":18,"column":2},"end":{"line":54,"column":null}}}},"branchMap":{"0":{"loc":{"start":{"line":40,"column":9},"end":{"line":51,"column":null}},"type":"cond-expr","locations":[{"start":{"line":41,"column":10},"end":{"line":45,"column":null}},{"start":{"line":48,"column":10},"end":{"line":50,"column":null}}]}},"s":{"0":0,"1":0,"2":0,"3":0,"4":0,"5":0},"f":{"0":0},"b":{"0":[0,0]}}
,"/Users/rakesh/Desktop/Flyin-4/flyin/src/stories/Page.tsx": {"path":"/Users/rakesh/Desktop/Flyin-4/flyin/src/stories/Page.tsx","statementMap":{"0":{"start":{"line":1,"column":0},"end":{"line":1,"column":26}},"1":{"start":{"line":3,"column":0},"end":{"line":3,"column":34}},"2":{"start":{"line":4,"column":0},"end":{"line":4,"column":20}},"3":{"start":{"line":10,"column":30},"end":{"line":73,"column":1}},"4":{"start":{"line":11,"column":26},"end":{"line":11,"column":48}},"5":{"start":{"line":13,"column":2},"end":{"line":72,"column":4}},"6":{"start":{"line":17,"column":23},"end":{"line":17,"column":52}},"7":{"start":{"line":18,"column":24},"end":{"line":18,"column":42}},"8":{"start":{"line":19,"column":31},"end":{"line":19,"column":60}},"9":{"start":{"line":10,"column":13},"end":{"line":10,"column":30}}},"fnMap":{"0":{"name":"(anonymous_1)","decl":{"start":{"line":10,"column":30},"end":{"line":10,"column":33}},"loc":{"start":{"line":10,"column":35},"end":{"line":73,"column":1}}},"1":{"name":"(anonymous_2)","decl":{"start":{"line":17,"column":17},"end":{"line":17,"column":20}},"loc":{"start":{"line":17,"column":23},"end":{"line":17,"column":52}}},"2":{"name":"(anonymous_3)","decl":{"start":{"line":18,"column":18},"end":{"line":18,"column":21}},"loc":{"start":{"line":18,"column":24},"end":{"line":18,"column":42}}},"3":{"name":"(anonymous_4)","decl":{"start":{"line":19,"column":25},"end":{"line":19,"column":28}},"loc":{"start":{"line":19,"column":31},"end":{"line":19,"column":60}}}},"branchMap":{},"s":{"0":0,"1":0,"2":0,"3":0,"4":0,"5":0,"6":0,"7":0,"8":0,"9":0},"f":{"0":0,"1":0,"2":0,"3":0},"b":{}}
,"/Users/rakesh/Desktop/Flyin-4/flyin/src/testing/test-utils.tsx": {"path":"/Users/rakesh/Desktop/Flyin-4/flyin/src/testing/test-utils.tsx","statementMap":{"0":{"start":{"line":1,"column":0},"end":{"line":1,"column":44}},"1":{"start":{"line":2,"column":0},"end":{"line":2,"column":63}},"2":{"start":{"line":3,"column":0},"end":{"line":3,"column":52}},"3":{"start":{"line":6,"column":24},"end":{"line":12,"column":1}},"4":{"start":{"line":7,"column":2},"end":{"line":11,"column":4}},"5":{"start":{"line":14,"column":21},"end":{"line":22,"column":1}},"6":{"start":{"line":18,"column":2},"end":{"line":21,"column":4}},"7":{"start":{"line":28,"column":25},"end":{"line":28,"column":31}},"8":{"start":{"line":25,"column":0},"end":{"line":25,"column":39}}},"fnMap":{"0":{"name":"(anonymous_5)","decl":{"start":{"line":6,"column":24},"end":{"line":6,"column":25}},"loc":{"start":{"line":6,"column":72},"end":{"line":12,"column":1}}},"1":{"name":"(anonymous_6)","decl":{"start":{"line":14,"column":21},"end":{"line":14,"column":null}},"loc":{"start":{"line":17,"column":4},"end":{"line":22,"column":1}}}},"branchMap":{},"s":{"0":3,"1":3,"2":3,"3":3,"4":0,"5":3,"6":0,"7":3,"8":3},"f":{"0":0,"1":0},"b":{}}
,"/Users/rakesh/Desktop/Flyin-4/flyin/src/translations/index.ts": {"path":"/Users/rakesh/Desktop/Flyin-4/flyin/src/translations/index.ts","statementMap":{"0":{"start":{"line":1,"column":0},"end":{"line":1,"column":51}},"1":{"start":{"line":3,"column":13},"end":{"line":733,"column":2}},"2":{"start":{"line":735,"column":30},"end":{"line":750,"column":1}},"3":{"start":{"line":736,"column":23},"end":{"line":736,"column":36}},"4":{"start":{"line":738,"column":12},"end":{"line":747,"column":3}},"5":{"start":{"line":739,"column":17},"end":{"line":739,"column":31}},"6":{"start":{"line":740,"column":21},"end":{"line":740,"column":72}},"7":{"start":{"line":742,"column":4},"end":{"line":744,"column":5}},"8":{"start":{"line":743,"column":6},"end":{"line":743,"column":25}},"9":{"start":{"line":746,"column":4},"end":{"line":746,"column":24}},"10":{"start":{"line":749,"column":2},"end":{"line":749,"column":15}},"11":{"start":{"line":735,"column":13},"end":{"line":735,"column":30}}},"fnMap":{"0":{"name":"(anonymous_0)","decl":{"start":{"line":735,"column":30},"end":{"line":735,"column":33}},"loc":{"start":{"line":735,"column":35},"end":{"line":750,"column":1}}},"1":{"name":"(anonymous_1)","decl":{"start":{"line":738,"column":12},"end":{"line":738,"column":13}},"loc":{"start":{"line":738,"column":36},"end":{"line":747,"column":3}}}},"branchMap":{"0":{"loc":{"start":{"line":746,"column":11},"end":{"line":746,"column":23}},"type":"binary-expr","locations":[{"start":{"line":746,"column":11},"end":{"line":746,"column":16}},{"start":{"line":746,"column":20},"end":{"line":746,"column":23}}]}},"s":{"0":1,"1":1,"2":1,"3":4,"4":4,"5":0,"6":0,"7":0,"8":0,"9":0,"10":4,"11":1},"f":{"0":4,"1":0},"b":{"0":[0,0]}}
,"/Users/rakesh/Desktop/Flyin-4/flyin/src/utils/airlineLogos.ts": {"path":"/Users/rakesh/Desktop/Flyin-4/flyin/src/utils/airlineLogos.ts","statementMap":{"0":{"start":{"line":1,"column":13},"end":{"line":21,"column":2}},"1":{"start":{"line":23,"column":29},"end":{"line":25,"column":1}},"2":{"start":{"line":24,"column":2},"end":{"line":24,"column":35}},"3":{"start":{"line":27,"column":30},"end":{"line":49,"column":1}},"4":{"start":{"line":28,"column":25},"end":{"line":28,"column":58}},"5":{"start":{"line":31,"column":2},"end":{"line":33,"column":3}},"6":{"start":{"line":32,"column":4},"end":{"line":32,"column":41}},"7":{"start":{"line":36,"column":30},"end":{"line":36,"column":73}},"8":{"start":{"line":37,"column":2},"end":{"line":39,"column":3}},"9":{"start":{"line":38,"column":4},"end":{"line":38,"column":46}},"10":{"start":{"line":42,"column":20},"end":{"line":42,"column":48}},"11":{"start":{"line":43,"column":2},"end":{"line":45,"column":3}},"12":{"start":{"line":44,"column":4},"end":{"line":44,"column":36}},"13":{"start":{"line":48,"column":2},"end":{"line":48,"column":94}},"14":{"start":{"line":27,"column":13},"end":{"line":27,"column":30}}},"fnMap":{"0":{"name":"(anonymous_0)","decl":{"start":{"line":23,"column":29},"end":{"line":23,"column":30}},"loc":{"start":{"line":23,"column":54},"end":{"line":25,"column":1}}},"1":{"name":"(anonymous_1)","decl":{"start":{"line":27,"column":30},"end":{"line":27,"column":31}},"loc":{"start":{"line":27,"column":62},"end":{"line":49,"column":1}}}},"branchMap":{"0":{"loc":{"start":{"line":31,"column":2},"end":{"line":33,"column":3}},"type":"if","locations":[{"start":{"line":31,"column":2},"end":{"line":33,"column":3}}]},"1":{"loc":{"start":{"line":37,"column":2},"end":{"line":39,"column":3}},"type":"if","locations":[{"start":{"line":37,"column":2},"end":{"line":39,"column":3}}]},"2":{"loc":{"start":{"line":43,"column":2},"end":{"line":45,"column":3}},"type":"if","locations":[{"start":{"line":43,"column":2},"end":{"line":45,"column":3}}]}},"s":{"0":1,"1":1,"2":0,"3":1,"4":0,"5":0,"6":0,"7":0,"8":0,"9":0,"10":0,"11":0,"12":0,"13":0,"14":1},"f":{"0":0,"1":0},"b":{"0":[0],"1":[0],"2":[0]}}
,"/Users/rakesh/Desktop/Flyin-4/flyin/src/utils/date-utils.ts": {"path":"/Users/rakesh/Desktop/Flyin-4/flyin/src/utils/date-utils.ts","statementMap":{"0":{"start":{"line":7,"column":0},"end":{"line":7,"column":16}},"1":{"start":{"line":20,"column":0},"end":{"line":20,"column":16}},"2":{"start":{"line":31,"column":0},"end":{"line":31,"column":16}},"3":{"start":{"line":44,"column":0},"end":{"line":44,"column":16}},"4":{"start":{"line":56,"column":0},"end":{"line":56,"column":16}},"5":{"start":{"line":11,"column":2},"end":{"line":11,"column":64}},"6":{"start":{"line":21,"column":19},"end":{"line":21,"column":52}},"7":{"start":{"line":22,"column":19},"end":{"line":22,"column":63}},"8":{"start":{"line":23,"column":2},"end":{"line":23,"column":18}},"9":{"start":{"line":32,"column":16},"end":{"line":32,"column":26}},"10":{"start":{"line":33,"column":2},"end":{"line":33,"column":29}},"11":{"start":{"line":34,"column":2},"end":{"line":34,"column":28}},"12":{"start":{"line":35,"column":2},"end":{"line":35,"column":22}},"13":{"start":{"line":45,"column":17},"end":{"line":45,"column":31}},"14":{"start":{"line":46,"column":2},"end":{"line":46,"column":42}},"15":{"start":{"line":47,"column":2},"end":{"line":47,"column":16}},"16":{"start":{"line":57,"column":2},"end":{"line":69,"column":3}},"17":{"start":{"line":60,"column":4},"end":{"line":61,"column":52}},"18":{"start":{"line":62,"column":9},"end":{"line":69,"column":3}},"19":{"start":{"line":64,"column":4},"end":{"line":65,"column":80}},"20":{"start":{"line":68,"column":4},"end":{"line":68,"column":63}}},"fnMap":{"0":{"name":"formatDate","decl":{"start":{"line":7,"column":16},"end":{"line":7,"column":26}},"loc":{"start":{"line":9,"column":90},"end":{"line":12,"column":1}}},"1":{"name":"getDateDifference","decl":{"start":{"line":20,"column":16},"end":{"line":20,"column":33}},"loc":{"start":{"line":20,"column":58},"end":{"line":24,"column":1}}},"2":{"name":"isDateInPast","decl":{"start":{"line":31,"column":16},"end":{"line":31,"column":28}},"loc":{"start":{"line":31,"column":39},"end":{"line":36,"column":1}}},"3":{"name":"addDays","decl":{"start":{"line":44,"column":16},"end":{"line":44,"column":23}},"loc":{"start":{"line":44,"column":48},"end":{"line":48,"column":1}}},"4":{"name":"formatDateRange","decl":{"start":{"line":56,"column":16},"end":{"line":56,"column":31}},"loc":{"start":{"line":56,"column":62},"end":{"line":70,"column":1}}}},"branchMap":{"0":{"loc":{"start":{"line":9,"column":2},"end":{"line":9,"column":90}},"type":"default-arg","locations":[{"start":{"line":9,"column":40},"end":{"line":9,"column":90}}]},"1":{"loc":{"start":{"line":57,"column":2},"end":{"line":69,"column":3}},"type":"if","locations":[{"start":{"line":57,"column":2},"end":{"line":69,"column":3}},{"start":{"line":62,"column":9},"end":{"line":69,"column":3}}]},"2":{"loc":{"start":{"line":57,"column":6},"end":{"line":58,"column":49}},"type":"binary-expr","locations":[{"start":{"line":57,"column":6},"end":{"line":57,"column":55}},{"start":{"line":58,"column":6},"end":{"line":58,"column":49}}]},"3":{"loc":{"start":{"line":62,"column":9},"end":{"line":69,"column":3}},"type":"if","locations":[{"start":{"line":62,"column":9},"end":{"line":69,"column":3}},{"start":{"line":66,"column":9},"end":{"line":69,"column":3}}]}},"s":{"0":1,"1":1,"2":1,"3":1,"4":1,"5":0,"6":0,"7":0,"8":0,"9":0,"10":0,"11":0,"12":0,"13":0,"14":0,"15":0,"16":0,"17":0,"18":0,"19":0,"20":0},"f":{"0":0,"1":0,"2":0,"3":0,"4":0},"b":{"0":[0],"1":[0,0],"2":[0,0],"3":[0,0]}}
}
