TN:
SF:src/App.tsx
FN:17,App
FN:19,(anonymous_2)
FNF:2
FNH:0
FNDA:0,App
FNDA:0,(anonymous_2)
DA:1,0
DA:2,0
DA:3,0
DA:4,0
DA:5,0
DA:6,0
DA:7,0
DA:8,0
DA:9,0
DA:10,0
DA:11,0
DA:12,0
DA:13,0
DA:14,0
DA:15,0
DA:19,0
DA:21,0
DA:45,0
LF:18
LH:0
BRF:0
BRH:0
end_of_record
TN:
SF:src/app/curation/page.tsx
FN:11,CurationPage
FN:19,(anonymous_2)
FN:25,(anonymous_3)
FN:37,(anonymous_4)
FN:43,(anonymous_5)
FNF:5
FNH:0
FNDA:0,CurationPage
FNDA:0,(anonymous_2)
FNDA:0,(anonymous_3)
FNDA:0,(anonymous_4)
FNDA:0,(anonymous_5)
DA:1,0
DA:2,0
DA:3,0
DA:4,0
DA:5,0
DA:11,0
DA:12,0
DA:13,0
DA:14,0
DA:17,0
DA:18,0
DA:19,0
DA:21,0
DA:25,0
DA:26,0
DA:27,0
DA:28,0
DA:31,0
DA:37,0
DA:43,0
LF:20
LH:0
BRDA:12,0,0,0
BRDA:12,0,1,0
BRDA:21,1,0,0
BRDA:21,1,1,0
BRDA:36,2,0,0
BRDA:36,2,1,0
BRDA:42,3,0,0
BRDA:42,3,1,0
BRDA:48,4,0,0
BRDA:48,4,1,0
BRF:10
BRH:0
end_of_record
TN:
SF:src/components/AnimatedStar.tsx
FN:5,(anonymous_1)
FNF:1
FNH:0
FNDA:0,(anonymous_1)
DA:2,0
DA:3,0
DA:5,0
DA:6,0
DA:16,0
LF:5
LH:0
BRF:0
BRH:0
end_of_record
TN:
SF:src/components/AuthModal.tsx
FN:87,AuthModal
FN:112,(anonymous_7)
FN:118,(anonymous_8)
FN:124,(anonymous_9)
FN:142,(anonymous_10)
FN:191,(anonymous_11)
FN:209,(anonymous_12)
FN:221,(anonymous_13)
FN:237,(anonymous_14)
FN:302,(anonymous_15)
FN:310,(anonymous_16)
FN:326,(anonymous_17)
FN:343,(anonymous_18)
FN:361,(anonymous_19)
FN:379,(anonymous_20)
FN:391,(anonymous_21)
FN:413,(anonymous_22)
FNF:17
FNH:0
FNDA:0,AuthModal
FNDA:0,(anonymous_7)
FNDA:0,(anonymous_8)
FNDA:0,(anonymous_9)
FNDA:0,(anonymous_10)
FNDA:0,(anonymous_11)
FNDA:0,(anonymous_12)
FNDA:0,(anonymous_13)
FNDA:0,(anonymous_14)
FNDA:0,(anonymous_15)
FNDA:0,(anonymous_16)
FNDA:0,(anonymous_17)
FNDA:0,(anonymous_18)
FNDA:0,(anonymous_19)
FNDA:0,(anonymous_20)
FNDA:0,(anonymous_21)
FNDA:0,(anonymous_22)
DA:1,0
DA:2,0
DA:3,0
DA:4,0
DA:5,0
DA:10,0
DA:11,0
DA:19,0
DA:26,0
DA:27,0
DA:28,0
DA:29,0
DA:39,0
DA:45,0
DA:57,0
DA:64,0
DA:87,0
DA:88,0
DA:89,0
DA:91,0
DA:100,0
DA:112,0
DA:113,0
DA:114,0
DA:115,0
DA:118,0
DA:119,0
DA:120,0
DA:121,0
DA:124,0
DA:125,0
DA:129,0
DA:143,0
DA:192,0
DA:210,0
DA:221,0
DA:238,0
DA:303,0
DA:311,0
DA:327,0
DA:344,0
DA:362,0
DA:380,0
DA:391,0
DA:414,0
LF:45
LH:0
BRDA:165,0,0,0
BRDA:165,0,1,0
BRDA:214,1,0,0
BRDA:214,1,1,0
BRDA:224,2,0,0
BRDA:224,2,1,0
BRDA:275,3,0,0
BRDA:275,3,1,0
BRDA:384,4,0,0
BRDA:384,4,1,0
BRDA:394,5,0,0
BRDA:394,5,1,0
BRF:12
BRH:0
end_of_record
TN:
SF:src/components/DualModeSearch.tsx
FN:15,DualModeSearch
FNF:1
FNH:0
FNDA:0,DualModeSearch
DA:1,0
DA:2,0
DA:3,0
DA:4,0
DA:5,0
DA:6,0
DA:7,0
DA:15,0
DA:16,0
DA:17,0
DA:19,0
LF:11
LH:0
BRDA:45,0,0,0
BRDA:45,0,1,0
BRDA:47,1,0,0
BRDA:47,1,1,0
BRF:4
BRH:0
end_of_record
TN:
SF:src/components/FlightSearchForm.tsx
FN:43,FlightSearchForm
FN:64,(anonymous_7)
FN:71,(anonymous_8)
FN:90,(anonymous_9)
FN:103,(anonymous_10)
FN:108,(anonymous_11)
FN:113,(anonymous_12)
FN:114,(anonymous_13)
FN:137,(anonymous_14)
FN:148,(anonymous_15)
FN:166,(anonymous_16)
FN:178,(anonymous_17)
FN:190,(anonymous_18)
FN:239,(anonymous_19)
FN:248,(anonymous_20)
FN:266,(anonymous_21)
FN:275,(anonymous_22)
FN:293,(anonymous_23)
FN:302,(anonymous_24)
FN:323,(anonymous_25)
FN:363,(anonymous_26)
FN:369,(anonymous_27)
FN:372,(anonymous_28)
FN:379,(anonymous_29)
FN:382,(anonymous_30)
FN:385,(anonymous_31)
FN:559,(anonymous_32)
FN:565,(anonymous_33)
FN:568,(anonymous_34)
FN:575,(anonymous_35)
FN:578,(anonymous_36)
FN:581,(anonymous_37)
FN:617,(anonymous_38)
FN:626,(anonymous_39)
FN:644,(anonymous_40)
FN:653,(anonymous_41)
FN:671,(anonymous_42)
FN:680,(anonymous_43)
FN:697,(anonymous_44)
FNF:39
FNH:0
FNDA:0,FlightSearchForm
FNDA:0,(anonymous_7)
FNDA:0,(anonymous_8)
FNDA:0,(anonymous_9)
FNDA:0,(anonymous_10)
FNDA:0,(anonymous_11)
FNDA:0,(anonymous_12)
FNDA:0,(anonymous_13)
FNDA:0,(anonymous_14)
FNDA:0,(anonymous_15)
FNDA:0,(anonymous_16)
FNDA:0,(anonymous_17)
FNDA:0,(anonymous_18)
FNDA:0,(anonymous_19)
FNDA:0,(anonymous_20)
FNDA:0,(anonymous_21)
FNDA:0,(anonymous_22)
FNDA:0,(anonymous_23)
FNDA:0,(anonymous_24)
FNDA:0,(anonymous_25)
FNDA:0,(anonymous_26)
FNDA:0,(anonymous_27)
FNDA:0,(anonymous_28)
FNDA:0,(anonymous_29)
FNDA:0,(anonymous_30)
FNDA:0,(anonymous_31)
FNDA:0,(anonymous_32)
FNDA:0,(anonymous_33)
FNDA:0,(anonymous_34)
FNDA:0,(anonymous_35)
FNDA:0,(anonymous_36)
FNDA:0,(anonymous_37)
FNDA:0,(anonymous_38)
FNDA:0,(anonymous_39)
FNDA:0,(anonymous_40)
FNDA:0,(anonymous_41)
FNDA:0,(anonymous_42)
FNDA:0,(anonymous_43)
FNDA:0,(anonymous_44)
DA:1,0
DA:2,0
DA:4,0
DA:5,0
DA:6,0
DA:7,0
DA:8,0
DA:9,0
DA:11,0
DA:12,0
DA:19,0
DA:21,0
DA:22,0
DA:36,0
DA:43,0
DA:44,0
DA:45,0
DA:46,0
DA:47,0
DA:48,0
DA:49,0
DA:50,0
DA:51,0
DA:56,0
DA:57,0
DA:58,0
DA:59,0
DA:60,0
DA:61,0
DA:64,0
DA:65,0
DA:66,0
DA:67,0
DA:71,0
DA:72,0
DA:74,0
DA:75,0
DA:77,0
DA:87,0
DA:90,0
DA:91,0
DA:92,0
DA:93,0
DA:95,0
DA:96,0
DA:97,0
DA:98,0
DA:99,0
DA:100,0
DA:103,0
DA:104,0
DA:105,0
DA:108,0
DA:109,0
DA:110,0
DA:113,0
DA:114,0
DA:115,0
DA:116,0
DA:117,0
DA:118,0
DA:119,0
DA:120,0
DA:121,0
DA:122,0
DA:125,0
DA:126,0
DA:127,0
DA:128,0
DA:129,0
DA:130,0
DA:133,0
DA:137,0
DA:138,0
DA:139,0
DA:140,0
DA:142,0
DA:143,0
DA:145,0
DA:146,0
DA:148,0
DA:149,0
DA:153,0
DA:156,0
DA:166,0
DA:178,0
DA:190,0
DA:239,0
DA:248,0
DA:266,0
DA:275,0
DA:293,0
DA:302,0
DA:324,0
DA:364,0
DA:365,0
DA:366,0
DA:370,0
DA:372,0
DA:380,0
DA:383,0
DA:385,0
DA:560,0
DA:561,0
DA:562,0
DA:566,0
DA:568,0
DA:576,0
DA:579,0
DA:581,0
DA:617,0
DA:626,0
DA:644,0
DA:653,0
DA:671,0
DA:680,0
DA:698,0
LF:117
LH:0
BRDA:66,0,0,0
BRDA:74,1,0,0
BRDA:74,1,1,0
BRDA:75,2,0,0
BRDA:75,2,1,0
BRDA:91,3,0,0
BRDA:91,4,0,0
BRDA:91,4,1,0
BRDA:116,5,0,0
BRDA:116,5,1,0
BRDA:117,6,0,0
BRDA:117,6,1,0
BRDA:117,7,0,0
BRDA:117,7,1,0
BRDA:119,8,0,0
BRDA:119,8,1,0
BRDA:119,9,0,0
BRDA:119,9,1,0
BRDA:121,10,0,0
BRDA:121,11,0,0
BRDA:121,11,1,0
BRDA:125,12,0,0
BRDA:125,12,1,0
BRDA:125,13,0,0
BRDA:125,13,1,0
BRDA:127,14,0,0
BRDA:127,14,1,0
BRDA:127,15,0,0
BRDA:127,15,1,0
BRDA:129,16,0,0
BRDA:129,17,0,0
BRDA:129,17,1,0
BRDA:139,18,0,0
BRDA:140,19,0,0
BRDA:140,19,1,0
BRDA:142,20,0,0
BRDA:143,21,0,0
BRDA:143,21,1,0
BRDA:145,22,0,0
BRDA:146,23,0,0
BRDA:146,23,1,0
BRDA:149,24,0,0
BRDA:149,24,1,0
BRDA:150,25,0,0
BRDA:150,25,1,0
BRDA:151,26,0,0
BRDA:151,26,1,0
BRDA:152,27,0,0
BRDA:152,27,1,0
BRDA:157,28,0,0
BRDA:157,28,1,0
BRDA:159,29,0,0
BRDA:159,29,1,0
BRDA:160,30,0,0
BRDA:160,30,1,0
BRDA:172,31,0,0
BRDA:172,31,1,0
BRDA:184,32,0,0
BRDA:184,32,1,0
BRDA:199,33,0,0
BRDA:199,33,1,0
BRDA:202,34,0,0
BRDA:202,34,1,0
BRDA:349,35,0,0
BRDA:349,35,1,0
BRDA:354,36,0,0
BRDA:354,36,1,0
BRDA:354,37,0,0
BRDA:354,37,1,0
BRDA:354,38,0,0
BRDA:354,38,1,0
BRDA:354,39,0,0
BRDA:354,39,1,0
BRDA:359,40,0,0
BRDA:359,40,1,0
BRDA:364,41,0,0
BRDA:410,42,0,0
BRDA:410,42,1,0
BRDA:437,43,0,0
BRDA:437,43,1,0
BRDA:481,44,0,0
BRDA:481,44,1,0
BRDA:508,45,0,0
BRDA:508,45,1,0
BRDA:545,46,0,0
BRDA:545,46,1,0
BRDA:549,47,0,0
BRDA:549,47,1,0
BRDA:549,48,0,0
BRDA:549,48,1,0
BRDA:549,49,0,0
BRDA:549,49,1,0
BRDA:549,50,0,0
BRDA:549,50,1,0
BRDA:555,51,0,0
BRDA:555,51,1,0
BRDA:560,52,0,0
BRF:97
BRH:0
end_of_record
TN:
SF:src/components/Footer.tsx
FN:5,(anonymous_1)
FN:71,(anonymous_2)
FN:77,(anonymous_3)
FNF:3
FNH:0
FNDA:0,(anonymous_1)
FNDA:0,(anonymous_2)
FNDA:0,(anonymous_3)
DA:1,0
DA:3,0
DA:5,0
DA:6,0
DA:7,0
DA:9,0
DA:66,0
DA:72,0
DA:78,0
DA:119,0
LF:10
LH:0
BRF:0
BRH:0
end_of_record
TN:
SF:src/components/MyTrips.tsx
FN:42,MyTrips
FN:61,(anonymous_2)
FN:65,(anonymous_3)
FN:97,(anonymous_4)
FN:126,(anonymous_5)
FN:133,(anonymous_6)
FNF:6
FNH:0
FNDA:0,MyTrips
FNDA:0,(anonymous_2)
FNDA:0,(anonymous_3)
FNDA:0,(anonymous_4)
FNDA:0,(anonymous_5)
FNDA:0,(anonymous_6)
DA:2,0
DA:3,0
DA:4,0
DA:8,0
DA:21,0
DA:42,0
DA:43,0
DA:62,0
DA:65,0
DA:98,0
DA:99,0
DA:127,0
DA:133,0
LF:13
LH:0
BRDA:59,0,0,0
BRDA:59,0,1,0
BRDA:121,1,0,0
BRDA:121,1,1,0
BRF:4
BRH:0
end_of_record
TN:
SF:src/components/Navigation.tsx
FN:12,Navigation
FN:28,(anonymous_2)
FN:37,(anonymous_3)
FNF:3
FNH:0
FNDA:0,Navigation
FNDA:0,(anonymous_2)
FNDA:0,(anonymous_3)
DA:2,0
DA:3,0
DA:4,0
DA:12,0
DA:13,0
DA:20,0
DA:29,0
DA:37,0
LF:8
LH:0
BRDA:12,0,0,0
BRDA:24,1,0,0
BRDA:24,1,1,0
BRDA:33,2,0,0
BRDA:33,2,1,0
BRF:5
BRH:0
end_of_record
TN:
SF:src/components/Profile.tsx
FN:7,Profile
FN:95,(anonymous_2)
FNF:2
FNH:0
FNDA:0,Profile
FNDA:0,(anonymous_2)
DA:2,0
DA:3,0
DA:4,0
DA:5,0
DA:7,0
DA:8,0
DA:17,0
DA:96,0
LF:8
LH:0
BRDA:106,0,0,0
BRDA:106,0,1,0
BRF:2
BRH:0
end_of_record
TN:
SF:src/components/SuggestionCard.tsx
FN:15,SuggestionCard
FN:21,(anonymous_2)
FN:35,(anonymous_3)
FN:38,(anonymous_4)
FN:39,(anonymous_5)
FNF:5
FNH:0
FNDA:0,SuggestionCard
FNDA:0,(anonymous_2)
FNDA:0,(anonymous_3)
FNDA:0,(anonymous_4)
FNDA:0,(anonymous_5)
DA:1,0
DA:2,0
DA:3,0
DA:4,0
DA:15,0
DA:16,0
DA:17,0
DA:18,0
DA:21,0
DA:22,0
DA:24,0
DA:26,0
DA:28,0
DA:30,0
DA:35,0
DA:36,0
DA:37,0
DA:38,0
DA:39,0
DA:42,0
LF:20
LH:0
BRDA:22,0,0,0
BRDA:22,0,1,0
BRDA:22,0,2,0
BRDA:22,0,3,0
BRDA:48,1,0,0
BRDA:48,1,1,0
BRDA:50,2,0,0
BRDA:50,2,1,0
BRDA:56,3,0,0
BRDA:56,3,1,0
BRDA:70,4,0,0
BRDA:70,4,1,0
BRDA:86,5,0,0
BRDA:86,5,1,0
BRDA:87,6,0,0
BRDA:87,6,1,0
BRF:16
BRH:0
end_of_record
TN:
SF:src/components/TravelCanvas.tsx
FN:13,(anonymous_7)
FN:20,(anonymous_8)
FN:21,(anonymous_9)
FN:57,TravelCanvas
FN:68,(anonymous_11)
FN:72,(anonymous_12)
FN:75,(anonymous_13)
FN:78,(anonymous_14)
FN:79,(anonymous_15)
FN:84,(anonymous_16)
FN:87,(anonymous_17)
FN:98,(anonymous_18)
FN:102,(anonymous_19)
FN:137,(anonymous_20)
FN:138,(anonymous_21)
FN:139,(anonymous_22)
FN:154,(anonymous_23)
FN:158,(anonymous_24)
FN:167,(anonymous_25)
FN:222,(anonymous_26)
FN:229,(anonymous_27)
FNF:21
FNH:0
FNDA:0,(anonymous_7)
FNDA:0,(anonymous_8)
FNDA:0,(anonymous_9)
FNDA:0,TravelCanvas
FNDA:0,(anonymous_11)
FNDA:0,(anonymous_12)
FNDA:0,(anonymous_13)
FNDA:0,(anonymous_14)
FNDA:0,(anonymous_15)
FNDA:0,(anonymous_16)
FNDA:0,(anonymous_17)
FNDA:0,(anonymous_18)
FNDA:0,(anonymous_19)
FNDA:0,(anonymous_20)
FNDA:0,(anonymous_21)
FNDA:0,(anonymous_22)
FNDA:0,(anonymous_23)
FNDA:0,(anonymous_24)
FNDA:0,(anonymous_25)
FNDA:0,(anonymous_26)
FNDA:0,(anonymous_27)
DA:1,0
DA:2,0
DA:3,0
DA:4,0
DA:5,0
DA:6,0
DA:7,0
DA:8,0
DA:9,0
DA:10,0
DA:13,0
DA:14,0
DA:16,0
DA:20,0
DA:21,0
DA:42,0
DA:50,0
DA:57,0
DA:58,0
DA:59,0
DA:60,0
DA:61,0
DA:62,0
DA:63,0
DA:64,0
DA:65,0
DA:68,0
DA:70,0
DA:71,0
DA:72,0
DA:73,0
DA:75,0
DA:78,0
DA:79,0
DA:83,0
DA:84,0
DA:85,0
DA:87,0
DA:90,0
DA:91,0
DA:92,0
DA:98,0
DA:99,0
DA:102,0
DA:103,0
DA:104,0
DA:105,0
DA:111,0
DA:137,0
DA:138,0
DA:139,0
DA:155,0
DA:156,0
DA:159,0
DA:160,0
DA:161,0
DA:162,0
DA:163,0
DA:164,0
DA:168,0
DA:169,0
DA:170,0
DA:171,0
DA:172,0
DA:173,0
DA:196,0
DA:223,0
DA:229,0
LF:68
LH:0
BRDA:26,0,0,0
BRDA:26,0,1,0
BRDA:34,1,0,0
BRDA:34,1,1,0
BRDA:70,2,0,0
BRDA:70,2,1,0
BRDA:71,3,0,0
BRDA:71,3,1,0
BRDA:83,4,0,0
BRDA:83,4,1,0
BRDA:99,5,0,0
BRDA:99,5,1,0
BRDA:104,6,0,0
BRDA:115,7,0,0
BRDA:115,7,1,0
BRDA:119,8,0,0
BRDA:119,8,1,0
BRDA:134,9,0,0
BRDA:134,9,1,0
BRDA:161,10,0,0
BRDA:164,11,0,0
BRDA:170,12,0,0
BRDA:173,13,0,0
BRF:23
BRH:0
end_of_record
TN:
SF:src/components/TripDetail.tsx
FN:18,TripDetail
FNF:1
FNH:0
FNDA:0,TripDetail
DA:2,0
DA:3,0
DA:4,0
DA:5,0
DA:6,0
DA:7,0
DA:8,0
DA:16,0
DA:18,0
DA:20,0
DA:23,0
DA:25,0
LF:12
LH:0
BRDA:20,0,0,0
BRDA:20,0,1,0
BRDA:20,1,0,0
BRDA:20,1,1,0
BRDA:23,2,0,0
BRDA:23,2,1,0
BRDA:23,3,0,0
BRDA:23,3,1,0
BRDA:29,4,0,0
BRDA:29,4,1,0
BRDA:39,5,0,0
BRDA:39,5,1,0
BRDA:40,6,0,0
BRDA:40,6,1,0
BRDA:40,6,2,0
BRDA:41,7,0,0
BRDA:41,7,1,0
BRDA:45,8,0,0
BRDA:45,8,1,0
BRDA:45,8,2,0
BRDA:47,9,0,0
BRDA:47,9,1,0
BRDA:47,9,2,0
BRDA:48,10,0,0
BRDA:48,10,1,0
BRDA:48,10,2,0
BRDA:49,11,0,0
BRDA:49,11,1,0
BRDA:49,11,2,0
BRDA:50,12,0,0
BRDA:50,12,1,0
BRDA:50,12,2,0
BRDA:55,13,0,0
BRDA:55,13,1,0
BRDA:61,14,0,0
BRDA:61,14,1,0
BRF:36
BRH:0
end_of_record
TN:
SF:src/components/TripProposal.tsx
FN:30,TripProposal
FNF:1
FNH:0
FNDA:0,TripProposal
DA:1,0
DA:2,0
DA:3,0
DA:30,0
DA:31,0
LF:5
LH:0
BRDA:66,0,0,0
BRDA:66,0,1,0
BRDA:80,1,0,0
BRDA:80,1,1,0
BRF:4
BRH:0
end_of_record
TN:
SF:src/components/Booking/BookingPage.tsx
FN:44,(anonymous_7)
FN:47,(anonymous_8)
FN:58,(anonymous_9)
FN:70,(anonymous_10)
FN:80,(anonymous_11)
FN:91,(anonymous_12)
FN:135,(anonymous_13)
FN:142,(anonymous_14)
FN:210,(anonymous_15)
FN:224,(anonymous_16)
FN:228,(anonymous_17)
FN:234,(anonymous_18)
FN:366,(anonymous_19)
FN:386,(anonymous_20)
FN:426,(anonymous_21)
FN:449,(anonymous_22)
FN:449,(anonymous_23)
FN:506,HorizontalProgressBar
FN:510,(anonymous_25)
FN:532,BookingPage
FN:594,(anonymous_27)
FN:699,(anonymous_28)
FN:736,(anonymous_29)
FN:741,(anonymous_30)
FN:746,(anonymous_31)
FN:754,(anonymous_32)
FN:768,(anonymous_33)
FN:780,(anonymous_34)
FN:822,(anonymous_35)
FN:875,(anonymous_36)
FN:892,(anonymous_37)
FN:933,(anonymous_38)
FN:950,(anonymous_39)
FN:984,(anonymous_40)
FN:1001,(anonymous_41)
FN:1042,(anonymous_42)
FN:1059,(anonymous_43)
FN:1101,(anonymous_44)
FN:1154,(anonymous_45)
FN:1207,(anonymous_46)
FN:1260,(anonymous_47)
FN:1313,(anonymous_48)
FN:1323,(anonymous_49)
FN:1331,(anonymous_50)
FN:1345,(anonymous_51)
FN:1373,(anonymous_52)
FN:1390,(anonymous_53)
FN:1432,(anonymous_54)
FN:1450,(anonymous_55)
FN:1462,(anonymous_56)
FN:1479,(anonymous_57)
FN:1510,(anonymous_58)
FN:1527,(anonymous_59)
FN:1569,(anonymous_60)
FN:1587,(anonymous_61)
FN:1599,(anonymous_62)
FN:1616,(anonymous_63)
FN:1647,(anonymous_64)
FN:1664,(anonymous_65)
FN:1706,(anonymous_66)
FN:1724,(anonymous_67)
FN:1736,(anonymous_68)
FN:1753,(anonymous_69)
FN:1773,(anonymous_70)
FN:1778,(anonymous_71)
FN:1786,(anonymous_72)
FN:1800,(anonymous_73)
FN:1886,(anonymous_74)
FN:1894,(anonymous_75)
FNF:69
FNH:0
FNDA:0,(anonymous_7)
FNDA:0,(anonymous_8)
FNDA:0,(anonymous_9)
FNDA:0,(anonymous_10)
FNDA:0,(anonymous_11)
FNDA:0,(anonymous_12)
FNDA:0,(anonymous_13)
FNDA:0,(anonymous_14)
FNDA:0,(anonymous_15)
FNDA:0,(anonymous_16)
FNDA:0,(anonymous_17)
FNDA:0,(anonymous_18)
FNDA:0,(anonymous_19)
FNDA:0,(anonymous_20)
FNDA:0,(anonymous_21)
FNDA:0,(anonymous_22)
FNDA:0,(anonymous_23)
FNDA:0,HorizontalProgressBar
FNDA:0,(anonymous_25)
FNDA:0,BookingPage
FNDA:0,(anonymous_27)
FNDA:0,(anonymous_28)
FNDA:0,(anonymous_29)
FNDA:0,(anonymous_30)
FNDA:0,(anonymous_31)
FNDA:0,(anonymous_32)
FNDA:0,(anonymous_33)
FNDA:0,(anonymous_34)
FNDA:0,(anonymous_35)
FNDA:0,(anonymous_36)
FNDA:0,(anonymous_37)
FNDA:0,(anonymous_38)
FNDA:0,(anonymous_39)
FNDA:0,(anonymous_40)
FNDA:0,(anonymous_41)
FNDA:0,(anonymous_42)
FNDA:0,(anonymous_43)
FNDA:0,(anonymous_44)
FNDA:0,(anonymous_45)
FNDA:0,(anonymous_46)
FNDA:0,(anonymous_47)
FNDA:0,(anonymous_48)
FNDA:0,(anonymous_49)
FNDA:0,(anonymous_50)
FNDA:0,(anonymous_51)
FNDA:0,(anonymous_52)
FNDA:0,(anonymous_53)
FNDA:0,(anonymous_54)
FNDA:0,(anonymous_55)
FNDA:0,(anonymous_56)
FNDA:0,(anonymous_57)
FNDA:0,(anonymous_58)
FNDA:0,(anonymous_59)
FNDA:0,(anonymous_60)
FNDA:0,(anonymous_61)
FNDA:0,(anonymous_62)
FNDA:0,(anonymous_63)
FNDA:0,(anonymous_64)
FNDA:0,(anonymous_65)
FNDA:0,(anonymous_66)
FNDA:0,(anonymous_67)
FNDA:0,(anonymous_68)
FNDA:0,(anonymous_69)
FNDA:0,(anonymous_70)
FNDA:0,(anonymous_71)
FNDA:0,(anonymous_72)
FNDA:0,(anonymous_73)
FNDA:0,(anonymous_74)
FNDA:0,(anonymous_75)
DA:1,0
DA:2,0
DA:3,0
DA:4,0
DA:5,0
DA:6,0
DA:7,0
DA:8,0
DA:9,0
DA:10,0
DA:11,0
DA:12,0
DA:13,0
DA:14,0
DA:15,0
DA:16,0
DA:18,0
DA:25,0
DA:44,0
DA:45,0
DA:46,0
DA:47,0
DA:49,0
DA:58,0
DA:70,0
DA:80,0
DA:92,0
DA:135,0
DA:136,0
DA:142,0
DA:144,0
DA:208,0
DA:211,0
DA:224,0
DA:228,0
DA:235,0
DA:366,0
DA:386,0
DA:387,0
DA:388,0
DA:389,0
DA:390,0
DA:392,0
DA:396,0
DA:426,0
DA:428,0
DA:429,0
DA:449,0
DA:507,0
DA:511,0
DA:512,0
DA:513,0
DA:515,0
DA:532,0
DA:534,0
DA:536,0
DA:537,0
DA:538,0
DA:539,0
DA:542,0
DA:543,0
DA:544,0
DA:545,0
DA:546,0
DA:547,0
DA:548,0
DA:549,0
DA:551,0
DA:552,0
DA:553,0
DA:554,0
DA:555,0
DA:556,0
DA:557,0
DA:558,0
DA:560,0
DA:561,0
DA:562,0
DA:563,0
DA:564,0
DA:565,0
DA:566,0
DA:567,0
DA:570,0
DA:571,0
DA:572,0
DA:575,0
DA:576,0
DA:577,0
DA:578,0
DA:579,0
DA:581,0
DA:594,0
DA:699,0
DA:736,0
DA:741,0
DA:746,0
DA:754,0
DA:768,0
DA:780,0
DA:875,0
DA:892,0
DA:950,0
DA:1001,0
DA:1059,0
DA:1154,0
DA:1207,0
DA:1260,0
DA:1313,0
DA:1323,0
DA:1331,0
DA:1345,0
DA:1374,0
DA:1375,0
DA:1377,0
DA:1378,0
DA:1381,0
DA:1390,0
DA:1432,0
DA:1451,0
DA:1463,0
DA:1464,0
DA:1465,0
DA:1466,0
DA:1480,0
DA:1481,0
DA:1511,0
DA:1512,0
DA:1514,0
DA:1515,0
DA:1518,0
DA:1527,0
DA:1569,0
DA:1588,0
DA:1600,0
DA:1601,0
DA:1602,0
DA:1603,0
DA:1617,0
DA:1618,0
DA:1648,0
DA:1649,0
DA:1651,0
DA:1652,0
DA:1655,0
DA:1664,0
DA:1706,0
DA:1725,0
DA:1737,0
DA:1738,0
DA:1739,0
DA:1740,0
DA:1754,0
DA:1755,0
DA:1773,0
DA:1778,0
DA:1786,0
DA:1800,0
DA:1886,0
DA:1894,0
LF:160
LH:0
BRDA:47,0,0,0
BRDA:47,0,1,0
BRDA:62,1,0,0
BRDA:62,1,1,0
BRDA:72,2,0,0
BRDA:72,2,1,0
BRDA:82,3,0,0
BRDA:82,3,1,0
BRDA:95,4,0,0
BRDA:95,4,1,0
BRDA:105,5,0,0
BRDA:105,5,1,0
BRDA:211,6,0,0
BRDA:211,6,1,0
BRDA:217,7,0,0
BRDA:217,7,1,0
BRDA:235,8,0,0
BRDA:235,8,1,0
BRDA:371,9,0,0
BRDA:372,10,0,0
BRDA:373,11,0,0
BRDA:387,12,0,0
BRDA:387,12,1,0
BRDA:389,13,0,0
BRDA:389,13,1,0
BRDA:405,14,0,0
BRDA:405,14,1,0
BRDA:417,15,0,0
BRDA:417,15,1,0
BRDA:418,16,0,0
BRDA:418,16,1,0
BRDA:451,17,0,0
BRDA:451,17,1,0
BRDA:455,18,0,0
BRDA:455,18,1,0
BRDA:518,19,0,0
BRDA:518,19,1,0
BRDA:518,20,0,0
BRDA:518,20,1,0
BRDA:519,21,0,0
BRDA:519,21,1,0
BRDA:519,22,0,0
BRDA:519,22,1,0
BRDA:521,23,0,0
BRDA:521,23,1,0
BRDA:522,24,0,0
BRDA:522,24,1,0
BRDA:596,25,0,0
BRDA:596,25,1,0
BRDA:697,26,0,0
BRDA:697,26,1,0
BRDA:734,27,0,0
BRDA:734,27,1,0
BRDA:739,28,0,0
BRDA:739,28,1,0
BRDA:744,29,0,0
BRDA:744,29,1,0
BRDA:751,30,0,0
BRDA:751,30,1,0
BRDA:770,31,0,0
BRDA:770,31,1,0
BRDA:1321,32,0,0
BRDA:1321,32,1,0
BRDA:1328,33,0,0
BRDA:1328,33,1,0
BRDA:1347,34,0,0
BRDA:1347,34,1,0
BRDA:1377,35,0,0
BRDA:1381,36,0,0
BRDA:1381,36,1,0
BRDA:1433,37,0,0
BRDA:1433,37,1,0
BRDA:1435,38,0,0
BRDA:1435,38,1,0
BRDA:1514,39,0,0
BRDA:1518,40,0,0
BRDA:1518,40,1,0
BRDA:1570,41,0,0
BRDA:1570,41,1,0
BRDA:1572,42,0,0
BRDA:1572,42,1,0
BRDA:1651,43,0,0
BRDA:1655,44,0,0
BRDA:1655,44,1,0
BRDA:1707,45,0,0
BRDA:1707,45,1,0
BRDA:1709,46,0,0
BRDA:1709,46,1,0
BRDA:1771,47,0,0
BRDA:1771,47,1,0
BRDA:1776,48,0,0
BRDA:1776,48,1,0
BRDA:1783,49,0,0
BRDA:1783,49,1,0
BRDA:1802,50,0,0
BRDA:1802,50,1,0
BRDA:1884,51,0,0
BRDA:1884,51,1,0
BRDA:1891,52,0,0
BRDA:1891,52,1,0
BRF:100
BRH:0
end_of_record
TN:
SF:src/components/Booking/FareRules.tsx
FN:23,(anonymous_1)
FN:29,(anonymous_2)
FN:30,(anonymous_3)
FN:38,(anonymous_4)
FN:49,(anonymous_5)
FN:53,(anonymous_6)
FN:68,(anonymous_7)
FN:97,(anonymous_8)
FNF:8
FNH:0
FNDA:0,(anonymous_1)
FNDA:0,(anonymous_2)
FNDA:0,(anonymous_3)
FNDA:0,(anonymous_4)
FNDA:0,(anonymous_5)
FNDA:0,(anonymous_6)
FNDA:0,(anonymous_7)
FNDA:0,(anonymous_8)
DA:1,0
DA:2,0
DA:23,0
DA:24,0
DA:29,0
DA:30,0
DA:33,0
DA:39,0
DA:50,0
DA:54,0
DA:68,0
DA:97,0
DA:130,0
LF:13
LH:0
BRDA:71,0,0,0
BRDA:71,0,1,0
BRDA:73,1,0,0
BRDA:73,1,1,0
BRDA:100,2,0,0
BRDA:100,2,1,0
BRDA:102,3,0,0
BRDA:102,3,1,0
BRF:8
BRH:0
end_of_record
TN:
SF:src/components/Booking/ItineraryExtras.tsx
FN:3,(anonymous_0)
FNF:1
FNH:0
FNDA:0,(anonymous_0)
DA:3,0
DA:5,0
LF:2
LH:0
BRF:0
BRH:0
end_of_record
TN:
SF:src/components/Booking/TravellerInput.tsx
FN:51,TravellerInput
FN:66,(anonymous_7)
FN:67,(anonymous_8)
FN:79,(anonymous_9)
FN:82,(anonymous_10)
FN:89,(anonymous_11)
FN:101,(anonymous_12)
FN:128,(anonymous_13)
FN:133,(anonymous_14)
FNF:9
FNH:0
FNDA:0,TravellerInput
FNDA:0,(anonymous_7)
FNDA:0,(anonymous_8)
FNDA:0,(anonymous_9)
FNDA:0,(anonymous_10)
FNDA:0,(anonymous_11)
FNDA:0,(anonymous_12)
FNDA:0,(anonymous_13)
FNDA:0,(anonymous_14)
DA:1,0
DA:2,0
DA:3,0
DA:24,0
DA:51,0
DA:60,0
DA:61,0
DA:62,0
DA:63,0
DA:64,0
DA:66,0
DA:67,0
DA:68,0
DA:73,0
DA:74,0
DA:78,0
DA:79,0
DA:82,0
DA:83,0
DA:84,0
DA:85,0
DA:89,0
DA:90,0
DA:91,0
DA:92,0
DA:94,0
DA:95,0
DA:96,0
DA:97,0
DA:101,0
DA:102,0
DA:103,0
DA:104,0
DA:105,0
DA:108,0
DA:129,0
DA:133,0
LF:37
LH:0
BRDA:57,0,0,0
BRDA:58,1,0,0
BRDA:68,2,0,0
BRDA:69,3,0,0
BRDA:69,3,1,0
BRDA:69,3,2,0
BRDA:84,4,0,0
BRDA:84,5,0,0
BRDA:84,5,1,0
BRDA:84,5,2,0
BRDA:94,6,0,0
BRDA:94,6,1,0
BRDA:96,7,0,0
BRDA:96,8,0,0
BRDA:96,8,1,0
BRDA:121,9,0,0
BRDA:121,9,1,0
BRDA:121,9,2,0
BRF:18
BRH:0
end_of_record
TN:
SF:src/components/Payment/PaymentConfirmationPage.tsx
FN:6,(anonymous_1)
FN:106,(anonymous_2)
FN:207,(anonymous_3)
FNF:3
FNH:0
FNDA:0,(anonymous_1)
FNDA:0,(anonymous_2)
FNDA:0,(anonymous_3)
DA:1,0
DA:2,0
DA:3,0
DA:4,0
DA:6,0
DA:7,0
DA:10,0
DA:74,0
DA:106,0
DA:208,0
DA:245,0
LF:11
LH:0
BRF:0
BRH:0
end_of_record
TN:
SF:src/components/Payment/PaymentPage.tsx
FN:10,(anonymous_7)
FN:42,(anonymous_8)
FN:53,(anonymous_9)
FN:70,(anonymous_10)
FN:80,(anonymous_11)
FN:146,(anonymous_12)
FN:160,(anonymous_13)
FN:303,(anonymous_14)
FNF:8
FNH:0
FNDA:0,(anonymous_7)
FNDA:0,(anonymous_8)
FNDA:0,(anonymous_9)
FNDA:0,(anonymous_10)
FNDA:0,(anonymous_11)
FNDA:0,(anonymous_12)
FNDA:0,(anonymous_13)
FNDA:0,(anonymous_14)
DA:1,0
DA:2,0
DA:3,0
DA:4,0
DA:5,0
DA:6,0
DA:7,0
DA:8,0
DA:10,0
DA:11,0
DA:12,0
DA:13,0
DA:14,0
DA:15,0
DA:18,0
DA:27,0
DA:42,0
DA:53,0
DA:71,0
DA:80,0
DA:146,0
DA:160,0
DA:303,0
DA:315,0
LF:24
LH:0
BRDA:44,0,0,0
BRDA:44,0,1,0
BRDA:55,1,0,0
BRDA:55,1,1,0
BRDA:65,2,0,0
BRDA:65,2,1,0
BRDA:68,3,0,0
BRDA:68,3,1,0
BRDA:139,4,0,0
BRDA:139,4,1,0
BRDA:149,5,0,0
BRDA:149,5,1,0
BRDA:179,6,0,0
BRDA:179,6,1,0
BRF:14
BRH:0
end_of_record
TN:
SF:src/components/TripCuration/AIInsights.tsx
FN:11,(anonymous_6)
FN:12,(anonymous_7)
FN:25,(anonymous_8)
FN:50,AIInsights
FN:53,(anonymous_10)
FN:55,(anonymous_11)
FN:58,(anonymous_12)
FN:66,(anonymous_13)
FNF:8
FNH:0
FNDA:0,(anonymous_6)
FNDA:0,(anonymous_7)
FNDA:0,(anonymous_8)
FNDA:0,AIInsights
FNDA:0,(anonymous_10)
FNDA:0,(anonymous_11)
FNDA:0,(anonymous_12)
FNDA:0,(anonymous_13)
DA:1,0
DA:2,0
DA:3,0
DA:11,0
DA:12,0
DA:13,0
DA:15,0
DA:17,0
DA:19,0
DA:21,0
DA:25,0
DA:26,0
DA:28,0
DA:30,0
DA:32,0
DA:34,0
DA:38,0
DA:50,0
DA:51,0
DA:53,0
DA:55,0
DA:56,0
DA:58,0
DA:61,0
DA:67,0
LF:25
LH:0
BRDA:13,0,0,0
BRDA:13,0,1,0
BRDA:13,0,2,0
BRDA:13,0,3,0
BRDA:26,1,0,0
BRDA:26,1,1,0
BRDA:26,1,2,0
BRDA:26,1,3,0
BRF:8
BRH:0
end_of_record
TN:
SF:src/components/TripCuration/ActivitiesSheet.tsx
FN:14,(anonymous_1)
FN:20,(anonymous_2)
FN:22,(anonymous_3)
FN:50,(anonymous_4)
FN:60,(anonymous_5)
FN:69,(anonymous_6)
FNF:6
FNH:0
FNDA:0,(anonymous_1)
FNDA:0,(anonymous_2)
FNDA:0,(anonymous_3)
FNDA:0,(anonymous_4)
FNDA:0,(anonymous_5)
FNDA:0,(anonymous_6)
DA:2,0
DA:3,0
DA:4,0
DA:5,0
DA:6,0
DA:7,0
DA:14,0
DA:15,0
DA:20,0
DA:21,0
DA:22,0
DA:24,0
DA:27,0
DA:32,0
DA:51,0
DA:60,0
DA:70,0
DA:81,0
LF:18
LH:0
BRDA:21,0,0,0
BRDA:21,0,1,0
BRDA:27,1,0,0
BRDA:27,1,1,0
BRDA:53,2,0,0
BRDA:53,2,1,0
BRDA:55,3,0,0
BRDA:55,3,1,0
BRF:8
BRH:0
end_of_record
TN:
SF:src/components/TripCuration/AiMessage.tsx
FN:10,(anonymous_1)
FNF:1
FNH:0
FNDA:0,(anonymous_1)
DA:2,0
DA:10,0
DA:11,0
DA:25,0
LF:4
LH:0
BRDA:13,0,0,0
BRDA:13,0,1,0
BRF:2
BRH:0
end_of_record
TN:
SF:src/components/TripCuration/AlternativeDatesPopover.tsx
FN:13,(anonymous_1)
FN:30,(anonymous_2)
FN:35,(anonymous_3)
FN:44,(anonymous_4)
FNF:4
FNH:0
FNDA:0,(anonymous_1)
FNDA:0,(anonymous_2)
FNDA:0,(anonymous_3)
FNDA:0,(anonymous_4)
DA:2,0
DA:3,0
DA:4,0
DA:5,0
DA:6,0
DA:13,0
DA:14,0
DA:31,0
DA:35,0
DA:45,0
DA:57,0
LF:11
LH:0
BRF:0
BRH:0
end_of_record
TN:
SF:src/components/TripCuration/BudgetSheet.tsx
FN:12,(anonymous_1)
FN:13,(anonymous_2)
FN:45,(anonymous_3)
FN:52,(anonymous_4)
FN:59,(anonymous_5)
FN:66,(anonymous_6)
FN:75,(anonymous_7)
FNF:7
FNH:0
FNDA:0,(anonymous_1)
FNDA:0,(anonymous_2)
FNDA:0,(anonymous_3)
FNDA:0,(anonymous_4)
FNDA:0,(anonymous_5)
FNDA:0,(anonymous_6)
FNDA:0,(anonymous_7)
DA:1,0
DA:2,0
DA:3,0
DA:4,0
DA:5,0
DA:12,0
DA:13,0
DA:14,0
DA:15,0
DA:20,0
DA:45,0
DA:52,0
DA:59,0
DA:66,0
DA:76,0
DA:87,0
LF:16
LH:0
BRF:0
BRH:0
end_of_record
TN:
SF:src/components/TripCuration/ChatInput.tsx
FN:23,(anonymous_6)
FN:27,(anonymous_7)
FN:28,(anonymous_8)
FN:29,(anonymous_9)
FN:35,(anonymous_10)
FN:38,(anonymous_11)
FN:68,(anonymous_12)
FN:69,(anonymous_13)
FN:70,(anonymous_14)
FNF:9
FNH:0
FNDA:0,(anonymous_6)
FNDA:0,(anonymous_7)
FNDA:0,(anonymous_8)
FNDA:0,(anonymous_9)
FNDA:0,(anonymous_10)
FNDA:0,(anonymous_11)
FNDA:0,(anonymous_12)
FNDA:0,(anonymous_13)
FNDA:0,(anonymous_14)
DA:1,0
DA:2,0
DA:3,0
DA:4,0
DA:5,0
DA:14,0
DA:23,0
DA:24,0
DA:25,0
DA:27,0
DA:28,0
DA:29,0
DA:30,0
DA:31,0
DA:35,0
DA:38,0
DA:39,0
DA:40,0
DA:44,0
DA:68,0
DA:69,0
DA:70,0
DA:87,0
LF:23
LH:0
BRDA:39,0,0,0
BRDA:39,1,0,0
BRDA:39,1,1,0
BRDA:48,2,0,0
BRDA:48,2,1,0
BRDA:50,3,0,0
BRDA:50,3,1,0
BRDA:65,4,0,0
BRDA:65,4,1,0
BRF:9
BRH:0
end_of_record
TN:
SF:src/components/TripCuration/FareSelectionModal.tsx
FN:26,getFareOptions
FN:92,featureMatch
FN:94,(anonymous_8)
FN:104,(anonymous_9)
FN:114,(anonymous_10)
FN:116,(anonymous_11)
FN:116,(anonymous_12)
FN:139,(anonymous_13)
FN:140,(anonymous_14)
FN:176,(anonymous_15)
FN:177,(anonymous_16)
FN:195,(anonymous_17)
FN:206,(anonymous_18)
FN:232,(anonymous_19)
FN:259,(anonymous_20)
FN:264,(anonymous_21)
FN:316,(anonymous_22)
FN:360,(anonymous_23)
FN:386,(anonymous_24)
FN:412,(anonymous_25)
FN:438,(anonymous_26)
FN:495,(anonymous_27)
FNF:22
FNH:0
FNDA:0,getFareOptions
FNDA:0,featureMatch
FNDA:0,(anonymous_8)
FNDA:0,(anonymous_9)
FNDA:0,(anonymous_10)
FNDA:0,(anonymous_11)
FNDA:0,(anonymous_12)
FNDA:0,(anonymous_13)
FNDA:0,(anonymous_14)
FNDA:0,(anonymous_15)
FNDA:0,(anonymous_16)
FNDA:0,(anonymous_17)
FNDA:0,(anonymous_18)
FNDA:0,(anonymous_19)
FNDA:0,(anonymous_20)
FNDA:0,(anonymous_21)
FNDA:0,(anonymous_22)
FNDA:0,(anonymous_23)
FNDA:0,(anonymous_24)
FNDA:0,(anonymous_25)
FNDA:0,(anonymous_26)
FNDA:0,(anonymous_27)
DA:1,0
DA:2,0
DA:3,0
DA:4,0
DA:5,0
DA:6,0
DA:7,0
DA:9,0
DA:17,0
DA:28,0
DA:94,0
DA:104,0
DA:105,0
DA:106,0
DA:114,0
DA:115,0
DA:116,0
DA:120,0
DA:123,0
DA:139,0
DA:140,0
DA:149,0
DA:150,0
DA:153,0
DA:163,0
DA:173,0
DA:174,0
DA:176,0
DA:177,0
DA:178,0
DA:180,0
DA:190,0
DA:194,0
DA:195,0
DA:206,0
DA:232,0
DA:260,0
DA:264,0
DA:317,0
DA:361,0
DA:362,0
DA:387,0
DA:388,0
DA:413,0
DA:414,0
DA:439,0
DA:440,0
DA:495,0
DA:511,0
LF:49
LH:0
BRDA:94,0,0,0
BRDA:94,0,1,0
BRDA:95,1,0,0
BRDA:95,1,1,0
BRDA:96,2,0,0
BRDA:96,2,1,0
BRDA:97,3,0,0
BRDA:97,3,1,0
BRDA:98,4,0,0
BRDA:98,4,1,0
BRDA:99,5,0,0
BRDA:99,5,1,0
BRDA:105,6,0,0
BRDA:120,7,0,0
BRDA:120,7,1,0
BRDA:120,7,2,0
BRDA:173,8,0,0
BRDA:173,8,1,0
BRDA:174,9,0,0
BRDA:174,9,1,0
BRDA:178,10,0,0
BRDA:184,11,0,0
BRDA:184,11,1,0
BRDA:185,12,0,0
BRDA:185,12,1,0
BRDA:186,13,0,0
BRDA:186,13,1,0
BRDA:187,14,0,0
BRDA:187,14,1,0
BRDA:195,15,0,0
BRDA:195,15,1,0
BRDA:202,16,0,0
BRDA:202,16,1,0
BRDA:205,17,0,0
BRDA:205,17,1,0
BRDA:205,18,0,0
BRDA:205,18,1,0
BRDA:212,19,0,0
BRDA:212,19,1,0
BRDA:218,20,0,0
BRDA:218,20,1,0
BRDA:221,21,0,0
BRDA:221,21,1,0
BRDA:223,22,0,0
BRDA:223,22,1,0
BRDA:223,23,0,0
BRDA:223,23,1,0
BRDA:224,24,0,0
BRDA:224,24,1,0
BRDA:226,25,0,0
BRDA:226,25,1,0
BRDA:226,26,0,0
BRDA:226,26,1,0
BRDA:226,27,0,0
BRDA:226,27,1,0
BRDA:231,28,0,0
BRDA:231,28,1,0
BRDA:231,29,0,0
BRDA:231,29,1,0
BRDA:238,30,0,0
BRDA:238,30,1,0
BRDA:244,31,0,0
BRDA:244,31,1,0
BRDA:247,32,0,0
BRDA:247,32,1,0
BRDA:249,33,0,0
BRDA:249,33,1,0
BRDA:249,34,0,0
BRDA:249,34,1,0
BRDA:250,35,0,0
BRDA:250,35,1,0
BRDA:252,36,0,0
BRDA:252,36,1,0
BRDA:252,37,0,0
BRDA:252,37,1,0
BRDA:252,38,0,0
BRDA:252,38,1,0
BRDA:319,39,0,0
BRDA:319,39,1,0
BRDA:328,40,0,0
BRDA:328,40,1,0
BRDA:350,41,0,0
BRDA:350,41,1,0
BRDA:350,42,0,0
BRDA:350,42,1,0
BRDA:357,43,0,0
BRDA:357,43,1,0
BRDA:359,44,0,0
BRDA:359,44,1,0
BRDA:359,45,0,0
BRDA:359,45,1,0
BRDA:365,46,0,0
BRDA:365,46,1,0
BRDA:365,47,0,0
BRDA:365,47,1,0
BRDA:370,48,0,0
BRDA:370,48,1,0
BRDA:370,49,0,0
BRDA:370,49,1,0
BRDA:376,50,0,0
BRDA:376,50,1,0
BRDA:376,51,0,0
BRDA:376,51,1,0
BRDA:383,52,0,0
BRDA:383,52,1,0
BRDA:385,53,0,0
BRDA:385,53,1,0
BRDA:385,54,0,0
BRDA:385,54,1,0
BRDA:391,55,0,0
BRDA:391,55,1,0
BRDA:391,56,0,0
BRDA:391,56,1,0
BRDA:396,57,0,0
BRDA:396,57,1,0
BRDA:396,58,0,0
BRDA:396,58,1,0
BRDA:402,59,0,0
BRDA:402,59,1,0
BRDA:402,60,0,0
BRDA:402,60,1,0
BRDA:409,61,0,0
BRDA:409,61,1,0
BRDA:411,62,0,0
BRDA:411,62,1,0
BRDA:411,63,0,0
BRDA:411,63,1,0
BRDA:417,64,0,0
BRDA:417,64,1,0
BRDA:417,65,0,0
BRDA:417,65,1,0
BRDA:422,66,0,0
BRDA:422,66,1,0
BRDA:422,67,0,0
BRDA:422,67,1,0
BRDA:428,68,0,0
BRDA:428,68,1,0
BRDA:428,69,0,0
BRDA:428,69,1,0
BRDA:435,70,0,0
BRDA:435,70,1,0
BRDA:437,71,0,0
BRDA:437,71,1,0
BRDA:437,72,0,0
BRDA:437,72,1,0
BRDA:443,73,0,0
BRDA:443,73,1,0
BRDA:443,74,0,0
BRDA:443,74,1,0
BRDA:448,75,0,0
BRDA:448,75,1,0
BRDA:448,76,0,0
BRDA:448,76,1,0
BRDA:453,77,0,0
BRDA:453,77,1,0
BRDA:460,78,0,0
BRDA:460,78,1,0
BRDA:474,79,0,0
BRDA:474,79,1,0
BRDA:483,80,0,0
BRDA:483,80,1,0
BRDA:495,81,0,0
BRDA:495,81,1,0
BRF:163
BRH:0
end_of_record
TN:
SF:src/components/TripCuration/FilterChips.tsx
FN:24,(anonymous_7)
FN:26,(anonymous_8)
FN:34,(anonymous_9)
FN:44,(anonymous_10)
FN:50,(anonymous_11)
FN:51,(anonymous_12)
FN:54,(anonymous_13)
FN:56,(anonymous_14)
FN:64,(anonymous_15)
FN:78,(anonymous_16)
FN:146,(anonymous_17)
FN:163,(anonymous_18)
FN:178,(anonymous_19)
FN:193,(anonymous_20)
FN:213,(anonymous_21)
FN:239,(anonymous_22)
FN:255,(anonymous_23)
FN:259,(anonymous_24)
FN:274,(anonymous_25)
FN:278,(anonymous_26)
FN:305,(anonymous_27)
FN:309,(anonymous_28)
FN:336,(anonymous_29)
FN:340,(anonymous_30)
FN:367,(anonymous_31)
FN:371,(anonymous_32)
FN:398,(anonymous_33)
FN:402,(anonymous_34)
FN:429,(anonymous_35)
FN:433,(anonymous_36)
FN:460,(anonymous_37)
FN:464,(anonymous_38)
FN:516,(anonymous_39)
FN:518,(anonymous_40)
FN:527,(anonymous_41)
FN:529,(anonymous_42)
FN:550,(anonymous_43)
FN:648,(anonymous_44)
FN:681,(anonymous_45)
FN:683,(anonymous_46)
FN:692,(anonymous_47)
FN:694,(anonymous_48)
FN:727,(anonymous_49)
FN:748,(anonymous_50)
FN:788,(anonymous_51)
FNF:45
FNH:0
FNDA:0,(anonymous_7)
FNDA:0,(anonymous_8)
FNDA:0,(anonymous_9)
FNDA:0,(anonymous_10)
FNDA:0,(anonymous_11)
FNDA:0,(anonymous_12)
FNDA:0,(anonymous_13)
FNDA:0,(anonymous_14)
FNDA:0,(anonymous_15)
FNDA:0,(anonymous_16)
FNDA:0,(anonymous_17)
FNDA:0,(anonymous_18)
FNDA:0,(anonymous_19)
FNDA:0,(anonymous_20)
FNDA:0,(anonymous_21)
FNDA:0,(anonymous_22)
FNDA:0,(anonymous_23)
FNDA:0,(anonymous_24)
FNDA:0,(anonymous_25)
FNDA:0,(anonymous_26)
FNDA:0,(anonymous_27)
FNDA:0,(anonymous_28)
FNDA:0,(anonymous_29)
FNDA:0,(anonymous_30)
FNDA:0,(anonymous_31)
FNDA:0,(anonymous_32)
FNDA:0,(anonymous_33)
FNDA:0,(anonymous_34)
FNDA:0,(anonymous_35)
FNDA:0,(anonymous_36)
FNDA:0,(anonymous_37)
FNDA:0,(anonymous_38)
FNDA:0,(anonymous_39)
FNDA:0,(anonymous_40)
FNDA:0,(anonymous_41)
FNDA:0,(anonymous_42)
FNDA:0,(anonymous_43)
FNDA:0,(anonymous_44)
FNDA:0,(anonymous_45)
FNDA:0,(anonymous_46)
FNDA:0,(anonymous_47)
FNDA:0,(anonymous_48)
FNDA:0,(anonymous_49)
FNDA:0,(anonymous_50)
FNDA:0,(anonymous_51)
DA:1,0
DA:2,0
DA:4,0
DA:6,0
DA:7,0
DA:8,0
DA:9,0
DA:10,0
DA:11,0
DA:24,0
DA:27,0
DA:36,0
DA:37,0
DA:38,0
DA:39,0
DA:40,0
DA:41,0
DA:42,0
DA:44,0
DA:45,0
DA:46,0
DA:50,0
DA:51,0
DA:54,0
DA:55,0
DA:56,0
DA:57,0
DA:59,0
DA:60,0
DA:64,0
DA:65,0
DA:66,0
DA:67,0
DA:68,0
DA:69,0
DA:72,0
DA:79,0
DA:147,0
DA:148,0
DA:163,0
DA:178,0
DA:193,0
DA:214,0
DA:215,0
DA:240,0
DA:241,0
DA:256,0
DA:257,0
DA:259,0
DA:275,0
DA:276,0
DA:278,0
DA:306,0
DA:307,0
DA:309,0
DA:337,0
DA:338,0
DA:340,0
DA:368,0
DA:369,0
DA:371,0
DA:399,0
DA:400,0
DA:402,0
DA:430,0
DA:431,0
DA:433,0
DA:461,0
DA:462,0
DA:464,0
DA:517,0
DA:518,0
DA:528,0
DA:529,0
DA:551,0
DA:649,0
DA:650,0
DA:651,0
DA:682,0
DA:683,0
DA:693,0
DA:694,0
DA:727,0
DA:749,0
DA:788,0
DA:794,0
LF:86
LH:0
BRDA:25,0,0,0
BRDA:26,1,0,0
BRDA:33,2,0,0
BRDA:34,3,0,0
BRDA:45,4,0,0
BRDA:45,5,0,0
BRDA:45,5,1,0
BRDA:55,6,0,0
BRDA:55,6,1,0
BRDA:159,7,0,0
BRDA:159,7,1,0
BRDA:168,8,0,0
BRDA:168,8,1,0
BRDA:174,9,0,0
BRDA:174,9,1,0
BRDA:183,10,0,0
BRDA:183,10,1,0
BRDA:189,11,0,0
BRDA:189,11,1,0
BRDA:198,12,0,0
BRDA:198,12,1,0
BRDA:214,13,0,0
BRDA:215,14,0,0
BRDA:256,15,0,0
BRDA:256,15,1,0
BRDA:275,16,0,0
BRDA:275,16,1,0
BRDA:306,17,0,0
BRDA:306,17,1,0
BRDA:337,18,0,0
BRDA:337,18,1,0
BRDA:368,19,0,0
BRDA:368,19,1,0
BRDA:399,20,0,0
BRDA:399,20,1,0
BRDA:430,21,0,0
BRDA:430,21,1,0
BRDA:461,22,0,0
BRDA:461,22,1,0
BRF:39
BRH:0
end_of_record
TN:
SF:src/components/TripCuration/FlightInsights.tsx
FN:11,(anonymous_1)
FN:12,(anonymous_2)
FN:27,(anonymous_3)
FN:54,FlightInsights
FN:62,(anonymous_5)
FNF:5
FNH:0
FNDA:0,(anonymous_1)
FNDA:0,(anonymous_2)
FNDA:0,(anonymous_3)
FNDA:0,FlightInsights
FNDA:0,(anonymous_5)
DA:2,0
DA:3,0
DA:4,0
DA:11,0
DA:12,0
DA:13,0
DA:15,0
DA:17,0
DA:19,0
DA:21,0
DA:23,0
DA:27,0
DA:28,0
DA:30,0
DA:32,0
DA:34,0
DA:36,0
DA:38,0
DA:42,0
DA:54,0
DA:55,0
DA:56,0
DA:63,0
LF:23
LH:0
BRDA:13,0,0,0
BRDA:13,0,1,0
BRDA:13,0,2,0
BRDA:13,0,3,0
BRDA:13,0,4,0
BRDA:28,1,0,0
BRDA:28,1,1,0
BRDA:28,1,2,0
BRDA:28,1,3,0
BRDA:28,1,4,0
BRDA:61,2,0,0
BRDA:61,2,1,0
BRDA:61,3,0,0
BRDA:61,3,1,0
BRF:14
BRH:0
end_of_record
TN:
SF:src/components/TripCuration/FlightMap.tsx
FN:21,FlightMap
FNF:1
FNH:0
FNDA:0,FlightMap
DA:1,0
DA:2,0
DA:3,0
DA:4,0
DA:7,0
DA:8,0
DA:21,0
DA:28,0
DA:33,0
LF:9
LH:0
BRF:0
BRH:0
end_of_record
TN:
SF:src/components/TripCuration/FlightOptionsSelector.tsx
FN:27,(anonymous_1)
FN:31,(anonymous_2)
FN:57,(anonymous_3)
FN:77,(anonymous_4)
FN:82,(anonymous_5)
FN:97,(anonymous_6)
FN:102,(anonymous_7)
FNF:7
FNH:0
FNDA:0,(anonymous_1)
FNDA:0,(anonymous_2)
FNDA:0,(anonymous_3)
FNDA:0,(anonymous_4)
FNDA:0,(anonymous_5)
FNDA:0,(anonymous_6)
FNDA:0,(anonymous_7)
DA:1,0
DA:2,0
DA:27,0
DA:28,0
DA:31,0
DA:36,0
DA:57,0
DA:65,0
DA:78,0
DA:82,0
DA:98,0
DA:102,0
DA:111,0
LF:13
LH:0
BRDA:38,0,0,0
BRDA:38,0,1,0
BRDA:46,1,0,0
BRDA:46,1,1,0
BRDA:51,2,0,0
BRDA:51,2,1,0
BRF:6
BRH:0
end_of_record
TN:
SF:src/components/TripCuration/FlightResultCard.tsx
FN:43,(anonymous_6)
FN:55,(anonymous_7)
FN:69,(anonymous_8)
FN:97,FlightResultCard
FN:103,(anonymous_10)
FN:124,(anonymous_11)
FN:132,(anonymous_12)
FN:150,(anonymous_13)
FN:154,(anonymous_14)
FN:155,(anonymous_15)
FN:159,(anonymous_16)
FN:163,(anonymous_17)
FN:169,(anonymous_18)
FN:174,(anonymous_19)
FN:182,(anonymous_20)
FN:316,(anonymous_21)
FNF:16
FNH:6
FNDA:0,(anonymous_6)
FNDA:0,(anonymous_7)
FNDA:4,(anonymous_8)
FNDA:4,FlightResultCard
FNDA:8,(anonymous_10)
FNDA:0,(anonymous_11)
FNDA:4,(anonymous_12)
FNDA:4,(anonymous_13)
FNDA:0,(anonymous_14)
FNDA:0,(anonymous_15)
FNDA:0,(anonymous_16)
FNDA:0,(anonymous_17)
FNDA:0,(anonymous_18)
FNDA:0,(anonymous_19)
FNDA:4,(anonymous_20)
FNDA:0,(anonymous_21)
DA:1,1
DA:2,1
DA:3,1
DA:5,1
DA:6,1
DA:7,1
DA:8,1
DA:9,1
DA:10,1
DA:11,1
DA:43,1
DA:44,0
DA:55,1
DA:56,0
DA:69,1
DA:70,4
DA:73,4
DA:74,4
DA:76,4
DA:77,4
DA:78,4
DA:80,4
DA:81,0
DA:86,4
DA:87,4
DA:94,0
DA:97,1
DA:98,4
DA:99,4
DA:100,4
DA:103,4
DA:104,8
DA:106,2
DA:107,2
DA:109,2
DA:112,2
DA:120,4
DA:121,4
DA:124,4
DA:125,0
DA:126,0
DA:127,0
DA:128,0
DA:132,4
DA:133,4
DA:134,0
DA:143,0
DA:145,4
DA:146,4
DA:147,4
DA:148,4
DA:150,4
DA:151,4
DA:152,0
DA:153,0
DA:154,0
DA:155,0
DA:159,4
DA:160,0
DA:163,4
DA:164,0
DA:166,0
DA:169,4
DA:170,0
DA:171,0
DA:174,4
DA:175,0
DA:179,4
DA:182,4
DA:183,4
DA:185,4
DA:186,4
DA:187,4
DA:189,4
DA:198,4
DA:201,0
DA:204,4
DA:206,4
DA:317,0
DA:318,0
LF:80
LH:57
BRDA:70,0,0,0
BRDA:74,1,0,0
BRDA:77,2,0,4
BRDA:77,2,1,0
BRDA:80,3,0,0
BRDA:80,3,1,4
BRDA:86,4,0,4
BRDA:97,5,0,4
BRDA:104,6,0,6
BRDA:104,7,0,8
BRDA:104,7,1,6
BRDA:109,8,0,0
BRDA:109,9,0,2
BRDA:109,9,1,2
BRDA:113,10,0,2
BRDA:113,10,1,0
BRDA:113,10,2,0
BRDA:113,10,3,0
BRDA:113,10,4,0
BRDA:125,11,0,0
BRDA:128,12,0,0
BRDA:128,12,1,0
BRDA:133,13,0,4
BRDA:143,14,0,0
BRDA:143,14,1,0
BRDA:151,15,0,0
BRDA:183,16,0,4
BRDA:186,17,0,4
BRDA:198,18,0,4
BRDA:198,18,1,0
BRDA:211,19,0,0
BRDA:211,19,1,4
BRDA:212,20,0,0
BRDA:212,20,1,4
BRDA:221,21,0,4
BRDA:221,21,1,0
BRDA:221,22,0,4
BRDA:221,22,1,4
BRDA:231,23,0,0
BRDA:231,23,1,0
BRDA:244,24,0,4
BRDA:244,24,1,4
BRDA:261,25,0,4
BRDA:261,25,1,1
BRDA:266,26,0,4
BRDA:266,26,1,1
BRDA:281,27,0,4
BRDA:281,27,1,1
BRDA:286,28,0,4
BRDA:286,28,1,1
BRDA:296,29,0,0
BRDA:296,29,1,4
BRDA:296,30,0,0
BRDA:296,30,1,4
BRF:54
BRH:31
end_of_record
TN:
SF:src/components/TripCuration/FlightTimings.tsx
FN:29,FlightTimings
FN:46,(anonymous_2)
FN:51,(anonymous_3)
FN:56,(anonymous_4)
FN:80,(anonymous_5)
FN:85,(anonymous_6)
FN:93,(anonymous_7)
FN:98,(anonymous_8)
FNF:8
FNH:0
FNDA:0,FlightTimings
FNDA:0,(anonymous_2)
FNDA:0,(anonymous_3)
FNDA:0,(anonymous_4)
FNDA:0,(anonymous_5)
FNDA:0,(anonymous_6)
FNDA:0,(anonymous_7)
FNDA:0,(anonymous_8)
DA:1,0
DA:2,0
DA:3,0
DA:4,0
DA:22,0
DA:29,0
DA:35,0
DA:36,0
DA:37,0
DA:39,0
DA:46,0
DA:47,0
DA:48,0
DA:51,0
DA:52,0
DA:53,0
DA:56,0
DA:61,0
DA:75,0
DA:81,0
DA:85,0
DA:94,0
DA:98,0
LF:23
LH:0
BRDA:30,0,0,0
BRDA:31,1,0,0
BRDA:47,2,0,0
BRDA:47,2,1,0
BRDA:48,3,0,0
BRDA:48,3,1,0
BRDA:52,4,0,0
BRDA:52,4,1,0
BRDA:53,5,0,0
BRDA:53,5,1,0
BRDA:65,6,0,0
BRDA:65,6,1,0
BRF:12
BRH:0
end_of_record
TN:
SF:src/components/TripCuration/Header.tsx
FN:17,(anonymous_1)
FN:28,(anonymous_2)
FNF:2
FNH:0
FNDA:0,(anonymous_1)
FNDA:0,(anonymous_2)
DA:1,0
DA:2,0
DA:3,0
DA:17,0
DA:28,0
DA:29,0
DA:30,0
DA:37,0
DA:99,0
LF:9
LH:0
BRDA:19,0,0,0
BRDA:20,1,0,0
BRDA:23,2,0,0
BRDA:24,3,0,0
BRDA:29,4,0,0
BRDA:79,5,0,0
BRDA:79,5,1,0
BRDA:79,6,0,0
BRDA:79,6,1,0
BRF:9
BRH:0
end_of_record
TN:
SF:src/components/TripCuration/HorizontalFilters.tsx
FN:46,(anonymous_1)
FN:57,(anonymous_2)
FN:59,(anonymous_3)
FN:67,(anonymous_4)
FN:69,(anonymous_5)
FN:75,(anonymous_6)
FN:79,(anonymous_7)
FN:90,(anonymous_8)
FN:101,(anonymous_9)
FN:103,(anonymous_10)
FN:120,(anonymous_11)
FN:126,(anonymous_12)
FN:143,(anonymous_13)
FN:163,(anonymous_14)
FN:167,(anonymous_15)
FNF:15
FNH:0
FNDA:0,(anonymous_1)
FNDA:0,(anonymous_2)
FNDA:0,(anonymous_3)
FNDA:0,(anonymous_4)
FNDA:0,(anonymous_5)
FNDA:0,(anonymous_6)
FNDA:0,(anonymous_7)
FNDA:0,(anonymous_8)
FNDA:0,(anonymous_9)
FNDA:0,(anonymous_10)
FNDA:0,(anonymous_11)
FNDA:0,(anonymous_12)
FNDA:0,(anonymous_13)
FNDA:0,(anonymous_14)
FNDA:0,(anonymous_15)
DA:1,0
DA:2,0
DA:3,0
DA:4,0
DA:23,0
DA:33,0
DA:39,0
DA:46,0
DA:57,0
DA:58,0
DA:59,0
DA:64,0
DA:65,0
DA:67,0
DA:68,0
DA:69,0
DA:71,0
DA:75,0
DA:76,0
DA:77,0
DA:79,0
DA:83,0
DA:91,0
DA:102,0
DA:103,0
DA:105,0
DA:120,0
DA:127,0
DA:144,0
DA:145,0
DA:164,0
DA:167,0
DA:189,0
LF:33
LH:0
BRDA:58,0,0,0
BRDA:58,1,0,0
BRDA:58,1,1,0
BRDA:65,2,0,0
BRDA:65,2,1,0
BRDA:68,3,0,0
BRDA:68,3,1,0
BRDA:76,4,0,0
BRDA:76,4,1,0
BRDA:97,5,0,0
BRDA:97,5,1,0
BRDA:102,6,0,0
BRDA:102,6,1,0
BRDA:119,7,0,0
BRDA:119,7,1,0
BRDA:120,8,0,0
BRDA:120,8,1,0
BRDA:145,9,0,0
BRDA:148,10,0,0
BRDA:148,10,1,0
BRDA:150,11,0,0
BRDA:150,11,1,0
BRDA:175,12,0,0
BRDA:175,12,1,0
BRF:24
BRH:0
end_of_record
TN:
SF:src/components/TripCuration/MainCuration.tsx
FN:38,(anonymous_7)
FN:50,(anonymous_8)
FN:72,(anonymous_9)
FN:94,(anonymous_10)
FN:191,(anonymous_11)
FN:196,DatesCard
FN:199,(anonymous_13)
FN:243,(anonymous_14)
FN:249,(anonymous_15)
FN:259,(anonymous_16)
FN:294,(anonymous_17)
FN:304,Skeleton
FN:308,MainCurationSkeleton
FN:321,(anonymous_20)
FN:328,(anonymous_21)
FN:339,(anonymous_22)
FN:348,(anonymous_23)
FN:352,(anonymous_24)
FN:366,LineLoading
FN:387,extractAirportCode
FN:394,(anonymous_27)
FN:404,(anonymous_28)
FN:425,(anonymous_29)
FN:463,(anonymous_30)
FN:466,(anonymous_31)
FN:484,getFlightKey
FN:498,MainCuration
FN:678,(anonymous_34)
FN:680,(anonymous_35)
FN:688,(anonymous_36)
FN:695,(anonymous_37)
FN:703,(anonymous_38)
FN:726,(anonymous_39)
FN:732,(anonymous_40)
FN:787,(anonymous_41)
FN:844,(anonymous_42)
FN:847,(anonymous_43)
FN:848,(anonymous_44)
FN:851,(anonymous_45)
FN:854,(anonymous_46)
FN:858,(anonymous_47)
FN:864,(anonymous_48)
FN:875,(anonymous_49)
FN:881,(anonymous_50)
FN:910,(anonymous_51)
FN:916,(anonymous_52)
FN:922,(anonymous_53)
FN:927,(anonymous_54)
FN:933,(anonymous_55)
FN:940,(anonymous_56)
FN:941,(anonymous_57)
FN:949,(anonymous_58)
FN:954,(anonymous_59)
FN:977,(anonymous_60)
FN:978,handleClickOutside
FN:988,(anonymous_62)
FN:1481,(anonymous_63)
FN:1482,(anonymous_64)
FN:1489,(anonymous_65)
FN:1490,(anonymous_66)
FN:1503,getTimeSlot
FN:1512,(anonymous_68)
FN:1514,(anonymous_69)
FN:1519,(anonymous_70)
FN:1534,(anonymous_71)
FN:1536,(anonymous_72)
FN:1541,(anonymous_73)
FN:1557,parseDuration
FN:1566,(anonymous_75)
FN:1567,(anonymous_76)
FN:1578,(anonymous_77)
FN:1580,(anonymous_78)
FN:1582,(anonymous_79)
FN:1583,(anonymous_80)
FN:1590,(anonymous_81)
FN:1594,(anonymous_82)
FN:1598,(anonymous_83)
FN:1601,(anonymous_84)
FN:1609,(anonymous_85)
FN:1610,(anonymous_86)
FN:1619,(anonymous_87)
FN:1623,(anonymous_88)
FN:1624,(anonymous_89)
FN:1629,(anonymous_90)
FN:1630,(anonymous_91)
FN:1631,(anonymous_92)
FN:1637,(anonymous_93)
FN:1669,(anonymous_94)
FN:1685,(anonymous_95)
FN:1686,(anonymous_96)
FN:1687,(anonymous_97)
FN:1705,(anonymous_98)
FN:1710,(anonymous_99)
FN:1719,(anonymous_100)
FN:1733,(anonymous_101)
FN:1737,(anonymous_102)
FN:1748,(anonymous_103)
FN:1777,(anonymous_104)
FN:1778,(anonymous_105)
FN:1790,(anonymous_106)
FN:1796,(anonymous_107)
FN:1812,applySorting
FN:1818,(anonymous_109)
FN:1824,(anonymous_110)
FN:1825,(anonymous_111)
FN:1880,(anonymous_112)
FN:1881,(anonymous_113)
FN:2030,(anonymous_114)
FN:2053,(anonymous_115)
FN:2075,(anonymous_116)
FN:2180,(anonymous_117)
FN:2204,(anonymous_118)
FN:2213,(anonymous_119)
FN:2224,(anonymous_120)
FN:2233,(anonymous_121)
FN:2289,(anonymous_122)
FN:2300,(anonymous_123)
FN:2479,(anonymous_124)
FN:2508,(anonymous_125)
FN:2509,(anonymous_126)
FN:2541,(anonymous_127)
FN:2542,(anonymous_128)
FN:2576,(anonymous_129)
FN:2587,(anonymous_130)
FN:2736,(anonymous_131)
FN:2737,(anonymous_132)
FN:2765,(anonymous_133)
FN:2770,(anonymous_134)
FN:2778,(anonymous_135)
FN:2852,(anonymous_136)
FN:2892,(anonymous_137)
FN:2911,getLayoverTagType
FNF:132
FNH:0
FNDA:0,(anonymous_7)
FNDA:0,(anonymous_8)
FNDA:0,(anonymous_9)
FNDA:0,(anonymous_10)
FNDA:0,(anonymous_11)
FNDA:0,DatesCard
FNDA:0,(anonymous_13)
FNDA:0,(anonymous_14)
FNDA:0,(anonymous_15)
FNDA:0,(anonymous_16)
FNDA:0,(anonymous_17)
FNDA:0,Skeleton
FNDA:0,MainCurationSkeleton
FNDA:0,(anonymous_20)
FNDA:0,(anonymous_21)
FNDA:0,(anonymous_22)
FNDA:0,(anonymous_23)
FNDA:0,(anonymous_24)
FNDA:0,LineLoading
FNDA:0,extractAirportCode
FNDA:0,(anonymous_27)
FNDA:0,(anonymous_28)
FNDA:0,(anonymous_29)
FNDA:0,(anonymous_30)
FNDA:0,(anonymous_31)
FNDA:0,getFlightKey
FNDA:0,MainCuration
FNDA:0,(anonymous_34)
FNDA:0,(anonymous_35)
FNDA:0,(anonymous_36)
FNDA:0,(anonymous_37)
FNDA:0,(anonymous_38)
FNDA:0,(anonymous_39)
FNDA:0,(anonymous_40)
FNDA:0,(anonymous_41)
FNDA:0,(anonymous_42)
FNDA:0,(anonymous_43)
FNDA:0,(anonymous_44)
FNDA:0,(anonymous_45)
FNDA:0,(anonymous_46)
FNDA:0,(anonymous_47)
FNDA:0,(anonymous_48)
FNDA:0,(anonymous_49)
FNDA:0,(anonymous_50)
FNDA:0,(anonymous_51)
FNDA:0,(anonymous_52)
FNDA:0,(anonymous_53)
FNDA:0,(anonymous_54)
FNDA:0,(anonymous_55)
FNDA:0,(anonymous_56)
FNDA:0,(anonymous_57)
FNDA:0,(anonymous_58)
FNDA:0,(anonymous_59)
FNDA:0,(anonymous_60)
FNDA:0,handleClickOutside
FNDA:0,(anonymous_62)
FNDA:0,(anonymous_63)
FNDA:0,(anonymous_64)
FNDA:0,(anonymous_65)
FNDA:0,(anonymous_66)
FNDA:0,getTimeSlot
FNDA:0,(anonymous_68)
FNDA:0,(anonymous_69)
FNDA:0,(anonymous_70)
FNDA:0,(anonymous_71)
FNDA:0,(anonymous_72)
FNDA:0,(anonymous_73)
FNDA:0,parseDuration
FNDA:0,(anonymous_75)
FNDA:0,(anonymous_76)
FNDA:0,(anonymous_77)
FNDA:0,(anonymous_78)
FNDA:0,(anonymous_79)
FNDA:0,(anonymous_80)
FNDA:0,(anonymous_81)
FNDA:0,(anonymous_82)
FNDA:0,(anonymous_83)
FNDA:0,(anonymous_84)
FNDA:0,(anonymous_85)
FNDA:0,(anonymous_86)
FNDA:0,(anonymous_87)
FNDA:0,(anonymous_88)
FNDA:0,(anonymous_89)
FNDA:0,(anonymous_90)
FNDA:0,(anonymous_91)
FNDA:0,(anonymous_92)
FNDA:0,(anonymous_93)
FNDA:0,(anonymous_94)
FNDA:0,(anonymous_95)
FNDA:0,(anonymous_96)
FNDA:0,(anonymous_97)
FNDA:0,(anonymous_98)
FNDA:0,(anonymous_99)
FNDA:0,(anonymous_100)
FNDA:0,(anonymous_101)
FNDA:0,(anonymous_102)
FNDA:0,(anonymous_103)
FNDA:0,(anonymous_104)
FNDA:0,(anonymous_105)
FNDA:0,(anonymous_106)
FNDA:0,(anonymous_107)
FNDA:0,applySorting
FNDA:0,(anonymous_109)
FNDA:0,(anonymous_110)
FNDA:0,(anonymous_111)
FNDA:0,(anonymous_112)
FNDA:0,(anonymous_113)
FNDA:0,(anonymous_114)
FNDA:0,(anonymous_115)
FNDA:0,(anonymous_116)
FNDA:0,(anonymous_117)
FNDA:0,(anonymous_118)
FNDA:0,(anonymous_119)
FNDA:0,(anonymous_120)
FNDA:0,(anonymous_121)
FNDA:0,(anonymous_122)
FNDA:0,(anonymous_123)
FNDA:0,(anonymous_124)
FNDA:0,(anonymous_125)
FNDA:0,(anonymous_126)
FNDA:0,(anonymous_127)
FNDA:0,(anonymous_128)
FNDA:0,(anonymous_129)
FNDA:0,(anonymous_130)
FNDA:0,(anonymous_131)
FNDA:0,(anonymous_132)
FNDA:0,(anonymous_133)
FNDA:0,(anonymous_134)
FNDA:0,(anonymous_135)
FNDA:0,(anonymous_136)
FNDA:0,(anonymous_137)
FNDA:0,getLayoverTagType
DA:1,0
DA:3,0
DA:4,0
DA:8,0
DA:9,0
DA:11,0
DA:12,0
DA:13,0
DA:14,0
DA:15,0
DA:18,0
DA:19,0
DA:20,0
DA:22,0
DA:23,0
DA:24,0
DA:29,0
DA:30,0
DA:31,0
DA:32,0
DA:33,0
DA:34,0
DA:35,0
DA:38,0
DA:39,0
DA:50,0
DA:51,0
DA:72,0
DA:91,0
DA:92,0
DA:93,0
DA:94,0
DA:95,0
DA:96,0
DA:103,0
DA:190,0
DA:191,0
DA:197,0
DA:198,0
DA:199,0
DA:202,0
DA:203,0
DA:205,0
DA:207,0
DA:212,0
DA:214,0
DA:215,0
DA:216,0
DA:220,0
DA:221,0
DA:222,0
DA:223,0
DA:224,0
DA:226,0
DA:231,0
DA:232,0
DA:233,0
DA:238,0
DA:243,0
DA:251,0
DA:252,0
DA:259,0
DA:294,0
DA:305,0
DA:309,0
DA:322,0
DA:329,0
DA:340,0
DA:349,0
DA:353,0
DA:367,0
DA:388,0
DA:389,0
DA:390,0
DA:394,0
DA:395,0
DA:404,0
DA:411,0
DA:412,0
DA:414,0
DA:425,0
DA:426,0
DA:428,0
DA:430,0
DA:432,0
DA:434,0
DA:436,0
DA:438,0
DA:440,0
DA:442,0
DA:444,0
DA:448,0
DA:464,0
DA:466,0
DA:485,0
DA:498,0
DA:499,0
DA:500,0
DA:501,0
DA:502,0
DA:503,0
DA:504,0
DA:505,0
DA:506,0
DA:507,0
DA:508,0
DA:511,0
DA:522,0
DA:525,0
DA:526,0
DA:527,0
DA:528,0
DA:529,0
DA:530,0
DA:533,0
DA:534,0
DA:535,0
DA:538,0
DA:539,0
DA:542,0
DA:543,0
DA:544,0
DA:547,0
DA:549,0
DA:552,0
DA:553,0
DA:556,0
DA:678,0
DA:679,0
DA:680,0
DA:681,0
DA:683,0
DA:688,0
DA:689,0
DA:695,0
DA:696,0
DA:703,0
DA:704,0
DA:706,0
DA:707,0
DA:710,0
DA:712,0
DA:716,0
DA:721,0
DA:722,0
DA:726,0
DA:727,0
DA:728,0
DA:732,0
DA:733,0
DA:736,0
DA:744,0
DA:745,0
DA:746,0
DA:750,0
DA:784,0
DA:787,0
DA:788,0
DA:789,0
DA:790,0
DA:791,0
DA:801,0
DA:807,0
DA:823,0
DA:830,0
DA:831,0
DA:834,0
DA:844,0
DA:845,0
DA:847,0
DA:848,0
DA:851,0
DA:854,0
DA:855,0
DA:857,0
DA:858,0
DA:859,0
DA:860,0
DA:861,0
DA:862,0
DA:864,0
DA:867,0
DA:874,0
DA:875,0
DA:876,0
DA:877,0
DA:881,0
DA:882,0
DA:883,0
DA:884,0
DA:885,0
DA:888,0
DA:889,0
DA:893,0
DA:894,0
DA:895,0
DA:896,0
DA:897,0
DA:898,0
DA:899,0
DA:900,0
DA:901,0
DA:902,0
DA:903,0
DA:904,0
DA:906,0
DA:910,0
DA:911,0
DA:912,0
DA:916,0
DA:917,0
DA:919,0
DA:922,0
DA:923,0
DA:927,0
DA:928,0
DA:929,0
DA:933,0
DA:934,0
DA:935,0
DA:937,0
DA:940,0
DA:941,0
DA:946,0
DA:949,0
DA:951,0
DA:954,0
DA:955,0
DA:968,0
DA:969,0
DA:970,0
DA:971,0
DA:974,0
DA:977,0
DA:979,0
DA:980,0
DA:984,0
DA:985,0
DA:988,0
DA:989,0
DA:994,0
DA:1018,0
DA:1042,0
DA:1043,0
DA:1046,0
DA:1283,0
DA:1481,0
DA:1482,0
DA:1489,0
DA:1490,0
DA:1499,0
DA:1500,0
DA:1504,0
DA:1505,0
DA:1506,0
DA:1507,0
DA:1508,0
DA:1512,0
DA:1514,0
DA:1515,0
DA:1517,0
DA:1518,0
DA:1519,0
DA:1520,0
DA:1521,0
DA:1522,0
DA:1523,0
DA:1527,0
DA:1528,0
DA:1529,0
DA:1531,0
DA:1534,0
DA:1536,0
DA:1537,0
DA:1539,0
DA:1540,0
DA:1541,0
DA:1542,0
DA:1543,0
DA:1544,0
DA:1545,0
DA:1549,0
DA:1550,0
DA:1551,0
DA:1553,0
DA:1558,0
DA:1559,0
DA:1560,0
DA:1561,0
DA:1562,0
DA:1566,0
DA:1567,0
DA:1575,0
DA:1576,0
DA:1578,0
DA:1580,0
DA:1582,0
DA:1583,0
DA:1587,0
DA:1588,0
DA:1590,0
DA:1591,0
DA:1594,0
DA:1595,0
DA:1598,0
DA:1599,0
DA:1601,0
DA:1602,0
DA:1607,0
DA:1608,0
DA:1609,0
DA:1610,0
DA:1611,0
DA:1617,0
DA:1618,0
DA:1619,0
DA:1620,0
DA:1621,0
DA:1622,0
DA:1623,0
DA:1624,0
DA:1629,0
DA:1630,0
DA:1631,0
DA:1632,0
DA:1633,0
DA:1634,0
DA:1637,0
DA:1638,0
DA:1665,0
DA:1669,0
DA:1670,0
DA:1672,0
DA:1673,0
DA:1674,0
DA:1675,0
DA:1676,0
DA:1677,0
DA:1678,0
DA:1679,0
DA:1685,0
DA:1686,0
DA:1687,0
DA:1688,0
DA:1690,0
DA:1691,0
DA:1692,0
DA:1693,0
DA:1694,0
DA:1695,0
DA:1696,0
DA:1698,0
DA:1699,0
DA:1701,0
DA:1705,0
DA:1706,0
DA:1710,0
DA:1711,0
DA:1712,0
DA:1713,0
DA:1714,0
DA:1715,0
DA:1719,0
DA:1720,0
DA:1721,0
DA:1722,0
DA:1723,0
DA:1724,0
DA:1728,0
DA:1729,0
DA:1730,0
DA:1731,0
DA:1733,0
DA:1734,0
DA:1736,0
DA:1738,0
DA:1746,0
DA:1748,0
DA:1749,0
DA:1755,0
DA:1756,0
DA:1757,0
DA:1764,0
DA:1772,0
DA:1773,0
DA:1774,0
DA:1777,0
DA:1778,0
DA:1779,0
DA:1780,0
DA:1781,0
DA:1782,0
DA:1784,0
DA:1785,0
DA:1786,0
DA:1787,0
DA:1788,0
DA:1790,0
DA:1791,0
DA:1792,0
DA:1796,0
DA:1797,0
DA:1798,0
DA:1799,0
DA:1800,0
DA:1801,0
DA:1802,0
DA:1804,0
DA:1809,0
DA:1810,0
DA:1813,0
DA:1816,0
DA:1818,0
DA:1820,0
DA:1821,0
DA:1824,0
DA:1825,0
DA:1826,0
DA:1827,0
DA:1828,0
DA:1829,0
DA:1832,0
DA:1834,0
DA:1835,0
DA:1836,0
DA:1839,0
DA:1840,0
DA:1841,0
DA:1844,0
DA:1845,0
DA:1846,0
DA:1849,0
DA:1850,0
DA:1851,0
DA:1854,0
DA:1855,0
DA:1856,0
DA:1859,0
DA:1860,0
DA:1861,0
DA:1864,0
DA:1867,0
DA:1868,0
DA:1869,0
DA:1872,0
DA:1876,0
DA:1880,0
DA:1881,0
DA:1882,0
DA:1883,0
DA:1885,0
DA:1886,0
DA:1888,0
DA:1889,0
DA:1914,0
DA:2030,0
DA:2053,0
DA:2075,0
DA:2180,0
DA:2204,0
DA:2213,0
DA:2225,0
DA:2233,0
DA:2291,0
DA:2292,0
DA:2293,0
DA:2300,0
DA:2480,0
DA:2482,0
DA:2483,0
DA:2486,0
DA:2508,0
DA:2509,0
DA:2541,0
DA:2542,0
DA:2578,0
DA:2579,0
DA:2580,0
DA:2587,0
DA:2736,0
DA:2737,0
DA:2765,0
DA:2770,0
DA:2778,0
DA:2852,0
DA:2892,0
DA:2912,0
DA:2915,0
DA:2916,0
DA:2918,0
DA:2919,0
DA:2920,0
DA:2922,0
DA:2923,0
DA:2928,0
DA:2929,0
DA:2936,0
LF:497
LH:0
BRDA:73,0,0,0
BRDA:74,1,0,0
BRDA:77,2,0,0
BRDA:78,3,0,0
BRDA:95,4,0,0
BRDA:160,5,0,0
BRDA:160,5,1,0
BRDA:160,6,0,0
BRDA:160,6,1,0
BRDA:196,7,0,0
BRDA:196,8,0,0
BRDA:205,9,0,0
BRDA:205,9,1,0
BRDA:212,10,0,0
BRDA:212,10,1,0
BRDA:215,11,0,0
BRDA:215,12,0,0
BRDA:215,12,1,0
BRDA:220,13,0,0
BRDA:220,13,1,0
BRDA:221,14,0,0
BRDA:221,14,1,0
BRDA:223,15,0,0
BRDA:223,15,1,0
BRDA:232,16,0,0
BRDA:232,17,0,0
BRDA:232,17,1,0
BRDA:257,18,0,0
BRDA:257,18,1,0
BRDA:263,19,0,0
BRDA:263,19,1,0
BRDA:263,20,0,0
BRDA:263,20,1,0
BRDA:263,21,0,0
BRDA:263,21,1,0
BRDA:264,22,0,0
BRDA:264,22,1,0
BRDA:264,23,0,0
BRDA:264,23,1,0
BRDA:264,24,0,0
BRDA:264,24,1,0
BRDA:265,25,0,0
BRDA:265,25,1,0
BRDA:265,26,0,0
BRDA:265,26,1,0
BRDA:265,27,0,0
BRDA:265,27,1,0
BRDA:271,28,0,0
BRDA:271,28,1,0
BRDA:282,29,0,0
BRDA:282,29,1,0
BRDA:283,30,0,0
BRDA:283,30,1,0
BRDA:284,31,0,0
BRDA:284,31,1,0
BRDA:286,32,0,0
BRDA:286,32,1,0
BRDA:304,33,0,0
BRDA:366,34,0,0
BRDA:388,35,0,0
BRDA:390,36,0,0
BRDA:390,36,1,0
BRDA:426,37,0,0
BRDA:426,37,1,0
BRDA:426,37,2,0
BRDA:426,37,3,0
BRDA:426,37,4,0
BRDA:426,37,5,0
BRDA:426,37,6,0
BRDA:426,37,7,0
BRDA:426,37,8,0
BRDA:458,38,0,0
BRDA:458,38,1,0
BRDA:468,39,0,0
BRDA:468,39,1,0
BRDA:473,40,0,0
BRDA:473,40,1,0
BRDA:474,41,0,0
BRDA:474,41,1,0
BRDA:498,42,0,0
BRDA:679,43,0,0
BRDA:679,43,1,0
BRDA:689,44,0,0
BRDA:689,44,1,0
BRDA:689,44,2,0
BRDA:696,45,0,0
BRDA:696,45,1,0
BRDA:696,45,2,0
BRDA:696,45,3,0
BRDA:704,46,0,0
BRDA:704,47,0,0
BRDA:704,47,1,0
BRDA:712,48,0,0
BRDA:712,49,0,0
BRDA:712,49,1,0
BRDA:716,50,0,0
BRDA:716,50,1,0
BRDA:716,50,2,0
BRDA:716,50,3,0
BRDA:716,50,4,0
BRDA:739,51,0,0
BRDA:739,51,1,0
BRDA:788,52,0,0
BRDA:794,53,0,0
BRDA:794,53,1,0
BRDA:795,54,0,0
BRDA:795,54,1,0
BRDA:845,55,0,0
BRDA:857,56,0,0
BRDA:861,57,0,0
BRDA:888,58,0,0
BRDA:893,59,0,0
BRDA:893,59,1,0
BRDA:895,60,0,0
BRDA:895,60,1,0
BRDA:895,61,0,0
BRDA:895,61,1,0
BRDA:897,62,0,0
BRDA:897,62,1,0
BRDA:897,63,0,0
BRDA:897,63,1,0
BRDA:899,64,0,0
BRDA:899,64,1,0
BRDA:899,65,0,0
BRDA:899,65,1,0
BRDA:901,66,0,0
BRDA:901,66,1,0
BRDA:903,67,0,0
BRDA:903,67,1,0
BRDA:917,68,0,0
BRDA:979,69,0,0
BRDA:979,70,0,0
BRDA:979,70,1,0
BRDA:984,71,0,0
BRDA:1484,72,0,0
BRDA:1484,72,1,0
BRDA:1492,73,0,0
BRDA:1492,73,1,0
BRDA:1499,74,0,0
BRDA:1499,74,1,0
BRDA:1500,75,0,0
BRDA:1500,75,1,0
BRDA:1505,76,0,0
BRDA:1506,77,0,0
BRDA:1507,78,0,0
BRDA:1514,79,0,0
BRDA:1514,79,1,0
BRDA:1515,80,0,0
BRDA:1515,80,1,0
BRDA:1518,81,0,0
BRDA:1520,82,0,0
BRDA:1521,83,0,0
BRDA:1522,84,0,0
BRDA:1522,85,0,0
BRDA:1522,85,1,0
BRDA:1528,86,0,0
BRDA:1531,87,0,0
BRDA:1531,87,1,0
BRDA:1531,87,2,0
BRDA:1536,88,0,0
BRDA:1536,88,1,0
BRDA:1537,89,0,0
BRDA:1537,89,1,0
BRDA:1540,90,0,0
BRDA:1542,91,0,0
BRDA:1543,92,0,0
BRDA:1544,93,0,0
BRDA:1544,94,0,0
BRDA:1544,94,1,0
BRDA:1550,95,0,0
BRDA:1553,96,0,0
BRDA:1553,96,1,0
BRDA:1553,96,2,0
BRDA:1559,97,0,0
BRDA:1561,98,0,0
BRDA:1561,98,1,0
BRDA:1566,99,0,0
BRDA:1566,99,1,0
BRDA:1569,100,0,0
BRDA:1569,100,1,0
BRDA:1569,101,0,0
BRDA:1569,101,1,0
BRDA:1576,102,0,0
BRDA:1576,103,0,0
BRDA:1576,103,1,0
BRDA:1578,104,0,0
BRDA:1578,104,1,0
BRDA:1580,105,0,0
BRDA:1580,105,1,0
BRDA:1583,106,0,0
BRDA:1583,106,1,0
BRDA:1588,107,0,0
BRDA:1588,108,0,0
BRDA:1588,108,1,0
BRDA:1591,109,0,0
BRDA:1591,109,1,0
BRDA:1591,110,0,0
BRDA:1591,110,1,0
BRDA:1591,111,0,0
BRDA:1591,111,1,0
BRDA:1595,112,0,0
BRDA:1595,112,1,0
BRDA:1602,113,0,0
BRDA:1602,113,1,0
BRDA:1602,114,0,0
BRDA:1602,114,1,0
BRDA:1602,115,0,0
BRDA:1602,115,1,0
BRDA:1608,116,0,0
BRDA:1608,116,1,0
BRDA:1609,117,0,0
BRDA:1609,117,1,0
BRDA:1609,118,0,0
BRDA:1609,118,1,0
BRDA:1610,119,0,0
BRDA:1610,119,1,0
BRDA:1610,120,0,0
BRDA:1610,120,1,0
BRDA:1610,121,0,0
BRDA:1610,121,1,0
BRDA:1611,122,0,0
BRDA:1611,122,1,0
BRDA:1612,123,0,0
BRDA:1612,123,1,0
BRDA:1613,124,0,0
BRDA:1613,124,1,0
BRDA:1614,125,0,0
BRDA:1614,125,1,0
BRDA:1620,126,0,0
BRDA:1665,127,0,0
BRDA:1665,127,1,0
BRDA:1670,128,0,0
BRDA:1670,129,0,0
BRDA:1670,129,1,0
BRDA:1672,130,0,0
BRDA:1674,131,0,0
BRDA:1674,131,1,0
BRDA:1675,132,0,0
BRDA:1675,132,1,0
BRDA:1677,133,0,0
BRDA:1688,134,0,0
BRDA:1688,135,0,0
BRDA:1688,135,1,0
BRDA:1691,136,0,0
BRDA:1691,136,1,0
BRDA:1692,137,0,0
BRDA:1692,137,1,0
BRDA:1694,138,0,0
BRDA:1694,138,1,0
BRDA:1711,139,0,0
BRDA:1713,140,0,0
BRDA:1720,141,0,0
BRDA:1722,142,0,0
BRDA:1734,143,0,0
BRDA:1734,144,0,0
BRDA:1734,144,1,0
BRDA:1780,145,0,0
BRDA:1786,146,0,0
BRDA:1791,147,0,0
BRDA:1799,148,0,0
BRDA:1801,149,0,0
BRDA:1801,149,1,0
BRDA:1802,150,0,0
BRDA:1802,150,1,0
BRDA:1804,151,0,0
BRDA:1804,151,1,0
BRDA:1816,152,0,0
BRDA:1816,152,1,0
BRDA:1820,153,0,0
BRDA:1820,154,0,0
BRDA:1820,154,1,0
BRDA:1820,154,2,0
BRDA:1821,155,0,0
BRDA:1821,156,0,0
BRDA:1821,156,1,0
BRDA:1821,156,2,0
BRDA:1824,157,0,0
BRDA:1824,157,1,0
BRDA:1825,158,0,0
BRDA:1825,158,1,0
BRDA:1828,159,0,0
BRDA:1828,160,0,0
BRDA:1828,160,1,0
BRDA:1829,161,0,0
BRDA:1829,162,0,0
BRDA:1829,162,1,0
BRDA:1832,163,0,0
BRDA:1832,163,1,0
BRDA:1832,163,2,0
BRDA:1832,163,3,0
BRDA:1832,163,4,0
BRDA:1832,163,5,0
BRDA:1832,163,6,0
BRDA:1832,163,7,0
BRDA:1832,163,8,0
BRDA:1867,164,0,0
BRDA:1867,164,1,0
BRDA:1867,165,0,0
BRDA:1867,165,1,0
BRDA:1868,166,0,0
BRDA:1868,166,1,0
BRDA:1868,167,0,0
BRDA:1868,167,1,0
BRDA:1888,168,0,0
BRDA:1953,169,0,0
BRDA:1953,169,1,0
BRDA:1953,169,2,0
BRDA:1953,169,3,0
BRDA:1985,170,0,0
BRDA:1985,170,1,0
BRDA:1985,171,0,0
BRDA:1985,171,1,0
BRDA:2024,172,0,0
BRDA:2024,172,1,0
BRDA:2027,173,0,0
BRDA:2027,173,1,0
BRDA:2028,174,0,0
BRDA:2028,174,1,0
BRDA:2035,175,0,0
BRDA:2035,175,1,0
BRDA:2036,176,0,0
BRDA:2036,176,1,0
BRDA:2037,177,0,0
BRDA:2037,177,1,0
BRDA:2042,178,0,0
BRDA:2042,178,1,0
BRDA:2043,179,0,0
BRDA:2043,179,1,0
BRDA:2043,180,0,0
BRDA:2043,180,1,0
BRDA:2044,181,0,0
BRDA:2044,181,1,0
BRDA:2050,182,0,0
BRDA:2050,182,1,0
BRDA:2051,183,0,0
BRDA:2051,183,1,0
BRDA:2058,184,0,0
BRDA:2058,184,1,0
BRDA:2059,185,0,0
BRDA:2059,185,1,0
BRDA:2060,186,0,0
BRDA:2060,186,1,0
BRDA:2065,187,0,0
BRDA:2065,187,1,0
BRDA:2066,188,0,0
BRDA:2066,188,1,0
BRDA:2066,189,0,0
BRDA:2066,189,1,0
BRDA:2067,190,0,0
BRDA:2067,190,1,0
BRDA:2073,191,0,0
BRDA:2073,191,1,0
BRDA:2080,192,0,0
BRDA:2080,192,1,0
BRDA:2081,193,0,0
BRDA:2081,193,1,0
BRDA:2082,194,0,0
BRDA:2082,194,1,0
BRDA:2087,195,0,0
BRDA:2087,195,1,0
BRDA:2088,196,0,0
BRDA:2088,196,1,0
BRDA:2088,197,0,0
BRDA:2088,197,1,0
BRDA:2089,198,0,0
BRDA:2089,198,1,0
BRDA:2097,199,0,0
BRDA:2097,199,1,0
BRDA:2097,199,2,0
BRDA:2097,199,3,0
BRDA:2101,200,0,0
BRDA:2101,200,1,0
BRDA:2129,201,0,0
BRDA:2129,201,1,0
BRDA:2157,202,0,0
BRDA:2157,202,1,0
BRDA:2171,203,0,0
BRDA:2171,203,1,0
BRDA:2171,204,0,0
BRDA:2171,204,1,0
BRDA:2175,205,0,0
BRDA:2175,205,1,0
BRDA:2175,206,0,0
BRDA:2175,206,1,0
BRDA:2183,207,0,0
BRDA:2183,207,1,0
BRDA:2183,208,0,0
BRDA:2183,208,1,0
BRDA:2229,209,0,0
BRDA:2229,209,1,0
BRDA:2244,210,0,0
BRDA:2244,210,1,0
BRDA:2258,211,0,0
BRDA:2258,211,1,0
BRDA:2258,211,2,0
BRDA:2270,212,0,0
BRDA:2270,212,1,0
BRDA:2286,213,0,0
BRDA:2286,213,1,0
BRDA:2291,214,0,0
BRDA:2291,214,1,0
BRDA:2291,214,2,0
BRDA:2298,215,0,0
BRDA:2298,215,1,0
BRDA:2307,216,0,0
BRDA:2307,216,1,0
BRDA:2320,217,0,0
BRDA:2320,217,1,0
BRDA:2321,218,0,0
BRDA:2321,218,1,0
BRDA:2329,219,0,0
BRDA:2329,219,1,0
BRDA:2329,219,2,0
BRDA:2329,219,3,0
BRDA:2330,220,0,0
BRDA:2330,220,1,0
BRDA:2342,221,0,0
BRDA:2342,221,1,0
BRDA:2347,222,0,0
BRDA:2347,222,1,0
BRDA:2360,223,0,0
BRDA:2360,223,1,0
BRDA:2365,224,0,0
BRDA:2365,224,1,0
BRDA:2389,225,0,0
BRDA:2389,225,1,0
BRDA:2390,226,0,0
BRDA:2390,226,1,0
BRDA:2397,227,0,0
BRDA:2397,227,1,0
BRDA:2397,227,2,0
BRDA:2397,227,3,0
BRDA:2397,227,4,0
BRDA:2400,228,0,0
BRDA:2400,228,1,0
BRDA:2400,229,0,0
BRDA:2400,229,1,0
BRDA:2401,230,0,0
BRDA:2401,230,1,0
BRDA:2405,231,0,0
BRDA:2405,231,1,0
BRDA:2411,232,0,0
BRDA:2411,232,1,0
BRDA:2417,233,0,0
BRDA:2417,233,1,0
BRDA:2432,234,0,0
BRDA:2432,234,1,0
BRDA:2433,235,0,0
BRDA:2433,235,1,0
BRDA:2434,236,0,0
BRDA:2434,236,1,0
BRDA:2446,237,0,0
BRDA:2446,237,1,0
BRDA:2449,238,0,0
BRDA:2449,238,1,0
BRDA:2457,239,0,0
BRDA:2457,239,1,0
BRDA:2464,240,0,0
BRDA:2464,240,1,0
BRDA:2467,241,0,0
BRDA:2467,241,1,0
BRDA:2482,242,0,0
BRDA:2482,242,1,0
BRDA:2489,243,0,0
BRDA:2489,243,1,0
BRDA:2500,244,0,0
BRDA:2500,244,1,0
BRDA:2504,245,0,0
BRDA:2504,245,1,0
BRDA:2509,246,0,0
BRDA:2509,247,0,0
BRDA:2509,247,1,0
BRDA:2511,248,0,0
BRDA:2511,248,1,0
BRDA:2516,249,0,0
BRDA:2516,249,1,0
BRDA:2520,250,0,0
BRDA:2520,250,1,0
BRDA:2523,251,0,0
BRDA:2523,251,1,0
BRDA:2537,252,0,0
BRDA:2537,252,1,0
BRDA:2542,253,0,0
BRDA:2542,254,0,0
BRDA:2542,254,1,0
BRDA:2544,255,0,0
BRDA:2544,255,1,0
BRDA:2558,256,0,0
BRDA:2558,256,1,0
BRDA:2578,257,0,0
BRDA:2578,257,1,0
BRDA:2578,257,2,0
BRDA:2585,258,0,0
BRDA:2585,258,1,0
BRDA:2599,259,0,0
BRDA:2599,259,1,0
BRDA:2605,260,0,0
BRDA:2605,260,1,0
BRDA:2610,261,0,0
BRDA:2610,261,1,0
BRDA:2624,262,0,0
BRDA:2624,262,1,0
BRDA:2630,263,0,0
BRDA:2630,263,1,0
BRDA:2635,264,0,0
BRDA:2635,264,1,0
BRDA:2645,265,0,0
BRDA:2645,265,1,0
BRDA:2646,266,0,0
BRDA:2646,266,1,0
BRDA:2652,267,0,0
BRDA:2652,267,1,0
BRDA:2655,268,0,0
BRDA:2655,268,1,0
BRDA:2655,269,0,0
BRDA:2655,269,1,0
BRDA:2656,270,0,0
BRDA:2656,270,1,0
BRDA:2660,271,0,0
BRDA:2660,271,1,0
BRDA:2666,272,0,0
BRDA:2666,272,1,0
BRDA:2672,273,0,0
BRDA:2672,273,1,0
BRDA:2687,274,0,0
BRDA:2687,274,1,0
BRDA:2688,275,0,0
BRDA:2688,275,1,0
BRDA:2689,276,0,0
BRDA:2689,276,1,0
BRDA:2701,277,0,0
BRDA:2701,277,1,0
BRDA:2704,278,0,0
BRDA:2704,278,1,0
BRDA:2711,279,0,0
BRDA:2711,279,1,0
BRDA:2715,280,0,0
BRDA:2715,280,1,0
BRDA:2718,281,0,0
BRDA:2718,281,1,0
BRDA:2732,282,0,0
BRDA:2732,282,1,0
BRDA:2737,283,0,0
BRDA:2737,284,0,0
BRDA:2737,284,1,0
BRDA:2739,285,0,0
BRDA:2739,285,1,0
BRDA:2769,286,0,0
BRDA:2769,286,1,0
BRDA:2769,286,2,0
BRDA:2787,287,0,0
BRDA:2787,287,1,0
BRDA:2790,288,0,0
BRDA:2790,288,1,0
BRDA:2792,289,0,0
BRDA:2792,289,1,0
BRDA:2800,290,0,0
BRDA:2800,290,1,0
BRDA:2818,291,0,0
BRDA:2818,291,1,0
BRDA:2912,292,0,0
BRDA:2916,293,0,0
BRDA:2918,294,0,0
BRDA:2918,294,1,0
BRDA:2919,295,0,0
BRDA:2919,295,1,0
BRDA:2922,296,0,0
BRDA:2922,296,1,0
BRDA:2928,297,0,0
BRF:569
BRH:0
end_of_record
TN:
SF:src/components/TripCuration/PriceAlertsModal.tsx
FN:11,(anonymous_6)
FN:16,(anonymous_7)
FN:64,(anonymous_8)
FN:76,(anonymous_9)
FN:90,(anonymous_10)
FNF:5
FNH:0
FNDA:0,(anonymous_6)
FNDA:0,(anonymous_7)
FNDA:0,(anonymous_8)
FNDA:0,(anonymous_9)
FNDA:0,(anonymous_10)
DA:1,0
DA:2,0
DA:3,0
DA:4,0
DA:11,0
DA:12,0
DA:13,0
DA:14,0
DA:16,0
DA:17,0
DA:18,0
DA:19,0
DA:20,0
DA:23,0
DA:24,0
DA:26,0
DA:27,0
DA:28,0
DA:31,0
DA:33,0
DA:64,0
DA:76,0
DA:90,0
DA:111,0
LF:24
LH:0
BRDA:18,0,0,0
BRDA:31,1,0,0
BRF:2
BRH:0
end_of_record
TN:
SF:src/components/TripCuration/SearchHeader.tsx
FN:20,(anonymous_1)
FN:35,(anonymous_2)
FNF:2
FNH:0
FNDA:0,(anonymous_1)
FNDA:0,(anonymous_2)
DA:1,0
DA:2,0
DA:3,0
DA:4,0
DA:5,0
DA:6,0
DA:20,0
DA:31,0
DA:32,0
DA:33,0
DA:35,0
DA:36,0
DA:37,0
DA:44,0
DA:127,0
LF:15
LH:0
BRDA:21,0,0,0
BRDA:22,1,0,0
BRDA:25,2,0,0
BRDA:26,3,0,0
BRDA:27,4,0,0
BRDA:36,5,0,0
BRDA:97,6,0,0
BRDA:97,6,1,0
BRDA:98,7,0,0
BRDA:98,7,1,0
BRDA:99,8,0,0
BRDA:99,8,1,0
BRDA:99,9,0,0
BRDA:99,9,1,0
BRF:14
BRH:0
end_of_record
TN:
SF:src/components/TripCuration/SelectedTripDetail.tsx
FN:18,SelectedTripDetail
FN:26,(anonymous_2)
FN:30,(anonymous_3)
FN:47,(anonymous_4)
FN:58,(anonymous_5)
FN:69,(anonymous_6)
FNF:6
FNH:0
FNDA:0,SelectedTripDetail
FNDA:0,(anonymous_2)
FNDA:0,(anonymous_3)
FNDA:0,(anonymous_4)
FNDA:0,(anonymous_5)
FNDA:0,(anonymous_6)
DA:1,0
DA:2,0
DA:3,0
DA:4,0
DA:5,0
DA:6,0
DA:7,0
DA:8,0
DA:18,0
DA:25,0
DA:26,0
DA:27,0
DA:30,0
DA:31,0
DA:44,0
DA:47,0
DA:48,0
DA:55,0
DA:58,0
DA:59,0
DA:66,0
DA:69,0
DA:71,0
DA:73,0
LF:24
LH:0
BRDA:20,0,0,0
BRDA:23,1,0,0
BRDA:26,2,0,0
BRDA:26,2,1,0
BRDA:32,3,0,0
BRDA:32,3,1,0
BRDA:33,4,0,0
BRDA:33,4,1,0
BRDA:34,5,0,0
BRDA:34,5,1,0
BRDA:35,6,0,0
BRDA:35,6,1,0
BRDA:36,7,0,0
BRDA:36,7,1,0
BRDA:37,8,0,0
BRDA:37,8,1,0
BRDA:38,9,0,0
BRDA:38,9,1,0
BRDA:39,10,0,0
BRDA:39,10,1,0
BRDA:40,11,0,0
BRDA:40,11,1,0
BRDA:41,12,0,0
BRDA:41,12,1,0
BRDA:42,13,0,0
BRDA:42,13,1,0
BRDA:44,14,0,0
BRDA:44,14,1,0
BRDA:49,15,0,0
BRDA:49,15,1,0
BRDA:50,16,0,0
BRDA:50,16,1,0
BRDA:51,17,0,0
BRDA:51,17,1,0
BRDA:52,18,0,0
BRDA:52,18,1,0
BRDA:53,19,0,0
BRDA:53,19,1,0
BRDA:55,20,0,0
BRDA:55,20,1,0
BRDA:60,21,0,0
BRDA:60,21,1,0
BRDA:61,22,0,0
BRDA:61,22,1,0
BRDA:62,23,0,0
BRDA:62,23,1,0
BRDA:63,24,0,0
BRDA:63,24,1,0
BRDA:64,25,0,0
BRDA:64,25,1,0
BRDA:66,26,0,0
BRDA:66,26,1,0
BRDA:71,27,0,0
BRDA:76,28,0,0
BRDA:76,28,1,0
BRDA:76,28,2,0
BRDA:96,29,0,0
BRDA:96,29,1,0
BRDA:99,30,0,0
BRDA:99,30,1,0
BRDA:104,31,0,0
BRDA:104,31,1,0
BRDA:104,31,2,0
BRF:63
BRH:0
end_of_record
TN:
SF:src/components/TripCuration/TopHeader.tsx
FN:31,(anonymous_6)
FN:41,(anonymous_7)
FN:43,(anonymous_8)
FN:129,(anonymous_9)
FN:132,(anonymous_10)
FN:157,(anonymous_11)
FN:160,(anonymous_12)
FN:245,(anonymous_13)
FN:248,(anonymous_14)
FN:272,(anonymous_15)
FN:275,(anonymous_16)
FNF:11
FNH:0
FNDA:0,(anonymous_6)
FNDA:0,(anonymous_7)
FNDA:0,(anonymous_8)
FNDA:0,(anonymous_9)
FNDA:0,(anonymous_10)
FNDA:0,(anonymous_11)
FNDA:0,(anonymous_12)
FNDA:0,(anonymous_13)
FNDA:0,(anonymous_14)
FNDA:0,(anonymous_15)
FNDA:0,(anonymous_16)
DA:1,0
DA:2,0
DA:3,0
DA:4,0
DA:13,0
DA:22,0
DA:31,0
DA:37,0
DA:38,0
DA:39,0
DA:41,0
DA:43,0
DA:44,0
DA:48,0
DA:49,0
DA:50,0
DA:51,0
DA:52,0
DA:56,0
DA:130,0
DA:132,0
DA:158,0
DA:160,0
DA:246,0
DA:248,0
DA:273,0
DA:275,0
DA:357,0
LF:28
LH:0
BRDA:32,0,0,0
BRDA:33,1,0,0
BRDA:41,2,0,0
BRDA:41,2,1,0
BRDA:48,3,0,0
BRDA:48,3,1,0
BRDA:49,4,0,0
BRDA:49,4,1,0
BRDA:50,5,0,0
BRDA:50,5,1,0
BRDA:51,6,0,0
BRDA:51,6,1,0
BRDA:52,7,0,0
BRDA:52,7,1,0
BRDA:57,8,0,0
BRDA:57,8,1,0
BRDA:60,9,0,0
BRDA:60,9,1,0
BRDA:65,10,0,0
BRDA:65,10,1,0
BRDA:70,11,0,0
BRDA:70,11,1,0
BRDA:76,12,0,0
BRDA:76,12,1,0
BRDA:78,13,0,0
BRDA:78,13,1,0
BRDA:79,14,0,0
BRDA:79,14,1,0
BRDA:80,15,0,0
BRDA:80,15,1,0
BRDA:84,16,0,0
BRDA:84,16,1,0
BRDA:127,17,0,0
BRDA:127,17,1,0
BRDA:134,18,0,0
BRDA:134,18,1,0
BRDA:135,19,0,0
BRDA:135,19,1,0
BRDA:137,20,0,0
BRDA:137,20,1,0
BRDA:139,21,0,0
BRDA:139,21,1,0
BRDA:155,22,0,0
BRDA:155,22,1,0
BRDA:162,23,0,0
BRDA:162,23,1,0
BRDA:163,24,0,0
BRDA:163,24,1,0
BRDA:165,25,0,0
BRDA:165,25,1,0
BRDA:175,26,0,0
BRDA:175,26,1,0
BRDA:183,27,0,0
BRDA:183,27,1,0
BRDA:250,28,0,0
BRDA:250,28,1,0
BRDA:277,29,0,0
BRDA:277,29,1,0
BRDA:308,30,0,0
BRDA:308,30,1,0
BRDA:313,31,0,0
BRDA:313,31,1,0
BRDA:347,32,0,0
BRDA:347,32,1,0
BRF:64
BRH:0
end_of_record
TN:
SF:src/components/TripCuration/TripTools.tsx
FN:17,(anonymous_1)
FNF:1
FNH:0
FNDA:0,(anonymous_1)
DA:2,0
DA:3,0
DA:4,0
DA:5,0
DA:6,0
DA:17,0
DA:25,0
DA:52,0
LF:8
LH:0
BRF:0
BRH:0
end_of_record
TN:
SF:src/components/TripCuration/index.tsx
FN:11,TripCuration
FNF:1
FNH:0
FNDA:0,TripCuration
DA:1,0
DA:2,0
DA:11,0
DA:12,0
LF:4
LH:0
BRF:0
BRH:0
end_of_record
TN:
SF:src/components/TripCuration/mockData.ts
FNF:0
FNH:0
DA:2,0
LF:1
LH:0
BRF:0
BRH:0
end_of_record
TN:
SF:src/components/TripCuration/v2/FlightListCard.tsx
FN:76,(anonymous_6)
FN:96,(anonymous_7)
FN:115,(anonymous_8)
FN:131,(anonymous_9)
FN:152,(anonymous_10)
FN:157,(anonymous_11)
FN:158,(anonymous_12)
FN:165,(anonymous_13)
FN:170,(anonymous_14)
FN:190,(anonymous_15)
FN:194,(anonymous_16)
FN:199,(anonymous_17)
FN:317,(anonymous_18)
FN:325,(anonymous_19)
FN:355,(anonymous_20)
FN:370,(anonymous_21)
FN:378,(anonymous_22)
FN:408,(anonymous_23)
FN:425,(anonymous_24)
FN:433,(anonymous_25)
FN:474,(anonymous_26)
FNF:21
FNH:0
FNDA:0,(anonymous_6)
FNDA:0,(anonymous_7)
FNDA:0,(anonymous_8)
FNDA:0,(anonymous_9)
FNDA:0,(anonymous_10)
FNDA:0,(anonymous_11)
FNDA:0,(anonymous_12)
FNDA:0,(anonymous_13)
FNDA:0,(anonymous_14)
FNDA:0,(anonymous_15)
FNDA:0,(anonymous_16)
FNDA:0,(anonymous_17)
FNDA:0,(anonymous_18)
FNDA:0,(anonymous_19)
FNDA:0,(anonymous_20)
FNDA:0,(anonymous_21)
FNDA:0,(anonymous_22)
FNDA:0,(anonymous_23)
FNDA:0,(anonymous_24)
FNDA:0,(anonymous_25)
FNDA:0,(anonymous_26)
DA:1,0
DA:2,0
DA:5,0
DA:6,0
DA:8,0
DA:9,0
DA:10,0
DA:11,0
DA:76,0
DA:78,0
DA:96,0
DA:110,0
DA:111,0
DA:112,0
DA:115,0
DA:116,0
DA:117,0
DA:127,0
DA:131,0
DA:132,0
DA:133,0
DA:141,0
DA:144,0
DA:145,0
DA:146,0
DA:147,0
DA:148,0
DA:149,0
DA:150,0
DA:152,0
DA:153,0
DA:154,0
DA:155,0
DA:156,0
DA:157,0
DA:158,0
DA:163,0
DA:165,0
DA:168,0
DA:170,0
DA:174,0
DA:175,0
DA:177,0
DA:178,0
DA:179,0
DA:188,0
DA:190,0
DA:191,0
DA:194,0
DA:195,0
DA:199,0
DA:200,0
DA:201,0
DA:202,0
DA:205,0
DA:318,0
DA:325,0
DA:355,0
DA:371,0
DA:378,0
DA:408,0
DA:425,0
DA:433,0
DA:474,0
DA:485,0
LF:65
LH:0
BRDA:88,0,0,0
BRDA:88,0,1,0
BRDA:89,1,0,0
BRDA:89,1,1,0
BRDA:105,2,0,0
BRDA:108,3,0,0
BRDA:116,4,0,0
BRDA:127,5,0,0
BRDA:127,5,1,0
BRDA:132,6,0,0
BRDA:141,7,0,0
BRDA:141,7,1,0
BRDA:147,8,0,0
BRDA:147,8,1,0
BRDA:153,9,0,0
BRDA:153,9,1,0
BRDA:154,10,0,0
BRDA:165,11,0,0
BRDA:165,11,1,0
BRDA:170,12,0,0
BRDA:170,12,1,0
BRDA:174,13,0,0
BRDA:174,13,1,0
BRDA:175,14,0,0
BRDA:175,14,1,0
BRDA:178,15,0,0
BRDA:178,16,0,0
BRDA:178,16,1,0
BRDA:209,17,0,0
BRDA:209,17,1,0
BRDA:212,18,0,0
BRDA:212,18,1,0
BRDA:219,19,0,0
BRDA:219,19,1,0
BRDA:227,20,0,0
BRDA:227,20,1,0
BRDA:234,21,0,0
BRDA:234,21,1,0
BRDA:250,22,0,0
BRDA:250,22,1,0
BRDA:262,23,0,0
BRDA:262,23,1,0
BRDA:269,24,0,0
BRDA:269,24,1,0
BRDA:285,25,0,0
BRDA:285,25,1,0
BRDA:298,26,0,0
BRDA:298,26,1,0
BRDA:307,27,0,0
BRDA:307,27,1,0
BRDA:320,28,0,0
BRDA:320,28,1,0
BRDA:323,29,0,0
BRDA:323,29,1,0
BRDA:373,30,0,0
BRDA:373,30,1,0
BRDA:376,31,0,0
BRDA:376,31,1,0
BRDA:424,32,0,0
BRDA:424,32,1,0
BRDA:424,32,2,0
BRDA:437,33,0,0
BRDA:437,33,1,0
BRDA:438,34,0,0
BRDA:438,34,1,0
BRDA:439,35,0,0
BRDA:439,35,1,0
BRDA:442,36,0,0
BRDA:442,36,1,0
BRDA:445,37,0,0
BRDA:445,37,1,0
BRDA:447,38,0,0
BRDA:447,38,1,0
BRDA:447,38,2,0
BRDA:449,39,0,0
BRDA:449,39,1,0
BRDA:450,40,0,0
BRDA:450,40,1,0
BRDA:451,41,0,0
BRDA:451,41,1,0
BRDA:454,42,0,0
BRDA:454,42,1,0
BRDA:455,43,0,0
BRDA:455,43,1,0
BRDA:458,44,0,0
BRDA:458,44,1,0
BRDA:459,45,0,0
BRDA:459,45,1,0
BRDA:460,46,0,0
BRDA:460,46,1,0
BRDA:466,47,0,0
BRDA:466,47,1,0
BRF:92
BRH:0
end_of_record
TN:
SF:src/components/TripCuration/v2/TripList.tsx
FN:88,(anonymous_7)
FN:89,(anonymous_8)
FN:112,(anonymous_9)
FN:114,(anonymous_10)
FN:134,(anonymous_11)
FN:139,(anonymous_12)
FN:142,(anonymous_13)
FN:144,(anonymous_14)
FN:211,(anonymous_15)
FN:214,(anonymous_16)
FN:217,(anonymous_17)
FN:233,DatesCard
FN:235,(anonymous_19)
FN:269,(anonymous_20)
FN:275,(anonymous_21)
FN:284,(anonymous_22)
FN:310,(anonymous_23)
FN:321,(anonymous_24)
FN:335,(anonymous_25)
FN:338,(anonymous_26)
FN:354,(anonymous_27)
FN:466,(anonymous_28)
FN:471,(anonymous_29)
FN:476,(anonymous_30)
FN:481,(anonymous_31)
FN:486,(anonymous_32)
FN:535,(anonymous_33)
FN:627,(anonymous_34)
FN:628,(anonymous_35)
FN:634,(anonymous_36)
FN:644,(anonymous_37)
FNF:31
FNH:0
FNDA:0,(anonymous_7)
FNDA:0,(anonymous_8)
FNDA:0,(anonymous_9)
FNDA:0,(anonymous_10)
FNDA:0,(anonymous_11)
FNDA:0,(anonymous_12)
FNDA:0,(anonymous_13)
FNDA:0,(anonymous_14)
FNDA:0,(anonymous_15)
FNDA:0,(anonymous_16)
FNDA:0,(anonymous_17)
FNDA:0,DatesCard
FNDA:0,(anonymous_19)
FNDA:0,(anonymous_20)
FNDA:0,(anonymous_21)
FNDA:0,(anonymous_22)
FNDA:0,(anonymous_23)
FNDA:0,(anonymous_24)
FNDA:0,(anonymous_25)
FNDA:0,(anonymous_26)
FNDA:0,(anonymous_27)
FNDA:0,(anonymous_28)
FNDA:0,(anonymous_29)
FNDA:0,(anonymous_30)
FNDA:0,(anonymous_31)
FNDA:0,(anonymous_32)
FNDA:0,(anonymous_33)
FNDA:0,(anonymous_34)
FNDA:0,(anonymous_35)
FNDA:0,(anonymous_36)
FNDA:0,(anonymous_37)
DA:1,0
DA:3,0
DA:4,0
DA:6,0
DA:7,0
DA:8,0
DA:9,0
DA:10,0
DA:13,0
DA:88,0
DA:89,0
DA:90,0
DA:93,0
DA:94,0
DA:101,0
DA:112,0
DA:113,0
DA:115,0
DA:134,0
DA:135,0
DA:140,0
DA:142,0
DA:144,0
DA:211,0
DA:212,0
DA:215,0
DA:217,0
DA:235,0
DA:238,0
DA:239,0
DA:241,0
DA:243,0
DA:244,0
DA:248,0
DA:249,0
DA:250,0
DA:253,0
DA:254,0
DA:258,0
DA:269,0
DA:276,0
DA:284,0
DA:310,0
DA:321,0
DA:322,0
DA:331,0
DA:336,0
DA:338,0
DA:354,0
DA:355,0
DA:356,0
DA:357,0
DA:359,0
DA:360,0
DA:361,0
DA:362,0
DA:363,0
DA:364,0
DA:365,0
DA:368,0
DA:379,0
DA:459,0
DA:466,0
DA:467,0
DA:471,0
DA:472,0
DA:476,0
DA:477,0
DA:481,0
DA:482,0
DA:486,0
DA:488,0
DA:489,0
DA:492,0
DA:536,0
DA:627,0
DA:628,0
DA:634,0
DA:644,0
DA:654,0
LF:80
LH:0
BRDA:90,0,0,0
BRDA:90,0,1,0
BRDA:93,1,0,0
BRDA:143,2,0,0
BRDA:143,2,1,0
BRDA:149,3,0,0
BRDA:149,3,1,0
BRDA:176,4,0,0
BRDA:176,4,1,0
BRDA:186,5,0,0
BRDA:186,5,1,0
BRDA:200,6,0,0
BRDA:200,6,1,0
BRDA:200,6,2,0
BRDA:217,7,0,0
BRDA:217,7,1,0
BRDA:220,8,0,0
BRDA:220,8,1,0
BRDA:241,9,0,0
BRDA:241,9,1,0
BRDA:249,10,0,0
BRDA:280,11,0,0
BRDA:280,11,1,0
BRDA:288,12,0,0
BRDA:288,12,1,0
BRDA:294,13,0,0
BRDA:294,13,1,0
BRDA:296,14,0,0
BRDA:296,14,1,0
BRDA:300,15,0,0
BRDA:300,15,1,0
BRDA:277,16,0,0
BRDA:277,16,1,0
BRDA:341,17,0,0
BRDA:341,17,1,0
BRDA:488,18,0,0
BRDA:517,19,0,0
BRDA:517,19,1,0
BRDA:547,20,0,0
BRDA:547,20,1,0
BRDA:559,21,0,0
BRDA:559,21,1,0
BRDA:565,22,0,0
BRDA:565,22,1,0
BRDA:566,23,0,0
BRDA:566,23,1,0
BRDA:567,24,0,0
BRDA:567,24,1,0
BRDA:571,25,0,0
BRDA:571,25,1,0
BRDA:572,26,0,0
BRDA:572,26,1,0
BRDA:583,27,0,0
BRDA:583,27,1,0
BRDA:584,28,0,0
BRDA:584,28,1,0
BRDA:595,29,0,0
BRDA:595,29,1,0
BRDA:596,30,0,0
BRDA:596,30,1,0
BRDA:631,31,0,0
BRDA:631,31,1,0
BRDA:641,32,0,0
BRDA:641,32,1,0
BRF:64
BRH:0
end_of_record
TN:
SF:src/components/trip-detail/BookingSection.tsx
FN:11,BookingSection
FN:12,(anonymous_2)
FNF:2
FNH:0
FNDA:0,BookingSection
FNDA:0,(anonymous_2)
DA:2,0
DA:3,0
DA:4,0
DA:5,0
DA:11,0
DA:12,0
DA:13,0
DA:18,0
LF:8
LH:0
BRF:0
BRH:0
end_of_record
TN:
SF:src/components/trip-detail/FlightDetails.tsx
FN:64,FlightDetails
FN:191,(anonymous_7)
FN:207,(anonymous_8)
FN:233,(anonymous_9)
FN:244,(anonymous_10)
FN:255,(anonymous_11)
FN:286,(anonymous_12)
FN:632,(anonymous_13)
FN:675,(anonymous_14)
FN:685,(anonymous_15)
FNF:10
FNH:0
FNDA:0,FlightDetails
FNDA:0,(anonymous_7)
FNDA:0,(anonymous_8)
FNDA:0,(anonymous_9)
FNDA:0,(anonymous_10)
FNDA:0,(anonymous_11)
FNDA:0,(anonymous_12)
FNDA:0,(anonymous_13)
FNDA:0,(anonymous_14)
FNDA:0,(anonymous_15)
DA:1,0
DA:2,0
DA:3,0
DA:4,0
DA:5,0
DA:6,0
DA:64,0
DA:65,0
DA:66,0
DA:69,0
DA:142,0
DA:145,0
DA:191,0
DA:193,0
DA:194,0
DA:201,0
DA:209,0
DA:210,0
DA:211,0
DA:222,0
DA:233,0
DA:244,0
DA:255,0
DA:287,0
DA:633,0
DA:676,0
DA:686,0
LF:27
LH:0
BRDA:142,0,0,0
BRDA:142,0,1,0
BRDA:147,1,0,0
BRDA:147,1,1,0
BRDA:161,2,0,0
BRDA:161,2,1,0
BRDA:175,3,0,0
BRDA:175,3,1,0
BRDA:193,4,0,0
BRDA:193,5,0,0
BRDA:193,5,1,0
BRDA:225,6,0,0
BRDA:225,6,1,0
BRDA:229,7,0,0
BRDA:229,7,1,0
BRDA:240,8,0,0
BRDA:240,8,1,0
BRDA:251,9,0,0
BRDA:251,9,1,0
BRDA:263,10,0,0
BRDA:263,10,1,0
BRDA:272,11,0,0
BRDA:272,11,1,0
BRDA:287,12,0,0
BRDA:287,12,1,0
BRDA:289,13,0,0
BRDA:289,13,1,0
BRDA:360,14,0,0
BRDA:360,14,1,0
BRDA:365,15,0,0
BRDA:365,15,1,0
BRDA:370,16,0,0
BRDA:370,16,1,0
BRDA:487,17,0,0
BRDA:487,17,1,0
BRDA:529,18,0,0
BRDA:529,18,1,0
BRF:37
BRH:0
end_of_record
TN:
SF:src/components/trip-detail/FlightSummary.tsx
FN:11,FlightSummary
FNF:1
FNH:0
FNDA:0,FlightSummary
DA:2,0
DA:3,0
DA:11,0
DA:12,0
LF:4
LH:0
BRF:0
BRH:0
end_of_record
TN:
SF:src/components/trip-detail/Header.tsx
FN:13,Header
FNF:1
FNH:0
FNDA:0,Header
DA:2,0
DA:3,0
DA:4,0
DA:13,0
DA:14,0
LF:5
LH:0
BRF:0
BRH:0
end_of_record
TN:
SF:src/components/trip-detail/PriceBreakdown.tsx
FN:10,PriceBreakdown
FNF:1
FNH:0
FNDA:0,PriceBreakdown
DA:2,0
DA:3,0
DA:4,0
DA:10,0
DA:11,0
LF:5
LH:0
BRF:0
BRH:0
end_of_record
TN:
SF:src/components/trip-detail/TailoredRecommendations.tsx
FN:7,TailoredRecommendations
FN:34,(anonymous_2)
FNF:2
FNH:0
FNDA:0,TailoredRecommendations
FNDA:0,(anonymous_2)
DA:2,0
DA:3,0
DA:4,0
DA:5,0
DA:7,0
DA:8,0
DA:35,0
LF:7
LH:0
BRF:0
BRH:0
end_of_record
TN:
SF:src/components/ui/Autocomplete.tsx
FN:13,(anonymous_6)
FN:18,(anonymous_7)
FN:30,(anonymous_8)
FN:37,(anonymous_9)
FN:50,(anonymous_10)
FN:63,(anonymous_11)
FN:67,(anonymous_12)
FN:77,(anonymous_13)
FN:83,(anonymous_14)
FN:89,(anonymous_15)
FN:105,(anonymous_16)
FN:111,(anonymous_17)
FN:113,(anonymous_18)
FN:147,(anonymous_19)
FN:153,(anonymous_20)
FN:154,(anonymous_21)
FN:155,(anonymous_22)
FNF:17
FNH:0
FNDA:0,(anonymous_6)
FNDA:0,(anonymous_7)
FNDA:0,(anonymous_8)
FNDA:0,(anonymous_9)
FNDA:0,(anonymous_10)
FNDA:0,(anonymous_11)
FNDA:0,(anonymous_12)
FNDA:0,(anonymous_13)
FNDA:0,(anonymous_14)
FNDA:0,(anonymous_15)
FNDA:0,(anonymous_16)
FNDA:0,(anonymous_17)
FNDA:0,(anonymous_18)
FNDA:0,(anonymous_19)
FNDA:0,(anonymous_20)
FNDA:0,(anonymous_21)
FNDA:0,(anonymous_22)
DA:1,0
DA:2,0
DA:3,0
DA:13,0
DA:15,0
DA:18,0
DA:19,0
DA:20,0
DA:23,0
DA:24,0
DA:27,0
DA:30,0
DA:31,0
DA:32,0
DA:34,0
DA:37,0
DA:44,0
DA:45,0
DA:46,0
DA:47,0
DA:48,0
DA:50,0
DA:51,0
DA:52,0
DA:53,0
DA:54,0
DA:55,0
DA:57,0
DA:58,0
DA:59,0
DA:63,0
DA:64,0
DA:67,0
DA:68,0
DA:71,0
DA:72,0
DA:73,0
DA:74,0
DA:77,0
DA:78,0
DA:80,0
DA:82,0
DA:83,0
DA:84,0
DA:86,0
DA:88,0
DA:89,0
DA:90,0
DA:92,0
DA:93,0
DA:94,0
DA:96,0
DA:98,0
DA:99,0
DA:100,0
DA:101,0
DA:105,0
DA:106,0
DA:107,0
DA:111,0
DA:113,0
DA:114,0
DA:115,0
DA:116,0
DA:121,0
DA:148,0
DA:153,0
DA:154,0
DA:155,0
LF:69
LH:0
BRDA:19,0,0,0
BRDA:23,1,0,0
BRDA:31,2,0,0
BRDA:31,3,0,0
BRDA:31,3,1,0
BRDA:42,4,0,0
BRDA:51,5,0,0
BRDA:51,5,1,0
BRDA:68,6,0,0
BRDA:68,6,1,0
BRDA:78,7,0,0
BRDA:80,8,0,0
BRDA:80,8,1,0
BRDA:80,8,2,0
BRDA:80,8,3,0
BRDA:84,9,0,0
BRDA:84,9,1,0
BRDA:89,10,0,0
BRDA:89,10,1,0
BRDA:93,11,0,0
BRDA:93,12,0,0
BRDA:93,12,1,0
BRDA:106,13,0,0
BRDA:114,14,0,0
BRDA:136,15,0,0
BRDA:136,15,1,0
BRDA:136,15,2,0
BRDA:151,16,0,0
BRDA:151,16,1,0
BRF:29
BRH:0
end_of_record
TN:
SF:src/components/ui/PriceCalendar.tsx
FN:17,generateMockPriceData
FN:24,(anonymous_7)
FN:56,PriceCalendar
FN:65,(anonymous_9)
FN:73,(anonymous_10)
FN:117,(anonymous_11)
FN:118,(anonymous_12)
FN:119,(anonymous_13)
FN:129,(anonymous_14)
FN:139,(anonymous_15)
FNF:10
FNH:0
FNDA:0,generateMockPriceData
FNDA:0,(anonymous_7)
FNDA:0,PriceCalendar
FNDA:0,(anonymous_9)
FNDA:0,(anonymous_10)
FNDA:0,(anonymous_11)
FNDA:0,(anonymous_12)
FNDA:0,(anonymous_13)
FNDA:0,(anonymous_14)
FNDA:0,(anonymous_15)
DA:1,0
DA:2,0
DA:3,0
DA:4,0
DA:5,0
DA:6,0
DA:8,0
DA:9,0
DA:18,0
DA:19,0
DA:20,0
DA:22,0
DA:24,0
DA:25,0
DA:28,0
DA:31,0
DA:32,0
DA:33,0
DA:37,0
DA:38,0
DA:41,0
DA:42,0
DA:43,0
DA:46,0
DA:47,0
DA:49,0
DA:50,0
DA:53,0
DA:64,0
DA:65,0
DA:66,0
DA:67,0
DA:68,0
DA:70,0
DA:73,0
DA:74,0
DA:75,0
DA:76,0
DA:78,0
DA:117,0
DA:118,0
DA:120,0
DA:121,0
DA:122,0
DA:126,0
DA:129,0
DA:130,0
DA:131,0
DA:133,0
DA:136,0
DA:139,0
DA:170,0
DA:172,0
LF:53
LH:0
BRDA:31,0,0,0
BRDA:42,1,0,0
BRDA:42,1,1,0
BRDA:42,1,2,0
BRDA:43,2,0,0
BRDA:43,2,1,0
BRDA:47,3,0,0
BRDA:47,3,1,0
BRDA:59,4,0,0
BRDA:70,5,0,0
BRDA:70,5,1,0
BRDA:73,6,0,0
BRDA:73,6,1,0
BRDA:74,7,0,0
BRDA:74,7,1,0
BRDA:75,8,0,0
BRDA:75,8,1,0
BRDA:76,9,0,0
BRDA:76,9,1,0
BRDA:82,10,0,0
BRDA:82,10,1,0
BRDA:122,11,0,0
BRDA:122,11,1,0
BRDA:122,11,2,0
BRDA:126,12,0,0
BRDA:126,12,1,0
BRDA:130,13,0,0
BRDA:143,14,0,0
BRDA:143,14,1,0
BRDA:150,15,0,0
BRDA:150,15,1,0
BRDA:152,16,0,0
BRDA:152,16,1,0
BRDA:152,17,0,0
BRDA:152,17,1,0
BRDA:154,18,0,0
BRDA:154,18,1,0
BRDA:159,19,0,0
BRDA:159,19,1,0
BRDA:159,20,0,0
BRDA:159,20,1,0
BRF:41
BRH:0
end_of_record
TN:
SF:src/components/ui/SlidingNumberDemo.tsx
FN:4,SlidingNumberDemo
FN:12,(anonymous_1)
FN:12,(anonymous_2)
FNF:3
FNH:0
FNDA:0,SlidingNumberDemo
FNDA:0,(anonymous_1)
FNDA:0,(anonymous_2)
DA:1,0
DA:2,0
DA:4,0
DA:5,0
DA:7,0
DA:12,0
LF:6
LH:0
BRF:0
BRH:0
end_of_record
TN:
SF:src/components/ui/accordion.tsx
FN:12,(anonymous_6)
FN:24,(anonymous_7)
FN:44,(anonymous_8)
FNF:3
FNH:0
FNDA:0,(anonymous_6)
FNDA:0,(anonymous_7)
FNDA:0,(anonymous_8)
DA:1,0
DA:2,0
DA:3,0
DA:5,0
DA:7,0
DA:9,0
DA:13,0
DA:19,0
DA:21,0
DA:25,0
DA:39,0
DA:41,0
DA:45,0
DA:54,0
DA:56,0
LF:15
LH:0
BRF:0
BRH:0
end_of_record
TN:
SF:src/components/ui/alert-dialog.tsx
FN:16,(anonymous_6)
FN:31,(anonymous_7)
FN:46,(anonymous_8)
FN:60,(anonymous_9)
FN:77,(anonymous_10)
FN:89,(anonymous_11)
FN:102,(anonymous_12)
FN:114,(anonymous_13)
FNF:8
FNH:0
FNDA:0,(anonymous_6)
FNDA:0,(anonymous_7)
FNDA:0,(anonymous_8)
FNDA:0,(anonymous_9)
FNDA:0,(anonymous_10)
FNDA:0,(anonymous_11)
FNDA:0,(anonymous_12)
FNDA:0,(anonymous_13)
DA:1,0
DA:2,0
DA:4,0
DA:5,0
DA:7,0
DA:9,0
DA:11,0
DA:13,0
DA:17,0
DA:26,0
DA:28,0
DA:32,0
DA:44,0
DA:46,0
DA:50,0
DA:58,0
DA:60,0
DA:64,0
DA:72,0
DA:74,0
DA:78,0
DA:84,0
DA:86,0
DA:90,0
DA:96,0
DA:99,0
DA:103,0
DA:109,0
DA:111,0
DA:115,0
DA:125,0
DA:128,0
DA:129,0
DA:130,0
DA:131,0
DA:132,0
DA:133,0
DA:134,0
DA:135,0
DA:136,0
DA:137,0
DA:138,0
LF:42
LH:0
BRF:0
BRH:0
end_of_record
TN:
SF:src/components/ui/alert.tsx
FN:25,(anonymous_6)
FN:38,(anonymous_7)
FN:50,(anonymous_8)
FNF:3
FNH:0
FNDA:0,(anonymous_6)
FNDA:0,(anonymous_7)
FNDA:0,(anonymous_8)
DA:1,0
DA:2,0
DA:4,0
DA:6,0
DA:22,0
DA:26,0
DA:33,0
DA:35,0
DA:39,0
DA:45,0
DA:47,0
DA:51,0
DA:57,0
DA:59,0
LF:14
LH:0
BRF:0
BRH:0
end_of_record
TN:
SF:src/components/ui/aspect-ratio.tsx
FNF:0
FNH:0
DA:1,0
DA:3,0
DA:5,0
LF:3
LH:0
BRF:0
BRH:0
end_of_record
TN:
SF:src/components/ui/avatar.tsx
FN:9,(anonymous_6)
FN:24,(anonymous_7)
FN:36,(anonymous_8)
FNF:3
FNH:0
FNDA:0,(anonymous_6)
FNDA:0,(anonymous_7)
FNDA:0,(anonymous_8)
DA:1,0
DA:2,0
DA:4,0
DA:6,0
DA:10,0
DA:19,0
DA:21,0
DA:25,0
DA:31,0
DA:33,0
DA:37,0
DA:46,0
DA:48,0
LF:13
LH:0
BRF:0
BRH:0
end_of_record
TN:
SF:src/components/ui/badge.tsx
FN:31,Badge
FNF:1
FNH:0
FNDA:0,Badge
DA:2,0
DA:3,0
DA:5,0
DA:7,0
DA:32,0
DA:37,0
LF:6
LH:0
BRF:0
BRH:0
end_of_record
TN:
SF:src/components/ui/breadcrumb.tsx
FN:12,(anonymous_6)
FN:18,(anonymous_7)
FN:33,(anonymous_8)
FN:47,(anonymous_9)
FN:63,(anonymous_10)
FN:75,(anonymous_11)
FN:91,(anonymous_12)
FNF:7
FNH:0
FNDA:0,(anonymous_6)
FNDA:0,(anonymous_7)
FNDA:0,(anonymous_8)
FNDA:0,(anonymous_9)
FNDA:0,(anonymous_10)
FNDA:0,(anonymous_11)
FNDA:0,(anonymous_12)
DA:1,0
DA:2,0
DA:3,0
DA:5,0
DA:7,0
DA:12,0
DA:13,0
DA:15,0
DA:19,0
DA:28,0
DA:30,0
DA:34,0
DA:40,0
DA:42,0
DA:48,0
DA:50,0
DA:58,0
DA:60,0
DA:64,0
DA:73,0
DA:75,0
DA:80,0
DA:89,0
DA:91,0
DA:95,0
DA:105,0
DA:108,0
DA:109,0
DA:110,0
DA:111,0
DA:112,0
DA:113,0
DA:114,0
LF:33
LH:0
BRDA:48,0,0,0
BRDA:48,0,1,0
BRDA:86,1,0,0
BRDA:86,1,1,0
BRF:4
BRH:0
end_of_record
TN:
SF:src/components/ui/button.tsx
FN:44,(anonymous_6)
FNF:1
FNH:1
FNDA:4,(anonymous_6)
DA:1,3
DA:2,3
DA:3,3
DA:5,3
DA:7,3
DA:43,3
DA:45,4
DA:46,4
DA:55,3
DA:57,3
LF:10
LH:10
BRDA:44,0,0,4
BRDA:45,1,0,0
BRDA:45,1,1,4
BRF:3
BRH:2
end_of_record
TN:
SF:src/components/ui/calendar.tsx
FN:10,Calendar
FN:55,(anonymous_7)
FN:56,(anonymous_8)
FNF:3
FNH:0
FNDA:0,Calendar
FNDA:0,(anonymous_7)
FNDA:0,(anonymous_8)
DA:1,0
DA:2,0
DA:3,0
DA:5,0
DA:6,0
DA:16,0
DA:55,0
DA:56,0
DA:62,0
DA:64,0
LF:10
LH:0
BRDA:13,0,0,0
BRF:1
BRH:0
end_of_record
TN:
SF:src/components/ui/card.tsx
FN:8,(anonymous_6)
FN:23,(anonymous_7)
FN:35,(anonymous_8)
FN:50,(anonymous_9)
FN:62,(anonymous_10)
FN:70,(anonymous_11)
FNF:6
FNH:1
FNDA:4,(anonymous_6)
FNDA:0,(anonymous_7)
FNDA:0,(anonymous_8)
FNDA:0,(anonymous_9)
FNDA:0,(anonymous_10)
FNDA:0,(anonymous_11)
DA:1,1
DA:3,1
DA:5,1
DA:9,4
DA:18,1
DA:20,1
DA:24,0
DA:30,1
DA:32,1
DA:36,0
DA:45,1
DA:47,1
DA:51,0
DA:57,1
DA:59,1
DA:63,0
DA:65,1
DA:67,1
DA:71,0
DA:77,1
DA:79,1
LF:21
LH:16
BRF:0
BRH:0
end_of_record
TN:
SF:src/components/ui/carousel.tsx
FN:33,useCarousel
FN:47,(anonymous_8)
FN:69,(anonymous_9)
FN:78,(anonymous_10)
FN:82,(anonymous_11)
FN:87,(anonymous_12)
FN:99,(anonymous_13)
FN:107,(anonymous_14)
FN:116,(anonymous_15)
FN:154,(anonymous_16)
FN:176,(anonymous_17)
FN:198,(anonymous_18)
FN:227,(anonymous_19)
FNF:13
FNH:0
FNDA:0,useCarousel
FNDA:0,(anonymous_8)
FNDA:0,(anonymous_9)
FNDA:0,(anonymous_10)
FNDA:0,(anonymous_11)
FNDA:0,(anonymous_12)
FNDA:0,(anonymous_13)
FNDA:0,(anonymous_14)
FNDA:0,(anonymous_15)
FNDA:0,(anonymous_16)
FNDA:0,(anonymous_17)
FNDA:0,(anonymous_18)
FNDA:0,(anonymous_19)
DA:1,0
DA:2,0
DA:5,0
DA:7,0
DA:8,0
DA:31,0
DA:34,0
DA:36,0
DA:37,0
DA:40,0
DA:43,0
[...]
FNF:2
FNH:0
FNDA:0,Toaster
FNDA:0,(anonymous_1)
DA:1,0
DA:2,0
DA:11,0
DA:12,0
DA:14,0
DA:17,0
LF:6
LH:0
BRDA:20,0,0,0
BRDA:20,0,1,0
BRDA:21,1,0,0
BRDA:21,1,1,0
BRF:4
BRH:0
end_of_record
TN:
SF:src/components/ui/toggle-group.tsx
FN:19,(anonymous_6)
FN:37,(anonymous_7)
FNF:2
FNH:0
FNDA:0,(anonymous_6)
FNDA:0,(anonymous_7)
DA:1,0
DA:2,0
DA:5,0
DA:6,0
DA:8,0
DA:15,0
DA:20,0
DA:31,0
DA:33,0
DA:38,0
DA:40,0
DA:57,0
DA:59,0
LF:13
LH:0
BRDA:45,0,0,0
BRDA:45,0,1,0
BRDA:46,1,0,0
BRDA:46,1,1,0
BRF:4
BRH:0
end_of_record
TN:
SF:src/components/ui/toggle.tsx
FN:33,(anonymous_6)
FNF:1
FNH:0
FNDA:0,(anonymous_6)
DA:1,0
DA:2,0
DA:3,0
DA:5,0
DA:7,0
DA:29,0
DA:34,0
DA:41,0
DA:43,0
LF:9
LH:0
BRF:0
BRH:0
end_of_record
TN:
SF:src/components/ui/tooltip.tsx
FN:7,(anonymous_6)
FN:18,(anonymous_7)
FNF:2
FNH:2
FNDA:8,(anonymous_6)
FNDA:2,(anonymous_7)
DA:2,1
DA:3,1
DA:5,1
DA:7,1
DA:8,8
DA:11,1
DA:13,1
DA:15,1
DA:19,2
DA:29,1
DA:31,1
LF:11
LH:11
BRDA:18,0,0,2
BRF:1
BRH:1
end_of_record
TN:
SF:src/components/ui/use-toast.ts
FN:3,(anonymous_0)
FN:3,(anonymous_1)
FNF:2
FNH:0
FNDA:0,(anonymous_0)
FNDA:0,(anonymous_1)
DA:1,0
DA:3,0
LF:2
LH:0
BRF:0
BRH:0
end_of_record
TN:
SF:src/components/ui/vercel-tabs.tsx
FN:19,(anonymous_6)
FN:26,(anonymous_7)
FN:39,(anonymous_8)
FN:50,(anonymous_9)
FN:51,(anonymous_10)
FN:64,(anonymous_11)
FN:66,(anonymous_12)
FN:97,(anonymous_13)
FN:100,(anonymous_14)
FN:107,(anonymous_15)
FN:108,(anonymous_16)
FN:109,(anonymous_17)
FNF:12
FNH:0
FNDA:0,(anonymous_6)
FNDA:0,(anonymous_7)
FNDA:0,(anonymous_8)
FNDA:0,(anonymous_9)
FNDA:0,(anonymous_10)
FNDA:0,(anonymous_11)
FNDA:0,(anonymous_12)
FNDA:0,(anonymous_13)
FNDA:0,(anonymous_14)
FNDA:0,(anonymous_15)
FNDA:0,(anonymous_16)
FNDA:0,(anonymous_17)
DA:3,0
DA:4,0
DA:5,0
DA:18,0
DA:20,0
DA:21,0
DA:22,0
DA:23,0
DA:24,0
DA:26,0
DA:27,0
DA:28,0
DA:29,0
DA:30,0
DA:31,0
DA:39,0
DA:40,0
DA:41,0
DA:42,0
DA:43,0
DA:50,0
DA:51,0
DA:52,0
DA:53,0
DA:54,0
DA:55,0
DA:64,0
DA:65,0
DA:66,0
DA:67,0
DA:68,0
DA:73,0
DA:98,0
DA:100,0
DA:107,0
DA:108,0
DA:110,0
DA:111,0
DA:125,0
DA:127,0
LF:40
LH:0
BRDA:27,0,0,0
BRDA:29,1,0,0
BRDA:41,2,0,0
BRDA:53,3,0,0
BRDA:65,4,0,0
BRDA:67,5,0,0
BRDA:67,6,0,0
BRDA:67,6,1,0
BRDA:85,7,0,0
BRDA:85,7,1,0
BRDA:103,8,0,0
BRDA:103,8,1,0
BRF:12
BRH:0
end_of_record
TN:
SF:src/context/SearchContext.tsx
FN:33,SearchProvider
FN:36,(anonymous_7)
FN:37,(anonymous_8)
FN:40,(anonymous_9)
FN:52,useSearchContext
FNF:5
FNH:0
FNDA:0,SearchProvider
FNDA:0,(anonymous_7)
FNDA:0,(anonymous_8)
FNDA:0,(anonymous_9)
FNDA:0,useSearchContext
DA:1,0
DA:22,0
DA:31,0
DA:33,0
DA:34,0
DA:36,0
DA:37,0
DA:40,0
DA:41,0
DA:45,0
DA:52,0
DA:53,0
DA:54,0
DA:55,0
DA:57,0
LF:15
LH:0
BRDA:54,0,0,0
BRF:1
BRH:0
end_of_record
TN:
SF:src/data/cities.ts
FN:20,calculateDistance
FN:570,searchCities
FN:576,(anonymous_2)
FN:581,(anonymous_3)
FN:590,(anonymous_4)
FN:597,(anonymous_5)
FN:602,(anonymous_6)
FN:608,(anonymous_7)
FN:612,(anonymous_8)
FN:630,(anonymous_9)
FN:640,getCityByCode
FN:641,(anonymous_11)
FN:644,getCityById
FN:645,(anonymous_13)
FNF:14
FNH:2
FNDA:0,calculateDistance
FNDA:0,searchCities
FNDA:0,(anonymous_2)
FNDA:0,(anonymous_3)
FNDA:0,(anonymous_4)
FNDA:0,(anonymous_5)
FNDA:0,(anonymous_6)
FNDA:0,(anonymous_7)
FNDA:0,(anonymous_8)
FNDA:0,(anonymous_9)
FNDA:4,getCityByCode
FNDA:32,(anonymous_11)
FNDA:0,getCityById
FNDA:0,(anonymous_13)
DA:21,0
DA:22,0
DA:23,0
DA:24,0
DA:27,0
DA:28,0
DA:31,1
DA:570,1
DA:571,0
DA:573,0
DA:576,0
DA:577,0
DA:581,0
DA:586,0
DA:587,0
DA:590,0
DA:591,0
DA:593,0
DA:594,0
DA:597,0
DA:598,0
DA:602,0
DA:603,0
DA:604,0
DA:608,0
DA:609,0
DA:612,0
DA:613,0
DA:614,0
DA:621,0
DA:622,0
DA:623,0
DA:630,0
DA:631,0
DA:632,0
DA:633,0
DA:637,0
DA:640,1
DA:641,32
DA:644,1
DA:645,0
LF:41
LH:5
BRDA:571,0,0,0
BRDA:571,1,0,0
BRDA:571,1,1,0
BRDA:578,2,0,0
BRDA:578,2,1,0
BRDA:578,2,2,0
BRDA:578,2,3,0
BRDA:591,3,0,0
BRDA:598,4,0,0
BRDA:598,4,1,0
BRDA:609,5,0,0
BRDA:609,5,1,0
BRDA:613,6,0,0
BRDA:613,7,0,0
BRDA:613,7,1,0
BRDA:631,8,0,0
BRDA:631,9,0,0
BRDA:631,9,1,0
BRF:18
BRH:0
end_of_record
TN:
SF:src/data/sampleFlightData.ts
FNF:0
FNH:0
DA:1,1
DA:25,1
DA:135,1
DA:185,1
DA:209,1
LF:5
LH:5
BRF:0
BRH:0
end_of_record
TN:
SF:src/features/bookingSlice.ts
FN:40,(anonymous_0)
FN:44,(anonymous_1)
FN:47,(anonymous_2)
FN:52,(anonymous_3)
FN:55,(anonymous_4)
FNF:5
FNH:0
FNDA:0,(anonymous_0)
FNDA:0,(anonymous_1)
FNDA:0,(anonymous_2)
FNDA:0,(anonymous_3)
FNDA:0,(anonymous_4)
DA:1,1
DA:28,1
DA:36,1
DA:41,0
DA:42,0
DA:45,0
DA:48,0
DA:49,0
DA:50,0
DA:53,0
DA:56,0
DA:57,0
DA:62,1
DA:70,1
LF:14
LH:5
BRF:0
BRH:0
end_of_record
TN:
SF:src/features/search/FlightSearchForm.tsx
FN:22,(anonymous_6)
FN:32,(anonymous_7)
FN:33,(anonymous_8)
FN:36,(anonymous_9)
FN:44,FlightSearchForm
FN:47,(anonymous_11)
FN:56,(anonymous_12)
FN:79,(anonymous_13)
FN:88,(anonymous_14)
FN:101,(anonymous_15)
FN:110,(anonymous_16)
FNF:11
FNH:0
FNDA:0,(anonymous_6)
FNDA:0,(anonymous_7)
FNDA:0,(anonymous_8)
FNDA:0,(anonymous_9)
FNDA:0,FlightSearchForm
FNDA:0,(anonymous_11)
FNDA:0,(anonymous_12)
FNDA:0,(anonymous_13)
FNDA:0,(anonymous_14)
FNDA:0,(anonymous_15)
FNDA:0,(anonymous_16)
DA:1,1
DA:2,1
DA:3,1
DA:4,1
DA:5,1
DA:22,1
DA:23,0
DA:32,0
DA:33,0
DA:36,0
DA:37,0
DA:41,0
DA:44,1
DA:45,0
DA:47,0
DA:48,0
DA:49,0
DA:52,0
DA:56,0
DA:79,0
DA:88,0
DA:101,0
DA:110,0
LF:23
LH:7
BRF:0
BRH:0
end_of_record
TN:
SF:src/hooks/use-mobile.tsx
FN:5,useIsMobile
FN:8,(anonymous_7)
FN:10,(anonymous_8)
FN:15,(anonymous_9)
FNF:4
FNH:0
FNDA:0,useIsMobile
FNDA:0,(anonymous_7)
FNDA:0,(anonymous_8)
FNDA:0,(anonymous_9)
DA:1,0
DA:3,0
DA:5,0
DA:6,0
DA:8,0
DA:9,0
DA:10,0
DA:11,0
DA:13,0
DA:14,0
DA:15,0
DA:18,0
LF:12
LH:0
BRF:0
BRH:0
end_of_record
TN:
SF:src/hooks/use-scroll-direction.tsx
FN:6,useScrollDirection
FN:10,(anonymous_1)
FN:11,(anonymous_2)
FN:25,(anonymous_3)
FNF:4
FNH:0
FNDA:0,useScrollDirection
FNDA:0,(anonymous_1)
FNDA:0,(anonymous_2)
FNDA:0,(anonymous_3)
DA:2,0
DA:6,0
DA:7,0
DA:8,0
DA:10,0
DA:11,0
DA:12,0
DA:13,0
DA:16,0
DA:17,0
DA:20,0
DA:23,0
DA:25,0
DA:26,0
DA:30,0
LF:15
LH:0
BRDA:6,0,0,0
BRDA:13,1,0,0
BRDA:13,1,1,0
BRDA:16,2,0,0
BRF:4
BRH:0
end_of_record
TN:
SF:src/hooks/use-toast.ts
FN:27,genId
FN:58,(anonymous_7)
FN:63,(anonymous_8)
FN:74,(anonymous_9)
FN:85,(anonymous_10)
FN:98,(anonymous_11)
FN:105,(anonymous_12)
FN:124,(anonymous_13)
FN:133,dispatch
FN:135,(anonymous_15)
FN:142,toast
FN:145,(anonymous_17)
FN:150,(anonymous_18)
FN:158,(anonymous_19)
FN:171,useToast
FN:174,(anonymous_21)
FN:176,(anonymous_22)
FN:187,(anonymous_23)
FNF:18
FNH:0
FNDA:0,genId
FNDA:0,(anonymous_7)
FNDA:0,(anonymous_8)
FNDA:0,(anonymous_9)
FNDA:0,(anonymous_10)
FNDA:0,(anonymous_11)
FNDA:0,(anonymous_12)
FNDA:0,(anonymous_13)
FNDA:0,dispatch
FNDA:0,(anonymous_15)
FNDA:0,toast
FNDA:0,(anonymous_17)
FNDA:0,(anonymous_18)
FNDA:0,(anonymous_19)
FNDA:0,useToast
FNDA:0,(anonymous_21)
FNDA:0,(anonymous_22)
FNDA:0,(anonymous_23)
DA:1,0
DA:8,0
DA:9,0
DA:18,0
DA:25,0
DA:28,0
DA:29,0
DA:56,0
DA:58,0
DA:59,0
DA:60,0
DA:63,0
DA:64,0
DA:65,0
DA:71,0
DA:74,0
DA:75,0
DA:77,0
DA:83,0
DA:86,0
DA:91,0
DA:95,0
DA:96,0
DA:98,0
DA:99,0
DA:103,0
DA:106,0
DA:116,0
DA:117,0
DA:122,0
DA:124,0
DA:129,0
DA:131,0
DA:134,0
DA:135,0
DA:136,0
DA:143,0
DA:145,0
DA:146,0
DA:150,0
DA:152,0
DA:159,0
DA:164,0
DA:172,0
DA:174,0
DA:175,0
DA:176,0
DA:177,0
DA:178,0
DA:179,0
DA:184,0
DA:187,0
DA:191,0
LF:53
LH:0
BRDA:59,0,0,0
BRDA:75,1,0,0
BRDA:75,1,1,0
BRDA:75,1,2,0
BRDA:75,1,3,0
BRDA:86,2,0,0
BRDA:86,2,1,0
BRDA:95,3,0,0
BRDA:95,3,1,0
BRDA:106,4,0,0
BRDA:106,4,1,0
BRDA:106,5,0,0
BRDA:106,5,1,0
BRDA:116,6,0,0
BRDA:159,7,0,0
BRDA:178,8,0,0
BRF:16
BRH:0
end_of_record
TN:
SF:src/hooks/useIntersectionObserver.ts
FN:8,useIntersectionObserver
FN:15,(anonymous_1)
FN:17,(anonymous_2)
FN:35,(anonymous_3)
FNF:4
FNH:0
FNDA:0,useIntersectionObserver
FNDA:0,(anonymous_1)
FNDA:0,(anonymous_2)
FNDA:0,(anonymous_3)
DA:1,0
DA:8,0
DA:12,0
DA:13,0
DA:15,0
DA:16,0
DA:18,0
DA:19,0
DA:20,0
DA:21,0
DA:31,0
DA:32,0
DA:35,0
DA:36,0
DA:37,0
DA:42,0
LF:16
LH:0
BRDA:8,0,0,0
BRDA:9,1,0,0
BRDA:10,2,0,0
BRDA:18,3,0,0
BRDA:20,4,0,0
BRDA:31,5,0,0
BRDA:36,6,0,0
BRF:7
BRH:0
end_of_record
TN:
SF:src/hooks/useLanguage.ts
FN:8,(anonymous_0)
FN:9,(anonymous_1)
FN:27,(anonymous_2)
FN:45,(anonymous_3)
FN:50,(anonymous_4)
FNF:5
FNH:3
FNDA:8,(anonymous_0)
FNDA:8,(anonymous_1)
FNDA:0,(anonymous_2)
FNDA:0,(anonymous_3)
FNDA:8,(anonymous_4)
DA:1,1
DA:3,1
DA:8,1
DA:9,8
DA:10,8
DA:12,8
DA:13,8
DA:14,8
DA:16,8
DA:17,0
DA:18,0
DA:20,8
DA:21,8
DA:24,8
DA:27,8
DA:28,0
DA:29,0
DA:32,0
DA:33,0
DA:36,0
DA:37,0
DA:38,0
DA:40,0
DA:41,0
DA:45,0
DA:46,0
DA:50,8
DA:52,8
DA:53,8
DA:54,8
DA:57,8
DA:58,0
DA:59,0
DA:61,8
DA:62,8
DA:66,8
LF:36
LH:21
BRDA:10,0,0,8
BRDA:10,0,1,8
BRDA:16,1,0,0
BRDA:16,1,1,8
BRDA:36,2,0,0
BRDA:36,2,1,0
BRDA:57,3,0,0
BRDA:57,3,1,8
BRF:8
BRH:4
end_of_record
TN:
SF:src/lib/utils.ts
FN:7,cn
FN:15,debounce
FN:21,(anonymous_2)
FN:22,(anonymous_3)
FN:35,formatPrice
FN:49,toArabicNumerals
FN:51,(anonymous_6)
FN:57,formatNumber
FN:61,(anonymous_8)
FN:65,formatDate
FNF:10
FNH:2
FNDA:14,cn
FNDA:0,debounce
FNDA:0,(anonymous_2)
FNDA:0,(anonymous_3)
FNDA:0,formatPrice
FNDA:0,toArabicNumerals
FNDA:0,(anonymous_6)
FNDA:12,formatNumber
FNDA:0,(anonymous_8)
FNDA:0,formatDate
DA:1,4
DA:2,4
DA:7,4
DA:8,14
DA:15,4
DA:19,0
DA:21,0
DA:22,0
DA:23,0
DA:24,0
DA:27,0
DA:28,0
DA:35,4
DA:40,0
DA:49,4
DA:50,0
DA:51,0
DA:57,4
DA:58,12
DA:60,0
DA:61,0
DA:65,4
DA:66,0
DA:69,0
DA:70,0
DA:72,0
DA:73,0
DA:76,0
DA:87,0
DA:102,0
DA:103,0
DA:104,0
DA:106,0
LF:33
LH:10
BRDA:27,0,0,0
BRDA:37,1,0,0
BRDA:38,2,0,0
BRDA:58,3,0,12
BRDA:66,4,0,0
BRDA:70,5,0,0
BRDA:102,6,0,0
BRDA:102,6,1,0
BRDA:103,7,0,0
BRDA:103,7,1,0
BRF:10
BRH:1
end_of_record
TN:
SF:src/pages/Booking.tsx
FN:5,Booking
FN:19,(anonymous_2)
FNF:2
FNH:0
FNDA:0,Booking
FNDA:0,(anonymous_2)
DA:1,0
DA:2,0
DA:3,0
DA:5,0
DA:6,0
DA:7,0
DA:8,0
DA:11,0
DA:13,0
DA:14,0
DA:19,0
DA:27,0
LF:12
LH:0
BRDA:13,0,0,0
BRF:1
BRH:0
end_of_record
TN:
SF:src/pages/Curation.tsx
FN:5,(anonymous_1)
FN:11,(anonymous_2)
FN:13,(anonymous_3)
FNF:3
FNH:0
FNDA:0,(anonymous_1)
FNDA:0,(anonymous_2)
FNDA:0,(anonymous_3)
DA:1,0
DA:2,0
DA:3,0
DA:5,0
DA:6,0
DA:7,0
DA:8,0
DA:9,0
DA:11,0
DA:13,0
DA:14,0
DA:17,0
DA:27,0
LF:13
LH:0
BRDA:9,0,0,0
BRDA:9,0,1,0
BRF:2
BRH:0
end_of_record
TN:
SF:src/pages/Index.tsx
FN:9,(anonymous_7)
FN:15,(anonymous_8)
FN:19,(anonymous_9)
FN:26,(anonymous_10)
FN:33,(anonymous_11)
FN:38,(anonymous_12)
FN:58,(anonymous_13)
FNF:7
FNH:0
FNDA:0,(anonymous_7)
FNDA:0,(anonymous_8)
FNDA:0,(anonymous_9)
FNDA:0,(anonymous_10)
FNDA:0,(anonymous_11)
FNDA:0,(anonymous_12)
FNDA:0,(anonymous_13)
DA:1,0
DA:2,0
DA:3,0
DA:4,0
DA:5,0
DA:6,0
DA:7,0
DA:9,0
DA:10,0
DA:11,0
DA:12,0
DA:13,0
DA:15,0
DA:16,0
DA:19,0
DA:20,0
DA:21,0
DA:22,0
DA:26,0
DA:27,0
DA:28,0
DA:29,0
DA:33,0
DA:34,0
DA:38,0
DA:39,0
DA:42,0
DA:58,0
DA:66,0
LF:29
LH:0
BRF:0
BRH:0
end_of_record
TN:
SF:src/pages/LanguageDemo.tsx
FN:7,LanguageDemo
FN:80,(anonymous_2)
FN:86,(anonymous_3)
FNF:3
FNH:0
FNDA:0,LanguageDemo
FNDA:0,(anonymous_2)
FNDA:0,(anonymous_3)
DA:1,0
DA:2,0
DA:3,0
DA:4,0
DA:5,0
DA:7,0
DA:8,0
DA:9,0
DA:11,0
DA:80,0
DA:86,0
LF:11
LH:0
BRDA:18,0,0,0
BRDA:18,0,1,0
BRDA:25,1,0,0
BRDA:25,1,1,0
BRDA:81,2,0,0
BRDA:81,2,1,0
BRDA:87,3,0,0
BRDA:87,3,1,0
BRDA:98,4,0,0
BRDA:98,4,1,0
BRDA:98,5,0,0
BRDA:98,5,1,0
BRF:12
BRH:0
end_of_record
TN:
SF:src/pages/NotFound.tsx
FN:4,(anonymous_0)
FN:7,(anonymous_1)
FNF:2
FNH:0
FNDA:0,(anonymous_0)
FNDA:0,(anonymous_1)
DA:1,0
DA:2,0
DA:4,0
DA:5,0
DA:7,0
DA:8,0
DA:14,0
DA:27,0
LF:8
LH:0
BRF:0
BRH:0
end_of_record
TN:
SF:src/pages/Payment.tsx
FN:5,Payment
FN:19,(anonymous_2)
FNF:2
FNH:0
FNDA:0,Payment
FNDA:0,(anonymous_2)
DA:1,0
DA:2,0
DA:3,0
DA:5,0
DA:6,0
DA:7,0
DA:8,0
DA:11,0
DA:13,0
DA:14,0
DA:19,0
DA:27,0
LF:12
LH:0
BRDA:13,0,0,0
BRF:1
BRH:0
end_of_record
TN:
SF:src/pages/PaymentConfirmation.tsx
FN:5,PaymentConfirmation
FN:19,(anonymous_2)
FNF:2
FNH:0
FNDA:0,PaymentConfirmation
FNDA:0,(anonymous_2)
DA:1,0
DA:2,0
DA:3,0
DA:5,0
DA:6,0
DA:7,0
DA:8,0
DA:11,0
DA:13,0
DA:14,0
DA:19,0
DA:27,0
LF:12
LH:0
BRDA:13,0,0,0
BRF:1
BRH:0
end_of_record
TN:
SF:src/pages/Search.tsx
FN:5,useQuery
FN:9,(anonymous_2)
FN:16,(anonymous_3)
FN:20,(anonymous_4)
FNF:4
FNH:0
FNDA:0,useQuery
FNDA:0,(anonymous_2)
FNDA:0,(anonymous_3)
FNDA:0,(anonymous_4)
DA:1,0
DA:2,0
DA:3,0
DA:6,0
DA:9,0
DA:10,0
DA:11,0
DA:14,0
DA:16,0
DA:17,0
DA:20,0
DA:23,0
DA:26,0
DA:36,0
LF:14
LH:0
BRDA:14,0,0,0
BRDA:14,0,1,0
BRF:2
BRH:0
end_of_record
TN:
SF:src/services/apiClient.ts
FN:26,(anonymous_1)
FN:39,(anonymous_2)
FN:47,(anonymous_3)
FN:52,(anonymous_4)
FN:53,(anonymous_5)
FN:82,(anonymous_6)
FN:94,(anonymous_7)
FNF:7
FNH:0
FNDA:0,(anonymous_1)
FNDA:0,(anonymous_2)
FNDA:0,(anonymous_3)
FNDA:0,(anonymous_4)
FNDA:0,(anonymous_5)
FNDA:0,(anonymous_6)
FNDA:0,(anonymous_7)
DA:1,0
DA:4,0
DA:5,0
DA:26,0
DA:27,0
DA:38,0
DA:41,0
DA:42,0
DA:43,0
DA:45,0
DA:47,0
DA:51,0
DA:52,0
DA:55,0
DA:57,0
DA:62,0
DA:69,0
DA:73,0
DA:77,0
DA:82,0
DA:83,0
DA:94,0
DA:95,0
DA:96,0
DA:104,0
DA:105,0
DA:111,0
LF:27
LH:0
BRDA:4,0,0,0
BRDA:4,0,1,0
BRDA:42,1,0,0
BRDA:55,2,0,0
BRDA:63,3,0,0
BRDA:63,3,1,0
BRDA:64,4,0,0
BRDA:64,4,1,0
BRDA:95,5,0,0
BRDA:97,6,0,0
BRDA:97,6,1,0
BRDA:98,7,0,0
BRDA:98,7,1,0
BRDA:104,8,0,0
BRF:14
BRH:0
end_of_record
TN:
SF:src/services/authService.ts
FN:19,(anonymous_0)
FN:36,(anonymous_1)
FN:53,(anonymous_2)
FN:70,(anonymous_3)
FN:84,(anonymous_4)
FN:111,(anonymous_5)
FN:123,(anonymous_6)
FN:135,(anonymous_7)
FN:142,(anonymous_8)
FN:150,(anonymous_9)
FNF:10
FNH:0
FNDA:0,(anonymous_0)
FNDA:0,(anonymous_1)
FNDA:0,(anonymous_2)
FNDA:0,(anonymous_3)
FNDA:0,(anonymous_4)
FNDA:0,(anonymous_5)
FNDA:0,(anonymous_6)
FNDA:0,(anonymous_7)
FNDA:0,(anonymous_8)
FNDA:0,(anonymous_9)
DA:1,0
DA:15,0
DA:20,0
DA:21,0
DA:23,0
DA:24,0
DA:25,0
DA:27,0
DA:29,0
DA:37,0
DA:38,0
DA:40,0
DA:41,0
DA:42,0
DA:44,0
DA:46,0
DA:54,0
DA:55,0
DA:57,0
DA:58,0
DA:59,0
DA:61,0
DA:63,0
DA:71,0
DA:73,0
DA:76,0
DA:77,0
DA:85,0
DA:86,0
DA:88,0
DA:89,0
DA:92,0
DA:93,0
DA:95,0
DA:96,0
DA:97,0
DA:100,0
DA:103,0
DA:104,0
DA:112,0
DA:113,0
DA:114,0
DA:116,0
DA:124,0
DA:125,0
DA:126,0
DA:128,0
DA:136,0
DA:143,0
DA:151,0
DA:152,0
DA:154,0
DA:157,0
DA:158,0
DA:160,0
DA:162,0
DA:163,0
LF:57
LH:0
BRDA:23,0,0,0
BRDA:40,1,0,0
BRDA:57,2,0,0
BRDA:88,3,0,0
BRDA:95,4,0,0
BRDA:152,5,0,0
BRDA:158,6,0,0
BRF:7
BRH:0
end_of_record
TN:
SF:src/services/flightService.ts
FN:18,(anonymous_0)
FN:30,(anonymous_1)
FN:42,(anonymous_2)
FN:54,(anonymous_3)
FN:66,(anonymous_4)
FN:78,(anonymous_5)
FN:90,(anonymous_6)
FN:102,(anonymous_7)
FN:114,(anonymous_8)
FN:136,(anonymous_9)
FNF:10
FNH:0
FNDA:0,(anonymous_0)
FNDA:0,(anonymous_1)
FNDA:0,(anonymous_2)
FNDA:0,(anonymous_3)
FNDA:0,(anonymous_4)
FNDA:0,(anonymous_5)
FNDA:0,(anonymous_6)
FNDA:0,(anonymous_7)
FNDA:0,(anonymous_8)
FNDA:0,(anonymous_9)
DA:1,0
DA:14,0
DA:19,0
DA:20,0
DA:21,0
DA:23,0
DA:31,0
DA:32,0
DA:33,0
DA:35,0
DA:43,0
DA:44,0
DA:45,0
DA:47,0
DA:55,0
DA:56,0
DA:57,0
DA:59,0
DA:67,0
DA:68,0
DA:69,0
DA:71,0
DA:79,0
DA:80,0
DA:81,0
DA:83,0
DA:91,0
DA:92,0
DA:93,0
DA:95,0
DA:103,0
DA:104,0
DA:105,0
DA:107,0
DA:125,0
DA:126,0
DA:127,0
DA:129,0
DA:143,0
DA:144,0
DA:145,0
DA:147,0
LF:42
LH:0
BRF:0
BRH:0
end_of_record
TN:
SF:src/services/index.ts
FN:5,(anonymous_4)
FN:6,(anonymous_5)
FN:7,(anonymous_6)
FN:8,(anonymous_7)
FNF:4
FNH:0
FNDA:0,(anonymous_4)
FNDA:0,(anonymous_5)
FNDA:0,(anonymous_6)
FNDA:0,(anonymous_7)
DA:2,0
DA:5,0
DA:6,0
DA:7,0
DA:8,0
DA:11,0
DA:12,0
DA:13,0
LF:8
LH:0
BRF:0
BRH:0
end_of_record
TN:
SF:src/services/paymentService.ts
FN:23,(anonymous_0)
FN:35,(anonymous_1)
FN:47,(anonymous_2)
FN:59,(anonymous_3)
FN:71,(anonymous_4)
FN:83,(anonymous_5)
FN:95,(anonymous_6)
FN:107,(anonymous_7)
FN:119,(anonymous_8)
FN:131,(anonymous_9)
FN:143,(anonymous_10)
FN:155,(anonymous_11)
FNF:12
FNH:0
FNDA:0,(anonymous_0)
FNDA:0,(anonymous_1)
FNDA:0,(anonymous_2)
FNDA:0,(anonymous_3)
FNDA:0,(anonymous_4)
FNDA:0,(anonymous_5)
FNDA:0,(anonymous_6)
FNDA:0,(anonymous_7)
FNDA:0,(anonymous_8)
FNDA:0,(anonymous_9)
FNDA:0,(anonymous_10)
FNDA:0,(anonymous_11)
DA:1,0
DA:19,0
DA:24,0
DA:25,0
DA:26,0
DA:28,0
DA:36,0
DA:37,0
DA:38,0
DA:40,0
DA:48,0
DA:49,0
DA:50,0
DA:52,0
DA:60,0
DA:61,0
DA:62,0
DA:64,0
DA:72,0
DA:73,0
DA:74,0
DA:76,0
DA:84,0
DA:85,0
DA:86,0
DA:88,0
DA:96,0
DA:97,0
DA:98,0
DA:100,0
DA:108,0
DA:109,0
DA:110,0
DA:112,0
DA:120,0
DA:121,0
DA:122,0
DA:124,0
DA:132,0
DA:133,0
DA:134,0
DA:136,0
DA:144,0
DA:145,0
DA:146,0
DA:148,0
DA:159,0
DA:160,0
DA:161,0
DA:163,0
LF:50
LH:0
BRF:0
BRH:0
end_of_record
TN:
SF:src/services/userService.ts
FN:26,(anonymous_0)
FN:43,(anonymous_1)
FN:60,(anonymous_2)
FN:68,(anonymous_3)
FN:95,(anonymous_4)
FN:107,(anonymous_5)
FN:119,(anonymous_6)
FN:131,(anonymous_7)
FN:143,(anonymous_8)
FN:155,(anonymous_9)
FN:167,(anonymous_10)
FN:179,(anonymous_11)
FN:191,(anonymous_12)
FN:203,(anonymous_13)
FN:215,(anonymous_14)
FN:227,(anonymous_15)
FN:239,(anonymous_16)
FN:246,(anonymous_17)
FNF:18
FNH:0
FNDA:0,(anonymous_0)
FNDA:0,(anonymous_1)
FNDA:0,(anonymous_2)
FNDA:0,(anonymous_3)
FNDA:0,(anonymous_4)
FNDA:0,(anonymous_5)
FNDA:0,(anonymous_6)
FNDA:0,(anonymous_7)
FNDA:0,(anonymous_8)
FNDA:0,(anonymous_9)
FNDA:0,(anonymous_10)
FNDA:0,(anonymous_11)
FNDA:0,(anonymous_12)
FNDA:0,(anonymous_13)
FNDA:0,(anonymous_14)
FNDA:0,(anonymous_15)
FNDA:0,(anonymous_16)
FNDA:0,(anonymous_17)
DA:1,0
DA:22,0
DA:27,0
DA:28,0
DA:30,0
DA:31,0
DA:32,0
DA:34,0
DA:36,0
DA:44,0
DA:45,0
DA:47,0
DA:48,0
DA:49,0
DA:51,0
DA:53,0
DA:61,0
DA:62,0
DA:69,0
DA:70,0
DA:72,0
DA:73,0
DA:76,0
DA:77,0
DA:79,0
DA:80,0
DA:81,0
DA:84,0
DA:87,0
DA:88,0
DA:96,0
DA:97,0
DA:98,0
DA:100,0
DA:108,0
DA:109,0
DA:110,0
DA:112,0
DA:120,0
DA:121,0
DA:122,0
DA:124,0
DA:132,0
DA:133,0
DA:134,0
DA:136,0
DA:144,0
DA:145,0
DA:146,0
DA:148,0
DA:156,0
DA:157,0
DA:158,0
DA:160,0
DA:168,0
DA:169,0
DA:170,0
DA:172,0
DA:180,0
DA:181,0
DA:182,0
DA:184,0
DA:192,0
DA:193,0
DA:194,0
DA:196,0
DA:204,0
DA:205,0
DA:206,0
DA:208,0
DA:216,0
DA:217,0
DA:218,0
DA:220,0
DA:228,0
DA:229,0
DA:230,0
DA:232,0
DA:240,0
DA:247,0
DA:248,0
DA:249,0
DA:251,0
LF:83
LH:0
BRDA:30,0,0,0
BRDA:47,1,0,0
BRDA:72,2,0,0
BRDA:79,3,0,0
BRF:4
BRH:0
end_of_record
TN:
SF:src/stories/Button.tsx
FN:19,(anonymous_1)
FNF:1
FNH:0
FNDA:0,(anonymous_1)
DA:1,0
DA:3,0
DA:19,0
DA:26,0
DA:27,0
LF:5
LH:0
BRDA:20,0,0,0
BRDA:21,1,0,0
BRDA:26,2,0,0
BRDA:26,2,1,0
BRF:4
BRH:0
end_of_record
TN:
SF:src/stories/Header.tsx
FN:17,(anonymous_1)
FNF:1
FNH:0
FNDA:0,(anonymous_1)
DA:1,0
DA:3,0
DA:4,0
DA:17,0
DA:18,0
LF:5
LH:0
BRDA:40,0,0,0
BRDA:40,0,1,0
BRF:2
BRH:0
end_of_record
TN:
SF:src/stories/Page.tsx
FN:10,(anonymous_1)
FN:17,(anonymous_2)
FN:18,(anonymous_3)
FN:19,(anonymous_4)
FNF:4
FNH:0
FNDA:0,(anonymous_1)
FNDA:0,(anonymous_2)
FNDA:0,(anonymous_3)
FNDA:0,(anonymous_4)
DA:1,0
DA:3,0
DA:4,0
DA:10,0
DA:11,0
DA:13,0
DA:17,0
DA:18,0
DA:19,0
LF:9
LH:0
BRF:0
BRH:0
end_of_record
TN:
SF:src/testing/test-utils.tsx
FN:6,(anonymous_5)
FN:14,(anonymous_6)
FNF:2
FNH:0
FNDA:0,(anonymous_5)
FNDA:0,(anonymous_6)
DA:1,3
DA:2,3
DA:3,3
DA:6,3
DA:7,0
DA:14,3
DA:18,0
DA:25,3
DA:28,3
LF:9
LH:7
BRF:0
BRH:0
end_of_record
TN:
SF:src/translations/index.ts
FN:735,(anonymous_0)
FN:738,(anonymous_1)
FNF:2
FNH:1
FNDA:4,(anonymous_0)
FNDA:0,(anonymous_1)
DA:1,1
DA:3,1
DA:735,1
DA:736,4
DA:738,4
DA:739,0
DA:740,0
DA:742,0
DA:743,0
DA:746,0
DA:749,4
LF:11
LH:6
BRDA:746,0,0,0
BRDA:746,0,1,0
BRF:2
BRH:0
end_of_record
TN:
SF:src/utils/airlineLogos.ts
FN:23,(anonymous_0)
FN:27,(anonymous_1)
FNF:2
FNH:0
FNDA:0,(anonymous_0)
FNDA:0,(anonymous_1)
DA:1,1
DA:23,1
DA:24,0
DA:27,1
DA:28,0
DA:31,0
DA:32,0
DA:36,0
DA:37,0
DA:38,0
DA:42,0
DA:43,0
DA:44,0
DA:48,0
LF:14
LH:3
BRDA:31,0,0,0
BRDA:37,1,0,0
BRDA:43,2,0,0
BRF:3
BRH:0
end_of_record
TN:
SF:src/utils/date-utils.ts
FN:7,formatDate
FN:20,getDateDifference
FN:31,isDateInPast
FN:44,addDays
FN:56,formatDateRange
FNF:5
FNH:0
FNDA:0,formatDate
FNDA:0,getDateDifference
FNDA:0,isDateInPast
FNDA:0,addDays
FNDA:0,formatDateRange
DA:7,1
DA:11,0
DA:20,1
DA:21,0
DA:22,0
DA:23,0
DA:31,1
DA:32,0
DA:33,0
DA:34,0
DA:35,0
DA:44,1
DA:45,0
DA:46,0
DA:47,0
DA:56,1
DA:57,0
DA:60,0
DA:62,0
DA:64,0
DA:68,0
LF:21
LH:5
BRDA:9,0,0,0
BRDA:57,1,0,0
BRDA:57,1,1,0
BRDA:57,2,0,0
BRDA:57,2,1,0
BRDA:62,3,0,0
BRDA:62,3,1,0
BRF:7
BRH:0
end_of_record
